#
# There is insufficient memory for the Java Runtime Environment to continue.
# Native memory allocation (malloc) failed to allocate 306432 bytes. Error detail: Chunk::new
# Possible reasons:
#   The system is out of physical RAM or swap space
#   This process is running with CompressedOops enabled, and the Java Heap may be blocking the growth of the native heap
# Possible solutions:
#   Reduce memory load on the system
#   Increase physical memory or swap space
#   Check if swap backing store is full
#   Decrease Java heap size (-Xmx/-Xms)
#   Decrease number of Java threads
#   Decrease Java thread stack sizes (-Xss)
#   Set larger code cache with -XX:ReservedCodeCacheSize=
#   JVM is running with Unscaled Compressed Oops mode in which the Java heap is
#     placed in the first 4GB address space. The Java Heap base address is the
#     maximum limit for the native heap growth. Please use -XX:HeapBaseMinAddress
#     to set the Java Heap base and to place the Java Heap above 4GB virtual address.
# This output file may be truncated or incomplete.
#
#  Out of Memory Error (arena.cpp:191), pid=8796, tid=11908
#
# JRE version: OpenJDK Runtime Environment Temurin-17.0.18+8 (17.0.18+8) (build 17.0.18+8)
# Java VM: OpenJDK 64-Bit Server VM Temurin-17.0.18+8 (17.0.18+8, mixed mode, sharing, tiered, compressed oops, compressed class ptrs, g1 gc, windows-amd64)
# No core dump will be written. Minidumps are not enabled by default on client versions of Windows
#

---------------  S U M M A R Y ------------

Command Line: -XX:+ShowCodeDetailsInExceptionMessages com.playground.trace.TraceApplication

Host: AMD Ryzen 5 4500U with Radeon Graphics         , 6 cores, 7G,  Windows 11 , 64 bit Build 26100 (10.0.26100.7705)
Time: Wed Mar  4 12:52:58 2026 India Standard Time elapsed time: 321.302741 seconds (0d 0h 5m 21s)

---------------  T H R E A D  ---------------

Current thread (0x0000023650072830):  JavaThread "C2 CompilerThread0" daemon [_thread_in_native, id=11908, stack(0x00000099eb600000,0x00000099eb700000)]


Current CompileTask:
C2:321303 4287   !   4       sun.nio.ch.WEPollSelectorImpl::doSelect (107 bytes)

Stack: [0x00000099eb600000,0x00000099eb700000]
Native frames: (J=compiled Java code, j=interpreted, Vv=VM code, C=native code)
V  [jvm.dll+0x6846f9]
V  [jvm.dll+0x839ea5]
V  [jvm.dll+0x83b91e]
V  [jvm.dll+0x83bfa3]
V  [jvm.dll+0x248eff]
V  [jvm.dll+0xad496]
V  [jvm.dll+0xadb3c]
V  [jvm.dll+0x368c1e]
V  [jvm.dll+0x1bc3f9]
V  [jvm.dll+0x219f10]
V  [jvm.dll+0x219200]
V  [jvm.dll+0x1a4920]
V  [jvm.dll+0x22989a]
V  [jvm.dll+0x227a4b]
V  [jvm.dll+0x7f0658]
V  [jvm.dll+0x7eaaec]
V  [jvm.dll+0x6835c7]
C  [ucrtbase.dll+0x37b0]
C  [KERNEL32.DLL+0x2e8d7]
C  [ntdll.dll+0x8c40c]


---------------  P R O C E S S  ---------------

Threads class SMR info:
_java_thread_list=0x0000023650bf2230, length=15, elements={
0x000002365004da50, 0x000002365004ee90, 0x000002365006cdf0, 0x000002365006f6d0,
0x0000023650070b10, 0x0000023650071b80, 0x0000023650072830, 0x00000236501f0bd0,
0x00000236501fcda0, 0x00000236502c9500, 0x00000236502d2270, 0x00000236507f9030,
0x000002369609a020, 0x00000236303ae970, 0x0000023650bf6040
}

Java Threads: ( => current thread )
  0x000002365004da50 JavaThread "Reference Handler" daemon [_thread_blocked, id=17728, stack(0x00000099eb000000,0x00000099eb100000)]
  0x000002365004ee90 JavaThread "Finalizer" daemon [_thread_blocked, id=2148, stack(0x00000099eb100000,0x00000099eb200000)]
  0x000002365006cdf0 JavaThread "Signal Dispatcher" daemon [_thread_blocked, id=1936, stack(0x00000099eb200000,0x00000099eb300000)]
  0x000002365006f6d0 JavaThread "Attach Listener" daemon [_thread_blocked, id=16112, stack(0x00000099eb300000,0x00000099eb400000)]
  0x0000023650070b10 JavaThread "Service Thread" daemon [_thread_blocked, id=25356, stack(0x00000099eb400000,0x00000099eb500000)]
  0x0000023650071b80 JavaThread "Monitor Deflation Thread" daemon [_thread_blocked, id=12132, stack(0x00000099eb500000,0x00000099eb600000)]
=>0x0000023650072830 JavaThread "C2 CompilerThread0" daemon [_thread_in_native, id=11908, stack(0x00000099eb600000,0x00000099eb700000)]
  0x00000236501f0bd0 JavaThread "C1 CompilerThread0" daemon [_thread_blocked, id=3236, stack(0x00000099eb700000,0x00000099eb800000)]
  0x00000236501fcda0 JavaThread "Sweeper thread" daemon [_thread_blocked, id=27908, stack(0x00000099eb800000,0x00000099eb900000)]
  0x00000236502c9500 JavaThread "Notification Thread" daemon [_thread_blocked, id=3312, stack(0x00000099eb900000,0x00000099eba00000)]
  0x00000236502d2270 JavaThread "Common-Cleaner" daemon [_thread_blocked, id=19584, stack(0x00000099ebb00000,0x00000099ebc00000)]
  0x00000236507f9030 JavaThread "ThreadPoolTaskScheduler-1" [_thread_blocked, id=25684, stack(0x00000099ec000000,0x00000099ec100000)]
  0x000002369609a020 JavaThread "org.springframework.kafka.KafkaListenerEndpointContainer#0-0-C-1" [_thread_in_native, id=3344, stack(0x00000099ec300000,0x00000099ec400000)]
  0x00000236303ae970 JavaThread "DestroyJavaVM" [_thread_blocked, id=17200, stack(0x00000099ea900000,0x00000099eaa00000)]
  0x0000023650bf6040 JavaThread "kafka-coordinator-heartbeat-thread | trace-service-group" daemon [_thread_blocked, id=6052, stack(0x00000099ec500000,0x00000099ec600000)]

Other Threads:
  0x0000023650049e90 VMThread "VM Thread" [stack: 0x00000099eaf00000,0x00000099eb000000] [id=1704]
  0x00000236502cbe00 WatcherThread [stack: 0x00000099eba00000,0x00000099ebb00000] [id=23696]
  0x00000236325fe6e0 GCTaskThread "GC Thread#0" [stack: 0x00000099eaa00000,0x00000099eab00000] [id=25420]
  0x0000023650ae5090 GCTaskThread "GC Thread#1" [stack: 0x00000099ebc00000,0x00000099ebd00000] [id=12516]
  0x0000023650b449a0 GCTaskThread "GC Thread#2" [stack: 0x00000099ebd00000,0x00000099ebe00000] [id=12632]
  0x0000023650b44c60 GCTaskThread "GC Thread#3" [stack: 0x00000099ebe00000,0x00000099ebf00000] [id=25360]
  0x0000023650b44f20 GCTaskThread "GC Thread#4" [stack: 0x00000099ebf00000,0x00000099ec000000] [id=5052]
  0x0000023650c54250 GCTaskThread "GC Thread#5" [stack: 0x00000099ec200000,0x00000099ec300000] [id=17760]
  0x00000236326100d0 ConcurrentGCThread "G1 Main Marker" [stack: 0x00000099eab00000,0x00000099eac00000] [id=12756]
  0x0000023632610900 ConcurrentGCThread "G1 Conc#0" [stack: 0x00000099eac00000,0x00000099ead00000] [id=9684]
  0x00000236961084a0 ConcurrentGCThread "G1 Conc#1" [stack: 0x00000099ec100000,0x00000099ec200000] [id=5260]
  0x000002364ff020c0 ConcurrentGCThread "G1 Refine#0" [stack: 0x00000099ead00000,0x00000099eae00000] [id=23400]
  0x000002364ff02900 ConcurrentGCThread "G1 Service" [stack: 0x00000099eae00000,0x00000099eaf00000] [id=22604]

Threads with active compile tasks:
C2 CompilerThread0  321348 4287   !   4       sun.nio.ch.WEPollSelectorImpl::doSelect (107 bytes)

VM state: not at safepoint (normal execution)

VM Mutex/Monitor currently owned by a thread: None

Heap address: 0x0000000089c00000, size: 1892 MB, Compressed Oops mode: 32-bit

CDS archive(s) mapped at: [0x0000023651000000-0x0000023651bb0000-0x0000023651bb0000), size 12255232, SharedBaseAddress: 0x0000023651000000, ArchiveRelocationMode: 1.
Compressed class space mapped at: 0x0000023652000000-0x0000023692000000, reserved size: 1073741824
Narrow klass base: 0x0000023651000000, Narrow klass shift: 0, Narrow klass range: 0x100000000

GC Precious Log:
 CPUs: 6 total, 6 available
 Memory: 7564M
 Large Page Support: Disabled
 NUMA Support: Disabled
 Compressed Oops: Enabled (32-bit)
 Heap Region Size: 1M
 Heap Min Capacity: 8M
 Heap Initial Capacity: 120M
 Heap Max Capacity: 1892M
 Pre-touch: Disabled
 Parallel Workers: 6
 Concurrent Workers: 2
 Concurrent Refinement Workers: 6
 Periodic GC: Disabled

Heap:
 garbage-first heap   total 40960K, used 17521K [0x0000000089c00000, 0x0000000100000000)
  region size 1024K, 7 young (7168K), 2 survivors (2048K)
 Metaspace       used 32794K, committed 33216K, reserved 1114112K
  class space    used 3912K, committed 4096K, reserved 1048576K

Heap Regions: E=young(eden), S=young(survivor), O=old, HS=humongous(starts), HC=humongous(continues), CS=collection set, F=free, OA=open archive, CA=closed archive, TAMS=top-at-mark-start (previous, next)
|   0|0x0000000089c00000, 0x0000000089d00000, 0x0000000089d00000|100%| O|  |TAMS 0x0000000089d00000, 0x0000000089c00000| Untracked 
|   1|0x0000000089d00000, 0x0000000089e00000, 0x0000000089e00000|100%| O|  |TAMS 0x0000000089e00000, 0x0000000089d00000| Untracked 
|   2|0x0000000089e00000, 0x0000000089f00000, 0x0000000089f00000|100%| O|  |TAMS 0x0000000089f00000, 0x0000000089e00000| Untracked 
|   3|0x0000000089f00000, 0x000000008a000000, 0x000000008a000000|100%| O|  |TAMS 0x000000008a000000, 0x0000000089f00000| Untracked 
|   4|0x000000008a000000, 0x000000008a000000, 0x000000008a100000|  0%| F|  |TAMS 0x000000008a000000, 0x000000008a000000| Untracked 
|   5|0x000000008a100000, 0x000000008a200000, 0x000000008a200000|100%| O|  |TAMS 0x000000008a100000, 0x000000008a100000| Untracked 
|   6|0x000000008a200000, 0x000000008a300000, 0x000000008a300000|100%| O|  |TAMS 0x000000008a200000, 0x000000008a200000| Untracked 
|   7|0x000000008a300000, 0x000000008a400000, 0x000000008a400000|100%| O|  |TAMS 0x000000008a300000, 0x000000008a300000| Untracked 
|   8|0x000000008a400000, 0x000000008a500000, 0x000000008a500000|100%| O|  |TAMS 0x000000008a400000, 0x000000008a400000| Untracked 
|   9|0x000000008a500000, 0x000000008a600000, 0x000000008a600000|100%| O|  |TAMS 0x000000008a500000, 0x000000008a500000| Untracked 
|  10|0x000000008a600000, 0x000000008a700000, 0x000000008a700000|100%| O|  |TAMS 0x000000008a600000, 0x000000008a600000| Untracked 
|  11|0x000000008a700000, 0x000000008a800000, 0x000000008a800000|100%| O|  |TAMS 0x000000008a700000, 0x000000008a700000| Untracked 
|  12|0x000000008a800000, 0x000000008a8cda00, 0x000000008a900000| 80%| O|  |TAMS 0x000000008a800000, 0x000000008a800000| Untracked 
|  13|0x000000008a900000, 0x000000008a900000, 0x000000008aa00000|  0%| F|  |TAMS 0x000000008a900000, 0x000000008a900000| Untracked 
|  14|0x000000008aa00000, 0x000000008aa00000, 0x000000008ab00000|  0%| F|  |TAMS 0x000000008aa00000, 0x000000008aa00000| Untracked 
|  15|0x000000008ab00000, 0x000000008ab00000, 0x000000008ac00000|  0%| F|  |TAMS 0x000000008ab00000, 0x000000008ab00000| Untracked 
|  16|0x000000008ac00000, 0x000000008ac00000, 0x000000008ad00000|  0%| F|  |TAMS 0x000000008ac00000, 0x000000008ac00000| Untracked 
|  17|0x000000008ad00000, 0x000000008ad00000, 0x000000008ae00000|  0%| F|  |TAMS 0x000000008ad00000, 0x000000008ad00000| Untracked 
|  18|0x000000008ae00000, 0x000000008ae00000, 0x000000008af00000|  0%| F|  |TAMS 0x000000008ae00000, 0x000000008ae00000| Untracked 
|  19|0x000000008af00000, 0x000000008af00000, 0x000000008b000000|  0%| F|  |TAMS 0x000000008af00000, 0x000000008af00000| Untracked 
|  20|0x000000008b000000, 0x000000008b04eb80, 0x000000008b100000| 30%| S|CS|TAMS 0x000000008b000000, 0x000000008b000000| Complete 
|  21|0x000000008b100000, 0x000000008b200000, 0x000000008b200000|100%| S|CS|TAMS 0x000000008b100000, 0x000000008b100000| Complete 
|  22|0x000000008b200000, 0x000000008b200000, 0x000000008b300000|  0%| F|  |TAMS 0x000000008b200000, 0x000000008b200000| Untracked 
|  23|0x000000008b300000, 0x000000008b300000, 0x000000008b400000|  0%| F|  |TAMS 0x000000008b300000, 0x000000008b300000| Untracked 
|  24|0x000000008b400000, 0x000000008b400000, 0x000000008b500000|  0%| F|  |TAMS 0x000000008b400000, 0x000000008b400000| Untracked 
|  25|0x000000008b500000, 0x000000008b500000, 0x000000008b600000|  0%| F|  |TAMS 0x000000008b500000, 0x000000008b500000| Untracked 
|  26|0x000000008b600000, 0x000000008b600000, 0x000000008b700000|  0%| F|  |TAMS 0x000000008b600000, 0x000000008b600000| Untracked 
|  27|0x000000008b700000, 0x000000008b700000, 0x000000008b800000|  0%| F|  |TAMS 0x000000008b700000, 0x000000008b700000| Untracked 
|  28|0x000000008b800000, 0x000000008b800000, 0x000000008b900000|  0%| F|  |TAMS 0x000000008b800000, 0x000000008b800000| Untracked 
|  29|0x000000008b900000, 0x000000008b900000, 0x000000008ba00000|  0%| F|  |TAMS 0x000000008b900000, 0x000000008b900000| Untracked 
|  30|0x000000008ba00000, 0x000000008ba00000, 0x000000008bb00000|  0%| F|  |TAMS 0x000000008ba00000, 0x000000008ba00000| Untracked 
|  31|0x000000008bb00000, 0x000000008bb00000, 0x000000008bc00000|  0%| F|  |TAMS 0x000000008bb00000, 0x000000008bb00000| Untracked 
|  32|0x000000008bc00000, 0x000000008bc00000, 0x000000008bd00000|  0%| F|  |TAMS 0x000000008bc00000, 0x000000008bc00000| Untracked 
|  63|0x000000008db00000, 0x000000008db00000, 0x000000008dc00000|  0%| F|  |TAMS 0x000000008db00000, 0x000000008db00000| Untracked 
|  64|0x000000008dc00000, 0x000000008dc00000, 0x000000008dd00000|  0%| F|  |TAMS 0x000000008dc00000, 0x000000008dc00000| Untracked 
|  65|0x000000008dd00000, 0x000000008dd4df68, 0x000000008de00000| 30%| E|  |TAMS 0x000000008dd00000, 0x000000008dd00000| Complete 
|  66|0x000000008de00000, 0x000000008df00000, 0x000000008df00000|100%| E|CS|TAMS 0x000000008de00000, 0x000000008de00000| Complete 
|  67|0x000000008df00000, 0x000000008e000000, 0x000000008e000000|100%| E|CS|TAMS 0x000000008df00000, 0x000000008df00000| Complete 
|  68|0x000000008e000000, 0x000000008e100000, 0x000000008e100000|100%| E|CS|TAMS 0x000000008e000000, 0x000000008e000000| Complete 
| 119|0x0000000091300000, 0x0000000091400000, 0x0000000091400000|100%| E|CS|TAMS 0x0000000091300000, 0x0000000091300000| Complete 

Card table byte_map: [0x00000236495d0000,0x0000023649990000] _byte_map_base: 0x0000023649182000

Marking Bits (Prev, Next): (CMBitMap*) 0x0000023632600b60, (CMBitMap*) 0x0000023632600b20
 Prev Bits: [0x000002364bae0000, 0x000002364d870000)
 Next Bits: [0x0000023649d50000, 0x000002364bae0000)

Polling page: 0x0000023630560000

Metaspace:

Usage:
  Non-class:     28.21 MB used.
      Class:      3.82 MB used.
       Both:     32.03 MB used.

Virtual space:
  Non-class space:       64.00 MB reserved,      28.44 MB ( 44%) committed,  1 nodes.
      Class space:        1.00 GB reserved,       4.00 MB ( <1%) committed,  1 nodes.
             Both:        1.06 GB reserved,      32.44 MB (  3%) committed. 

Chunk freelists:
   Non-Class:  2.86 MB
       Class:  11.89 MB
        Both:  14.75 MB

MaxMetaspaceSize: unlimited
CompressedClassSpaceSize: 1.00 GB
Initial GC threshold: 21.00 MB
Current GC threshold: 35.12 MB
CDS: on
MetaspaceReclaimPolicy: balanced
 - commit_granule_bytes: 65536.
 - commit_granule_words: 8192.
 - virtual_space_node_default_size: 8388608.
 - enlarge_chunks_in_place: 1.
 - new_chunks_are_fully_committed: 0.
 - uncommit_free_chunks: 1.
 - use_allocation_guard: 0.
 - handle_deallocations: 1.


Internal statistics:

num_allocs_failed_limit: 3.
num_arena_births: 454.
num_arena_deaths: 0.
num_vsnodes_births: 2.
num_vsnodes_deaths: 0.
num_space_committed: 519.
num_space_uncommitted: 0.
num_chunks_returned_to_freelist: 3.
num_chunks_taken_from_freelist: 1580.
num_chunk_merges: 3.
num_chunk_splits: 1114.
num_chunks_enlarged: 848.
num_inconsistent_stats: 0.

CodeHeap 'non-profiled nmethods': size=120000Kb used=2266Kb max_used=2266Kb free=117733Kb
 bounds [0x0000023641bd0000, 0x0000023641e40000, 0x0000023649100000]
CodeHeap 'profiled nmethods': size=120000Kb used=8619Kb max_used=8619Kb free=111380Kb
 bounds [0x000002363a100000, 0x000002363a970000, 0x0000023641630000]
CodeHeap 'non-nmethods': size=5760Kb used=1262Kb max_used=1307Kb free=4498Kb
 bounds [0x0000023641630000, 0x00000236418a0000, 0x0000023641bd0000]
 total_blobs=4862 nmethods=4282 adapters=492
 compilation: enabled
              stopped_count=0, restarted_count=0
 full_count=0

Compilation events (20 events):
Event: 314.898 Thread 0x00000236501f0bd0 nmethod 4279 0x000002363a964290 code [0x000002363a964460, 0x000002363a964858]
Event: 314.898 Thread 0x00000236501f0bd0 4277       3       org.apache.kafka.common.utils.ImplicitLinkedHashCollection::addToListTail (55 bytes)
Event: 314.899 Thread 0x00000236501f0bd0 nmethod 4277 0x000002363a964a90 code [0x000002363a964ca0, 0x000002363a965348]
Event: 314.899 Thread 0x00000236501f0bd0 4278       3       org.apache.kafka.common.utils.ImplicitLinkedHashCollection$ImplicitLinkedHashCollectionIterator::next (5 bytes)
Event: 314.899 Thread 0x00000236501f0bd0 nmethod 4278 0x000002363a965610 code [0x000002363a9657c0, 0x000002363a965908]
Event: 317.116 Thread 0x00000236501f0bd0 4280       3       org.apache.kafka.common.metrics.stats.SampledStat::advance (69 bytes)
Event: 317.119 Thread 0x00000236501f0bd0 nmethod 4280 0x000002363a965990 code [0x000002363a965b80, 0x000002363a9660f8]
Event: 318.670 Thread 0x00000236501f0bd0 4281       1       org.springframework.kafka.listener.AbstractMessageListenerContainer::isRunning (5 bytes)
Event: 318.672 Thread 0x00000236501f0bd0 nmethod 4281 0x0000023641e05510 code [0x0000023641e056a0, 0x0000023641e05778]
Event: 319.118 Thread 0x00000236501f0bd0 4282       3       org.apache.kafka.clients.consumer.internals.RequestFuture::addListener (35 bytes)
Event: 319.121 Thread 0x00000236501f0bd0 nmethod 4282 0x000002363a966310 code [0x000002363a966640, 0x000002363a967ce8]
Event: 320.740 Thread 0x00000236501f0bd0 4283       3       org.apache.kafka.clients.consumer.internals.OffsetFetcherUtils::validatePositionsOnMetadataChange (39 bytes)
Event: 320.749 Thread 0x00000236501f0bd0 nmethod 4283 0x000002363a968310 code [0x000002363a968560, 0x000002363a968f98]
Event: 320.848 Thread 0x00000236501f0bd0 4284   !   3       org.apache.kafka.clients.NetworkClient::poll (178 bytes)
Event: 320.848 Thread 0x0000023650072830 4285       4       org.apache.kafka.clients.NetworkClient::handleCompletedSends (91 bytes)
Event: 320.850 Thread 0x00000236501f0bd0 nmethod 4284 0x000002363a969390 code [0x000002363a9696c0, 0x000002363a96a648]
Event: 320.856 Thread 0x0000023650072830 nmethod 4285 0x0000023641e05810 code [0x0000023641e059c0, 0x0000023641e05d28]
Event: 321.063 Thread 0x0000023650072830 4286       4       sun.nio.ch.SelectorImpl::begin (9 bytes)
Event: 321.068 Thread 0x0000023650072830 nmethod 4286 0x0000023641e06190 code [0x0000023641e06320, 0x0000023641e06678]
Event: 321.124 Thread 0x0000023650072830 4287   !   4       sun.nio.ch.WEPollSelectorImpl::doSelect (107 bytes)

GC Heap History (14 events):
Event: 5.392 GC heap before
{Heap before GC invocations=0 (full 0):
 garbage-first heap   total 122880K, used 20480K [0x0000000089c00000, 0x0000000100000000)
  region size 1024K, 21 young (21504K), 0 survivors (0K)
 Metaspace       used 6098K, committed 6272K, reserved 1114112K
  class space    used 743K, committed 832K, reserved 1048576K
}
Event: 5.435 GC heap after
{Heap after GC invocations=1 (full 0):
 garbage-first heap   total 122880K, used 4592K [0x0000000089c00000, 0x0000000100000000)
  region size 1024K, 3 young (3072K), 3 survivors (3072K)
 Metaspace       used 6098K, committed 6272K, reserved 1114112K
  class space    used 743K, committed 832K, reserved 1048576K
}
Event: 8.088 GC heap before
{Heap before GC invocations=1 (full 0):
 garbage-first heap   total 122880K, used 28144K [0x0000000089c00000, 0x0000000100000000)
  region size 1024K, 26 young (26624K), 3 survivors (3072K)
 Metaspace       used 12020K, committed 12224K, reserved 1114112K
  class space    used 1509K, committed 1600K, reserved 1048576K
}
Event: 8.095 GC heap after
{Heap after GC invocations=2 (full 0):
 garbage-first heap   total 122880K, used 6173K [0x0000000089c00000, 0x0000000100000000)
  region size 1024K, 2 young (2048K), 2 survivors (2048K)
 Metaspace       used 12020K, committed 12224K, reserved 1114112K
  class space    used 1509K, committed 1600K, reserved 1048576K
}
Event: 11.195 GC heap before
{Heap before GC invocations=2 (full 0):
 garbage-first heap   total 122880K, used 54301K [0x0000000089c00000, 0x0000000100000000)
  region size 1024K, 51 young (52224K), 2 survivors (2048K)
 Metaspace       used 21147K, committed 21504K, reserved 1114112K
  class space    used 2645K, committed 2816K, reserved 1048576K
}
Event: 11.207 GC heap after
{Heap after GC invocations=3 (full 0):
 garbage-first heap   total 122880K, used 10422K [0x0000000089c00000, 0x0000000100000000)
  region size 1024K, 6 young (6144K), 6 survivors (6144K)
 Metaspace       used 21147K, committed 21504K, reserved 1114112K
  class space    used 2645K, committed 2816K, reserved 1048576K
}
Event: 12.988 GC heap before
{Heap before GC invocations=4 (full 0):
 garbage-first heap   total 40960K, used 28854K [0x0000000089c00000, 0x0000000100000000)
  region size 1024K, 24 young (24576K), 6 survivors (6144K)
 Metaspace       used 25944K, committed 26304K, reserved 1114112K
  class space    used 3271K, committed 3456K, reserved 1048576K
}
Event: 13.006 GC heap after
{Heap after GC invocations=5 (full 0):
 garbage-first heap   total 40960K, used 12122K [0x0000000089c00000, 0x0000000100000000)
  region size 1024K, 2 young (2048K), 2 survivors (2048K)
 Metaspace       used 25944K, committed 26304K, reserved 1114112K
  class space    used 3271K, committed 3456K, reserved 1048576K
}
Event: 13.072 GC heap before
{Heap before GC invocations=5 (full 0):
 garbage-first heap   total 40960K, used 13146K [0x0000000089c00000, 0x0000000100000000)
  region size 1024K, 3 young (3072K), 2 survivors (2048K)
 Metaspace       used 26254K, committed 26624K, reserved 1114112K
  class space    used 3311K, committed 3456K, reserved 1048576K
}
Event: 13.075 GC heap after
{Heap after GC invocations=6 (full 0):
 garbage-first heap   total 40960K, used 12606K [0x0000000089c00000, 0x0000000100000000)
  region size 1024K, 1 young (1024K), 1 survivors (1024K)
 Metaspace       used 26254K, committed 26624K, reserved 1114112K
  class space    used 3311K, committed 3456K, reserved 1048576K
}
Event: 14.139 GC heap before
{Heap before GC invocations=6 (full 0):
 garbage-first heap   total 40960K, used 27966K [0x0000000089c00000, 0x0000000100000000)
  region size 1024K, 17 young (17408K), 1 survivors (1024K)
 Metaspace       used 31037K, committed 31424K, reserved 1114112K
  class space    used 3649K, committed 3840K, reserved 1048576K
}
Event: 14.141 GC heap after
{Heap after GC invocations=7 (full 0):
 garbage-first heap   total 40960K, used 13089K [0x0000000089c00000, 0x0000000100000000)
  region size 1024K, 1 young (1024K), 1 survivors (1024K)
 Metaspace       used 31037K, committed 31424K, reserved 1114112K
  class space    used 3649K, committed 3840K, reserved 1048576K
}
Event: 230.855 GC heap before
{Heap before GC invocations=7 (full 0):
 garbage-first heap   total 40960K, used 30497K [0x0000000089c00000, 0x0000000100000000)
  region size 1024K, 18 young (18432K), 1 survivors (1024K)
 Metaspace       used 32747K, committed 33152K, reserved 1114112K
  class space    used 3912K, committed 4096K, reserved 1048576K
}
Event: 230.898 GC heap after
{Heap after GC invocations=8 (full 0):
 garbage-first heap   total 40960K, used 13425K [0x0000000089c00000, 0x0000000100000000)
  region size 1024K, 2 young (2048K), 2 survivors (2048K)
 Metaspace       used 32747K, committed 33152K, reserved 1114112K
  class space    used 3912K, committed 4096K, reserved 1048576K
}

Dll operation events (10 events):
Event: 0.085 Loaded shared library C:\Users\HP\AppData\Roaming\Code\User\globalStorage\pleiades.java-extension-pack-jdk\java\17\bin\java.dll
Event: 0.154 Loaded shared library C:\Users\HP\AppData\Roaming\Code\User\globalStorage\pleiades.java-extension-pack-jdk\java\17\bin\jsvml.dll
Event: 0.820 Loaded shared library C:\Users\HP\AppData\Roaming\Code\User\globalStorage\pleiades.java-extension-pack-jdk\java\17\bin\net.dll
Event: 0.826 Loaded shared library C:\Users\HP\AppData\Roaming\Code\User\globalStorage\pleiades.java-extension-pack-jdk\java\17\bin\nio.dll
Event: 0.830 Loaded shared library C:\Users\HP\AppData\Roaming\Code\User\globalStorage\pleiades.java-extension-pack-jdk\java\17\bin\zip.dll
Event: 1.267 Loaded shared library C:\Users\HP\AppData\Roaming\Code\User\globalStorage\pleiades.java-extension-pack-jdk\java\17\bin\jimage.dll
Event: 12.355 Loaded shared library C:\Users\HP\AppData\Roaming\Code\User\globalStorage\pleiades.java-extension-pack-jdk\java\17\bin\management.dll
Event: 12.418 Loaded shared library C:\Users\HP\AppData\Roaming\Code\User\globalStorage\pleiades.java-extension-pack-jdk\java\17\bin\management_ext.dll
Event: 12.688 Loaded shared library C:\Users\HP\AppData\Roaming\Code\User\globalStorage\pleiades.java-extension-pack-jdk\java\17\bin\sunmscapi.dll
Event: 12.752 Loaded shared library C:\Users\HP\AppData\Roaming\Code\User\globalStorage\pleiades.java-extension-pack-jdk\java\17\bin\extnet.dll

Deoptimization events (20 events):
Event: 17.899 Thread 0x000002369609a020 DEOPT PACKING pc=0x000002363a4f2aea sp=0x00000099ec3ff2c0
Event: 17.899 Thread 0x000002369609a020 DEOPT UNPACKING pc=0x0000023641687143 sp=0x00000099ec3fe750 mode 3
Event: 17.899 Thread 0x0000023650bf6040 DEOPT PACKING pc=0x000002363a83cb62 sp=0x00000099ec5fef20
Event: 17.899 Thread 0x0000023650bf6040 DEOPT UNPACKING pc=0x0000023641687143 sp=0x00000099ec5fe3a8 mode 3
Event: 314.644 Thread 0x000002369609a020 Uncommon trap: trap_request=0xffffff45 fr.pc=0x0000023641df79f0 relative=0x0000000000002ad0
Event: 314.645 Thread 0x000002369609a020 Uncommon trap: reason=unstable_if action=reinterpret pc=0x0000023641df79f0 method=org.apache.kafka.common.utils.Utils.min(J[J)J @ 31 c2
Event: 314.646 Thread 0x000002369609a020 DEOPT PACKING pc=0x0000023641df79f0 sp=0x00000099ec3ff1e0
Event: 314.648 Thread 0x000002369609a020 DEOPT UNPACKING pc=0x00000236416869a3 sp=0x00000099ec3ff140 mode 2
Event: 314.787 Thread 0x000002369609a020 Uncommon trap: trap_request=0xfffffff4 fr.pc=0x0000023641e0129c relative=0x000000000000195c
Event: 314.787 Thread 0x000002369609a020 Uncommon trap: reason=null_check action=make_not_entrant pc=0x0000023641e0129c method=sun.nio.ch.WEPollSelectorImpl.processUpdateQueue()V @ 71 c2
Event: 314.787 Thread 0x000002369609a020 DEOPT PACKING pc=0x0000023641e0129c sp=0x00000099ec3fee90
Event: 314.787 Thread 0x000002369609a020 DEOPT UNPACKING pc=0x00000236416869a3 sp=0x00000099ec3fedb0 mode 2
Event: 314.996 Thread 0x000002369609a020 Uncommon trap: trap_request=0xffffff45 fr.pc=0x0000023641de78f4 relative=0x00000000000001d4
Event: 314.996 Thread 0x000002369609a020 Uncommon trap: reason=unstable_if action=reinterpret pc=0x0000023641de78f4 method=org.apache.kafka.clients.consumer.internals.OffsetFetcherUtils.validatePositionsOnMetadataChange()V @ 17 c2
Event: 314.996 Thread 0x000002369609a020 DEOPT PACKING pc=0x0000023641de78f4 sp=0x00000099ec3ff230
Event: 314.997 Thread 0x000002369609a020 DEOPT UNPACKING pc=0x00000236416869a3 sp=0x00000099ec3ff1e8 mode 2
Event: 315.109 Thread 0x000002369609a020 Uncommon trap: trap_request=0xffffff45 fr.pc=0x0000023641e0492c relative=0x00000000000001cc
Event: 315.109 Thread 0x000002369609a020 Uncommon trap: reason=unstable_if action=reinterpret pc=0x0000023641e0492c method=java.util.LinkedHashMap.afterNodeAccess(Ljava/util/HashMap$Node;)V @ 14 c2
Event: 315.109 Thread 0x000002369609a020 DEOPT PACKING pc=0x0000023641e0492c sp=0x00000099ec3fedf0
Event: 315.109 Thread 0x000002369609a020 DEOPT UNPACKING pc=0x00000236416869a3 sp=0x00000099ec3fece8 mode 2

Classes loaded (20 events):
Event: 14.251 Loading class java/util/ArrayList$ListItr
Event: 14.252 Loading class java/util/ArrayList$ListItr done
Event: 14.264 Loading class java/nio/channels/spi/AbstractSelector$1
Event: 14.265 Loading class java/nio/channels/spi/AbstractSelector$1 done
Event: 14.270 Loading class sun/nio/ch/IOVecWrapper
Event: 14.274 Loading class sun/nio/ch/IOVecWrapper done
Event: 14.275 Loading class sun/nio/ch/AllocatedNativeObject
Event: 14.295 Loading class sun/nio/ch/NativeObject
Event: 14.296 Loading class sun/nio/ch/NativeObject done
Event: 14.296 Loading class sun/nio/ch/AllocatedNativeObject done
Event: 14.296 Loading class sun/nio/ch/IOVecWrapper$Deallocator
Event: 14.296 Loading class sun/nio/ch/IOVecWrapper$Deallocator done
Event: 14.494 Loading class java/lang/ExceptionInInitializerError
Event: 14.499 Loading class java/lang/ExceptionInInitializerError done
Event: 14.739 Loading class java/util/concurrent/ConcurrentLinkedQueue$CLQSpliterator
Event: 14.740 Loading class java/util/concurrent/ConcurrentLinkedQueue$CLQSpliterator done
Event: 17.745 Loading class java/util/TreeMap$KeySpliterator
Event: 17.757 Loading class java/util/TreeMap$TreeMapSpliterator
Event: 17.761 Loading class java/util/TreeMap$TreeMapSpliterator done
Event: 17.761 Loading class java/util/TreeMap$KeySpliterator done

Classes unloaded (0 events):
No events

Classes redefined (0 events):
No events

Internal exceptions (20 events):
Event: 9.974 Thread 0x00000236303ae970 Exception <a 'java/lang/NoSuchMethodError'{0x000000008ef43d60}: 'int java.lang.invoke.Invokers$Holder.linkToTargetMethod(java.lang.Object, java.lang.Object, java.lang.Object)'> (0x000000008ef43d60) 
thrown [s\src\hotspot\share\interpreter\linkResolver.cpp, line 759]
Event: 10.156 Thread 0x00000236303ae970 Exception <a 'java/lang/NoClassDefFoundError'{0x000000008ed0aa10}: org/flywaydb/core/Flyway> (0x000000008ed0aa10) 
thrown [s\src\hotspot\share\classfile\systemDictionary.cpp, line 245]
Event: 10.157 Thread 0x00000236303ae970 Exception <a 'java/lang/NoClassDefFoundError'{0x000000008ed0c298}: liquibase/integration/spring/SpringLiquibase> (0x000000008ed0c298) 
thrown [s\src\hotspot\share\classfile\systemDictionary.cpp, line 245]
Event: 10.608 Thread 0x00000236303ae970 Exception <a 'java/lang/NoSuchMethodError'{0x000000008e9d3df8}: 'java.lang.Object java.lang.invoke.DirectMethodHandle$Holder.invokeStaticInit(java.lang.Object, int, int, int, int)'> (0x000000008e9d3df8) 
thrown [s\src\hotspot\share\interpreter\linkResolver.cpp, line 759]
Event: 10.810 Thread 0x00000236303ae970 Exception <a 'java/lang/NoSuchMethodError'{0x000000008e883a60}: 'java.lang.Object java.lang.invoke.DirectMethodHandle$Holder.invokeStaticInit(java.lang.Object, java.lang.Object, int, int, int, int)'> (0x000000008e883a60) 
thrown [s\src\hotspot\share\interpreter\linkResolver.cpp, line 759]
Event: 10.939 Thread 0x00000236303ae970 Implicit null exception at 0x0000023641ce49ea to 0x0000023641ce4e70
Event: 11.549 Thread 0x00000236303ae970 Implicit null exception at 0x0000023641d05d5a to 0x0000023641d05f84
Event: 11.556 Thread 0x00000236303ae970 Exception <a 'java/lang/NoSuchMethodError'{0x000000008b7040b0}: 'void java.lang.invoke.DirectMethodHandle$Holder.invokeVirtual(java.lang.Object, java.lang.Object, int)'> (0x000000008b7040b0) 
thrown [s\src\hotspot\share\interpreter\linkResolver.cpp, line 759]
Event: 11.605 Thread 0x00000236303ae970 Exception <a 'java/lang/NoSuchMethodError'{0x000000008b7e83d8}: 'void java.lang.invoke.DirectMethodHandle$Holder.invokeVirtual(java.lang.Object, java.lang.Object, long)'> (0x000000008b7e83d8) 
thrown [s\src\hotspot\share\interpreter\linkResolver.cpp, line 759]
Event: 11.669 Thread 0x00000236303ae970 Exception <a 'java/lang/NoSuchMethodError'{0x000000008b6b09c8}: 'java.lang.Object java.lang.invoke.DirectMethodHandle$Holder.newInvokeSpecial(java.lang.Object, java.lang.Object, int, java.lang.Object, java.lang.Object)'> (0x000000008b6b09c8) 
thrown [s\src\hotspot\share\interpreter\linkResolver.cpp, line 759]
Event: 11.670 Thread 0x00000236303ae970 Exception <a 'java/lang/NoSuchMethodError'{0x000000008b6bbd98}: 'java.lang.Object java.lang.invoke.DirectMethodHandle$Holder.invokeSpecial(java.lang.Object, java.lang.Object, int, java.lang.Object, int, java.lang.Object)'> (0x000000008b6bbd98) 
thrown [s\src\hotspot\share\interpreter\linkResolver.cpp, line 759]
Event: 11.673 Thread 0x00000236303ae970 Exception <a 'java/lang/NoSuchMethodError'{0x000000008b6c3ba0}: 'java.lang.Object java.lang.invoke.DirectMethodHandle$Holder.newInvokeSpecial(java.lang.Object, java.lang.Object, int, java.lang.Object, int)'> (0x000000008b6c3ba0) 
thrown [s\src\hotspot\share\interpreter\linkResolver.cpp, line 759]
Event: 11.674 Thread 0x00000236303ae970 Exception <a 'java/lang/NoSuchMethodError'{0x000000008b6c7ca0}: 'java.lang.Object java.lang.invoke.DirectMethodHandle$Holder.invokeSpecial(java.lang.Object, java.lang.Object, java.lang.Object, int, java.lang.Object, int)'> (0x000000008b6c7ca0) 
thrown [s\src\hotspot\share\interpreter\linkResolver.cpp, line 759]
Event: 12.437 Thread 0x00000236303ae970 Exception <a 'java/lang/IncompatibleClassChangeError'{0x000000008b29dc68}: Found class java.lang.Object, but interface was expected> (0x000000008b29dc68) 
thrown [s\src\hotspot\share\interpreter\linkResolver.cpp, line 826]
Event: 12.535 Thread 0x00000236303ae970 Implicit null exception at 0x0000023641d4119e to 0x0000023641d4195c
Event: 13.045 Thread 0x00000236303ae970 Exception <a 'java/lang/NoSuchMethodError'{0x000000009137d360}: 'void java.lang.invoke.DirectMethodHandle$Holder.invokeStaticInit(java.lang.Object)'> (0x000000009137d360) 
thrown [s\src\hotspot\share\interpreter\linkResolver.cpp, line 759]
Event: 14.269 Thread 0x000002369609a020 Exception <a 'java/lang/NoSuchMethodError'{0x00000000913e2ec8}: 'java.lang.Object java.lang.invoke.DirectMethodHandle$Holder.newInvokeSpecial(java.lang.Object, long)'> (0x00000000913e2ec8) 
thrown [s\src\hotspot\share\interpreter\linkResolver.cpp, line 759]
Event: 14.653 Thread 0x000002369609a020 Exception <a 'java/lang/NoSuchMethodError'{0x000000008dded100}: 'void java.lang.invoke.DirectMethodHandle$Holder.invokeStatic(java.lang.Object, int, java.lang.Object)'> (0x000000008dded100) 
thrown [s\src\hotspot\share\interpreter\linkResolver.cpp, line 759]
Event: 14.686 Thread 0x000002369609a020 Implicit null exception at 0x0000023641c014f2 to 0x0000023641c01ac0
Event: 314.787 Thread 0x000002369609a020 Implicit null exception at 0x0000023641dffa90 to 0x0000023641e01280

VM Operations (20 events):
Event: 240.558 Executing VM operation: HandshakeAllThreads
Event: 240.558 Executing VM operation: HandshakeAllThreads done
Event: 243.586 Executing VM operation: Cleanup
Event: 243.586 Executing VM operation: Cleanup done
Event: 253.691 Executing VM operation: Cleanup
Event: 253.691 Executing VM operation: Cleanup done
Event: 257.722 Executing VM operation: Cleanup
Event: 257.722 Executing VM operation: Cleanup done
Event: 271.867 Executing VM operation: Cleanup
Event: 271.867 Executing VM operation: Cleanup done
Event: 276.913 Executing VM operation: Cleanup
Event: 276.913 Executing VM operation: Cleanup done
Event: 300.733 Executing VM operation: HandshakeAllThreads
Event: 300.733 Executing VM operation: HandshakeAllThreads done
Event: 309.838 Executing VM operation: Cleanup
Event: 309.838 Executing VM operation: Cleanup done
Event: 314.875 Executing VM operation: Cleanup
Event: 314.875 Executing VM operation: Cleanup done
Event: 315.884 Executing VM operation: Cleanup
Event: 315.884 Executing VM operation: Cleanup done

Memory protections (0 events):
No events

Nmethod flushes (0 events):
No events

Events (20 events):
Event: 0.809 Thread 0x00000236303ae970 Thread added: 0x00000236502d2270
Event: 6.485 Thread 0x00000236501f0bd0 Thread added: 0x0000023650372a70
Event: 6.720 Thread 0x0000023650372a70 Thread exited: 0x0000023650372a70
Event: 6.841 Thread 0x00000236501f0bd0 Thread added: 0x0000023650372a70
Event: 6.999 Thread 0x00000236303ae970 Thread added: 0x0000023696000490
Event: 7.464 Thread 0x0000023650372a70 Thread exited: 0x0000023650372a70
Event: 7.605 Thread 0x00000236501f0bd0 Thread added: 0x00000236963baf20
Event: 8.162 Thread 0x00000236963baf20 Thread exited: 0x00000236963baf20
Event: 8.470 Thread 0x00000236303ae970 Thread added: 0x00000236965f9d80
Event: 8.555 Thread 0x00000236965f9d80 Thread exited: 0x00000236965f9d80
Event: 9.534 Thread 0x00000236501f0bd0 Thread added: 0x00000236965f0bd0
Event: 9.581 Thread 0x0000023696000490 Thread exited: 0x0000023696000490
Event: 12.255 Thread 0x00000236965f0bd0 Thread exited: 0x00000236965f0bd0
Event: 13.041 Thread 0x00000236303ae970 Thread added: 0x00000236507f9030
Event: 13.052 Thread 0x00000236303ae970 Thread added: 0x000002369609a020
Event: 13.059 Thread 0x00000236501f0bd0 Thread added: 0x00000236965f0bd0
Event: 13.085 Thread 0x00000236303ae970 Thread exited: 0x00000236303ae970
Event: 13.085 Thread 0x00000236303ae970 Thread added: 0x00000236303ae970
Event: 13.223 Thread 0x00000236965f0bd0 Thread exited: 0x00000236965f0bd0
Event: 14.694 Thread 0x000002369609a020 Thread added: 0x0000023650bf6040


Dynamic libraries:
0x00007ff6bf770000 - 0x00007ff6bf77e000 	C:\Users\HP\AppData\Roaming\Code\User\globalStorage\pleiades.java-extension-pack-jdk\java\17\bin\java.exe
0x00007ffa4d140000 - 0x00007ffa4d3a8000 	C:\WINDOWS\SYSTEM32\ntdll.dll
0x00007ffa4b9d0000 - 0x00007ffa4ba99000 	C:\WINDOWS\System32\KERNEL32.DLL
0x00007ffa4a020000 - 0x00007ffa4a411000 	C:\WINDOWS\System32\KERNELBASE.dll
0x00007ffa49ba0000 - 0x00007ffa49ceb000 	C:\WINDOWS\System32\ucrtbase.dll
0x00007ff9fb2d0000 - 0x00007ff9fb2e8000 	C:\Users\HP\AppData\Roaming\Code\User\globalStorage\pleiades.java-extension-pack-jdk\java\17\bin\jli.dll
0x00007ffa4ce60000 - 0x00007ffa4d026000 	C:\WINDOWS\System32\USER32.dll
0x00007ffa4a420000 - 0x00007ffa4a447000 	C:\WINDOWS\System32\win32u.dll
0x00007ffa4aee0000 - 0x00007ffa4af0b000 	C:\WINDOWS\System32\GDI32.dll
0x00007ffa49d80000 - 0x00007ffa49eab000 	C:\WINDOWS\System32\gdi32full.dll
0x00007ffa4a450000 - 0x00007ffa4a4f3000 	C:\WINDOWS\System32\msvcp_win.dll
0x00007ff9fb310000 - 0x00007ff9fb32e000 	C:\Users\HP\AppData\Roaming\Code\User\globalStorage\pleiades.java-extension-pack-jdk\java\17\bin\VCRUNTIME140.dll
0x00007ffa315b0000 - 0x00007ffa31843000 	C:\WINDOWS\WinSxS\amd64_microsoft.windows.common-controls_6595b64144ccf1df_6.0.26100.7824_none_3e0870b2e3345462\COMCTL32.dll
0x00007ffa4cd50000 - 0x00007ffa4cdf9000 	C:\WINDOWS\System32\msvcrt.dll
0x00007ffa4d0c0000 - 0x00007ffa4d0f1000 	C:\WINDOWS\System32\IMM32.DLL
0x00007ffa11950000 - 0x00007ffa1195c000 	C:\Users\HP\AppData\Roaming\Code\User\globalStorage\pleiades.java-extension-pack-jdk\java\17\bin\vcruntime140_1.dll
0x00007ff9af4b0000 - 0x00007ff9af53d000 	C:\Users\HP\AppData\Roaming\Code\User\globalStorage\pleiades.java-extension-pack-jdk\java\17\bin\msvcp140.dll
0x00007ff9a55d0000 - 0x00007ff9a623b000 	C:\Users\HP\AppData\Roaming\Code\User\globalStorage\pleiades.java-extension-pack-jdk\java\17\bin\server\jvm.dll
0x00007ffa4bfc0000 - 0x00007ffa4c074000 	C:\WINDOWS\System32\ADVAPI32.dll
0x00007ffa4c9e0000 - 0x00007ffa4ca86000 	C:\WINDOWS\System32\sechost.dll
0x00007ffa4afb0000 - 0x00007ffa4b0c8000 	C:\WINDOWS\System32\RPCRT4.dll
0x00007ffa4d030000 - 0x00007ffa4d0a4000 	C:\WINDOWS\System32\WS2_32.dll
0x00007ffa49880000 - 0x00007ffa498de000 	C:\WINDOWS\SYSTEM32\POWRPROF.dll
0x00007ffa439d0000 - 0x00007ffa439db000 	C:\WINDOWS\SYSTEM32\VERSION.dll
0x00007ffa43990000 - 0x00007ffa439c5000 	C:\WINDOWS\SYSTEM32\WINMM.dll
0x00007ffa49860000 - 0x00007ffa49874000 	C:\WINDOWS\SYSTEM32\UMPDC.dll
0x00007ffa487c0000 - 0x00007ffa487db000 	C:\WINDOWS\SYSTEM32\kernel.appcore.dll
0x00007ffa44c80000 - 0x00007ffa44c8a000 	C:\Users\HP\AppData\Roaming\Code\User\globalStorage\pleiades.java-extension-pack-jdk\java\17\bin\jimage.dll
0x00007ffa478b0000 - 0x00007ffa47af2000 	C:\WINDOWS\SYSTEM32\DBGHELP.DLL
0x00007ffa4c160000 - 0x00007ffa4c4e6000 	C:\WINDOWS\System32\combase.dll
0x00007ffa4c790000 - 0x00007ffa4c867000 	C:\WINDOWS\System32\OLEAUT32.dll
0x00007ffa30540000 - 0x00007ffa3057b000 	C:\WINDOWS\SYSTEM32\dbgcore.DLL
0x00007ffa49f70000 - 0x00007ffa4a015000 	C:\WINDOWS\System32\bcryptPrimitives.dll
0x00007ffa119b0000 - 0x00007ffa119d5000 	C:\Users\HP\AppData\Roaming\Code\User\globalStorage\pleiades.java-extension-pack-jdk\java\17\bin\java.dll
0x00007ff9af3d0000 - 0x00007ff9af4a7000 	C:\Users\HP\AppData\Roaming\Code\User\globalStorage\pleiades.java-extension-pack-jdk\java\17\bin\jsvml.dll
0x00007ffa4b270000 - 0x00007ffa4b9c2000 	C:\WINDOWS\System32\SHELL32.dll
0x00007ffa4a500000 - 0x00007ffa4a66a000 	C:\WINDOWS\System32\wintypes.dll
0x00007ffa4a670000 - 0x00007ffa4aed3000 	C:\WINDOWS\System32\windows.storage.dll
0x00007ffa4b170000 - 0x00007ffa4b266000 	C:\WINDOWS\System32\SHCORE.dll
0x00007ffa4af40000 - 0x00007ffa4afa7000 	C:\WINDOWS\System32\shlwapi.dll
0x00007ffa49940000 - 0x00007ffa49969000 	C:\WINDOWS\SYSTEM32\profapi.dll
0x00007ff9e1b50000 - 0x00007ff9e1b6a000 	C:\Users\HP\AppData\Roaming\Code\User\globalStorage\pleiades.java-extension-pack-jdk\java\17\bin\net.dll
0x00007ffa43860000 - 0x00007ffa43987000 	C:\WINDOWS\SYSTEM32\WINHTTP.dll
0x00007ffa48d30000 - 0x00007ffa48d9b000 	C:\WINDOWS\system32\mswsock.dll
0x00007ff9e19f0000 - 0x00007ff9e1a06000 	C:\Users\HP\AppData\Roaming\Code\User\globalStorage\pleiades.java-extension-pack-jdk\java\17\bin\nio.dll
0x00007ff9dd610000 - 0x00007ff9dd628000 	C:\Users\HP\AppData\Roaming\Code\User\globalStorage\pleiades.java-extension-pack-jdk\java\17\bin\zip.dll
0x00007ffa49000000 - 0x00007ffa4901b000 	C:\WINDOWS\SYSTEM32\CRYPTSP.dll
0x00007ffa48720000 - 0x00007ffa48759000 	C:\WINDOWS\system32\rsaenh.dll
0x00007ffa48de0000 - 0x00007ffa48e0b000 	C:\WINDOWS\SYSTEM32\USERENV.dll
0x00007ffa49910000 - 0x00007ffa4993a000 	C:\WINDOWS\SYSTEM32\bcrypt.dll
0x00007ffa49020000 - 0x00007ffa4902c000 	C:\WINDOWS\SYSTEM32\CRYPTBASE.dll
0x00007ffa481c0000 - 0x00007ffa481f4000 	C:\WINDOWS\SYSTEM32\IPHLPAPI.DLL
0x00007ffa4cd40000 - 0x00007ffa4cd4a000 	C:\WINDOWS\System32\NSI.dll
0x00007ffa43c10000 - 0x00007ffa43c2e000 	C:\WINDOWS\SYSTEM32\dhcpcsvc6.DLL
0x00007ffa43bc0000 - 0x00007ffa43be3000 	C:\WINDOWS\SYSTEM32\dhcpcsvc.DLL
0x00007ffa48250000 - 0x00007ffa4837c000 	C:\WINDOWS\SYSTEM32\DNSAPI.dll
0x00007ffa22620000 - 0x00007ffa2262a000 	C:\Users\HP\AppData\Roaming\Code\User\globalStorage\pleiades.java-extension-pack-jdk\java\17\bin\management.dll
0x00007ffa16b60000 - 0x00007ffa16b6c000 	C:\Users\HP\AppData\Roaming\Code\User\globalStorage\pleiades.java-extension-pack-jdk\java\17\bin\management_ext.dll
0x00007ffa4cd30000 - 0x00007ffa4cd38000 	C:\WINDOWS\System32\PSAPI.DLL
0x00007ffa41590000 - 0x00007ffa4159b000 	C:\Windows\System32\rasadhlp.dll
0x00007ffa44590000 - 0x00007ffa44616000 	C:\WINDOWS\System32\fwpuclnt.dll
0x00007ffa3f680000 - 0x00007ffa3f68e000 	C:\Users\HP\AppData\Roaming\Code\User\globalStorage\pleiades.java-extension-pack-jdk\java\17\bin\sunmscapi.dll
0x00007ffa49a20000 - 0x00007ffa49b97000 	C:\WINDOWS\System32\CRYPT32.dll
0x00007ffa49220000 - 0x00007ffa49250000 	C:\WINDOWS\SYSTEM32\ncrypt.dll
0x00007ffa491d0000 - 0x00007ffa4920f000 	C:\WINDOWS\SYSTEM32\NTASN1.dll
0x00007ffa3cb20000 - 0x00007ffa3cb28000 	C:\WINDOWS\system32\wshunix.dll
0x00007ffa05590000 - 0x00007ffa05599000 	C:\Users\HP\AppData\Roaming\Code\User\globalStorage\pleiades.java-extension-pack-jdk\java\17\bin\extnet.dll

dbghelp: loaded successfully - version: 4.0.5 - missing functions: none
symbol engine: initialized successfully - sym options: 0x614 - pdb path: .;C:\Users\HP\AppData\Roaming\Code\User\globalStorage\pleiades.java-extension-pack-jdk\java\17\bin;C:\WINDOWS\SYSTEM32;C:\WINDOWS\WinSxS\amd64_microsoft.windows.common-controls_6595b64144ccf1df_6.0.26100.7824_none_3e0870b2e3345462;C:\Users\HP\AppData\Roaming\Code\User\globalStorage\pleiades.java-extension-pack-jdk\java\17\bin\server

VM Arguments:
jvm_args: -XX:+ShowCodeDetailsInExceptionMessages 
java_command: com.playground.trace.TraceApplication
java_class_path (initial): C:\Users\HP\Downloads\playground-4dd0d8498a949fd87128c775f0e34ef5b9045346\playground-4dd0d8498a949fd87128c775f0e34ef5b9045346\trace\trace\target\classes;C:\Users\HP\.m2\repository\org\springframework\boot\spring-boot-starter\3.2.6\spring-boot-starter-3.2.6.jar;C:\Users\HP\.m2\repository\org\springframework\boot\spring-boot\3.2.6\spring-boot-3.2.6.jar;C:\Users\HP\.m2\repository\org\springframework\boot\spring-boot-autoconfigure\3.2.6\spring-boot-autoconfigure-3.2.6.jar;C:\Users\HP\.m2\repository\org\springframework\boot\spring-boot-starter-logging\3.2.6\spring-boot-starter-logging-3.2.6.jar;C:\Users\HP\.m2\repository\ch\qos\logback\logback-classic\1.4.14\logback-classic-1.4.14.jar;C:\Users\HP\.m2\repository\ch\qos\logback\logback-core\1.4.14\logback-core-1.4.14.jar;C:\Users\HP\.m2\repository\org\apache\logging\log4j\log4j-to-slf4j\2.21.1\log4j-to-slf4j-2.21.1.jar;C:\Users\HP\.m2\repository\org\apache\logging\log4j\log4j-api\2.21.1\log4j-api-2.21.1.jar;C:\Users\HP\.m2\repository\org\slf4j\jul-to-slf4j\2.0.13\jul-to-slf4j-2.0.13.jar;C:\Users\HP\.m2\repository\jakarta\annotation\jakarta.annotation-api\2.1.1\jakarta.annotation-api-2.1.1.jar;C:\Users\HP\.m2\repository\org\springframework\spring-core\6.1.8\spring-core-6.1.8.jar;C:\Users\HP\.m2\repository\org\springframework\spring-jcl\6.1.8\spring-jcl-6.1.8.jar;C:\Users\HP\.m2\repository\org\yaml\snakeyaml\2.2\snakeyaml-2.2.jar;C:\Users\HP\.m2\repository\org\springframework\kafka\spring-kafka\3.1.5\spring-kafka-3.1.5.jar;C:\Users\HP\.m2\repository\org\springframework\spring-context\6.1.8\spring-context-6.1.8.jar;C:\Users\HP\.m2\repository\org\springframework\spring-aop\6.1.8\spring-aop-6.1.8.jar;C:\Users\HP\.m2\repository\org\springframework\spring-beans\6.1.8\spring-beans-6.1.8.jar;C:\Users\HP\.m2\repository\org\springframework\spring-expression\6.1.8\spring-expression-6.1.8.jar;C:\Users\HP\.m2\repository\org\springframework\spring-messaging\6.1.8\spring-messaging-6.1.8.jar;C:\Users\HP\.m2\rep
Launcher Type: SUN_STANDARD

[Global flags]
     intx CICompilerCount                          = 3                                         {product} {ergonomic}
     uint ConcGCThreads                            = 2                                         {product} {ergonomic}
     uint G1ConcRefinementThreads                  = 6                                         {product} {ergonomic}
   size_t G1HeapRegionSize                         = 1048576                                   {product} {ergonomic}
    uintx GCDrainStackTargetSize                   = 64                                        {product} {ergonomic}
   size_t InitialHeapSize                          = 125829120                                 {product} {ergonomic}
   size_t MarkStackSize                            = 4194304                                   {product} {ergonomic}
   size_t MaxHeapSize                              = 1983905792                                {product} {ergonomic}
   size_t MaxNewSize                               = 1190133760                                {product} {ergonomic}
   size_t MinHeapDeltaBytes                        = 1048576                                   {product} {ergonomic}
   size_t MinHeapSize                              = 8388608                                   {product} {ergonomic}
    uintx NonNMethodCodeHeapSize                   = 5832780                                {pd product} {ergonomic}
    uintx NonProfiledCodeHeapSize                  = 122912730                              {pd product} {ergonomic}
    uintx ProfiledCodeHeapSize                     = 122912730                              {pd product} {ergonomic}
    uintx ReservedCodeCacheSize                    = 251658240                              {pd product} {ergonomic}
     bool SegmentedCodeCache                       = true                                      {product} {ergonomic}
     bool ShowCodeDetailsInExceptionMessages       = true                                   {manageable} {command line}
   size_t SoftMaxHeapSize                          = 1983905792                             {manageable} {ergonomic}
     bool UseCompressedClassPointers               = true                           {product lp64_product} {ergonomic}
     bool UseCompressedOops                        = true                           {product lp64_product} {ergonomic}
     bool UseG1GC                                  = true                                      {product} {ergonomic}
     bool UseLargePagesIndividualAllocation        = false                                  {pd product} {ergonomic}

Logging:
Log output configuration:
 #0: stdout all=warning uptime,level,tags
 #1: stderr all=off uptime,level,tags

Environment Variables:
JAVA_HOME=C:\Program Files\Java\jdk-21
PATH=C:\Users\HP\AppData\Roaming\Code\User\globalStorage\pleiades.java-extension-pack-jdk\gradle\latest\bin;C:\Users\HP\AppData\Roaming\Code\User\globalStorage\pleiades.java-extension-pack-jdk\maven\latest\bin;C:\Program Files\Java\jdk-21\bin;C:\Python312\Scripts\;C:\Python312\;C:\Program Files\Common Files\Oracle\Java\javapath;C:\Program Files (x86)\Common Files\Oracle\Java\javapath;C:\WINDOWS\system32;C:\WINDOWS;C:\WINDOWS\System32\Wbem;C:\WINDOWS\System32\WindowsPowerShell\v1.0\;C:\WINDOWS\System32\OpenSSH\;C:\Program Files\Git\cmd;C:\MinGW\bin;C:\Program Files\wkhtmltopdf\bin;C:\Program Files (x86)\Java\jre-1.8\bin;C:\Program Files\jdk-20.0.2\bin;C:\Program Files\MongoDB\Server\7.0\bin;C:\Program Files\Amazon\AWSCLIV2\;C:\Users\HP\OpenSSH-Win64;C:\ProgramData\chocolatey\bin;C:\Program Files (x86)\Yarn\bin\;C:\Program Files\MongoDB\Server\5.0\bin;C:\Program Files\MySQL\MySQL Server 8.0\bin;;C:\WINDOWS\system32;C:\WINDOWS;C:\WINDOWS\System32\Wbem;C:\WINDOWS\System32\WindowsPowerShell\v1.0\;C:\WINDOWS\System32\OpenSSH\;C:\Program Files\Kubernetes\Minikube;;C:\Program Files\Docker\Docker\resources\bin;C:\Program Files\PowerShell\7\;C:\Users\HP\AppData\Local\Programs\Python\Python38\Scripts\;C:\Users\HP\AppData\Local\Programs\Python\Python38\;C:\Users\HP\AppData\Local\Microsoft\WindowsApps;C:\Program Files\JetBrains\PyCharm Community Edition 2023.1.3\bin;;C:\Program Files\heroku\bin;C:\Users\HP\apache-maven-3.9.6\bin;C:\Program Files\JetBrains\DataGrip 2023.3.4\bin;;C:\Program Files\MySQL\MySQL Server 8.3\bin;C:\Users\HP\AppData\Local\Programs\oh-my-posh\bin;C:\Users\HP\AppData\Local\Yarn\bin;C:\Program Files\MongoDB\Server\5.0\bin;C:\Users\HP\AppData\Local\Programs\Microsoft VS Code\bin;C:\Program Files\MySQL\MySQL Server 8.0\bin;C:\Users\HP\AppData\Local\Programs\Antigravity\bin;C:\Users\HP\AppData\Local\Programs\mongosh\;c:\Users\HP\.vscode\extensions\vscjava.vscode-java-debug-0.58.5\bundled\scripts\noConfigScripts
USERNAME=HP
LANG=en_US.UTF-8
OS=Windows_NT
PROCESSOR_IDENTIFIER=AMD64 Family 23 Model 96 Stepping 1, AuthenticAMD
TMP=C:\Users\HP\AppData\Local\Temp
TEMP=C:\Users\HP\AppData\Local\Temp



Periodic native trim disabled


---------------  S Y S T E M  ---------------

OS:
 Windows 11 , 64 bit Build 26100 (10.0.26100.7705)
OS uptime: 0 days 17:06 hours
Hyper-V role detected

CPU: total 6 (initial active 6) (6 cores per cpu, 1 threads per core) family 23 model 96 stepping 1 microcode 0x8600109, cx8, cmov, fxsr, mmx, 3dnowpref, sse, sse2, sse3, ssse3, sse4a, sse4.1, sse4.2, popcnt, lzcnt, tsc, tscinvbit, avx, avx2, aes, clmul, bmi1, bmi2, adx, sha, fma, vzeroupper, clflush, clflushopt, hv
Processor Information for all 6 processors :
  Max Mhz: 2375, Current Mhz: 2375, Mhz Limit: 2375

Memory: 4k page, system-wide physical 7564M (417M free)
TotalPageFile size 31116M (AvailPageFile size 1M)
current process WorkingSet (physical memory assigned to process): 34M, peak: 161M
current process commit charge ("private bytes"): 174M, peak: 256M

vm_info: OpenJDK 64-Bit Server VM (17.0.18+8) for windows-amd64 JRE (17.0.18+8), built on Jan 20 2026 22:28:22 by "admin" with MS VC++ 17.12 (VS2022)

END.
