#
# There is insufficient memory for the Java Runtime Environment to continue.
# Native memory allocation (malloc) failed to allocate 32744 bytes. Error detail: ChunkPool::allocate
# Possible reasons:
#   The system is out of physical RAM or swap space
#   This process is running with CompressedOops enabled, and the Java Heap may be blocking the growth of the native heap
# Possible solutions:
#   Reduce memory load on the system
#   Increase physical memory or swap space
#   Check if swap backing store is full
#   Decrease Java heap size (-Xmx/-Xms)
#   Decrease number of Java threads
#   Decrease Java thread stack sizes (-Xss)
#   Set larger code cache with -XX:ReservedCodeCacheSize=
#   JVM is running with Unscaled Compressed Oops mode in which the Java heap is
#     placed in the first 4GB address space. The Java Heap base address is the
#     maximum limit for the native heap growth. Please use -XX:HeapBaseMinAddress
#     to set the Java Heap base and to place the Java Heap above 4GB virtual address.
# This output file may be truncated or incomplete.
#
#  Out of Memory Error (arena.cpp:79), pid=9740, tid=39244
#
# JRE version: OpenJDK Runtime Environment Temurin-17.0.18+8 (17.0.18+8) (build 17.0.18+8)
# Java VM: OpenJDK 64-Bit Server VM Temurin-17.0.18+8 (17.0.18+8, mixed mode, sharing, tiered, compressed oops, compressed class ptrs, g1 gc, windows-amd64)
# No core dump will be written. Minidumps are not enabled by default on client versions of Windows
#

---------------  S U M M A R Y ------------

Command Line: -XX:+ShowCodeDetailsInExceptionMessages com.example.frontend.FrontendApplication

Host: AMD Ryzen 5 4500U with Radeon Graphics         , 6 cores, 7G,  Windows 11 , 64 bit Build 26100 (10.0.26100.7705)
Time: Wed Mar  4 14:42:54 2026 India Standard Time elapsed time: 138.596197 seconds (0d 0h 2m 18s)

---------------  T H R E A D  ---------------

Current thread (0x0000020f597c0f70):  JavaThread "C2 CompilerThread0" daemon [_thread_in_native, id=39244, stack(0x000000fea3500000,0x000000fea3600000)]


Current CompileTask:
C2:138596 5951   !   4       org.apache.kafka.clients.NetworkClient::poll (178 bytes)

Stack: [0x000000fea3500000,0x000000fea3600000]
Native frames: (J=compiled Java code, j=interpreted, Vv=VM code, C=native code)
V  [jvm.dll+0x6846f9]
V  [jvm.dll+0x839ea5]
V  [jvm.dll+0x83b91e]
V  [jvm.dll+0x83bfa3]
V  [jvm.dll+0x248eff]
V  [jvm.dll+0xad69e]
V  [jvm.dll+0xadb3c]
V  [jvm.dll+0xad5a4]
V  [jvm.dll+0x6621f4]
V  [jvm.dll+0x660bc6]
V  [jvm.dll+0x6241db]
V  [jvm.dll+0x61d4de]
V  [jvm.dll+0x3447a9]
V  [jvm.dll+0x3422ae]
V  [jvm.dll+0x699269]
V  [jvm.dll+0x69cb98]
V  [jvm.dll+0x694b99]
V  [jvm.dll+0x69440b]
V  [jvm.dll+0x6921b7]
V  [jvm.dll+0x1a781c]
V  [jvm.dll+0x1a83bf]
V  [jvm.dll+0x2af83c]
V  [jvm.dll+0x69cbbf]
V  [jvm.dll+0x694b99]
V  [jvm.dll+0x69440b]
V  [jvm.dll+0x6921b7]
V  [jvm.dll+0x1a781c]
V  [jvm.dll+0x1a83bf]
V  [jvm.dll+0x2af83c]
V  [jvm.dll+0x69cbbf]
V  [jvm.dll+0x694b99]
V  [jvm.dll+0x69440b]
V  [jvm.dll+0x6921b7]
V  [jvm.dll+0x1a781c]
V  [jvm.dll+0x1a83bf]
V  [jvm.dll+0x2af83c]
V  [jvm.dll+0x69cbbf]
V  [jvm.dll+0x694b99]
V  [jvm.dll+0x69440b]
V  [jvm.dll+0x6921b7]
V  [jvm.dll+0x1a781c]
V  [jvm.dll+0x1a83bf]
V  [jvm.dll+0x2af83c]
V  [jvm.dll+0x69cbbf]
V  [jvm.dll+0x694b99]
V  [jvm.dll+0x69440b]
V  [jvm.dll+0x6921b7]
V  [jvm.dll+0x1a781c]
V  [jvm.dll+0x2af83c]
V  [jvm.dll+0x69cbbf]
V  [jvm.dll+0x694b99]
V  [jvm.dll+0x69440b]
V  [jvm.dll+0x6921b7]
V  [jvm.dll+0x1a781c]
V  [jvm.dll+0x218dc9]
V  [jvm.dll+0x1a4920]
V  [jvm.dll+0x22989a]
V  [jvm.dll+0x227a4b]
V  [jvm.dll+0x7f0658]
V  [jvm.dll+0x7eaaec]
V  [jvm.dll+0x6835c7]
C  [ucrtbase.dll+0x37b0]
C  [KERNEL32.DLL+0x2e8d7]
C  [ntdll.dll+0x8c40c]


---------------  P R O C E S S  ---------------

Threads class SMR info:
_java_thread_list=0x0000020f9f5b6d50, length=57, elements={
0x0000020f59790bc0, 0x0000020f59792000, 0x0000020f597ae570, 0x0000020f597aee40,
0x0000020f597b0280, 0x0000020f597bf750, 0x0000020f597c0f70, 0x0000020f597c1930,
0x0000020f597c7940, 0x0000020f59a16d10, 0x0000020f59a3b2d0, 0x0000020f9ff03010,
0x0000020fa11409e0, 0x0000020fa0756830, 0x0000020fa0b8e170, 0x0000020fa0b8fac0,
0x0000020fa0b8eb90, 0x0000020fa0b8e680, 0x0000020fa0b8f0a0, 0x0000020fa0b8f5b0,
0x0000020fa2ec4990, 0x0000020fa2ec62e0, 0x0000020fa2ec3a60, 0x0000020fa2ec53b0,
0x0000020fa2ec5dd0, 0x0000020fa2ec4480, 0x0000020fa2ec58c0, 0x0000020fa2ec67f0,
0x0000020fa2ec3040, 0x0000020fa2ec4ea0, 0x0000020fa2ec6d00, 0x0000020fa2ec3550,
0x0000020fa2ec7210, 0x0000020fa2ec3f70, 0x0000020fa2ec8650, 0x0000020fa2ec7720,
0x0000020fa2ec9fa0, 0x0000020fa2ec7c30, 0x0000020fa2eca4b0, 0x0000020fa2ec8b60,
0x0000020fa2ec9070, 0x0000020fa2ec9a90, 0x0000020fa2eca9c0, 0x0000020f59ba7e30,
0x0000020f59ba9780, 0x0000020f59baabc0, 0x0000020f59ba9270, 0x0000020f59bab0d0,
0x0000020f59ba8850, 0x0000020f59ba8d60, 0x0000020f59ba9c90, 0x0000020f59baa1a0,
0x0000020f59baa6b0, 0x0000020f59ba7920, 0x0000020f59ba5ac0, 0x0000020f59ba5fd0,
0x0000020f59ba4680
}

Java Threads: ( => current thread )
  0x0000020f59790bc0 JavaThread "Reference Handler" daemon [_thread_blocked, id=10880, stack(0x000000fea2f00000,0x000000fea3000000)]
  0x0000020f59792000 JavaThread "Finalizer" daemon [_thread_blocked, id=33496, stack(0x000000fea3000000,0x000000fea3100000)]
  0x0000020f597ae570 JavaThread "Signal Dispatcher" daemon [_thread_blocked, id=6132, stack(0x000000fea3100000,0x000000fea3200000)]
  0x0000020f597aee40 JavaThread "Attach Listener" daemon [_thread_blocked, id=11588, stack(0x000000fea3200000,0x000000fea3300000)]
  0x0000020f597b0280 JavaThread "Service Thread" daemon [_thread_blocked, id=17600, stack(0x000000fea3300000,0x000000fea3400000)]
  0x0000020f597bf750 JavaThread "Monitor Deflation Thread" daemon [_thread_blocked, id=16700, stack(0x000000fea3400000,0x000000fea3500000)]
=>0x0000020f597c0f70 JavaThread "C2 CompilerThread0" daemon [_thread_in_native, id=39244, stack(0x000000fea3500000,0x000000fea3600000)]
  0x0000020f597c1930 JavaThread "C1 CompilerThread0" daemon [_thread_blocked, id=44684, stack(0x000000fea3600000,0x000000fea3700000)]
  0x0000020f597c7940 JavaThread "Sweeper thread" daemon [_thread_blocked, id=43064, stack(0x000000fea3700000,0x000000fea3800000)]
  0x0000020f59a16d10 JavaThread "Notification Thread" daemon [_thread_blocked, id=32260, stack(0x000000fea3800000,0x000000fea3900000)]
  0x0000020f59a3b2d0 JavaThread "Common-Cleaner" daemon [_thread_blocked, id=42608, stack(0x000000fea3a00000,0x000000fea3b00000)]
  0x0000020f9ff03010 JavaThread "Catalina-utility-1" [_thread_blocked, id=45440, stack(0x000000fea4200000,0x000000fea4300000)]
  0x0000020fa11409e0 JavaThread "Catalina-utility-2" [_thread_blocked, id=36036, stack(0x000000fea4300000,0x000000fea4400000)]
  0x0000020fa0756830 JavaThread "container-0" [_thread_blocked, id=1476, stack(0x000000fea4400000,0x000000fea4500000)]
  0x0000020fa0b8e170 JavaThread "MessageBroker-1" [_thread_blocked, id=45348, stack(0x000000fea4500000,0x000000fea4600000)]
  0x0000020fa0b8fac0 JavaThread "http-nio-8201-exec-1" daemon [_thread_blocked, id=36276, stack(0x000000fea4600000,0x000000fea4700000)]
  0x0000020fa0b8eb90 JavaThread "http-nio-8201-exec-2" daemon [_thread_blocked, id=21896, stack(0x000000fea4700000,0x000000fea4800000)]
  0x0000020fa0b8e680 JavaThread "http-nio-8201-exec-3" daemon [_thread_blocked, id=6624, stack(0x000000fea4800000,0x000000fea4900000)]
  0x0000020fa0b8f0a0 JavaThread "http-nio-8201-exec-4" daemon [_thread_blocked, id=7024, stack(0x000000fea4900000,0x000000fea4a00000)]
  0x0000020fa0b8f5b0 JavaThread "http-nio-8201-exec-5" daemon [_thread_blocked, id=37004, stack(0x000000fea4a00000,0x000000fea4b00000)]
  0x0000020fa2ec4990 JavaThread "http-nio-8201-exec-6" daemon [_thread_blocked, id=44952, stack(0x000000fea4b00000,0x000000fea4c00000)]
  0x0000020fa2ec62e0 JavaThread "http-nio-8201-exec-7" daemon [_thread_blocked, id=16172, stack(0x000000fea4c00000,0x000000fea4d00000)]
  0x0000020fa2ec3a60 JavaThread "http-nio-8201-exec-8" daemon [_thread_blocked, id=32432, stack(0x000000fea4d00000,0x000000fea4e00000)]
  0x0000020fa2ec53b0 JavaThread "http-nio-8201-exec-9" daemon [_thread_blocked, id=31964, stack(0x000000fea4e00000,0x000000fea4f00000)]
  0x0000020fa2ec5dd0 JavaThread "http-nio-8201-exec-10" daemon [_thread_blocked, id=45256, stack(0x000000fea4f00000,0x000000fea5000000)]
  0x0000020fa2ec4480 JavaThread "http-nio-8201-Poller" daemon [_thread_in_native, id=38932, stack(0x000000fea5000000,0x000000fea5100000)]
  0x0000020fa2ec58c0 JavaThread "http-nio-8201-Acceptor" daemon [_thread_in_native, id=25320, stack(0x000000fea5100000,0x000000fea5200000)]
  0x0000020fa2ec67f0 JavaThread "ThreadPoolTaskScheduler-1" [_thread_blocked, id=12928, stack(0x000000fea5200000,0x000000fea5300000)]
  0x0000020fa2ec3040 JavaThread "org.springframework.kafka.KafkaListenerEndpointContainer#2-0-C-1" [_thread_in_native, id=20820, stack(0x000000fea5300000,0x000000fea5400000)]
  0x0000020fa2ec4ea0 JavaThread "ThreadPoolTaskScheduler-1" [_thread_blocked, id=11276, stack(0x000000fea5400000,0x000000fea5500000)]
  0x0000020fa2ec6d00 JavaThread "org.springframework.kafka.KafkaListenerEndpointContainer#0-0-C-1" [_thread_in_native, id=7880, stack(0x000000fea5500000,0x000000fea5600000)]
  0x0000020fa2ec3550 JavaThread "ThreadPoolTaskScheduler-1" [_thread_blocked, id=9628, stack(0x000000fea5600000,0x000000fea5700000)]
  0x0000020fa2ec7210 JavaThread "org.springframework.kafka.KafkaListenerEndpointContainer#1-0-C-1" [_thread_in_native, id=42364, stack(0x000000fea5700000,0x000000fea5800000)]
  0x0000020fa2ec3f70 JavaThread "MessageBroker-2" [_thread_blocked, id=24868, stack(0x000000fea5800000,0x000000fea5900000)]
  0x0000020fa2ec8650 JavaThread "DestroyJavaVM" [_thread_blocked, id=30228, stack(0x000000fea2800000,0x000000fea2900000)]
  0x0000020fa2ec7720 JavaThread "MessageBroker-3" [_thread_blocked, id=37412, stack(0x000000fea5a00000,0x000000fea5b00000)]
  0x0000020fa2ec9fa0 JavaThread "kafka-coordinator-heartbeat-thread | frontend-registry-group" daemon [_thread_blocked, id=40308, stack(0x000000fea4000000,0x000000fea4100000)]
  0x0000020fa2ec7c30 JavaThread "kafka-coordinator-heartbeat-thread | frontend-trace-group" daemon [_thread_blocked, id=42840, stack(0x000000fea5b00000,0x000000fea5c00000)]
  0x0000020fa2eca4b0 JavaThread "kafka-coordinator-heartbeat-thread | frontend-group-v2" daemon [_thread_blocked, id=31852, stack(0x000000fea5c00000,0x000000fea5d00000)]
  0x0000020fa2ec8b60 JavaThread "MessageBroker-4" [_thread_blocked, id=9828, stack(0x000000fea5d00000,0x000000fea5e00000)]
  0x0000020fa2ec9070 JavaThread "MessageBroker-5" [_thread_blocked, id=34388, stack(0x000000fea5e00000,0x000000fea5f00000)]
  0x0000020fa2ec9a90 JavaThread "MessageBroker-6" [_thread_blocked, id=31216, stack(0x000000fea5f00000,0x000000fea6000000)]
  0x0000020fa2eca9c0 JavaThread "WebSocket background processing" daemon [_thread_blocked, id=24856, stack(0x000000fea6000000,0x000000fea6100000)]
  0x0000020f59ba7e30 JavaThread "kafka-producer-network-thread | producer-1" daemon [_thread_in_native, id=3016, stack(0x000000fea6600000,0x000000fea6700000)]
  0x0000020f59ba9780 JavaThread "kafka-producer-network-thread | producer-2" daemon [_thread_in_native, id=19524, stack(0x000000fea6f00000,0x000000fea7000000)]
  0x0000020f59baabc0 JavaThread "clientOutboundChannel-2" [_thread_blocked, id=43724, stack(0x000000fea7000000,0x000000fea7100000)]
  0x0000020f59ba9270 JavaThread "clientOutboundChannel-3" [_thread_blocked, id=16596, stack(0x000000fea7100000,0x000000fea7200000)]
  0x0000020f59bab0d0 JavaThread "clientOutboundChannel-4" [_thread_blocked, id=34836, stack(0x000000fea7200000,0x000000fea7300000)]
  0x0000020f59ba8850 JavaThread "clientOutboundChannel-5" [_thread_blocked, id=41912, stack(0x000000fea7300000,0x000000fea7400000)]
  0x0000020f59ba8d60 JavaThread "clientOutboundChannel-7" [_thread_blocked, id=4052, stack(0x000000fea7500000,0x000000fea7600000)]
  0x0000020f59ba9c90 JavaThread "clientOutboundChannel-8" [_thread_blocked, id=38052, stack(0x000000fea7600000,0x000000fea7700000)]
  0x0000020f59baa1a0 JavaThread "clientOutboundChannel-9" [_thread_blocked, id=45536, stack(0x000000fea7700000,0x000000fea7800000)]
  0x0000020f59baa6b0 JavaThread "clientOutboundChannel-10" [_thread_blocked, id=32416, stack(0x000000fea7800000,0x000000fea7900000)]
  0x0000020f59ba7920 JavaThread "clientOutboundChannel-11" [_thread_blocked, id=41800, stack(0x000000fea7b00000,0x000000fea7c00000)]
  0x0000020f59ba5ac0 JavaThread "clientOutboundChannel-13" [_thread_blocked, id=26020, stack(0x000000fea2600000,0x000000fea2700000)]
  0x0000020f59ba5fd0 JavaThread "clientOutboundChannel-14" [_thread_blocked, id=17652, stack(0x000000fea2700000,0x000000fea2800000)]
  0x0000020f59ba4680 JavaThread "clientOutboundChannel-15" [_thread_blocked, id=30624, stack(0x000000fea6100000,0x000000fea6200000)]

Other Threads:
  0x0000020f5978cd10 VMThread "VM Thread" [stack: 0x000000fea2e00000,0x000000fea2f00000] [id=11972]
  0x0000020f59a25630 WatcherThread [stack: 0x000000fea3900000,0x000000fea3a00000] [id=41584]
  0x0000020f39fb0440 GCTaskThread "GC Thread#0" [stack: 0x000000fea2900000,0x000000fea2a00000] [id=6472]
  0x0000020f9f7db530 GCTaskThread "GC Thread#1" [stack: 0x000000fea3b00000,0x000000fea3c00000] [id=35836]
  0x0000020f9f345f30 GCTaskThread "GC Thread#2" [stack: 0x000000fea3c00000,0x000000fea3d00000] [id=38772]
  0x0000020f9f3461f0 GCTaskThread "GC Thread#3" [stack: 0x000000fea3d00000,0x000000fea3e00000] [id=3368]
  0x0000020f9f887220 GCTaskThread "GC Thread#4" [stack: 0x000000fea3e00000,0x000000fea3f00000] [id=38852]
  0x0000020f9f707460 GCTaskThread "GC Thread#5" [stack: 0x000000fea3f00000,0x000000fea4000000] [id=4924]
  0x0000020f39fbfdb0 ConcurrentGCThread "G1 Main Marker" [stack: 0x000000fea2a00000,0x000000fea2b00000] [id=37172]
  0x0000020f39fc0570 ConcurrentGCThread "G1 Conc#0" [stack: 0x000000fea2b00000,0x000000fea2c00000] [id=37096]
  0x0000020fa0d3bb10 ConcurrentGCThread "G1 Conc#1" [stack: 0x000000fea4100000,0x000000fea4200000] [id=19364]
  0x0000020f39ffe340 ConcurrentGCThread "G1 Refine#0" [stack: 0x000000fea2c00000,0x000000fea2d00000] [id=43208]
  0x0000020f39ffeb10 ConcurrentGCThread "G1 Service" [stack: 0x000000fea2d00000,0x000000fea2e00000] [id=36656]

Threads with active compile tasks:
C2 CompilerThread0  138677 5951   !   4       org.apache.kafka.clients.NetworkClient::poll (178 bytes)

VM state: not at safepoint (normal execution)

VM Mutex/Monitor currently owned by a thread: None

Heap address: 0x0000000089c00000, size: 1892 MB, Compressed Oops mode: 32-bit

CDS archive(s) mapped at: [0x0000020f5a000000-0x0000020f5abb0000-0x0000020f5abb0000), size 12255232, SharedBaseAddress: 0x0000020f5a000000, ArchiveRelocationMode: 1.
Compressed class space mapped at: 0x0000020f5b000000-0x0000020f9b000000, reserved size: 1073741824
Narrow klass base: 0x0000020f5a000000, Narrow klass shift: 0, Narrow klass range: 0x100000000

GC Precious Log:
 CPUs: 6 total, 6 available
 Memory: 7564M
 Large Page Support: Disabled
 NUMA Support: Disabled
 Compressed Oops: Enabled (32-bit)
 Heap Region Size: 1M
 Heap Min Capacity: 8M
 Heap Initial Capacity: 120M
 Heap Max Capacity: 1892M
 Pre-touch: Disabled
 Parallel Workers: 6
 Concurrent Workers: 2
 Concurrent Refinement Workers: 6
 Periodic GC: Disabled

Heap:
 garbage-first heap   total 45056K, used 27723K [0x0000000089c00000, 0x0000000100000000)
  region size 1024K, 7 young (7168K), 2 survivors (2048K)
 Metaspace       used 48275K, committed 48832K, reserved 1114112K
  class space    used 5855K, committed 6144K, reserved 1048576K

Heap Regions: E=young(eden), S=young(survivor), O=old, HS=humongous(starts), HC=humongous(continues), CS=collection set, F=free, OA=open archive, CA=closed archive, TAMS=top-at-mark-start (previous, next)
|   0|0x0000000089c00000, 0x0000000089d00000, 0x0000000089d00000|100%| O|  |TAMS 0x0000000089d00000, 0x0000000089c00000| Untracked 
|   1|0x0000000089d00000, 0x0000000089e00000, 0x0000000089e00000|100%| O|  |TAMS 0x0000000089e00000, 0x0000000089d00000| Untracked 
|   2|0x0000000089e00000, 0x0000000089f00000, 0x0000000089f00000|100%| O|  |TAMS 0x0000000089f00000, 0x0000000089e00000| Untracked 
|   3|0x0000000089f00000, 0x000000008a000000, 0x000000008a000000|100%| O|  |TAMS 0x000000008a000000, 0x0000000089f00000| Untracked 
|   4|0x000000008a000000, 0x000000008a100000, 0x000000008a100000|100%| O|  |TAMS 0x000000008a100000, 0x000000008a000000| Untracked 
|   5|0x000000008a100000, 0x000000008a200000, 0x000000008a200000|100%| O|  |TAMS 0x000000008a200000, 0x000000008a100000| Untracked 
|   6|0x000000008a200000, 0x000000008a300000, 0x000000008a300000|100%| O|  |TAMS 0x000000008a300000, 0x000000008a200000| Untracked 
|   7|0x000000008a300000, 0x000000008a400000, 0x000000008a400000|100%| O|  |TAMS 0x000000008a400000, 0x000000008a300000| Untracked 
|   8|0x000000008a400000, 0x000000008a500000, 0x000000008a500000|100%| O|  |TAMS 0x000000008a500000, 0x000000008a400000| Untracked 
|   9|0x000000008a500000, 0x000000008a600000, 0x000000008a600000|100%| O|  |TAMS 0x000000008a600000, 0x000000008a500000| Untracked 
|  10|0x000000008a600000, 0x000000008a700000, 0x000000008a700000|100%| O|  |TAMS 0x000000008a700000, 0x000000008a600000| Untracked 
|  11|0x000000008a700000, 0x000000008a800000, 0x000000008a800000|100%| O|  |TAMS 0x000000008a800000, 0x000000008a700000| Untracked 
|  12|0x000000008a800000, 0x000000008a900000, 0x000000008a900000|100%| O|  |TAMS 0x000000008a900000, 0x000000008a800000| Untracked 
|  13|0x000000008a900000, 0x000000008aa00000, 0x000000008aa00000|100%| O|  |TAMS 0x000000008aa00000, 0x000000008a900000| Untracked 
|  14|0x000000008aa00000, 0x000000008ab00000, 0x000000008ab00000|100%| O|  |TAMS 0x000000008ab00000, 0x000000008aa00000| Untracked 
|  15|0x000000008ab00000, 0x000000008ac00000, 0x000000008ac00000|100%| O|  |TAMS 0x000000008ac00000, 0x000000008ab00000| Untracked 
|  16|0x000000008ac00000, 0x000000008ad00000, 0x000000008ad00000|100%| O|  |TAMS 0x000000008ad00000, 0x000000008ac00000| Untracked 
|  17|0x000000008ad00000, 0x000000008ae00000, 0x000000008ae00000|100%| O|  |TAMS 0x000000008ae00000, 0x000000008ad00000| Untracked 
|  18|0x000000008ae00000, 0x000000008af00000, 0x000000008af00000|100%| O|  |TAMS 0x000000008af00000, 0x000000008ae00000| Untracked 
|  19|0x000000008af00000, 0x000000008b000000, 0x000000008b000000|100%| O|  |TAMS 0x000000008b000000, 0x000000008af00000| Untracked 
|  20|0x000000008b000000, 0x000000008b100000, 0x000000008b100000|100%| O|  |TAMS 0x000000008b100000, 0x000000008b000000| Untracked 
|  21|0x000000008b100000, 0x000000008b1e6600, 0x000000008b200000| 89%| O|  |TAMS 0x000000008b1e6600, 0x000000008b100000| Untracked 
|  22|0x000000008b200000, 0x000000008b200000, 0x000000008b300000|  0%| F|  |TAMS 0x000000008b200000, 0x000000008b200000| Untracked 
|  23|0x000000008b300000, 0x000000008b300000, 0x000000008b400000|  0%| F|  |TAMS 0x000000008b300000, 0x000000008b300000| Untracked 
|  24|0x000000008b400000, 0x000000008b400000, 0x000000008b500000|  0%| F|  |TAMS 0x000000008b400000, 0x000000008b400000| Untracked 
|  25|0x000000008b500000, 0x000000008b500000, 0x000000008b600000|  0%| F|  |TAMS 0x000000008b500000, 0x000000008b500000| Untracked 
|  26|0x000000008b600000, 0x000000008b600000, 0x000000008b700000|  0%| F|  |TAMS 0x000000008b600000, 0x000000008b600000| Untracked 
|  27|0x000000008b700000, 0x000000008b700000, 0x000000008b800000|  0%| F|  |TAMS 0x000000008b700000, 0x000000008b700000| Untracked 
|  28|0x000000008b800000, 0x000000008b800000, 0x000000008b900000|  0%| F|  |TAMS 0x000000008b800000, 0x000000008b800000| Untracked 
|  29|0x000000008b900000, 0x000000008b92c780, 0x000000008ba00000| 17%| S|CS|TAMS 0x000000008b900000, 0x000000008b900000| Complete 
|  30|0x000000008ba00000, 0x000000008ba00000, 0x000000008bb00000|  0%| F|  |TAMS 0x000000008ba00000, 0x000000008ba00000| Untracked 
|  31|0x000000008bb00000, 0x000000008bb00000, 0x000000008bc00000|  0%| F|  |TAMS 0x000000008bb00000, 0x000000008bb00000| Untracked 
|  32|0x000000008bc00000, 0x000000008bd00000, 0x000000008bd00000|100%| S|CS|TAMS 0x000000008bc00000, 0x000000008bc00000| Complete 
|  33|0x000000008bd00000, 0x000000008bd00000, 0x000000008be00000|  0%| F|  |TAMS 0x000000008bd00000, 0x000000008bd00000| Untracked 
|  34|0x000000008be00000, 0x000000008be00000, 0x000000008bf00000|  0%| F|  |TAMS 0x000000008be00000, 0x000000008be00000| Untracked 
|  35|0x000000008bf00000, 0x000000008bf00000, 0x000000008c000000|  0%| F|  |TAMS 0x000000008bf00000, 0x000000008bf00000| Untracked 
|  57|0x000000008d500000, 0x000000008d500000, 0x000000008d600000|  0%| F|  |TAMS 0x000000008d500000, 0x000000008d500000| Untracked 
|  58|0x000000008d600000, 0x000000008d600000, 0x000000008d700000|  0%| F|  |TAMS 0x000000008d600000, 0x000000008d600000| Untracked 
|  59|0x000000008d700000, 0x000000008d700000, 0x000000008d800000|  0%| F|  |TAMS 0x000000008d700000, 0x000000008d700000| Untracked 
|  60|0x000000008d800000, 0x000000008d838488, 0x000000008d900000| 21%| E|  |TAMS 0x000000008d800000, 0x000000008d800000| Complete 
|  61|0x000000008d900000, 0x000000008da00000, 0x000000008da00000|100%| E|CS|TAMS 0x000000008d900000, 0x000000008d900000| Complete 
|  62|0x000000008da00000, 0x000000008db00000, 0x000000008db00000|100%| E|CS|TAMS 0x000000008da00000, 0x000000008da00000| Complete 
|  63|0x000000008db00000, 0x000000008dc00000, 0x000000008dc00000|100%| E|CS|TAMS 0x000000008db00000, 0x000000008db00000| Complete 
| 119|0x0000000091300000, 0x0000000091400000, 0x0000000091400000|100%| E|CS|TAMS 0x0000000091300000, 0x0000000091300000| Complete 

Card table byte_map: [0x0000020f52c90000,0x0000020f53050000] _byte_map_base: 0x0000020f52842000

Marking Bits (Prev, Next): (CMBitMap*) 0x0000020f39fb0840, (CMBitMap*) 0x0000020f39fb0800
 Prev Bits: [0x0000020f551a0000, 0x0000020f56f30000)
 Next Bits: [0x0000020f53410000, 0x0000020f551a0000)

Polling page: 0x0000020f3a000000

Metaspace:

Usage:
  Non-class:     41.43 MB used.
      Class:      5.72 MB used.
       Both:     47.14 MB used.

Virtual space:
  Non-class space:       64.00 MB reserved,      41.69 MB ( 65%) committed,  1 nodes.
      Class space:        1.00 GB reserved,       6.00 MB ( <1%) committed,  1 nodes.
             Both:        1.06 GB reserved,      47.69 MB (  4%) committed. 

Chunk freelists:
   Non-Class:  5.77 MB
       Class:  9.87 MB
        Both:  15.65 MB

MaxMetaspaceSize: unlimited
CompressedClassSpaceSize: 1.00 GB
Initial GC threshold: 21.00 MB
Current GC threshold: 79.38 MB
CDS: on
MetaspaceReclaimPolicy: balanced
 - commit_granule_bytes: 65536.
 - commit_granule_words: 8192.
 - virtual_space_node_default_size: 8388608.
 - enlarge_chunks_in_place: 1.
 - new_chunks_are_fully_committed: 0.
 - uncommit_free_chunks: 1.
 - use_allocation_guard: 0.
 - handle_deallocations: 1.


Internal statistics:

num_allocs_failed_limit: 6.
num_arena_births: 776.
num_arena_deaths: 4.
num_vsnodes_births: 2.
num_vsnodes_deaths: 0.
num_space_committed: 763.
num_space_uncommitted: 0.
num_chunks_returned_to_freelist: 12.
num_chunks_taken_from_freelist: 2523.
num_chunk_merges: 7.
num_chunk_splits: 1786.
num_chunks_enlarged: 1349.
num_inconsistent_stats: 0.

CodeHeap 'non-profiled nmethods': size=120000Kb used=2987Kb max_used=2987Kb free=117012Kb
 bounds [0x0000020f4ab50000, 0x0000020f4ae40000, 0x0000020f52080000]
CodeHeap 'profiled nmethods': size=120000Kb used=10406Kb max_used=10406Kb free=109594Kb
 bounds [0x0000020f43080000, 0x0000020f43ab0000, 0x0000020f4a5b0000]
CodeHeap 'non-nmethods': size=5760Kb used=1366Kb max_used=1390Kb free=4393Kb
 bounds [0x0000020f4a5b0000, 0x0000020f4a820000, 0x0000020f4ab50000]
 total_blobs=5964 nmethods=5252 adapters=624
 compilation: enabled
              stopped_count=0, restarted_count=0
 full_count=0

Compilation events (20 events):
Event: 135.849 Thread 0x0000020f597c1930 nmethod 5944 0x0000020f43aabd90 code [0x0000020f43aabfc0, 0x0000020f43aaca38]
Event: 135.849 Thread 0x0000020f597c1930 5940       3       java.util.stream.Nodes$SpinedNodeBuilder::build (25 bytes)
Event: 135.850 Thread 0x0000020f597c1930 nmethod 5940 0x0000020f43aacd10 code [0x0000020f43aacea0, 0x0000020f43aacfb8]
Event: 135.850 Thread 0x0000020f597c1930 5941       3       java.util.stream.Nodes$SpinedNodeBuilder::asArray (29 bytes)
Event: 135.850 Thread 0x0000020f597c1930 nmethod 5941 0x0000020f43aad090 code [0x0000020f43aad240, 0x0000020f43aad388]
Event: 135.850 Thread 0x0000020f597c1930 5942       3       java.util.stream.SpinedBuffer::asArray (46 bytes)
Event: 135.851 Thread 0x0000020f597c1930 nmethod 5942 0x0000020f43aad410 code [0x0000020f43aad600, 0x0000020f43aadc28]
Event: 135.851 Thread 0x0000020f597c1930 5943       3       java.util.stream.Nodes$SpinedNodeBuilder::copyInto (30 bytes)
Event: 135.851 Thread 0x0000020f597c1930 nmethod 5943 0x0000020f43aade10 code [0x0000020f43aadfc0, 0x0000020f43aae108]
Event: 136.326 Thread 0x0000020f597c1930 5945       3       java.util.Collections::unmodifiableCollection (20 bytes)
Event: 136.327 Thread 0x0000020f597c1930 nmethod 5945 0x0000020f43aae190 code [0x0000020f43aae360, 0x0000020f43aae768]
Event: 137.406 Thread 0x0000020f597c0f70 5947       4       java.util.stream.Collectors::toList (26 bytes)
Event: 137.408 Thread 0x0000020f597c0f70 nmethod 5947 0x0000020f4ae39c10 code [0x0000020f4ae39da0, 0x0000020f4ae39e78]
Event: 137.408 Thread 0x0000020f597c0f70 5948       4       java.util.stream.Collectors$$Lambda$594/0x0000020f5b348560::get (8 bytes)
Event: 137.409 Thread 0x0000020f597c0f70 nmethod 5948 0x0000020f4ae39f90 code [0x0000020f4ae3a120, 0x0000020f4ae3a1f8]
Event: 138.389 Thread 0x0000020f597c0f70 5949       4       org.apache.kafka.common.utils.Time::timer (10 bytes)
Event: 138.391 Thread 0x0000020f597c0f70 nmethod 5949 0x0000020f4ae3a290 code [0x0000020f4ae3a420, 0x0000020f4ae3a5d8]
Event: 138.391 Thread 0x0000020f597c0f70 5950  s    4       org.apache.kafka.clients.consumer.internals.AbstractCoordinator::checkAndGetCoordinator (35 bytes)
Event: 138.394 Thread 0x0000020f597c0f70 nmethod 5950 0x0000020f4ae3a790 code [0x0000020f4ae3a920, 0x0000020f4ae3ac08]
Event: 138.537 Thread 0x0000020f597c0f70 5951   !   4       org.apache.kafka.clients.NetworkClient::poll (178 bytes)

GC Heap History (20 events):
Event: 7.226 GC heap before
{Heap before GC invocations=5 (full 0):
 garbage-first heap   total 45056K, used 14307K [0x0000000089c00000, 0x0000000100000000)
  region size 1024K, 3 young (3072K), 2 survivors (2048K)
 Metaspace       used 25710K, committed 26176K, reserved 1114112K
  class space    used 3199K, committed 3392K, reserved 1048576K
}
Event: 7.231 GC heap after
{Heap after GC invocations=6 (full 0):
 garbage-first heap   total 45056K, used 13841K [0x0000000089c00000, 0x0000000100000000)
  region size 1024K, 1 young (1024K), 1 survivors (1024K)
 Metaspace       used 25710K, committed 26176K, reserved 1114112K
  class space    used 3199K, committed 3392K, reserved 1048576K
}
Event: 8.287 GC heap before
{Heap before GC invocations=6 (full 0):
 garbage-first heap   total 45056K, used 30225K [0x0000000089c00000, 0x0000000100000000)
  region size 1024K, 18 young (18432K), 1 survivors (1024K)
 Metaspace       used 28680K, committed 29120K, reserved 1114112K
  class space    used 3597K, committed 3840K, reserved 1048576K
}
Event: 8.293 GC heap after
{Heap after GC invocations=7 (full 0):
 garbage-first heap   total 45056K, used 15186K [0x0000000089c00000, 0x0000000100000000)
  region size 1024K, 2 young (2048K), 2 survivors (2048K)
 Metaspace       used 28680K, committed 29120K, reserved 1114112K
  class space    used 3597K, committed 3840K, reserved 1048576K
}
Event: 9.210 GC heap before
{Heap before GC invocations=7 (full 0):
 garbage-first heap   total 45056K, used 32594K [0x0000000089c00000, 0x0000000100000000)
  region size 1024K, 19 young (19456K), 2 survivors (2048K)
 Metaspace       used 30860K, committed 31296K, reserved 1114112K
  class space    used 3892K, committed 4096K, reserved 1048576K
}
Event: 9.215 GC heap after
{Heap after GC invocations=8 (full 0):
 garbage-first heap   total 45056K, used 16759K [0x0000000089c00000, 0x0000000100000000)
  region size 1024K, 2 young (2048K), 2 survivors (2048K)
 Metaspace       used 30860K, committed 31296K, reserved 1114112K
  class space    used 3892K, committed 4096K, reserved 1048576K
}
Event: 10.550 GC heap before
{Heap before GC invocations=8 (full 0):
 garbage-first heap   total 45056K, used 33143K [0x0000000089c00000, 0x0000000100000000)
  region size 1024K, 18 young (18432K), 2 survivors (2048K)
 Metaspace       used 34805K, committed 35264K, reserved 1114112K
  class space    used 4377K, committed 4608K, reserved 1048576K
}
Event: 10.554 GC heap after
{Heap after GC invocations=9 (full 0):
 garbage-first heap   total 45056K, used 17885K [0x0000000089c00000, 0x0000000100000000)
  region size 1024K, 3 young (3072K), 3 survivors (3072K)
 Metaspace       used 34805K, committed 35264K, reserved 1114112K
  class space    used 4377K, committed 4608K, reserved 1048576K
}
Event: 10.760 GC heap before
{Heap before GC invocations=9 (full 0):
 garbage-first heap   total 45056K, used 21981K [0x0000000089c00000, 0x0000000100000000)
  region size 1024K, 8 young (8192K), 3 survivors (3072K)
 Metaspace       used 35699K, committed 36160K, reserved 1114112K
  class space    used 4451K, committed 4672K, reserved 1048576K
}
Event: 10.765 GC heap after
{Heap after GC invocations=10 (full 0):
 garbage-first heap   total 45056K, used 18391K [0x0000000089c00000, 0x0000000100000000)
  region size 1024K, 2 young (2048K), 2 survivors (2048K)
 Metaspace       used 35699K, committed 36160K, reserved 1114112K
  class space    used 4451K, committed 4672K, reserved 1048576K
}
Event: 11.695 GC heap before
{Heap before GC invocations=11 (full 0):
 garbage-first heap   total 45056K, used 32727K [0x0000000089c00000, 0x0000000100000000)
  region size 1024K, 17 young (17408K), 2 survivors (2048K)
 Metaspace       used 40077K, committed 40576K, reserved 1114112K
  class space    used 4774K, committed 4992K, reserved 1048576K
}
Event: 11.698 GC heap after
{Heap after GC invocations=12 (full 0):
 garbage-first heap   total 45056K, used 19172K [0x0000000089c00000, 0x0000000100000000)
  region size 1024K, 2 young (2048K), 2 survivors (2048K)
 Metaspace       used 40077K, committed 40576K, reserved 1114112K
  class space    used 4774K, committed 4992K, reserved 1048576K
}
Event: 18.950 GC heap before
{Heap before GC invocations=12 (full 0):
 garbage-first heap   total 45056K, used 34532K [0x0000000089c00000, 0x0000000100000000)
  region size 1024K, 17 young (17408K), 2 survivors (2048K)
 Metaspace       used 43261K, committed 43776K, reserved 1114112K
  class space    used 5261K, committed 5504K, reserved 1048576K
}
Event: 18.955 GC heap after
{Heap after GC invocations=13 (full 0):
 garbage-first heap   total 45056K, used 20118K [0x0000000089c00000, 0x0000000100000000)
  region size 1024K, 3 young (3072K), 3 survivors (3072K)
 Metaspace       used 43261K, committed 43776K, reserved 1114112K
  class space    used 5261K, committed 5504K, reserved 1048576K
}
Event: 21.414 GC heap before
{Heap before GC invocations=13 (full 0):
 garbage-first heap   total 45056K, used 34454K [0x0000000089c00000, 0x0000000100000000)
  region size 1024K, 17 young (17408K), 3 survivors (3072K)
 Metaspace       used 46295K, committed 46784K, reserved 1114112K
  class space    used 5649K, committed 5888K, reserved 1048576K
}
Event: 21.422 GC heap after
{Heap after GC invocations=14 (full 0):
 garbage-first heap   total 45056K, used 22340K [0x0000000089c00000, 0x0000000100000000)
  region size 1024K, 3 young (3072K), 3 survivors (3072K)
 Metaspace       used 46295K, committed 46784K, reserved 1114112K
  class space    used 5649K, committed 5888K, reserved 1048576K
}
Event: 45.713 GC heap before
{Heap before GC invocations=14 (full 0):
 garbage-first heap   total 45056K, used 33604K [0x0000000089c00000, 0x0000000100000000)
  region size 1024K, 15 young (15360K), 3 survivors (3072K)
 Metaspace       used 47978K, committed 48448K, reserved 1114112K
  class space    used 5835K, committed 6080K, reserved 1048576K
}
Event: 45.720 GC heap after
{Heap after GC invocations=15 (full 0):
 garbage-first heap   total 45056K, used 23710K [0x0000000089c00000, 0x0000000100000000)
  region size 1024K, 2 young (2048K), 2 survivors (2048K)
 Metaspace       used 47978K, committed 48448K, reserved 1114112K
  class space    used 5835K, committed 6080K, reserved 1048576K
}
Event: 110.761 GC heap before
{Heap before GC invocations=15 (full 0):
 garbage-first heap   total 45056K, used 34974K [0x0000000089c00000, 0x0000000100000000)
  region size 1024K, 13 young (13312K), 2 survivors (2048K)
 Metaspace       used 48222K, committed 48768K, reserved 1114112K
  class space    used 5856K, committed 6144K, reserved 1048576K
}
Event: 110.808 GC heap after
{Heap after GC invocations=16 (full 0):
 garbage-first heap   total 45056K, used 23627K [0x0000000089c00000, 0x0000000100000000)
  region size 1024K, 2 young (2048K), 2 survivors (2048K)
 Metaspace       used 48222K, committed 48768K, reserved 1114112K
  class space    used 5856K, committed 6144K, reserved 1048576K
}

Dll operation events (11 events):
Event: 0.018 Loaded shared library C:\Users\HP\AppData\Roaming\Antigravity\User\globalStorage\pleiades.java-extension-pack-jdk\java\17\bin\java.dll
Event: 0.077 Loaded shared library C:\Users\HP\AppData\Roaming\Antigravity\User\globalStorage\pleiades.java-extension-pack-jdk\java\17\bin\jsvml.dll
Event: 0.269 Loaded shared library C:\Users\HP\AppData\Roaming\Antigravity\User\globalStorage\pleiades.java-extension-pack-jdk\java\17\bin\net.dll
Event: 0.275 Loaded shared library C:\Users\HP\AppData\Roaming\Antigravity\User\globalStorage\pleiades.java-extension-pack-jdk\java\17\bin\nio.dll
Event: 0.282 Loaded shared library C:\Users\HP\AppData\Roaming\Antigravity\User\globalStorage\pleiades.java-extension-pack-jdk\java\17\bin\zip.dll
Event: 0.576 Loaded shared library C:\Users\HP\AppData\Roaming\Antigravity\User\globalStorage\pleiades.java-extension-pack-jdk\java\17\bin\jimage.dll
Event: 2.991 Loaded shared library C:\Users\HP\AppData\Roaming\Antigravity\User\globalStorage\pleiades.java-extension-pack-jdk\java\17\bin\sunmscapi.dll
Event: 6.930 Loaded shared library C:\Users\HP\AppData\Roaming\Antigravity\User\globalStorage\pleiades.java-extension-pack-jdk\java\17\bin\management.dll
Event: 6.940 Loaded shared library C:\Users\HP\AppData\Roaming\Antigravity\User\globalStorage\pleiades.java-extension-pack-jdk\java\17\bin\management_ext.dll
Event: 8.320 Loaded shared library C:\Users\HP\AppData\Roaming\Antigravity\User\globalStorage\pleiades.java-extension-pack-jdk\java\17\bin\verify.dll
Event: 9.550 Loaded shared library C:\Users\HP\AppData\Roaming\Antigravity\User\globalStorage\pleiades.java-extension-pack-jdk\java\17\bin\extnet.dll

Deoptimization events (20 events):
Event: 26.070 Thread 0x0000020fa2ec3040 Uncommon trap: trap_request=0xffffff45 fr.pc=0x0000020f4ac1dd4c relative=0x00000000000000ac
Event: 26.070 Thread 0x0000020fa2ec3040 Uncommon trap: reason=unstable_if action=reinterpret pc=0x0000020f4ac1dd4c method=java.lang.StringConcatHelper.newString([BJ)Ljava/lang/String; @ 3 c2
Event: 26.070 Thread 0x0000020fa2ec3040 DEOPT PACKING pc=0x0000020f4ac1dd4c sp=0x000000fea53fe220
Event: 26.071 Thread 0x0000020fa2ec3040 DEOPT UNPACKING pc=0x0000020f4a6069a3 sp=0x000000fea53fe1c0 mode 2
Event: 26.078 Thread 0x0000020fa2ec3040 DEOPT PACKING pc=0x0000020f4321fb4a sp=0x000000fea53fe690
Event: 26.078 Thread 0x0000020fa2ec3040 DEOPT UNPACKING pc=0x0000020f4a607143 sp=0x000000fea53fdb18 mode 0
Event: 27.433 Thread 0x0000020fa2ec3040 Uncommon trap: trap_request=0xffffff45 fr.pc=0x0000020f4ac22204 relative=0x0000000000000064
Event: 27.433 Thread 0x0000020fa2ec3040 Uncommon trap: reason=unstable_if action=reinterpret pc=0x0000020f4ac22204 method=java.lang.StringConcatHelper.mix(JLjava/lang/String;)J @ 13 c2
Event: 27.433 Thread 0x0000020fa2ec3040 DEOPT PACKING pc=0x0000020f4ac22204 sp=0x000000fea53fe210
Event: 27.433 Thread 0x0000020fa2ec3040 DEOPT UNPACKING pc=0x0000020f4a6069a3 sp=0x000000fea53fe1a8 mode 2
Event: 40.327 Thread 0x0000020fa2eca4b0 DEOPT PACKING pc=0x0000020f4321fb4a sp=0x000000fea5cfefd0
Event: 40.327 Thread 0x0000020fa2eca4b0 DEOPT UNPACKING pc=0x0000020f4a607143 sp=0x000000fea5cfe458 mode 0
Event: 40.702 Thread 0x0000020fa2ec6d00 Uncommon trap: trap_request=0xffffff45 fr.pc=0x0000020f4ad4640c relative=0x000000000000082c
Event: 40.702 Thread 0x0000020fa2ec6d00 Uncommon trap: reason=unstable_if action=reinterpret pc=0x0000020f4ad4640c method=org.apache.kafka.common.metrics.stats.SampledStat$Sample.isComplete(JLorg/apache/kafka/common/metrics/MetricConfig;)Z @ 11 c2
Event: 40.702 Thread 0x0000020fa2ec6d00 DEOPT PACKING pc=0x0000020f4ad4640c sp=0x000000fea55fedb0
Event: 40.702 Thread 0x0000020fa2ec6d00 DEOPT UNPACKING pc=0x0000020f4a6069a3 sp=0x000000fea55fed20 mode 2
Event: 82.291 Thread 0x0000020fa2ec4480 Uncommon trap: trap_request=0xffffff54 fr.pc=0x0000020f4ae197d4 relative=0x0000000000000134
Event: 82.291 Thread 0x0000020fa2ec4480 Uncommon trap: reason=speculate_null_assert action=make_not_entrant pc=0x0000020f4ae197d4 method=sun.nio.ch.SelectorImpl.processDeregisterQueue()V @ 66 c2
Event: 82.291 Thread 0x0000020fa2ec4480 DEOPT PACKING pc=0x0000020f4ae197d4 sp=0x000000fea50fee50
Event: 82.291 Thread 0x0000020fa2ec4480 DEOPT UNPACKING pc=0x0000020f4a6069a3 sp=0x000000fea50fedf8 mode 2

Classes loaded (20 events):
Event: 21.464 Loading class java/util/concurrent/atomic/AtomicReferenceFieldUpdater$AtomicReferenceFieldUpdaterImpl
Event: 21.464 Loading class java/util/concurrent/atomic/AtomicReferenceFieldUpdater$AtomicReferenceFieldUpdaterImpl done
Event: 21.464 Loading class java/util/concurrent/atomic/AtomicReferenceFieldUpdater$AtomicReferenceFieldUpdaterImpl$1
Event: 21.464 Loading class java/util/concurrent/atomic/AtomicReferenceFieldUpdater$AtomicReferenceFieldUpdaterImpl$1 done
Event: 21.523 Loading class java/util/concurrent/LinkedBlockingQueue$Itr
Event: 21.524 Loading class java/util/concurrent/LinkedBlockingQueue$Itr done
Event: 24.582 Loading class java/util/zip/GZIPInputStream
Event: 24.583 Loading class java/util/zip/GZIPInputStream done
Event: 24.584 Loading class java/util/zip/GZIPOutputStream
Event: 24.586 Loading class java/util/zip/DeflaterOutputStream
Event: 24.596 Loading class java/util/zip/DeflaterOutputStream done
Event: 24.596 Loading class java/util/zip/GZIPOutputStream done
Event: 24.693 Loading class java/util/PriorityQueue
Event: 24.698 Loading class java/util/PriorityQueue done
Event: 25.064 Loading class java/io/DataOutputStream
Event: 25.085 Loading class java/io/DataOutputStream done
Event: 25.174 Loading class java/util/zip/CRC32C
Event: 25.183 Loading class java/util/zip/CRC32C done
Event: 37.442 Loading class jdk/internal/access/foreign/MemorySegmentProxy
Event: 37.442 Loading class jdk/internal/access/foreign/MemorySegmentProxy done

Classes unloaded (2 events):
Event: 110.960 Thread 0x0000020f5978cd10 Unloading class 0x0000020f5b520800 'java/lang/invoke/LambdaForm$DMH+0x0000020f5b520800'
Event: 110.961 Thread 0x0000020f5978cd10 Unloading class 0x0000020f5b520000 'java/lang/invoke/LambdaForm$DMH+0x0000020f5b520000'

Classes redefined (0 events):
No events

Internal exceptions (20 events):
Event: 120.723 Thread 0x0000020fa2ec9070 Exception <a 'java/net/ConnectException'{0x000000008db66868}: Connection refused: getsockopt> (0x000000008db66868) 
thrown [s\src\hotspot\share\prims\jni.cpp, line 535]
Event: 120.723 Thread 0x0000020fa2ec9070 Exception <a 'java/net/SocketException'{0x000000008db66ba0}: Socket is not connected: shutdown> (0x000000008db66ba0) 
thrown [s\src\hotspot\share\prims\jni.cpp, line 535]
Event: 125.715 Thread 0x0000020fa2ec9a90 Exception <a 'java/net/ConnectException'{0x0000000091301340}: Connection refused: getsockopt> (0x0000000091301340) 
thrown [s\src\hotspot\share\prims\jni.cpp, line 535]
Event: 125.715 Thread 0x0000020fa2ec9a90 Exception <a 'java/net/SocketException'{0x000000008da2b0f8}: Socket is not connected: shutdown> (0x000000008da2b0f8) 
thrown [s\src\hotspot\share\prims\jni.cpp, line 535]
Event: 125.717 Thread 0x0000020fa2ec9a90 Exception <a 'java/net/ConnectException'{0x000000008da2b948}: Connection refused: getsockopt> (0x000000008da2b948) 
thrown [s\src\hotspot\share\prims\jni.cpp, line 535]
Event: 125.718 Thread 0x0000020fa2ec9a90 Exception <a 'java/net/SocketException'{0x000000008da2bc80}: Socket is not connected: shutdown> (0x000000008da2bc80) 
thrown [s\src\hotspot\share\prims\jni.cpp, line 535]
Event: 125.721 Thread 0x0000020fa2ec9a90 Exception <a 'java/net/ConnectException'{0x000000008da2c710}: Connection refused: getsockopt> (0x000000008da2c710) 
thrown [s\src\hotspot\share\prims\jni.cpp, line 535]
Event: 125.721 Thread 0x0000020fa2ec9a90 Exception <a 'java/net/SocketException'{0x000000008da2ca48}: Socket is not connected: shutdown> (0x000000008da2ca48) 
thrown [s\src\hotspot\share\prims\jni.cpp, line 535]
Event: 130.711 Thread 0x0000020fa2ec3f70 Exception <a 'java/net/ConnectException'{0x000000008dae7308}: Connection refused: getsockopt> (0x000000008dae7308) 
thrown [s\src\hotspot\share\prims\jni.cpp, line 535]
Event: 130.711 Thread 0x0000020fa2ec3f70 Exception <a 'java/net/SocketException'{0x000000008dae78c0}: Socket is not connected: shutdown> (0x000000008dae78c0) 
thrown [s\src\hotspot\share\prims\jni.cpp, line 535]
Event: 130.713 Thread 0x0000020fa2ec3f70 Exception <a 'java/net/ConnectException'{0x000000008dae8368}: Connection refused: getsockopt> (0x000000008dae8368) 
thrown [s\src\hotspot\share\prims\jni.cpp, line 535]
Event: 130.714 Thread 0x0000020fa2ec3f70 Exception <a 'java/net/SocketException'{0x000000008dae86a0}: Socket is not connected: shutdown> (0x000000008dae86a0) 
thrown [s\src\hotspot\share\prims\jni.cpp, line 535]
Event: 130.716 Thread 0x0000020fa2ec3f70 Exception <a 'java/net/ConnectException'{0x000000008dae9138}: Connection refused: getsockopt> (0x000000008dae9138) 
thrown [s\src\hotspot\share\prims\jni.cpp, line 535]
Event: 130.716 Thread 0x0000020fa2ec3f70 Exception <a 'java/net/SocketException'{0x000000008dae9470}: Socket is not connected: shutdown> (0x000000008dae9470) 
thrown [s\src\hotspot\share\prims\jni.cpp, line 535]
Event: 135.721 Thread 0x0000020fa2ec9070 Exception <a 'java/net/ConnectException'{0x000000008d9b3b10}: Connection refused: getsockopt> (0x000000008d9b3b10) 
thrown [s\src\hotspot\share\prims\jni.cpp, line 535]
Event: 135.721 Thread 0x0000020fa2ec9070 Exception <a 'java/net/SocketException'{0x000000008d9b3e48}: Socket is not connected: shutdown> (0x000000008d9b3e48) 
thrown [s\src\hotspot\share\prims\jni.cpp, line 535]
Event: 135.741 Thread 0x0000020fa2ec9070 Exception <a 'java/net/ConnectException'{0x000000008d9b48f0}: Connection refused: getsockopt> (0x000000008d9b48f0) 
thrown [s\src\hotspot\share\prims\jni.cpp, line 535]
Event: 135.742 Thread 0x0000020fa2ec9070 Exception <a 'java/net/SocketException'{0x000000008d9b4c28}: Socket is not connected: shutdown> (0x000000008d9b4c28) 
thrown [s\src\hotspot\share\prims\jni.cpp, line 535]
Event: 135.744 Thread 0x0000020fa2ec9070 Exception <a 'java/net/ConnectException'{0x000000008d9b5478}: Connection refused: getsockopt> (0x000000008d9b5478) 
thrown [s\src\hotspot\share\prims\jni.cpp, line 535]
Event: 135.744 Thread 0x0000020fa2ec9070 Exception <a 'java/net/SocketException'{0x000000008d9b57b0}: Socket is not connected: shutdown> (0x000000008d9b57b0) 
thrown [s\src\hotspot\share\prims\jni.cpp, line 535]

VM Operations (20 events):
Event: 110.752 Executing VM operation: G1CollectForAllocation
Event: 110.809 Executing VM operation: G1CollectForAllocation done
Event: 110.943 Executing VM operation: G1PauseRemark
Event: 111.288 Executing VM operation: G1PauseRemark done
Event: 111.308 Executing VM operation: G1PauseCleanup
Event: 111.937 Executing VM operation: G1PauseCleanup done
Event: 115.967 Executing VM operation: Cleanup
Event: 115.967 Executing VM operation: Cleanup done
Event: 119.986 Executing VM operation: Cleanup
Event: 119.986 Executing VM operation: Cleanup done
Event: 120.362 Executing VM operation: HandshakeAllThreads
Event: 120.363 Executing VM operation: HandshakeAllThreads done
Event: 123.387 Executing VM operation: Cleanup
Event: 123.387 Executing VM operation: Cleanup done
Event: 125.404 Executing VM operation: Cleanup
Event: 125.404 Executing VM operation: Cleanup done
Event: 126.415 Executing VM operation: Cleanup
Event: 126.416 Executing VM operation: Cleanup done
Event: 136.473 Executing VM operation: Cleanup
Event: 136.473 Executing VM operation: Cleanup done

Memory protections (0 events):
No events

Nmethod flushes (20 events):
Event: 11.747 Thread 0x0000020f597c7940 flushing  nmethod 0x0000020f43846190
Event: 11.747 Thread 0x0000020f597c7940 flushing  nmethod 0x0000020f43867a10
Event: 11.747 Thread 0x0000020f597c7940 flushing  nmethod 0x0000020f43879210
Event: 11.747 Thread 0x0000020f597c7940 flushing  nmethod 0x0000020f4387ab90
Event: 11.747 Thread 0x0000020f597c7940 flushing  nmethod 0x0000020f43894790
Event: 11.747 Thread 0x0000020f597c7940 flushing  nmethod 0x0000020f43899790
Event: 11.747 Thread 0x0000020f597c7940 flushing  nmethod 0x0000020f4389a990
Event: 11.748 Thread 0x0000020f597c7940 flushing  nmethod 0x0000020f438b2490
Event: 11.748 Thread 0x0000020f597c7940 flushing  nmethod 0x0000020f438fee90
Event: 11.748 Thread 0x0000020f597c7940 flushing  nmethod 0x0000020f43908310
Event: 11.748 Thread 0x0000020f597c7940 flushing  nmethod 0x0000020f43942990
Event: 11.748 Thread 0x0000020f597c7940 flushing  nmethod 0x0000020f43950a10
Event: 11.748 Thread 0x0000020f597c7940 flushing  nmethod 0x0000020f43952710
Event: 11.748 Thread 0x0000020f597c7940 flushing  nmethod 0x0000020f43953610
Event: 11.748 Thread 0x0000020f597c7940 flushing  nmethod 0x0000020f43972910
Event: 11.748 Thread 0x0000020f597c7940 flushing  nmethod 0x0000020f43973b90
Event: 11.748 Thread 0x0000020f597c7940 flushing  nmethod 0x0000020f43974310
Event: 11.748 Thread 0x0000020f597c7940 flushing  nmethod 0x0000020f43978a10
Event: 11.748 Thread 0x0000020f597c7940 flushing  nmethod 0x0000020f439aea10
Event: 11.748 Thread 0x0000020f597c7940 flushing  nmethod 0x0000020f439af010

Events (20 events):
Event: 40.713 Thread 0x0000020fa0b8e170 Thread added: 0x0000020f59ba7920
Event: 45.712 Thread 0x0000020fa2ec7720 Thread added: 0x0000020fa1252e80
Event: 81.571 Thread 0x0000020f59ba7410 Thread exited: 0x0000020f59ba7410
Event: 81.572 Thread 0x0000020f59ba3750 Thread exited: 0x0000020f59ba3750
Event: 81.572 Thread 0x0000020f59ba4b90 Thread exited: 0x0000020f59ba4b90
Event: 84.483 Thread 0x0000020f59ba50a0 Thread exited: 0x0000020f59ba50a0
Event: 84.483 Thread 0x0000020f59ba4170 Thread exited: 0x0000020f59ba4170
Event: 85.282 Thread 0x0000020fa2ec8140 Thread exited: 0x0000020fa2ec8140
Event: 87.424 Thread 0x0000020f59ba5ac0 Thread exited: 0x0000020f59ba5ac0
Event: 87.425 Thread 0x0000020f59ba6f00 Thread exited: 0x0000020f59ba6f00
Event: 87.425 Thread 0x0000020f59ba64e0 Thread exited: 0x0000020f59ba64e0
Event: 90.966 Thread 0x0000020f59ba55b0 Thread exited: 0x0000020f59ba55b0
Event: 90.967 Thread 0x0000020f59ba5fd0 Thread exited: 0x0000020f59ba5fd0
Event: 90.982 Thread 0x0000020f59ba69f0 Thread exited: 0x0000020f59ba69f0
Event: 105.730 Thread 0x0000020fa1252e80 Thread exited: 0x0000020fa1252e80
Event: 105.736 Thread 0x0000020fa2ec9070 Thread added: 0x0000020f59ba5ac0
Event: 110.810 Thread 0x0000020f59ba4680 Thread exited: 0x0000020f59ba4680
Event: 110.811 Thread 0x0000020fa2ec9a90 Thread added: 0x0000020f59ba5fd0
Event: 135.747 Thread 0x0000020f59ba8340 Thread exited: 0x0000020f59ba8340
Event: 135.748 Thread 0x0000020fa2ec9070 Thread added: 0x0000020f59ba4680


Dynamic libraries:
0x00007ff7a32b0000 - 0x00007ff7a32be000 	C:\Users\HP\AppData\Roaming\Antigravity\User\globalStorage\pleiades.java-extension-pack-jdk\java\17\bin\java.exe
0x00007ffa4d140000 - 0x00007ffa4d3a8000 	C:\WINDOWS\SYSTEM32\ntdll.dll
0x00007ffa4b9d0000 - 0x00007ffa4ba99000 	C:\WINDOWS\System32\KERNEL32.DLL
0x00007ffa4a020000 - 0x00007ffa4a411000 	C:\WINDOWS\System32\KERNELBASE.dll
0x00007ffa49ba0000 - 0x00007ffa49ceb000 	C:\WINDOWS\System32\ucrtbase.dll
0x00007ffa19810000 - 0x00007ffa19828000 	C:\Users\HP\AppData\Roaming\Antigravity\User\globalStorage\pleiades.java-extension-pack-jdk\java\17\bin\jli.dll
0x00007ffa4ce60000 - 0x00007ffa4d026000 	C:\WINDOWS\System32\USER32.dll
0x00007ffa4a420000 - 0x00007ffa4a447000 	C:\WINDOWS\System32\win32u.dll
0x00007ffa4aee0000 - 0x00007ffa4af0b000 	C:\WINDOWS\System32\GDI32.dll
0x00007ffa49d80000 - 0x00007ffa49eab000 	C:\WINDOWS\System32\gdi32full.dll
0x00007ffa4a450000 - 0x00007ffa4a4f3000 	C:\WINDOWS\System32\msvcp_win.dll
0x00007ffa19590000 - 0x00007ffa195ae000 	C:\Users\HP\AppData\Roaming\Antigravity\User\globalStorage\pleiades.java-extension-pack-jdk\java\17\bin\VCRUNTIME140.dll
0x00007ffa315b0000 - 0x00007ffa31843000 	C:\WINDOWS\WinSxS\amd64_microsoft.windows.common-controls_6595b64144ccf1df_6.0.26100.7824_none_3e0870b2e3345462\COMCTL32.dll
0x00007ffa4cd50000 - 0x00007ffa4cdf9000 	C:\WINDOWS\System32\msvcrt.dll
0x00007ffa4d0c0000 - 0x00007ffa4d0f1000 	C:\WINDOWS\System32\IMM32.DLL
0x00007ffa21c30000 - 0x00007ffa21c3c000 	C:\Users\HP\AppData\Roaming\Antigravity\User\globalStorage\pleiades.java-extension-pack-jdk\java\17\bin\vcruntime140_1.dll
0x00007ffa136e0000 - 0x00007ffa1376d000 	C:\Users\HP\AppData\Roaming\Antigravity\User\globalStorage\pleiades.java-extension-pack-jdk\java\17\bin\msvcp140.dll
0x00007ff9af3c0000 - 0x00007ff9b002b000 	C:\Users\HP\AppData\Roaming\Antigravity\User\globalStorage\pleiades.java-extension-pack-jdk\java\17\bin\server\jvm.dll
0x00007ffa4bfc0000 - 0x00007ffa4c074000 	C:\WINDOWS\System32\ADVAPI32.dll
0x00007ffa4c9e0000 - 0x00007ffa4ca86000 	C:\WINDOWS\System32\sechost.dll
0x00007ffa4afb0000 - 0x00007ffa4b0c8000 	C:\WINDOWS\System32\RPCRT4.dll
0x00007ffa4d030000 - 0x00007ffa4d0a4000 	C:\WINDOWS\System32\WS2_32.dll
0x00007ffa49880000 - 0x00007ffa498de000 	C:\WINDOWS\SYSTEM32\POWRPROF.dll
0x00007ffa43990000 - 0x00007ffa439c5000 	C:\WINDOWS\SYSTEM32\WINMM.dll
0x00007ffa439d0000 - 0x00007ffa439db000 	C:\WINDOWS\SYSTEM32\VERSION.dll
0x00007ffa49860000 - 0x00007ffa49874000 	C:\WINDOWS\SYSTEM32\UMPDC.dll
0x00007ffa487c0000 - 0x00007ffa487db000 	C:\WINDOWS\SYSTEM32\kernel.appcore.dll
0x00007ffa223f0000 - 0x00007ffa223fa000 	C:\Users\HP\AppData\Roaming\Antigravity\User\globalStorage\pleiades.java-extension-pack-jdk\java\17\bin\jimage.dll
0x00007ffa478b0000 - 0x00007ffa47af2000 	C:\WINDOWS\SYSTEM32\DBGHELP.DLL
0x00007ffa4c160000 - 0x00007ffa4c4e6000 	C:\WINDOWS\System32\combase.dll
0x00007ffa4c790000 - 0x00007ffa4c867000 	C:\WINDOWS\System32\OLEAUT32.dll
0x00007ffa30540000 - 0x00007ffa3057b000 	C:\WINDOWS\SYSTEM32\dbgcore.DLL
0x00007ffa49f70000 - 0x00007ffa4a015000 	C:\WINDOWS\System32\bcryptPrimitives.dll
0x00007ffa222c0000 - 0x00007ffa222e5000 	C:\Users\HP\AppData\Roaming\Antigravity\User\globalStorage\pleiades.java-extension-pack-jdk\java\17\bin\java.dll
0x00007ffa0c020000 - 0x00007ffa0c0f7000 	C:\Users\HP\AppData\Roaming\Antigravity\User\globalStorage\pleiades.java-extension-pack-jdk\java\17\bin\jsvml.dll
0x00007ffa4b270000 - 0x00007ffa4b9c2000 	C:\WINDOWS\System32\SHELL32.dll
0x00007ffa4a500000 - 0x00007ffa4a66a000 	C:\WINDOWS\System32\wintypes.dll
0x00007ffa4a670000 - 0x00007ffa4aed3000 	C:\WINDOWS\System32\windows.storage.dll
0x00007ffa4b170000 - 0x00007ffa4b266000 	C:\WINDOWS\System32\SHCORE.dll
0x00007ffa4af40000 - 0x00007ffa4afa7000 	C:\WINDOWS\System32\shlwapi.dll
0x00007ffa49940000 - 0x00007ffa49969000 	C:\WINDOWS\SYSTEM32\profapi.dll
0x00007ffa12f50000 - 0x00007ffa12f6a000 	C:\Users\HP\AppData\Roaming\Antigravity\User\globalStorage\pleiades.java-extension-pack-jdk\java\17\bin\net.dll
0x00007ffa43860000 - 0x00007ffa43987000 	C:\WINDOWS\SYSTEM32\WINHTTP.dll
0x00007ffa48d30000 - 0x00007ffa48d9b000 	C:\WINDOWS\system32\mswsock.dll
0x00007ffa12f30000 - 0x00007ffa12f46000 	C:\Users\HP\AppData\Roaming\Antigravity\User\globalStorage\pleiades.java-extension-pack-jdk\java\17\bin\nio.dll
0x00007ffa12f10000 - 0x00007ffa12f28000 	C:\Users\HP\AppData\Roaming\Antigravity\User\globalStorage\pleiades.java-extension-pack-jdk\java\17\bin\zip.dll
0x00007ffa223e0000 - 0x00007ffa223ee000 	C:\Users\HP\AppData\Roaming\Antigravity\User\globalStorage\pleiades.java-extension-pack-jdk\java\17\bin\sunmscapi.dll
0x00007ffa49a20000 - 0x00007ffa49b97000 	C:\WINDOWS\System32\CRYPT32.dll
0x00007ffa49220000 - 0x00007ffa49250000 	C:\WINDOWS\SYSTEM32\ncrypt.dll
0x00007ffa491d0000 - 0x00007ffa4920f000 	C:\WINDOWS\SYSTEM32\NTASN1.dll
0x00007ffa49000000 - 0x00007ffa4901b000 	C:\WINDOWS\SYSTEM32\CRYPTSP.dll
0x00007ffa48720000 - 0x00007ffa48759000 	C:\WINDOWS\system32\rsaenh.dll
0x00007ffa48de0000 - 0x00007ffa48e0b000 	C:\WINDOWS\SYSTEM32\USERENV.dll
0x00007ffa49910000 - 0x00007ffa4993a000 	C:\WINDOWS\SYSTEM32\bcrypt.dll
0x00007ffa49020000 - 0x00007ffa4902c000 	C:\WINDOWS\SYSTEM32\CRYPTBASE.dll
0x00007ffa481c0000 - 0x00007ffa481f4000 	C:\WINDOWS\SYSTEM32\IPHLPAPI.DLL
0x00007ffa4cd40000 - 0x00007ffa4cd4a000 	C:\WINDOWS\System32\NSI.dll
0x00007ffa43c10000 - 0x00007ffa43c2e000 	C:\WINDOWS\SYSTEM32\dhcpcsvc6.DLL
0x00007ffa43bc0000 - 0x00007ffa43be3000 	C:\WINDOWS\SYSTEM32\dhcpcsvc.DLL
0x00007ffa48250000 - 0x00007ffa4837c000 	C:\WINDOWS\SYSTEM32\DNSAPI.dll
0x00007ffa21c50000 - 0x00007ffa21c5a000 	C:\Users\HP\AppData\Roaming\Antigravity\User\globalStorage\pleiades.java-extension-pack-jdk\java\17\bin\management.dll
0x00007ffa21c40000 - 0x00007ffa21c4c000 	C:\Users\HP\AppData\Roaming\Antigravity\User\globalStorage\pleiades.java-extension-pack-jdk\java\17\bin\management_ext.dll
0x00007ffa4cd30000 - 0x00007ffa4cd38000 	C:\WINDOWS\System32\PSAPI.DLL
0x00007ffa21ad0000 - 0x00007ffa21ae0000 	C:\Users\HP\AppData\Roaming\Antigravity\User\globalStorage\pleiades.java-extension-pack-jdk\java\17\bin\verify.dll
0x00007ffa3fa90000 - 0x00007ffa3fa99000 	C:\Users\HP\AppData\Roaming\Antigravity\User\globalStorage\pleiades.java-extension-pack-jdk\java\17\bin\extnet.dll
0x00007ffa3cb20000 - 0x00007ffa3cb28000 	C:\WINDOWS\system32\wshunix.dll
0x00007ffa41590000 - 0x00007ffa4159b000 	C:\Windows\System32\rasadhlp.dll
0x00007ffa44590000 - 0x00007ffa44616000 	C:\WINDOWS\System32\fwpuclnt.dll

dbghelp: loaded successfully - version: 4.0.5 - missing functions: none
symbol engine: initialized successfully - sym options: 0x614 - pdb path: .;C:\Users\HP\AppData\Roaming\Antigravity\User\globalStorage\pleiades.java-extension-pack-jdk\java\17\bin;C:\WINDOWS\SYSTEM32;C:\WINDOWS\WinSxS\amd64_microsoft.windows.common-controls_6595b64144ccf1df_6.0.26100.7824_none_3e0870b2e3345462;C:\Users\HP\AppData\Roaming\Antigravity\User\globalStorage\pleiades.java-extension-pack-jdk\java\17\bin\server

VM Arguments:
jvm_args: -XX:+ShowCodeDetailsInExceptionMessages 
java_command: com.example.frontend.FrontendApplication
java_class_path (initial): C:\Users\HP\Downloads\playground-4dd0d8498a949fd87128c775f0e34ef5b9045346\playground-4dd0d8498a949fd87128c775f0e34ef5b9045346\frontend\frontend\target\classes;C:\Users\HP\.m2\repository\org\springframework\boot\spring-boot-starter-web\3.2.1\spring-boot-starter-web-3.2.1.jar;C:\Users\HP\.m2\repository\org\springframework\boot\spring-boot-starter\3.2.1\spring-boot-starter-3.2.1.jar;C:\Users\HP\.m2\repository\org\springframework\boot\spring-boot\3.2.1\spring-boot-3.2.1.jar;C:\Users\HP\.m2\repository\org\springframework\boot\spring-boot-autoconfigure\3.2.1\spring-boot-autoconfigure-3.2.1.jar;C:\Users\HP\.m2\repository\org\springframework\boot\spring-boot-starter-logging\3.2.1\spring-boot-starter-logging-3.2.1.jar;C:\Users\HP\.m2\repository\ch\qos\logback\logback-classic\1.4.14\logback-classic-1.4.14.jar;C:\Users\HP\.m2\repository\ch\qos\logback\logback-core\1.4.14\logback-core-1.4.14.jar;C:\Users\HP\.m2\repository\org\apache\logging\log4j\log4j-to-slf4j\2.21.1\log4j-to-slf4j-2.21.1.jar;C:\Users\HP\.m2\repository\org\apache\logging\log4j\log4j-api\2.21.1\log4j-api-2.21.1.jar;C:\Users\HP\.m2\repository\org\slf4j\jul-to-slf4j\2.0.9\jul-to-slf4j-2.0.9.jar;C:\Users\HP\.m2\repository\jakarta\annotation\jakarta.annotation-api\2.1.1\jakarta.annotation-api-2.1.1.jar;C:\Users\HP\.m2\repository\org\yaml\snakeyaml\2.2\snakeyaml-2.2.jar;C:\Users\HP\.m2\repository\org\springframework\boot\spring-boot-starter-json\3.2.1\spring-boot-starter-json-3.2.1.jar;C:\Users\HP\.m2\repository\com\fasterxml\jackson\datatype\jackson-datatype-jdk8\2.15.3\jackson-datatype-jdk8-2.15.3.jar;C:\Users\HP\.m2\repository\com\fasterxml\jackson\module\jackson-module-parameter-names\2.15.3\jackson-module-parameter-names-2.15.3.jar;C:\Users\HP\.m2\repository\org\springframework\boot\spring-boot-starter-tomcat\3.2.1\spring-boot-starter-tomcat-3.2.1.jar;C:\Users\HP\.m2\repository\org\apache\tomcat\embed\tomcat-embed-core\10.1.17\tomcat-embed-core-10.1.17.jar;C:\Users\HP\.m2\repository
Launcher Type: SUN_STANDARD

[Global flags]
     intx CICompilerCount                          = 3                                         {product} {ergonomic}
     uint ConcGCThreads                            = 2                                         {product} {ergonomic}
     uint G1ConcRefinementThreads                  = 6                                         {product} {ergonomic}
   size_t G1HeapRegionSize                         = 1048576                                   {product} {ergonomic}
    uintx GCDrainStackTargetSize                   = 64                                        {product} {ergonomic}
   size_t InitialHeapSize                          = 125829120                                 {product} {ergonomic}
   size_t MarkStackSize                            = 4194304                                   {product} {ergonomic}
   size_t MaxHeapSize                              = 1983905792                                {product} {ergonomic}
   size_t MaxNewSize                               = 1190133760                                {product} {ergonomic}
   size_t MinHeapDeltaBytes                        = 1048576                                   {product} {ergonomic}
   size_t MinHeapSize                              = 8388608                                   {product} {ergonomic}
    uintx NonNMethodCodeHeapSize                   = 5832780                                {pd product} {ergonomic}
    uintx NonProfiledCodeHeapSize                  = 122912730                              {pd product} {ergonomic}
    uintx ProfiledCodeHeapSize                     = 122912730                              {pd product} {ergonomic}
    uintx ReservedCodeCacheSize                    = 251658240                              {pd product} {ergonomic}
     bool SegmentedCodeCache                       = true                                      {product} {ergonomic}
     bool ShowCodeDetailsInExceptionMessages       = true                                   {manageable} {command line}
   size_t SoftMaxHeapSize                          = 1983905792                             {manageable} {ergonomic}
     bool UseCompressedClassPointers               = true                           {product lp64_product} {ergonomic}
     bool UseCompressedOops                        = true                           {product lp64_product} {ergonomic}
     bool UseG1GC                                  = true                                      {product} {ergonomic}
     bool UseLargePagesIndividualAllocation        = false                                  {pd product} {ergonomic}

Logging:
Log output configuration:
 #0: stdout all=warning uptime,level,tags
 #1: stderr all=off uptime,level,tags

Environment Variables:
JAVA_HOME=C:\Program Files\Java\jdk-21
PATH=C:\Users\HP\AppData\Roaming\Antigravity\User\globalStorage\pleiades.java-extension-pack-jdk\gradle\latest\bin;C:\Users\HP\AppData\Roaming\Antigravity\User\globalStorage\pleiades.java-extension-pack-jdk\maven\latest\bin;C:\Program Files\Java\jdk-21\bin;C:\Python312\Scripts\;C:\Python312\;C:\Program Files\Common Files\Oracle\Java\javapath;C:\Program Files (x86)\Common Files\Oracle\Java\javapath;C:\WINDOWS\system32;C:\WINDOWS;C:\WINDOWS\System32\Wbem;C:\WINDOWS\System32\WindowsPowerShell\v1.0\;C:\WINDOWS\System32\OpenSSH\;C:\Program Files\Git\cmd;C:\MinGW\bin;C:\Program Files\wkhtmltopdf\bin;C:\Program Files (x86)\Java\jre-1.8\bin;C:\Program Files\jdk-20.0.2\bin;C:\Program Files\MongoDB\Server\7.0\bin;C:\Program Files\Amazon\AWSCLIV2\;C:\Users\HP\OpenSSH-Win64;C:\ProgramData\chocolatey\bin;C:\Program Files (x86)\Yarn\bin\;C:\Program Files\MongoDB\Server\5.0\bin;C:\Program Files\MySQL\MySQL Server 8.0\bin;;C:\WINDOWS\system32;C:\WINDOWS;C:\WINDOWS\System32\Wbem;C:\WINDOWS\System32\WindowsPowerShell\v1.0\;C:\WINDOWS\System32\OpenSSH\;C:\Program Files\Kubernetes\Minikube;;C:\Program Files\Docker\Docker\resources\bin;C:\Program Files\PowerShell\7\;C:\Users\HP\AppData\Local\Programs\Python\Python38\Scripts\;C:\Users\HP\AppData\Local\Programs\Python\Python38\;C:\Users\HP\AppData\Local\Microsoft\WindowsApps;C:\Program Files\JetBrains\PyCharm Community Edition 2023.1.3\bin;;C:\Program Files\heroku\bin;C:\Users\HP\apache-maven-3.9.6\bin;C:\Program Files\JetBrains\DataGrip 2023.3.4\bin;;C:\Program Files\MySQL\MySQL Server 8.3\bin;C:\Users\HP\AppData\Local\Programs\oh-my-posh\bin;C:\Users\HP\AppData\Local\Yarn\bin;C:\Program Files\MongoDB\Server\5.0\bin;C:\Users\HP\AppData\Local\Programs\Microsoft VS Code\bin;C:\Program Files\MySQL\MySQL Server 8.0\bin;C:\Users\HP\AppData\Local\Programs\Antigravity\bin;C:\Users\HP\AppData\Local\Programs\mongosh\;c:\Users\HP\.antigravity\extensions\vscjava.vscode-java-debug-0.58.5-universal\bundled\scripts\noConfigScripts
USERNAME=HP
LANG=en_US.UTF-8
OS=Windows_NT
PROCESSOR_IDENTIFIER=AMD64 Family 23 Model 96 Stepping 1, AuthenticAMD
TMP=C:\Users\HP\AppData\Local\Temp
TEMP=C:\Users\HP\AppData\Local\Temp



Periodic native trim disabled


---------------  S Y S T E M  ---------------

OS:
 Windows 11 , 64 bit Build 26100 (10.0.26100.7705)
OS uptime: 0 days 18:56 hours
Hyper-V role detected

CPU: total 6 (initial active 6) (6 cores per cpu, 1 threads per core) family 23 model 96 stepping 1 microcode 0x8600109, cx8, cmov, fxsr, mmx, 3dnowpref, sse, sse2, sse3, ssse3, sse4a, sse4.1, sse4.2, popcnt, lzcnt, tsc, tscinvbit, avx, avx2, aes, clmul, bmi1, bmi2, adx, sha, fma, vzeroupper, clflush, clflushopt, hv
Processor Information for all 6 processors :
  Max Mhz: 2375, Current Mhz: 1700, Mhz Limit: 2375

Memory: 4k page, system-wide physical 7564M (321M free)
TotalPageFile size 31116M (AvailPageFile size 2M)
current process WorkingSet (physical memory assigned to process): 59M, peak: 194M
current process commit charge ("private bytes"): 206M, peak: 261M

vm_info: OpenJDK 64-Bit Server VM (17.0.18+8) for windows-amd64 JRE (17.0.18+8), built on Jan 20 2026 22:28:22 by "admin" with MS VC++ 17.12 (VS2022)

END.
