#
# There is insufficient memory for the Java Runtime Environment to continue.
# Native memory allocation (malloc) failed to allocate 1787120 bytes. Error detail: Chunk::new
# Possible reasons:
#   The system is out of physical RAM or swap space
#   This process is running with CompressedOops enabled, and the Java Heap may be blocking the growth of the native heap
# Possible solutions:
#   Reduce memory load on the system
#   Increase physical memory or swap space
#   Check if swap backing store is full
#   Decrease Java heap size (-Xmx/-Xms)
#   Decrease number of Java threads
#   Decrease Java thread stack sizes (-Xss)
#   Set larger code cache with -XX:ReservedCodeCacheSize=
#   JVM is running with Unscaled Compressed Oops mode in which the Java heap is
#     placed in the first 4GB address space. The Java Heap base address is the
#     maximum limit for the native heap growth. Please use -XX:HeapBaseMinAddress
#     to set the Java Heap base and to place the Java Heap above 4GB virtual address.
# This output file may be truncated or incomplete.
#
#  Out of Memory Error (arena.cpp:191), pid=29516, tid=5888
#
# JRE version: OpenJDK Runtime Environment Temurin-17.0.18+8 (17.0.18+8) (build 17.0.18+8)
# Java VM: OpenJDK 64-Bit Server VM Temurin-17.0.18+8 (17.0.18+8, mixed mode, sharing, tiered, compressed oops, compressed class ptrs, g1 gc, windows-amd64)
# No core dump will be written. Minidumps are not enabled by default on client versions of Windows
#

---------------  S U M M A R Y ------------

Command Line: -XX:+ShowCodeDetailsInExceptionMessages com.example.frontend.FrontendApplication

Host: AMD Ryzen 5 4500U with Radeon Graphics         , 6 cores, 7G,  Windows 11 , 64 bit Build 26100 (10.0.26100.7705)
Time: Wed Mar  4 21:45:36 2026 India Standard Time elapsed time: 14.734620 seconds (0d 0h 0m 14s)

---------------  T H R E A D  ---------------

Current thread (0x000001a97d064b70):  JavaThread "C2 CompilerThread1" daemon [_thread_in_native, id=5888, stack(0x0000003b0af00000,0x0000003b0b000000)]


Current CompileTask:
C2:14735 3846       4       org.springframework.core.annotation.TypeMappedAnnotations::get (52 bytes)

Stack: [0x0000003b0af00000,0x0000003b0b000000]
Native frames: (J=compiled Java code, j=interpreted, Vv=VM code, C=native code)
V  [jvm.dll+0x6846f9]
V  [jvm.dll+0x839ea5]
V  [jvm.dll+0x83b91e]
V  [jvm.dll+0x83bfa3]
V  [jvm.dll+0x248eff]
V  [jvm.dll+0xad496]
V  [jvm.dll+0xadb3c]
V  [jvm.dll+0x368c1e]
V  [jvm.dll+0x1bc1ef]
V  [jvm.dll+0x219f10]
V  [jvm.dll+0x219200]
V  [jvm.dll+0x1a4920]
V  [jvm.dll+0x22989a]
V  [jvm.dll+0x227a4b]
V  [jvm.dll+0x7f0658]
V  [jvm.dll+0x7eaaec]
V  [jvm.dll+0x6835c7]
C  [ucrtbase.dll+0x37b0]
C  [KERNEL32.DLL+0x2e8d7]
C  [ntdll.dll+0x8c40c]


---------------  P R O C E S S  ---------------

Threads class SMR info:
_java_thread_list=0x000001a97d4f4c20, length=16, elements={
0x000001a91675e9b0, 0x000001a93643e5e0, 0x000001a93643fa20, 0x000001a93645bf40,
0x000001a93645e820, 0x000001a93645f0f0, 0x000001a93645f9c0, 0x000001a936460670,
0x000001a936463890, 0x000001a936468d20, 0x000001a9366b22f0, 0x000001a9366c2890,
0x000001a97d064b70, 0x000001a97ea1d390, 0x000001a97d065090, 0x000001a97dfa0f60
}

Java Threads: ( => current thread )
  0x000001a91675e9b0 JavaThread "main" [_thread_in_vm, id=27136, stack(0x0000003b09700000,0x0000003b09800000)]
  0x000001a93643e5e0 JavaThread "Reference Handler" daemon [_thread_blocked, id=17984, stack(0x0000003b09e00000,0x0000003b09f00000)]
  0x000001a93643fa20 JavaThread "Finalizer" daemon [_thread_blocked, id=27848, stack(0x0000003b09f00000,0x0000003b0a000000)]
  0x000001a93645bf40 JavaThread "Signal Dispatcher" daemon [_thread_blocked, id=16576, stack(0x0000003b0a000000,0x0000003b0a100000)]
  0x000001a93645e820 JavaThread "Attach Listener" daemon [_thread_blocked, id=25728, stack(0x0000003b0a100000,0x0000003b0a200000)]
  0x000001a93645f0f0 JavaThread "Service Thread" daemon [_thread_blocked, id=26288, stack(0x0000003b0a200000,0x0000003b0a300000)]
  0x000001a93645f9c0 JavaThread "Monitor Deflation Thread" daemon [_thread_blocked, id=10176, stack(0x0000003b0a300000,0x0000003b0a400000)]
  0x000001a936460670 JavaThread "C2 CompilerThread0" daemon [_thread_in_native, id=24604, stack(0x0000003b0a400000,0x0000003b0a500000)]
  0x000001a936463890 JavaThread "C1 CompilerThread0" daemon [_thread_blocked, id=20792, stack(0x0000003b0a500000,0x0000003b0a600000)]
  0x000001a936468d20 JavaThread "Sweeper thread" daemon [_thread_blocked, id=25692, stack(0x0000003b0a600000,0x0000003b0a700000)]
  0x000001a9366b22f0 JavaThread "Notification Thread" daemon [_thread_blocked, id=28188, stack(0x0000003b0a700000,0x0000003b0a800000)]
  0x000001a9366c2890 JavaThread "Common-Cleaner" daemon [_thread_blocked, id=23556, stack(0x0000003b0a900000,0x0000003b0aa00000)]
=>0x000001a97d064b70 JavaThread "C2 CompilerThread1" daemon [_thread_in_native, id=5888, stack(0x0000003b0af00000,0x0000003b0b000000)]
  0x000001a97ea1d390 JavaThread "Catalina-utility-1" [_thread_blocked, id=9852, stack(0x0000003b0b200000,0x0000003b0b300000)]
  0x000001a97d065090 JavaThread "Catalina-utility-2" [_thread_blocked, id=5256, stack(0x0000003b0b300000,0x0000003b0b400000)]
  0x000001a97dfa0f60 JavaThread "container-0" [_thread_blocked, id=10216, stack(0x0000003b0b400000,0x0000003b0b500000)]

Other Threads:
  0x000001a936439f90 VMThread "VM Thread" [stack: 0x0000003b09d00000,0x0000003b09e00000] [id=1148]
  0x000001a9366b47e0 WatcherThread [stack: 0x0000003b0a800000,0x0000003b0a900000] [id=18084]
  0x000001a9189dfe70 GCTaskThread "GC Thread#0" [stack: 0x0000003b09800000,0x0000003b09900000] [id=14592]
  0x000001a97c4bd560 GCTaskThread "GC Thread#1" [stack: 0x0000003b0aa00000,0x0000003b0ab00000] [id=27216]
  0x000001a97c4bd2a0 GCTaskThread "GC Thread#2" [stack: 0x0000003b0ab00000,0x0000003b0ac00000] [id=26656]
  0x000001a97c4bdae0 GCTaskThread "GC Thread#3" [stack: 0x0000003b0ac00000,0x0000003b0ad00000] [id=18056]
  0x000001a97c4bbf60 GCTaskThread "GC Thread#4" [stack: 0x0000003b0ad00000,0x0000003b0ae00000] [id=2252]
  0x000001a97c4bca60 GCTaskThread "GC Thread#5" [stack: 0x0000003b0b000000,0x0000003b0b100000] [id=23312]
  0x000001a9189ef940 ConcurrentGCThread "G1 Main Marker" [stack: 0x0000003b09900000,0x0000003b09a00000] [id=26620]
  0x000001a9189f0260 ConcurrentGCThread "G1 Conc#0" [stack: 0x0000003b09a00000,0x0000003b09b00000] [id=30040]
  0x000001a97c4bc220 ConcurrentGCThread "G1 Conc#1" [stack: 0x0000003b0b100000,0x0000003b0b200000] [id=24796]
  0x000001a9362f20c0 ConcurrentGCThread "G1 Refine#0" [stack: 0x0000003b09b00000,0x0000003b09c00000] [id=23060]
  0x000001a97c5a5910 ConcurrentGCThread "G1 Refine#1" [stack: 0x0000003b0ae00000,0x0000003b0af00000] [id=5844]
  0x000001a9362f29f0 ConcurrentGCThread "G1 Service" [stack: 0x0000003b09c00000,0x0000003b09d00000] [id=15560]

Threads with active compile tasks:
C2 CompilerThread0  14785 3853       4       org.springframework.core.annotation.TypeMappedAnnotations::get (8 bytes)
C2 CompilerThread1  14785 3846       4       org.springframework.core.annotation.TypeMappedAnnotations::get (52 bytes)

VM state: not at safepoint (normal execution)

VM Mutex/Monitor currently owned by a thread:  ([mutex/lock_event])
[0x000001a918978f20] Metaspace_lock - owner thread: 0x000001a91675e9b0

Heap address: 0x0000000089c00000, size: 1892 MB, Compressed Oops mode: 32-bit

CDS archive(s) mapped at: [0x000001a937000000-0x000001a937bb0000-0x000001a937bb0000), size 12255232, SharedBaseAddress: 0x000001a937000000, ArchiveRelocationMode: 1.
Compressed class space mapped at: 0x000001a938000000-0x000001a978000000, reserved size: 1073741824
Narrow klass base: 0x000001a937000000, Narrow klass shift: 0, Narrow klass range: 0x100000000

GC Precious Log:
 CPUs: 6 total, 6 available
 Memory: 7564M
 Large Page Support: Disabled
 NUMA Support: Disabled
 Compressed Oops: Enabled (32-bit)
 Heap Region Size: 1M
 Heap Min Capacity: 8M
 Heap Initial Capacity: 120M
 Heap Max Capacity: 1892M
 Pre-touch: Disabled
 Parallel Workers: 6
 Concurrent Workers: 2
 Concurrent Refinement Workers: 6
 Periodic GC: Disabled

Heap:
 garbage-first heap   total 48128K, used 15703K [0x0000000089c00000, 0x0000000100000000)
  region size 1024K, 3 young (3072K), 2 survivors (2048K)
 Metaspace       used 29194K, committed 29568K, reserved 1114112K
  class space    used 3662K, committed 3840K, reserved 1048576K

Heap Regions: E=young(eden), S=young(survivor), O=old, HS=humongous(starts), HC=humongous(continues), CS=collection set, F=free, OA=open archive, CA=closed archive, TAMS=top-at-mark-start (previous, next)
|   0|0x0000000089c00000, 0x0000000089d00000, 0x0000000089d00000|100%| O|  |TAMS 0x0000000089d00000, 0x0000000089c00000| Untracked 
|   1|0x0000000089d00000, 0x0000000089e00000, 0x0000000089e00000|100%| O|  |TAMS 0x0000000089e00000, 0x0000000089d00000| Untracked 
|   2|0x0000000089e00000, 0x0000000089f00000, 0x0000000089f00000|100%| O|  |TAMS 0x0000000089f00000, 0x0000000089e00000| Untracked 
|   3|0x0000000089f00000, 0x000000008a000000, 0x000000008a000000|100%| O|  |TAMS 0x000000008a000000, 0x0000000089f00000| Untracked 
|   4|0x000000008a000000, 0x000000008a100000, 0x000000008a100000|100%| O|  |TAMS 0x000000008a100000, 0x000000008a000000| Untracked 
|   5|0x000000008a100000, 0x000000008a12ea00, 0x000000008a200000| 18%| O|  |TAMS 0x000000008a12ea00, 0x000000008a100000| Untracked 
|   6|0x000000008a200000, 0x000000008a300000, 0x000000008a300000|100%| O|  |TAMS 0x000000008a200000, 0x000000008a200000| Untracked 
|   7|0x000000008a300000, 0x000000008a400000, 0x000000008a400000|100%| O|  |TAMS 0x000000008a300000, 0x000000008a300000| Untracked 
|   8|0x000000008a400000, 0x000000008a500000, 0x000000008a500000|100%| O|  |TAMS 0x000000008a400000, 0x000000008a400000| Untracked 
|   9|0x000000008a500000, 0x000000008a600000, 0x000000008a600000|100%| O|  |TAMS 0x000000008a500000, 0x000000008a500000| Untracked 
|  10|0x000000008a600000, 0x000000008a700000, 0x000000008a700000|100%| O|  |TAMS 0x000000008a600000, 0x000000008a600000| Untracked 
|  11|0x000000008a700000, 0x000000008a800000, 0x000000008a800000|100%| O|  |TAMS 0x000000008a700000, 0x000000008a700000| Untracked 
|  12|0x000000008a800000, 0x000000008a900000, 0x000000008a900000|100%| O|  |TAMS 0x000000008a800000, 0x000000008a800000| Untracked 
|  13|0x000000008a900000, 0x000000008aa00000, 0x000000008aa00000|100%| O|  |TAMS 0x000000008a900000, 0x000000008a900000| Untracked 
|  14|0x000000008aa00000, 0x000000008aa2d600, 0x000000008ab00000| 17%| O|  |TAMS 0x000000008aa00000, 0x000000008aa00000| Untracked 
|  15|0x000000008ab00000, 0x000000008ab00000, 0x000000008ac00000|  0%| F|  |TAMS 0x000000008ab00000, 0x000000008ab00000| Untracked 
|  16|0x000000008ac00000, 0x000000008ac00000, 0x000000008ad00000|  0%| F|  |TAMS 0x000000008ac00000, 0x000000008ac00000| Untracked 
|  17|0x000000008ad00000, 0x000000008ad00000, 0x000000008ae00000|  0%| F|  |TAMS 0x000000008ad00000, 0x000000008ad00000| Untracked 
|  18|0x000000008ae00000, 0x000000008ae00000, 0x000000008af00000|  0%| F|  |TAMS 0x000000008ae00000, 0x000000008ae00000| Untracked 
|  19|0x000000008af00000, 0x000000008af00000, 0x000000008b000000|  0%| F|  |TAMS 0x000000008af00000, 0x000000008af00000| Untracked 
|  20|0x000000008b000000, 0x000000008b000000, 0x000000008b100000|  0%| F|  |TAMS 0x000000008b000000, 0x000000008b000000| Untracked 
|  21|0x000000008b100000, 0x000000008b100000, 0x000000008b200000|  0%| F|  |TAMS 0x000000008b100000, 0x000000008b100000| Untracked 
|  22|0x000000008b200000, 0x000000008b200000, 0x000000008b300000|  0%| F|  |TAMS 0x000000008b200000, 0x000000008b200000| Untracked 
|  23|0x000000008b300000, 0x000000008b300000, 0x000000008b400000|  0%| F|  |TAMS 0x000000008b300000, 0x000000008b300000| Untracked 
|  24|0x000000008b400000, 0x000000008b400000, 0x000000008b500000|  0%| F|  |TAMS 0x000000008b400000, 0x000000008b400000| Untracked 
|  25|0x000000008b500000, 0x000000008b500000, 0x000000008b600000|  0%| F|  |TAMS 0x000000008b500000, 0x000000008b500000| Untracked 
|  26|0x000000008b600000, 0x000000008b6f9dd0, 0x000000008b700000| 97%| S|CS|TAMS 0x000000008b600000, 0x000000008b600000| Complete 
|  27|0x000000008b700000, 0x000000008b800000, 0x000000008b800000|100%| S|CS|TAMS 0x000000008b700000, 0x000000008b700000| Complete 
|  28|0x000000008b800000, 0x000000008b800000, 0x000000008b900000|  0%| F|  |TAMS 0x000000008b800000, 0x000000008b800000| Untracked 
|  29|0x000000008b900000, 0x000000008b900000, 0x000000008ba00000|  0%| F|  |TAMS 0x000000008b900000, 0x000000008b900000| Untracked 
|  30|0x000000008ba00000, 0x000000008ba00000, 0x000000008bb00000|  0%| F|  |TAMS 0x000000008ba00000, 0x000000008ba00000| Untracked 
|  31|0x000000008bb00000, 0x000000008bb00000, 0x000000008bc00000|  0%| F|  |TAMS 0x000000008bb00000, 0x000000008bb00000| Untracked 
|  32|0x000000008bc00000, 0x000000008bc00000, 0x000000008bd00000|  0%| F|  |TAMS 0x000000008bc00000, 0x000000008bc00000| Untracked 
|  33|0x000000008bd00000, 0x000000008bd00000, 0x000000008be00000|  0%| F|  |TAMS 0x000000008bd00000, 0x000000008bd00000| Untracked 
|  34|0x000000008be00000, 0x000000008be00000, 0x000000008bf00000|  0%| F|  |TAMS 0x000000008be00000, 0x000000008be00000| Untracked 
|  35|0x000000008bf00000, 0x000000008bf00000, 0x000000008c000000|  0%| F|  |TAMS 0x000000008bf00000, 0x000000008bf00000| Untracked 
|  36|0x000000008c000000, 0x000000008c000000, 0x000000008c100000|  0%| F|  |TAMS 0x000000008c000000, 0x000000008c000000| Untracked 
|  37|0x000000008c100000, 0x000000008c100000, 0x000000008c200000|  0%| F|  |TAMS 0x000000008c100000, 0x000000008c100000| Untracked 
|  38|0x000000008c200000, 0x000000008c200000, 0x000000008c300000|  0%| F|  |TAMS 0x000000008c200000, 0x000000008c200000| Untracked 
|  55|0x000000008d300000, 0x000000008d300000, 0x000000008d400000|  0%| F|  |TAMS 0x000000008d300000, 0x000000008d300000| Untracked 
|  56|0x000000008d400000, 0x000000008d400000, 0x000000008d500000|  0%| F|  |TAMS 0x000000008d400000, 0x000000008d400000| Untracked 
|  57|0x000000008d500000, 0x000000008d500000, 0x000000008d600000|  0%| F|  |TAMS 0x000000008d500000, 0x000000008d500000| Untracked 
|  58|0x000000008d600000, 0x000000008d600000, 0x000000008d700000|  0%| F|  |TAMS 0x000000008d600000, 0x000000008d600000| Untracked 
|  59|0x000000008d700000, 0x000000008d700000, 0x000000008d800000|  0%| F|  |TAMS 0x000000008d700000, 0x000000008d700000| Untracked 
|  60|0x000000008d800000, 0x000000008d800000, 0x000000008d900000|  0%| F|  |TAMS 0x000000008d800000, 0x000000008d800000| Untracked 
|  61|0x000000008d900000, 0x000000008d900000, 0x000000008da00000|  0%| F|  |TAMS 0x000000008d900000, 0x000000008d900000| Untracked 
| 119|0x0000000091300000, 0x00000000913a9f20, 0x0000000091400000| 66%| E|  |TAMS 0x0000000091300000, 0x0000000091300000| Complete 

Card table byte_map: [0x000001a92f9b0000,0x000001a92fd70000] _byte_map_base: 0x000001a92f562000

Marking Bits (Prev, Next): (CMBitMap*) 0x000001a9189e03d0, (CMBitMap*) 0x000001a9189e0390
 Prev Bits: [0x000001a931ec0000, 0x000001a933c50000)
 Next Bits: [0x000001a930130000, 0x000001a931ec0000)

Polling page: 0x000001a916890000

Metaspace:

Usage:
  Non-class:     24.93 MB used.
      Class:      3.58 MB used.
       Both:     28.51 MB used.

Virtual space:
  Non-class space:       64.00 MB reserved,      25.12 MB ( 39%) committed,  1 nodes.
      Class space:        1.00 GB reserved,       3.75 MB ( <1%) committed,  1 nodes.
             Both:        1.06 GB reserved,      28.88 MB (  3%) committed. 

Chunk freelists:
   Non-Class:  5.92 MB
       Class:  12.06 MB
        Both:  17.98 MB

MaxMetaspaceSize: unlimited
CompressedClassSpaceSize: 1.00 GB
Initial GC threshold: 21.00 MB
Current GC threshold: 35.44 MB
CDS: on
MetaspaceReclaimPolicy: balanced
 - commit_granule_bytes: 65536.
 - commit_granule_words: 8192.
 - virtual_space_node_default_size: 8388608.
 - enlarge_chunks_in_place: 1.
 - new_chunks_are_fully_committed: 0.
 - uncommit_free_chunks: 1.
 - use_allocation_guard: 0.
 - handle_deallocations: 1.


Internal statistics:

num_allocs_failed_limit: 3.
num_arena_births: 542.
num_arena_deaths: 0.
num_vsnodes_births: 2.
num_vsnodes_deaths: 0.
num_space_committed: 462.
num_space_uncommitted: 0.
num_chunks_returned_to_freelist: 3.
num_chunks_taken_from_freelist: 1609.
num_chunk_merges: 3.
num_chunk_splits: 1100.
num_chunks_enlarged: 803.
num_inconsistent_stats: 0.

CodeHeap 'non-profiled nmethods': size=120000Kb used=2037Kb max_used=2037Kb free=117962Kb
 bounds [0x000001a927fb0000, 0x000001a928220000, 0x000001a92f4e0000]
CodeHeap 'profiled nmethods': size=120000Kb used=8490Kb max_used=8490Kb free=111509Kb
 bounds [0x000001a9204e0000, 0x000001a920d30000, 0x000001a927a10000]
CodeHeap 'non-nmethods': size=5760Kb used=1222Kb max_used=1274Kb free=4537Kb
 bounds [0x000001a927a10000, 0x000001a927c80000, 0x000001a927fb0000]
 total_blobs=4421 nmethods=3897 adapters=435
 compilation: enabled
              stopped_count=0, restarted_count=0
 full_count=0

Compilation events (20 events):
Event: 14.079 Thread 0x000001a936463890 3889       3       org.springframework.beans.factory.support.DefaultListableBeanFactory::findAnnotationOnBean (174 bytes)
Event: 14.080 Thread 0x000001a936463890 nmethod 3889 0x000001a920d1e490 code [0x000001a920d1e800, 0x000001a920d1ffa8]
Event: 14.080 Thread 0x000001a936463890 3890   !   3       jdk.proxy2.$Proxy41::annotationType (29 bytes)
Event: 14.081 Thread 0x000001a936463890 nmethod 3890 0x000001a920d20690 code [0x000001a920d20860, 0x000001a920d20c58]
Event: 14.081 Thread 0x000001a936463890 3891   !   3       jdk.proxy2.$Proxy44::annotationType (29 bytes)
Event: 14.082 Thread 0x000001a936463890 nmethod 3891 0x000001a920d20e10 code [0x000001a920d20fe0, 0x000001a920d213d8]
Event: 14.082 Thread 0x000001a936463890 3892       3       org.springframework.aop.scope.ScopedProxyUtils::isScopedTarget (19 bytes)
Event: 14.082 Thread 0x000001a936463890 nmethod 3892 0x000001a920d21590 code [0x000001a920d21740, 0x000001a920d21968]
Event: 14.089 Thread 0x000001a936463890 3893       3       java.lang.invoke.DirectMethodHandle$Holder::invokeStatic (22 bytes)
Event: 14.090 Thread 0x000001a936463890 nmethod 3893 0x000001a920d21a90 code [0x000001a920d21c60, 0x000001a920d221f8]
Event: 14.090 Thread 0x000001a936463890 3894       3       java.lang.invoke.MethodHandles::insertArguments (98 bytes)
Event: 14.091 Thread 0x000001a936463890 nmethod 3894 0x000001a920d22310 code [0x000001a920d22580, 0x000001a920d230c8]
Event: 14.091 Thread 0x000001a936463890 3895       3       java.lang.invoke.MethodHandles::insertArgumentsChecks (51 bytes)
Event: 14.092 Thread 0x000001a936463890 nmethod 3895 0x000001a920d23590 code [0x000001a920d23780, 0x000001a920d23c78]
Event: 14.117 Thread 0x000001a936463890 3896       3       org.springframework.core.annotation.TypeMappedAnnotations$IsPresent::get (60 bytes)
Event: 14.117 Thread 0x000001a936463890 nmethod 3896 0x000001a920d23e90 code [0x000001a920d24080, 0x000001a920d245d8]
Event: 14.160 Thread 0x000001a936463890 3897       3       org.springframework.core.annotation.AnnotatedElementUtils::hasAnnotation (38 bytes)
Event: 14.161 Thread 0x000001a936463890 nmethod 3897 0x000001a920d24790 code [0x000001a920d249c0, 0x000001a920d25098]
Event: 14.161 Thread 0x000001a936463890 3898       3       org.springframework.beans.factory.support.AbstractBeanFactory::getType (7 bytes)
Event: 14.161 Thread 0x000001a936463890 nmethod 3898 0x000001a920d25310 code [0x000001a920d254c0, 0x000001a920d25688]

GC Heap History (8 events):
Event: 3.069 GC heap before
{Heap before GC invocations=0 (full 0):
 garbage-first heap   total 122880K, used 20480K [0x0000000089c00000, 0x0000000100000000)
  region size 1024K, 21 young (21504K), 0 survivors (0K)
 Metaspace       used 5964K, committed 6080K, reserved 1114112K
  class space    used 716K, committed 768K, reserved 1048576K
}
Event: 3.089 GC heap after
{Heap after GC invocations=1 (full 0):
 garbage-first heap   total 122880K, used 5115K [0x0000000089c00000, 0x0000000100000000)
  region size 1024K, 3 young (3072K), 3 survivors (3072K)
 Metaspace       used 5964K, committed 6080K, reserved 1114112K
  class space    used 716K, committed 768K, reserved 1048576K
}
Event: 6.748 GC heap before
{Heap before GC invocations=1 (full 0):
 garbage-first heap   total 122880K, used 27643K [0x0000000089c00000, 0x0000000100000000)
  region size 1024K, 26 young (26624K), 3 survivors (3072K)
 Metaspace       used 11493K, committed 11712K, reserved 1114112K
  class space    used 1376K, committed 1472K, reserved 1048576K
}
Event: 6.755 GC heap after
{Heap after GC invocations=2 (full 0):
 garbage-first heap   total 122880K, used 7281K [0x0000000089c00000, 0x0000000100000000)
  region size 1024K, 2 young (2048K), 2 survivors (2048K)
 Metaspace       used 11493K, committed 11712K, reserved 1114112K
  class space    used 1376K, committed 1472K, reserved 1048576K
}
Event: 10.970 GC heap before
{Heap before GC invocations=2 (full 0):
 garbage-first heap   total 122880K, used 63601K [0x0000000089c00000, 0x0000000100000000)
  region size 1024K, 58 young (59392K), 2 survivors (2048K)
 Metaspace       used 21232K, committed 21504K, reserved 1114112K
  class space    used 2616K, committed 2752K, reserved 1048576K
}
Event: 10.986 GC heap after
{Heap after GC invocations=3 (full 0):
 garbage-first heap   total 122880K, used 11783K [0x0000000089c00000, 0x0000000100000000)
  region size 1024K, 7 young (7168K), 7 survivors (7168K)
 Metaspace       used 21232K, committed 21504K, reserved 1114112K
  class space    used 2616K, committed 2752K, reserved 1048576K
}
Event: 12.842 GC heap before
{Heap before GC invocations=4 (full 0):
 garbage-first heap   total 48128K, used 33287K [0x0000000089c00000, 0x0000000100000000)
  region size 1024K, 28 young (28672K), 7 survivors (7168K)
 Metaspace       used 25923K, committed 26432K, reserved 1114112K
  class space    used 3227K, committed 3456K, reserved 1048576K
}
Event: 12.862 GC heap after
{Heap after GC invocations=5 (full 0):
 garbage-first heap   total 48128K, used 13838K [0x0000000089c00000, 0x0000000100000000)
  region size 1024K, 3 young (3072K), 3 survivors (3072K)
 Metaspace       used 25923K, committed 26432K, reserved 1114112K
  class space    used 3227K, committed 3456K, reserved 1048576K
}

Dll operation events (10 events):
Event: 0.123 Loaded shared library C:\Users\HP\AppData\Roaming\Antigravity\User\globalStorage\pleiades.java-extension-pack-jdk\java\17\bin\java.dll
Event: 0.195 Loaded shared library C:\Users\HP\AppData\Roaming\Antigravity\User\globalStorage\pleiades.java-extension-pack-jdk\java\17\bin\jsvml.dll
Event: 0.630 Loaded shared library C:\Users\HP\AppData\Roaming\Antigravity\User\globalStorage\pleiades.java-extension-pack-jdk\java\17\bin\net.dll
Event: 0.643 Loaded shared library C:\Users\HP\AppData\Roaming\Antigravity\User\globalStorage\pleiades.java-extension-pack-jdk\java\17\bin\nio.dll
Event: 0.650 Loaded shared library C:\Users\HP\AppData\Roaming\Antigravity\User\globalStorage\pleiades.java-extension-pack-jdk\java\17\bin\zip.dll
Event: 1.150 Loaded shared library C:\Users\HP\AppData\Roaming\Antigravity\User\globalStorage\pleiades.java-extension-pack-jdk\java\17\bin\jimage.dll
Event: 7.686 Loaded shared library C:\Users\HP\AppData\Roaming\Antigravity\User\globalStorage\pleiades.java-extension-pack-jdk\java\17\bin\sunmscapi.dll
Event: 12.369 Loaded shared library C:\Users\HP\AppData\Roaming\Antigravity\User\globalStorage\pleiades.java-extension-pack-jdk\java\17\bin\management.dll
Event: 12.390 Loaded shared library C:\Users\HP\AppData\Roaming\Antigravity\User\globalStorage\pleiades.java-extension-pack-jdk\java\17\bin\management_ext.dll
Event: 13.955 Loaded shared library C:\Users\HP\AppData\Roaming\Antigravity\User\globalStorage\pleiades.java-extension-pack-jdk\java\17\bin\verify.dll

Deoptimization events (20 events):
Event: 13.401 Thread 0x000001a91675e9b0 Uncommon trap: trap_request=0xffffff45 fr.pc=0x000001a928181fb0 relative=0x0000000000000ad0
Event: 13.401 Thread 0x000001a91675e9b0 Uncommon trap: reason=unstable_if action=reinterpret pc=0x000001a928181fb0 method=sun.reflect.annotation.AnnotationInvocationHandler.invoke(Ljava/lang/Object;Ljava/lang/reflect/Method;[Ljava/lang/Object;)Ljava/lang/Object; @ 76 c2
Event: 13.401 Thread 0x000001a91675e9b0 DEOPT PACKING pc=0x000001a928181fb0 sp=0x0000003b097fd9b0
Event: 13.401 Thread 0x000001a91675e9b0 DEOPT UNPACKING pc=0x000001a927a669a3 sp=0x0000003b097fd980 mode 2
Event: 13.412 Thread 0x000001a91675e9b0 Uncommon trap: trap_request=0xffffffde fr.pc=0x000001a928077354 relative=0x0000000000000f34
Event: 13.412 Thread 0x000001a91675e9b0 Uncommon trap: reason=class_check action=maybe_recompile pc=0x000001a928077354 method=java.util.concurrent.ConcurrentHashMap.putVal(Ljava/lang/Object;Ljava/lang/Object;Z)Ljava/lang/Object; @ 242 c2
Event: 13.412 Thread 0x000001a91675e9b0 DEOPT PACKING pc=0x000001a928077354 sp=0x0000003b097fdaf0
Event: 13.412 Thread 0x000001a91675e9b0 DEOPT UNPACKING pc=0x000001a927a669a3 sp=0x0000003b097fda60 mode 2
Event: 13.502 Thread 0x000001a91675e9b0 DEOPT PACKING pc=0x000001a920be10e0 sp=0x0000003b097f9070
Event: 13.502 Thread 0x000001a91675e9b0 DEOPT UNPACKING pc=0x000001a927a67143 sp=0x0000003b097f8588 mode 0
Event: 13.582 Thread 0x000001a91675e9b0 DEOPT PACKING pc=0x000001a920be10e0 sp=0x0000003b097f9ce0
Event: 13.582 Thread 0x000001a91675e9b0 DEOPT UNPACKING pc=0x000001a927a67143 sp=0x0000003b097f91f8 mode 0
Event: 14.053 Thread 0x000001a91675e9b0 Uncommon trap: trap_request=0xffffffde fr.pc=0x000001a928197d04 relative=0x0000000000001744
Event: 14.053 Thread 0x000001a91675e9b0 Uncommon trap: reason=class_check action=maybe_recompile pc=0x000001a928197d04 method=org.springframework.core.annotation.AnnotationsScanner.processMethodHierarchy(Ljava/lang/Object;[ILjava/lang/Class;Lorg/springframework/core/annotation/AnnotationsProces
Event: 14.053 Thread 0x000001a91675e9b0 DEOPT PACKING pc=0x000001a928197d04 sp=0x0000003b097fd160
Event: 14.053 Thread 0x000001a91675e9b0 DEOPT UNPACKING pc=0x000001a927a669a3 sp=0x0000003b097fd178 mode 2
Event: 14.117 Thread 0x000001a91675e9b0 Uncommon trap: trap_request=0xffffff45 fr.pc=0x000001a9281978b0 relative=0x00000000000012f0
Event: 14.117 Thread 0x000001a91675e9b0 Uncommon trap: reason=unstable_if action=reinterpret pc=0x000001a9281978b0 method=org.springframework.core.annotation.AnnotationsScanner.processMethodHierarchy(Ljava/lang/Object;[ILjava/lang/Class;Lorg/springframework/core/annotation/AnnotationsProcessor;
Event: 14.117 Thread 0x000001a91675e9b0 DEOPT PACKING pc=0x000001a9281978b0 sp=0x0000003b097fe120
Event: 14.117 Thread 0x000001a91675e9b0 DEOPT UNPACKING pc=0x000001a927a669a3 sp=0x0000003b097fe148 mode 2

Classes loaded (20 events):
Event: 13.550 Loading class org/w3c/dom/Node
Event: 13.552 Loading class org/w3c/dom/Node done
Event: 13.552 Loading class org/w3c/dom/Document
Event: 13.553 Loading class org/w3c/dom/Document done
Event: 13.606 Loading class java/util/OptionalLong
Event: 13.607 Loading class java/util/OptionalLong done
Event: 13.607 Loading class java/util/OptionalDouble
Event: 13.607 Loading class java/util/OptionalDouble done
Event: 13.635 Loading class jdk/internal/ValueBased
Event: 13.636 Loading class jdk/internal/ValueBased done
Event: 13.675 Loading class java/util/regex/Pattern$BnM
Event: 13.676 Loading class java/util/regex/Pattern$BnM done
Event: 13.905 Loading class java/util/regex/PatternSyntaxException
Event: 13.910 Loading class java/util/regex/PatternSyntaxException done
Event: 13.936 Loading class java/util/Comparators$NullComparator
Event: 13.937 Loading class java/util/Comparators$NullComparator done
Event: 13.937 Loading class java/util/EnumMap$Values
Event: 13.938 Loading class java/util/EnumMap$Values done
Event: 13.938 Loading class java/util/EnumMap$ValueIterator
Event: 13.938 Loading class java/util/EnumMap$ValueIterator done

Classes unloaded (0 events):
No events

Classes redefined (0 events):
No events

Internal exceptions (20 events):
Event: 10.409 Thread 0x000001a91675e9b0 Exception <a 'java/lang/NoSuchMethodError'{0x000000008e055e18}: 'int java.lang.invoke.Invokers$Holder.linkToTargetMethod(java.lang.Object, java.lang.Object, java.lang.Object)'> (0x000000008e055e18) 
thrown [s\src\hotspot\share\interpreter\linkResolver.cpp, line 759]
Event: 10.689 Thread 0x000001a91675e9b0 Exception <a 'java/lang/NoClassDefFoundError'{0x000000008dd17ed0}: org/flywaydb/core/Flyway> (0x000000008dd17ed0) 
thrown [s\src\hotspot\share\classfile\systemDictionary.cpp, line 245]
Event: 10.690 Thread 0x000001a91675e9b0 Exception <a 'java/lang/NoClassDefFoundError'{0x000000008dd197d0}: liquibase/integration/spring/SpringLiquibase> (0x000000008dd197d0) 
thrown [s\src\hotspot\share\classfile\systemDictionary.cpp, line 245]
Event: 10.796 Thread 0x000001a91675e9b0 Exception <a 'java/lang/NoSuchMethodError'{0x000000008dc0fa30}: 'void java.lang.invoke.DirectMethodHandle$Holder.invokeSpecial(java.lang.Object, java.lang.Object, java.lang.Object, java.lang.Object, java.lang.Object, java.lang.Object)'> (0x000000008dc0fa30) 
thrown [s\src\hotspot\share\interpreter\linkResolver.cpp, line 759]
Event: 11.355 Thread 0x000001a91675e9b0 Exception <a 'java/lang/NoSuchMethodError'{0x000000008bfd6218}: 'void java.lang.invoke.DirectMethodHandle$Holder.invokeInterface(java.lang.Object, java.lang.Object, int)'> (0x000000008bfd6218) 
thrown [s\src\hotspot\share\interpreter\linkResolver.cpp, line 759]
Event: 11.374 Thread 0x000001a91675e9b0 Exception <a 'java/lang/IncompatibleClassChangeError'{0x000000008be26ba8}: Found class java.lang.Object, but interface was expected> (0x000000008be26ba8) 
thrown [s\src\hotspot\share\interpreter\linkResolver.cpp, line 826]
Event: 11.376 Thread 0x000001a91675e9b0 Exception <a 'java/lang/NoSuchMethodError'{0x000000008be376d0}: 'int java.lang.invoke.DirectMethodHandle$Holder.invokeSpecialIFC(java.lang.Object, java.lang.Object, java.lang.Object)'> (0x000000008be376d0) 
thrown [s\src\hotspot\share\interpreter\linkResolver.cpp, line 759]
Event: 11.378 Thread 0x000001a91675e9b0 Exception <a 'java/lang/NoSuchMethodError'{0x000000008be45598}: 'void java.lang.invoke.DirectMethodHandle$Holder.invokeStatic(java.lang.Object, int, java.lang.Object)'> (0x000000008be45598) 
thrown [s\src\hotspot\share\interpreter\linkResolver.cpp, line 759]
Event: 11.393 Thread 0x000001a91675e9b0 Exception <a 'java/lang/NoSuchMethodError'{0x000000008be81900}: 'void java.lang.invoke.DirectMethodHandle$Holder.invokeVirtual(java.lang.Object, java.lang.Object, int)'> (0x000000008be81900) 
thrown [s\src\hotspot\share\interpreter\linkResolver.cpp, line 759]
Event: 11.394 Thread 0x000001a91675e9b0 Exception <a 'java/lang/NoSuchMethodError'{0x000000008be87b38}: 'void java.lang.invoke.DirectMethodHandle$Holder.invokeStatic(java.lang.Object, java.lang.Object, java.lang.Object, int, java.lang.Object)'> (0x000000008be87b38) 
thrown [s\src\hotspot\share\interpreter\linkResolver.cpp, line 759]
Event: 11.395 Thread 0x000001a91675e9b0 Exception <a 'java/lang/NoSuchMethodError'{0x000000008be8f040}: 'java.lang.Object java.lang.invoke.DirectMethodHandle$Holder.newInvokeSpecial(java.lang.Object, java.lang.Object, java.lang.Object, int)'> (0x000000008be8f040) 
thrown [s\src\hotspot\share\interpreter\linkResolver.cpp, line 759]
Event: 11.395 Thread 0x000001a91675e9b0 Exception <a 'java/lang/NoSuchMethodError'{0x000000008be93328}: 'java.lang.Object java.lang.invoke.DirectMethodHandle$Holder.invokeSpecial(java.lang.Object, java.lang.Object, java.lang.Object, java.lang.Object, int)'> (0x000000008be93328) 
thrown [s\src\hotspot\share\interpreter\linkResolver.cpp, line 759]
Event: 11.396 Thread 0x000001a91675e9b0 Exception <a 'java/lang/NoSuchMethodError'{0x000000008be96ef0}: 'java.lang.Object java.lang.invoke.Invokers$Holder.linkToTargetMethod(java.lang.Object, java.lang.Object, int, java.lang.Object)'> (0x000000008be96ef0) 
thrown [s\src\hotspot\share\interpreter\linkResolver.cpp, line 759]
Event: 11.698 Thread 0x000001a91675e9b0 Exception <a 'java/lang/NoSuchMethodError'{0x000000008babda40}: 'java.lang.Object java.lang.invoke.DirectMethodHandle$Holder.invokeStaticInit(java.lang.Object, int, int, int, int)'> (0x000000008babda40) 
thrown [s\src\hotspot\share\interpreter\linkResolver.cpp, line 759]
Event: 11.940 Thread 0x000001a91675e9b0 Exception <a 'java/lang/NoSuchMethodError'{0x000000008b97a470}: 'java.lang.Object java.lang.invoke.DirectMethodHandle$Holder.invokeStaticInit(java.lang.Object, java.lang.Object, int, int, int, int)'> (0x000000008b97a470) 
thrown [s\src\hotspot\share\interpreter\linkResolver.cpp, line 759]
Event: 12.255 Thread 0x000001a91675e9b0 Exception <a 'java/lang/NoSuchMethodError'{0x000000008b457d60}: 'java.lang.Object java.lang.invoke.DirectMethodHandle$Holder.invokeSpecial(java.lang.Object, java.lang.Object, long, java.lang.Object, java.lang.Object, java.lang.Object, java.lang.Object, java.lang.Object, java.lang.Object)'> (0x000000008b457d60) 
thrown [s\src\hotspot\share\interpreter\linkResolver.cpp, line 759]
Event: 12.255 Thread 0x000001a91675e9b0 Exception <a 'java/lang/NoSuchMethodError'{0x000000008b45c888}: 'java.lang.Object java.lang.invoke.DelegatingMethodHandle$Holder.reinvoke_L(java.lang.Object, long, java.lang.Object, java.lang.Object, java.lang.Object, java.lang.Object, java.lang.Object, java.lang.Object)'> (0x000000008b45c888) 
thrown [s\src\hotspot\share\interpreter\linkResolver.cpp, line 759]
Event: 12.484 Thread 0x000001a91675e9b0 Exception <a 'java/io/FileNotFoundException'{0x000000008b3b70b0}> (0x000000008b3b70b0) 
thrown [s\src\hotspot\share\prims\jni.cpp, line 516]
Event: 12.570 Thread 0x000001a91675e9b0 Exception <a 'java/lang/NoSuchMethodError'{0x000000008b2d5120}: 'int java.lang.invoke.DirectMethodHandle$Holder.invokeInterface(java.lang.Object, java.lang.Object, java.lang.Object, java.lang.Object)'> (0x000000008b2d5120) 
thrown [s\src\hotspot\share\interpreter\linkResolver.cpp, line 759]
Event: 12.740 Thread 0x000001a91675e9b0 Exception <a 'java/lang/NoSuchMethodError'{0x000000008b0bc6b8}: 'long java.lang.invoke.DirectMethodHandle$Holder.invokeVirtual(java.lang.Object, java.lang.Object)'> (0x000000008b0bc6b8) 
thrown [s\src\hotspot\share\interpreter\linkResolver.cpp, line 759]

VM Operations (20 events):
Event: 12.433 Executing VM operation: HandshakeAllThreads
Event: 12.433 Executing VM operation: HandshakeAllThreads done
Event: 12.433 Executing VM operation: HandshakeAllThreads
Event: 12.433 Executing VM operation: HandshakeAllThreads done
Event: 12.632 Executing VM operation: HandshakeAllThreads
Event: 12.632 Executing VM operation: HandshakeAllThreads done
Event: 12.633 Executing VM operation: HandshakeAllThreads
Event: 12.633 Executing VM operation: HandshakeAllThreads done
Event: 12.768 Executing VM operation: HandshakeAllThreads
Event: 12.768 Executing VM operation: HandshakeAllThreads done
Event: 12.842 Executing VM operation: G1CollectForAllocation
Event: 12.862 Executing VM operation: G1CollectForAllocation done
Event: 13.591 Executing VM operation: HandshakeAllThreads
Event: 13.591 Executing VM operation: HandshakeAllThreads done
Event: 14.024 Executing VM operation: ICBufferFull
Event: 14.024 Executing VM operation: ICBufferFull done
Event: 14.153 Executing VM operation: HandshakeAllThreads
Event: 14.153 Executing VM operation: HandshakeAllThreads done
Event: 14.154 Executing VM operation: HandshakeAllThreads
Event: 14.154 Executing VM operation: HandshakeAllThreads done

Memory protections (0 events):
No events

Nmethod flushes (0 events):
No events

Events (20 events):
Event: 3.917 Thread 0x000001a936463890 Thread added: 0x000001a97c9305a0
Event: 4.166 Thread 0x000001a97c9305a0 Thread exited: 0x000001a97c9305a0
Event: 4.180 Thread 0x000001a91675e9b0 Thread added: 0x000001a97c9305a0
Event: 7.707 Thread 0x000001a97c9305a0 Thread exited: 0x000001a97c9305a0
Event: 7.719 Thread 0x000001a91675e9b0 Thread added: 0x000001a97cad4040
Event: 7.737 Thread 0x000001a936460670 Thread added: 0x000001a97c3cb140
Event: 7.783 Thread 0x000001a97cad4040 Thread exited: 0x000001a97cad4040
Event: 8.854 Thread 0x000001a97c3cb140 Thread exited: 0x000001a97c3cb140
Event: 9.486 Thread 0x000001a936463890 Thread added: 0x000001a97d847a60
Event: 10.246 Thread 0x000001a97d847a60 Thread exited: 0x000001a97d847a60
Event: 10.539 Thread 0x000001a936463890 Thread added: 0x000001a97d64a4f0
Event: 11.079 Thread 0x000001a97d64a4f0 Thread exited: 0x000001a97d64a4f0
Event: 11.289 Thread 0x000001a936463890 Thread added: 0x000001a97d5c2a10
Event: 12.073 Thread 0x000001a97d5c2a10 Thread exited: 0x000001a97d5c2a10
Event: 12.350 Thread 0x000001a936463890 Thread added: 0x000001a97c98b790
Event: 12.482 Thread 0x000001a97c98b790 Thread exited: 0x000001a97c98b790
Event: 12.600 Thread 0x000001a936463890 Thread added: 0x000001a97d064b70
Event: 12.792 Thread 0x000001a91675e9b0 Thread added: 0x000001a97ea1d390
Event: 12.800 Thread 0x000001a91675e9b0 Thread added: 0x000001a97d065090
Event: 12.819 Thread 0x000001a91675e9b0 Thread added: 0x000001a97dfa0f60


Dynamic libraries:
0x00007ff7ad280000 - 0x00007ff7ad28e000 	C:\Users\HP\AppData\Roaming\Antigravity\User\globalStorage\pleiades.java-extension-pack-jdk\java\17\bin\java.exe
0x00007ffa785c0000 - 0x00007ffa78828000 	C:\WINDOWS\SYSTEM32\ntdll.dll
0x00007ffa76f00000 - 0x00007ffa76fc9000 	C:\WINDOWS\System32\KERNEL32.DLL
0x00007ffa75a70000 - 0x00007ffa75e61000 	C:\WINDOWS\System32\KERNELBASE.dll
0x00007ffa75920000 - 0x00007ffa75a6b000 	C:\WINDOWS\System32\ucrtbase.dll
0x00007ffa43700000 - 0x00007ffa4371e000 	C:\Users\HP\AppData\Roaming\Antigravity\User\globalStorage\pleiades.java-extension-pack-jdk\java\17\bin\VCRUNTIME140.dll
0x00007ffa43720000 - 0x00007ffa43738000 	C:\Users\HP\AppData\Roaming\Antigravity\User\globalStorage\pleiades.java-extension-pack-jdk\java\17\bin\jli.dll
0x00007ffa77150000 - 0x00007ffa77316000 	C:\WINDOWS\System32\USER32.dll
0x00007ffa76330000 - 0x00007ffa76357000 	C:\WINDOWS\System32\win32u.dll
0x00007ffa77040000 - 0x00007ffa7706b000 	C:\WINDOWS\System32\GDI32.dll
0x00007ffa76150000 - 0x00007ffa7627b000 	C:\WINDOWS\System32\gdi32full.dll
0x00007ffa75e70000 - 0x00007ffa75f13000 	C:\WINDOWS\System32\msvcp_win.dll
0x00007ffa5d690000 - 0x00007ffa5d923000 	C:\WINDOWS\WinSxS\amd64_microsoft.windows.common-controls_6595b64144ccf1df_6.0.26100.7824_none_3e0870b2e3345462\COMCTL32.dll
0x00007ffa76450000 - 0x00007ffa764f9000 	C:\WINDOWS\System32\msvcrt.dll
0x00007ffa773a0000 - 0x00007ffa773d1000 	C:\WINDOWS\System32\IMM32.DLL
0x00007ffa72090000 - 0x00007ffa7209c000 	C:\Users\HP\AppData\Roaming\Antigravity\User\globalStorage\pleiades.java-extension-pack-jdk\java\17\bin\vcruntime140_1.dll
0x00007ffa43670000 - 0x00007ffa436fd000 	C:\Users\HP\AppData\Roaming\Antigravity\User\globalStorage\pleiades.java-extension-pack-jdk\java\17\bin\msvcp140.dll
0x00007ff9a6880000 - 0x00007ff9a74eb000 	C:\Users\HP\AppData\Roaming\Antigravity\User\globalStorage\pleiades.java-extension-pack-jdk\java\17\bin\server\jvm.dll
0x00007ffa782e0000 - 0x00007ffa78394000 	C:\WINDOWS\System32\ADVAPI32.dll
0x00007ffa76e50000 - 0x00007ffa76ef6000 	C:\WINDOWS\System32\sechost.dll
0x00007ffa77540000 - 0x00007ffa77658000 	C:\WINDOWS\System32\RPCRT4.dll
0x00007ffa77320000 - 0x00007ffa77394000 	C:\WINDOWS\System32\WS2_32.dll
0x00007ffa74c50000 - 0x00007ffa74cae000 	C:\WINDOWS\SYSTEM32\POWRPROF.dll
0x00007ffa6f050000 - 0x00007ffa6f085000 	C:\WINDOWS\SYSTEM32\WINMM.dll
0x00007ffa6f090000 - 0x00007ffa6f09b000 	C:\WINDOWS\SYSTEM32\VERSION.dll
0x00007ffa74b30000 - 0x00007ffa74b44000 	C:\WINDOWS\SYSTEM32\UMPDC.dll
0x00007ffa73c40000 - 0x00007ffa73c5b000 	C:\WINDOWS\SYSTEM32\kernel.appcore.dll
0x00007ffa43660000 - 0x00007ffa4366a000 	C:\Users\HP\AppData\Roaming\Antigravity\User\globalStorage\pleiades.java-extension-pack-jdk\java\17\bin\jimage.dll
0x00007ffa72d70000 - 0x00007ffa72fb2000 	C:\WINDOWS\SYSTEM32\DBGHELP.DLL
0x00007ffa77ec0000 - 0x00007ffa78246000 	C:\WINDOWS\System32\combase.dll
0x00007ffa77460000 - 0x00007ffa77537000 	C:\WINDOWS\System32\OLEAUT32.dll
0x00007ffa5d2b0000 - 0x00007ffa5d2eb000 	C:\WINDOWS\SYSTEM32\dbgcore.DLL
0x00007ffa76280000 - 0x00007ffa76325000 	C:\WINDOWS\System32\bcryptPrimitives.dll
0x00007ffa43070000 - 0x00007ffa43095000 	C:\Users\HP\AppData\Roaming\Antigravity\User\globalStorage\pleiades.java-extension-pack-jdk\java\17\bin\java.dll
0x00007ff9a8070000 - 0x00007ff9a8147000 	C:\Users\HP\AppData\Roaming\Antigravity\User\globalStorage\pleiades.java-extension-pack-jdk\java\17\bin\jsvml.dll
0x00007ffa77760000 - 0x00007ffa77eb2000 	C:\WINDOWS\System32\SHELL32.dll
0x00007ffa75fe0000 - 0x00007ffa7614a000 	C:\WINDOWS\System32\wintypes.dll
0x00007ffa750b0000 - 0x00007ffa75913000 	C:\WINDOWS\System32\windows.storage.dll
0x00007ffa77660000 - 0x00007ffa77756000 	C:\WINDOWS\System32\SHCORE.dll
0x00007ffa76fd0000 - 0x00007ffa77037000 	C:\WINDOWS\System32\shlwapi.dll
0x00007ffa74dc0000 - 0x00007ffa74de9000 	C:\WINDOWS\SYSTEM32\profapi.dll
0x00007ffa43050000 - 0x00007ffa4306a000 	C:\Users\HP\AppData\Roaming\Antigravity\User\globalStorage\pleiades.java-extension-pack-jdk\java\17\bin\net.dll
0x00007ffa6cd30000 - 0x00007ffa6ce57000 	C:\WINDOWS\SYSTEM32\WINHTTP.dll
0x00007ffa741b0000 - 0x00007ffa7421b000 	C:\WINDOWS\system32\mswsock.dll
0x00007ffa43030000 - 0x00007ffa43046000 	C:\Users\HP\AppData\Roaming\Antigravity\User\globalStorage\pleiades.java-extension-pack-jdk\java\17\bin\nio.dll
0x00007ffa43010000 - 0x00007ffa43028000 	C:\Users\HP\AppData\Roaming\Antigravity\User\globalStorage\pleiades.java-extension-pack-jdk\java\17\bin\zip.dll
0x00007ff9fa3c0000 - 0x00007ff9fa3ce000 	C:\Users\HP\AppData\Roaming\Antigravity\User\globalStorage\pleiades.java-extension-pack-jdk\java\17\bin\sunmscapi.dll
0x00007ffa74f30000 - 0x00007ffa750a7000 	C:\WINDOWS\System32\CRYPT32.dll
0x00007ffa746a0000 - 0x00007ffa746d0000 	C:\WINDOWS\SYSTEM32\ncrypt.dll
0x00007ffa74650000 - 0x00007ffa7468f000 	C:\WINDOWS\SYSTEM32\NTASN1.dll
0x00007ffa74480000 - 0x00007ffa7449b000 	C:\WINDOWS\SYSTEM32\CRYPTSP.dll
0x00007ffa73ba0000 - 0x00007ffa73bd9000 	C:\WINDOWS\system32\rsaenh.dll
0x00007ffa74260000 - 0x00007ffa7428b000 	C:\WINDOWS\SYSTEM32\USERENV.dll
0x00007ffa74d90000 - 0x00007ffa74dba000 	C:\WINDOWS\SYSTEM32\bcrypt.dll
0x00007ffa744a0000 - 0x00007ffa744ac000 	C:\WINDOWS\SYSTEM32\CRYPTBASE.dll
0x00007ffa73690000 - 0x00007ffa736c4000 	C:\WINDOWS\SYSTEM32\IPHLPAPI.DLL
0x00007ffa76420000 - 0x00007ffa7642a000 	C:\WINDOWS\System32\NSI.dll
0x00007ffa6cf10000 - 0x00007ffa6cf2e000 	C:\WINDOWS\SYSTEM32\dhcpcsvc6.DLL
0x00007ffa6ce80000 - 0x00007ffa6cea3000 	C:\WINDOWS\SYSTEM32\dhcpcsvc.DLL
0x00007ffa73730000 - 0x00007ffa7385c000 	C:\WINDOWS\SYSTEM32\DNSAPI.dll
0x00007ffa43000000 - 0x00007ffa4300a000 	C:\Users\HP\AppData\Roaming\Antigravity\User\globalStorage\pleiades.java-extension-pack-jdk\java\17\bin\management.dll
0x00007ffa42ff0000 - 0x00007ffa42ffc000 	C:\Users\HP\AppData\Roaming\Antigravity\User\globalStorage\pleiades.java-extension-pack-jdk\java\17\bin\management_ext.dll
0x00007ffa78570000 - 0x00007ffa78578000 	C:\WINDOWS\System32\PSAPI.DLL
0x00007ffa193f0000 - 0x00007ffa19400000 	C:\Users\HP\AppData\Roaming\Antigravity\User\globalStorage\pleiades.java-extension-pack-jdk\java\17\bin\verify.dll

dbghelp: loaded successfully - version: 4.0.5 - missing functions: none
symbol engine: initialized successfully - sym options: 0x614 - pdb path: .;C:\Users\HP\AppData\Roaming\Antigravity\User\globalStorage\pleiades.java-extension-pack-jdk\java\17\bin;C:\WINDOWS\SYSTEM32;C:\WINDOWS\WinSxS\amd64_microsoft.windows.common-controls_6595b64144ccf1df_6.0.26100.7824_none_3e0870b2e3345462;C:\Users\HP\AppData\Roaming\Antigravity\User\globalStorage\pleiades.java-extension-pack-jdk\java\17\bin\server

VM Arguments:
jvm_args: -XX:+ShowCodeDetailsInExceptionMessages 
java_command: com.example.frontend.FrontendApplication
java_class_path (initial): C:\Users\HP\Downloads\playground-4dd0d8498a949fd87128c775f0e34ef5b9045346\playground-4dd0d8498a949fd87128c775f0e34ef5b9045346\frontend\frontend\target\classes;C:\Users\HP\.m2\repository\org\springframework\boot\spring-boot-starter-web\3.2.1\spring-boot-starter-web-3.2.1.jar;C:\Users\HP\.m2\repository\org\springframework\boot\spring-boot-starter\3.2.1\spring-boot-starter-3.2.1.jar;C:\Users\HP\.m2\repository\org\springframework\boot\spring-boot\3.2.1\spring-boot-3.2.1.jar;C:\Users\HP\.m2\repository\org\springframework\boot\spring-boot-autoconfigure\3.2.1\spring-boot-autoconfigure-3.2.1.jar;C:\Users\HP\.m2\repository\org\springframework\boot\spring-boot-starter-logging\3.2.1\spring-boot-starter-logging-3.2.1.jar;C:\Users\HP\.m2\repository\ch\qos\logback\logback-classic\1.4.14\logback-classic-1.4.14.jar;C:\Users\HP\.m2\repository\ch\qos\logback\logback-core\1.4.14\logback-core-1.4.14.jar;C:\Users\HP\.m2\repository\org\apache\logging\log4j\log4j-to-slf4j\2.21.1\log4j-to-slf4j-2.21.1.jar;C:\Users\HP\.m2\repository\org\apache\logging\log4j\log4j-api\2.21.1\log4j-api-2.21.1.jar;C:\Users\HP\.m2\repository\org\slf4j\jul-to-slf4j\2.0.9\jul-to-slf4j-2.0.9.jar;C:\Users\HP\.m2\repository\jakarta\annotation\jakarta.annotation-api\2.1.1\jakarta.annotation-api-2.1.1.jar;C:\Users\HP\.m2\repository\org\yaml\snakeyaml\2.2\snakeyaml-2.2.jar;C:\Users\HP\.m2\repository\org\springframework\boot\spring-boot-starter-json\3.2.1\spring-boot-starter-json-3.2.1.jar;C:\Users\HP\.m2\repository\com\fasterxml\jackson\datatype\jackson-datatype-jdk8\2.15.3\jackson-datatype-jdk8-2.15.3.jar;C:\Users\HP\.m2\repository\com\fasterxml\jackson\module\jackson-module-parameter-names\2.15.3\jackson-module-parameter-names-2.15.3.jar;C:\Users\HP\.m2\repository\org\springframework\boot\spring-boot-starter-tomcat\3.2.1\spring-boot-starter-tomcat-3.2.1.jar;C:\Users\HP\.m2\repository\org\apache\tomcat\embed\tomcat-embed-core\10.1.17\tomcat-embed-core-10.1.17.jar;C:\Users\HP\.m2\repository
Launcher Type: SUN_STANDARD

[Global flags]
     intx CICompilerCount                          = 3                                         {product} {ergonomic}
     uint ConcGCThreads                            = 2                                         {product} {ergonomic}
     uint G1ConcRefinementThreads                  = 6                                         {product} {ergonomic}
   size_t G1HeapRegionSize                         = 1048576                                   {product} {ergonomic}
    uintx GCDrainStackTargetSize                   = 64                                        {product} {ergonomic}
   size_t InitialHeapSize                          = 125829120                                 {product} {ergonomic}
   size_t MarkStackSize                            = 4194304                                   {product} {ergonomic}
   size_t MaxHeapSize                              = 1983905792                                {product} {ergonomic}
   size_t MaxNewSize                               = 1190133760                                {product} {ergonomic}
   size_t MinHeapDeltaBytes                        = 1048576                                   {product} {ergonomic}
   size_t MinHeapSize                              = 8388608                                   {product} {ergonomic}
    uintx NonNMethodCodeHeapSize                   = 5832780                                {pd product} {ergonomic}
    uintx NonProfiledCodeHeapSize                  = 122912730                              {pd product} {ergonomic}
    uintx ProfiledCodeHeapSize                     = 122912730                              {pd product} {ergonomic}
    uintx ReservedCodeCacheSize                    = 251658240                              {pd product} {ergonomic}
     bool SegmentedCodeCache                       = true                                      {product} {ergonomic}
     bool ShowCodeDetailsInExceptionMessages       = true                                   {manageable} {command line}
   size_t SoftMaxHeapSize                          = 1983905792                             {manageable} {ergonomic}
     bool UseCompressedClassPointers               = true                           {product lp64_product} {ergonomic}
     bool UseCompressedOops                        = true                           {product lp64_product} {ergonomic}
     bool UseG1GC                                  = true                                      {product} {ergonomic}
     bool UseLargePagesIndividualAllocation        = false                                  {pd product} {ergonomic}

Logging:
Log output configuration:
 #0: stdout all=warning uptime,level,tags
 #1: stderr all=off uptime,level,tags

Environment Variables:
JAVA_HOME=C:\Program Files\Java\jdk-21
PATH=C:\Users\HP\AppData\Roaming\Antigravity\User\globalStorage\pleiades.java-extension-pack-jdk\gradle\latest\bin;C:\Users\HP\AppData\Roaming\Antigravity\User\globalStorage\pleiades.java-extension-pack-jdk\maven\latest\bin;C:\Program Files\Java\jdk-21\bin;C:\Python312\Scripts\;C:\Python312\;C:\Program Files\Common Files\Oracle\Java\javapath;C:\Program Files (x86)\Common Files\Oracle\Java\javapath;C:\WINDOWS\system32;C:\WINDOWS;C:\WINDOWS\System32\Wbem;C:\WINDOWS\System32\WindowsPowerShell\v1.0\;C:\WINDOWS\System32\OpenSSH\;C:\Program Files\Git\cmd;C:\MinGW\bin;C:\Program Files\wkhtmltopdf\bin;C:\Program Files (x86)\Java\jre-1.8\bin;C:\Program Files\jdk-20.0.2\bin;C:\Program Files\MongoDB\Server\7.0\bin;C:\Program Files\Amazon\AWSCLIV2\;C:\Users\HP\OpenSSH-Win64;C:\ProgramData\chocolatey\bin;C:\Program Files (x86)\Yarn\bin\;C:\Program Files\MongoDB\Server\5.0\bin;C:\Program Files\MySQL\MySQL Server 8.0\bin;;C:\WINDOWS\system32;C:\WINDOWS;C:\WINDOWS\System32\Wbem;C:\WINDOWS\System32\WindowsPowerShell\v1.0\;C:\WINDOWS\System32\OpenSSH\;C:\Program Files\Kubernetes\Minikube;;C:\Program Files\Docker\Docker\resources\bin;C:\Program Files\PowerShell\7\;C:\Users\HP\AppData\Local\Programs\Python\Python38\Scripts\;C:\Users\HP\AppData\Local\Programs\Python\Python38\;C:\Users\HP\AppData\Local\Microsoft\WindowsApps;C:\Program Files\JetBrains\PyCharm Community Edition 2023.1.3\bin;;C:\Program Files\heroku\bin;C:\Users\HP\apache-maven-3.9.6\bin;C:\Program Files\JetBrains\DataGrip 2023.3.4\bin;;C:\Program Files\MySQL\MySQL Server 8.3\bin;C:\Users\HP\AppData\Local\Programs\oh-my-posh\bin;C:\Users\HP\AppData\Local\Yarn\bin;C:\Program Files\MongoDB\Server\5.0\bin;C:\Users\HP\AppData\Local\Programs\Microsoft VS Code\bin;C:\Program Files\MySQL\MySQL Server 8.0\bin;C:\Users\HP\AppData\Local\Programs\Antigravity\bin;C:\Users\HP\AppData\Local\Programs\mongosh\;c:\Users\HP\.antigravity\extensions\vscjava.vscode-java-debug-0.58.5-universal\bundled\scripts\noConfigScripts
USERNAME=HP
LANG=en_US.UTF-8
OS=Windows_NT
PROCESSOR_IDENTIFIER=AMD64 Family 23 Model 96 Stepping 1, AuthenticAMD
TMP=C:\Users\HP\AppData\Local\Temp
TEMP=C:\Users\HP\AppData\Local\Temp



Periodic native trim disabled


---------------  S Y S T E M  ---------------

OS:
 Windows 11 , 64 bit Build 26100 (10.0.26100.7705)
OS uptime: 0 days 3:58 hours
Hyper-V role detected

CPU: total 6 (initial active 6) (6 cores per cpu, 1 threads per core) family 23 model 96 stepping 1 microcode 0x8600109, cx8, cmov, fxsr, mmx, 3dnowpref, sse, sse2, sse3, ssse3, sse4a, sse4.1, sse4.2, popcnt, lzcnt, tsc, tscinvbit, avx, avx2, aes, clmul, bmi1, bmi2, adx, sha, fma, vzeroupper, clflush, clflushopt, hv
Processor Information for all 6 processors :
  Max Mhz: 2375, Current Mhz: 1700, Mhz Limit: 2375

Memory: 4k page, system-wide physical 7564M (1016M free)
TotalPageFile size 31116M (AvailPageFile size 0M)
current process WorkingSet (physical memory assigned to process): 176M, peak: 176M
current process commit charge ("private bytes"): 214M, peak: 256M

vm_info: OpenJDK 64-Bit Server VM (17.0.18+8) for windows-amd64 JRE (17.0.18+8), built on Jan 20 2026 22:28:22 by "admin" with MS VC++ 17.12 (VS2022)

END.
