#
# There is insufficient memory for the Java Runtime Environment to continue.
# Native memory allocation (malloc) failed to allocate 65552 bytes. Error detail: Chunk::new
# Possible reasons:
#   The system is out of physical RAM or swap space
#   This process is running with CompressedOops enabled, and the Java Heap may be blocking the growth of the native heap
# Possible solutions:
#   Reduce memory load on the system
#   Increase physical memory or swap space
#   Check if swap backing store is full
#   Decrease Java heap size (-Xmx/-Xms)
#   Decrease number of Java threads
#   Decrease Java thread stack sizes (-Xss)
#   Set larger code cache with -XX:ReservedCodeCacheSize=
#   JVM is running with Unscaled Compressed Oops mode in which the Java heap is
#     placed in the first 4GB address space. The Java Heap base address is the
#     maximum limit for the native heap growth. Please use -XX:HeapBaseMinAddress
#     to set the Java Heap base and to place the Java Heap above 4GB virtual address.
# This output file may be truncated or incomplete.
#
#  Out of Memory Error (arena.cpp:191), pid=25000, tid=24764
#
# JRE version: OpenJDK Runtime Environment Temurin-17.0.18+8 (17.0.18+8) (build 17.0.18+8)
# Java VM: OpenJDK 64-Bit Server VM Temurin-17.0.18+8 (17.0.18+8, mixed mode, sharing, tiered, compressed oops, compressed class ptrs, g1 gc, windows-amd64)
# No core dump will be written. Minidumps are not enabled by default on client versions of Windows
#

---------------  S U M M A R Y ------------

Command Line: -XX:+ShowCodeDetailsInExceptionMessages com.example.frontend.FrontendApplication

Host: AMD Ryzen 5 4500U with Radeon Graphics         , 6 cores, 7G,  Windows 11 , 64 bit Build 26100 (10.0.26100.7705)
Time: Wed Mar  4 21:01:34 2026 India Standard Time elapsed time: 13.831511 seconds (0d 0h 0m 13s)

---------------  T H R E A D  ---------------

Current thread (0x000001b084823a10):  JavaThread "C2 CompilerThread1" daemon [_thread_in_native, id=24764, stack(0x000000777bb00000,0x000000777bc00000)]


Current CompileTask:
C2:13833 3878       4       java.util.function.BiPredicate$$Lambda$92/0x000001b0bd07abd8::test (16 bytes)

Stack: [0x000000777bb00000,0x000000777bc00000]
Native frames: (J=compiled Java code, j=interpreted, Vv=VM code, C=native code)
V  [jvm.dll+0x6846f9]
V  [jvm.dll+0x839ea5]
V  [jvm.dll+0x83b91e]
V  [jvm.dll+0x83bfa3]
V  [jvm.dll+0x248eff]
V  [jvm.dll+0xad496]
V  [jvm.dll+0xadb3c]
V  [jvm.dll+0xad5a4]
V  [jvm.dll+0x6a9dd4]
V  [jvm.dll+0x34484b]
V  [jvm.dll+0x3422ae]
V  [jvm.dll+0x699269]
V  [jvm.dll+0x69cb98]
V  [jvm.dll+0x694b99]
V  [jvm.dll+0x69440b]
V  [jvm.dll+0x6921b7]
V  [jvm.dll+0x1a781c]
V  [jvm.dll+0x2af83c]
V  [jvm.dll+0x69cbbf]
V  [jvm.dll+0x694b99]
V  [jvm.dll+0x69440b]
V  [jvm.dll+0x6921b7]
V  [jvm.dll+0x1a781c]
V  [jvm.dll+0x1a83bf]
V  [jvm.dll+0x2af83c]
V  [jvm.dll+0x69cbbf]
V  [jvm.dll+0x694b99]
V  [jvm.dll+0x69440b]
V  [jvm.dll+0x6921b7]
V  [jvm.dll+0x1a781c]
V  [jvm.dll+0x1a83bf]
V  [jvm.dll+0x2af83c]
V  [jvm.dll+0x69cbbf]
V  [jvm.dll+0x694b99]
V  [jvm.dll+0x69440b]
V  [jvm.dll+0x6921b7]
V  [jvm.dll+0x1a781c]
V  [jvm.dll+0x1a83bf]
V  [jvm.dll+0x2af83c]
V  [jvm.dll+0x69cbbf]
V  [jvm.dll+0x694b99]
V  [jvm.dll+0x69440b]
V  [jvm.dll+0x6921b7]
V  [jvm.dll+0x1a781c]
V  [jvm.dll+0x1a83bf]
V  [jvm.dll+0x2af83c]
V  [jvm.dll+0x69cbbf]
V  [jvm.dll+0x694b99]
V  [jvm.dll+0x69440b]
V  [jvm.dll+0x6921b7]
V  [jvm.dll+0x1a781c]
V  [jvm.dll+0x1a83bf]
V  [jvm.dll+0x1a83bf]
V  [jvm.dll+0x2af83c]
V  [jvm.dll+0x69cbbf]
V  [jvm.dll+0x694b99]
V  [jvm.dll+0x69440b]
V  [jvm.dll+0x6921b7]
V  [jvm.dll+0x1a781c]
V  [jvm.dll+0x1a83bf]
V  [jvm.dll+0x2af83c]
V  [jvm.dll+0x69cbbf]
V  [jvm.dll+0x694b99]
V  [jvm.dll+0x69440b]
V  [jvm.dll+0x6921b7]
V  [jvm.dll+0x1a781c]
V  [jvm.dll+0x218dc9]
V  [jvm.dll+0x1a4920]
V  [jvm.dll+0x22989a]
V  [jvm.dll+0x227a4b]
V  [jvm.dll+0x7f0658]
V  [jvm.dll+0x7eaaec]
V  [jvm.dll+0x6835c7]
C  [ucrtbase.dll+0x37b0]
C  [KERNEL32.DLL+0x2e8d7]
C  [ntdll.dll+0x8c40c]


---------------  P R O C E S S  ---------------

Threads class SMR info:
_java_thread_list=0x000001b0fd7600f0, length=16, elements={
0x000001b09bb7e970, 0x000001b0bb8139a0, 0x000001b0bb814de0, 0x000001b0bb8321f0,
0x000001b0bb832ac0, 0x000001b0bb833390, 0x000001b0bb833c60, 0x000001b0bb835ff0,
0x000001b0bb837cc0, 0x000001b0bb870820, 0x000001b0bba84500, 0x000001b0bba9d700,
0x000001b0fdada5a0, 0x000001b0ff436d40, 0x000001b0ff47ae90, 0x000001b084823a10
}

Java Threads: ( => current thread )
  0x000001b09bb7e970 JavaThread "main" [_thread_in_Java, id=25560, stack(0x000000777a200000,0x000000777a300000)]
  0x000001b0bb8139a0 JavaThread "Reference Handler" daemon [_thread_blocked, id=30616, stack(0x000000777a900000,0x000000777aa00000)]
  0x000001b0bb814de0 JavaThread "Finalizer" daemon [_thread_blocked, id=29516, stack(0x000000777aa00000,0x000000777ab00000)]
  0x000001b0bb8321f0 JavaThread "Signal Dispatcher" daemon [_thread_blocked, id=26632, stack(0x000000777ab00000,0x000000777ac00000)]
  0x000001b0bb832ac0 JavaThread "Attach Listener" daemon [_thread_blocked, id=20612, stack(0x000000777ac00000,0x000000777ad00000)]
  0x000001b0bb833390 JavaThread "Service Thread" daemon [_thread_blocked, id=30368, stack(0x000000777ad00000,0x000000777ae00000)]
  0x000001b0bb833c60 JavaThread "Monitor Deflation Thread" daemon [_thread_blocked, id=29020, stack(0x000000777ae00000,0x000000777af00000)]
  0x000001b0bb835ff0 JavaThread "C2 CompilerThread0" daemon [_thread_in_native, id=25848, stack(0x000000777af00000,0x000000777b000000)]
  0x000001b0bb837cc0 JavaThread "C1 CompilerThread0" daemon [_thread_blocked, id=16804, stack(0x000000777b000000,0x000000777b100000)]
  0x000001b0bb870820 JavaThread "Sweeper thread" daemon [_thread_blocked, id=27464, stack(0x000000777b100000,0x000000777b200000)]
  0x000001b0bba84500 JavaThread "Notification Thread" daemon [_thread_blocked, id=27480, stack(0x000000777b200000,0x000000777b300000)]
  0x000001b0bba9d700 JavaThread "Common-Cleaner" daemon [_thread_blocked, id=13524, stack(0x000000777b400000,0x000000777b500000)]
  0x000001b0fdada5a0 JavaThread "Catalina-utility-1" [_thread_blocked, id=17796, stack(0x000000777bd00000,0x000000777be00000)]
  0x000001b0ff436d40 JavaThread "Catalina-utility-2" [_thread_blocked, id=28100, stack(0x000000777be00000,0x000000777bf00000)]
  0x000001b0ff47ae90 JavaThread "container-0" [_thread_blocked, id=6464, stack(0x000000777bf00000,0x000000777c000000)]
=>0x000001b084823a10 JavaThread "C2 CompilerThread1" daemon [_thread_in_native, id=24764, stack(0x000000777bb00000,0x000000777bc00000)]

Other Threads:
  0x000001b0bb80f350 VMThread "VM Thread" [stack: 0x000000777a800000,0x000000777a900000] [id=24088]
  0x000001b0bba86e00 WatcherThread [stack: 0x000000777b300000,0x000000777b400000] [id=25900]
  0x000001b09ddad9f0 GCTaskThread "GC Thread#0" [stack: 0x000000777a300000,0x000000777a400000] [id=27520]
  0x000001b0fd5f1d20 GCTaskThread "GC Thread#1" [stack: 0x000000777b500000,0x000000777b600000] [id=8624]
  0x000001b0fd56d5c0 GCTaskThread "GC Thread#2" [stack: 0x000000777b600000,0x000000777b700000] [id=25808]
  0x000001b0fd56d880 GCTaskThread "GC Thread#3" [stack: 0x000000777b700000,0x000000777b800000] [id=26728]
  0x000001b0fd64f9b0 GCTaskThread "GC Thread#4" [stack: 0x000000777b800000,0x000000777b900000] [id=3664]
  0x000001b0fd7457f0 GCTaskThread "GC Thread#5" [stack: 0x000000777bc00000,0x000000777bd00000] [id=29040]
  0x000001b09ddbd4c0 ConcurrentGCThread "G1 Main Marker" [stack: 0x000000777a400000,0x000000777a500000] [id=29688]
  0x000001b09ddbdde0 ConcurrentGCThread "G1 Conc#0" [stack: 0x000000777a500000,0x000000777a600000] [id=26276]
  0x000001b0fddfb350 ConcurrentGCThread "G1 Conc#1" [stack: 0x000000777ba00000,0x000000777bb00000] [id=8132]
  0x000001b09ddf8780 ConcurrentGCThread "G1 Refine#0" [stack: 0x000000777a600000,0x000000777a700000] [id=28292]
  0x000001b0fd5f1fe0 ConcurrentGCThread "G1 Refine#1" [stack: 0x000000777b900000,0x000000777ba00000] [id=28632]
  0x000001b0bb6c20c0 ConcurrentGCThread "G1 Service" [stack: 0x000000777a700000,0x000000777a800000] [id=27612]

Threads with active compile tasks:
C2 CompilerThread0  13891 3849       4       org.springframework.beans.factory.support.AbstractBeanFactory::isTypeMatch (619 bytes)
C2 CompilerThread1  13891 3878       4       java.util.function.BiPredicate$$Lambda$92/0x000001b0bd07abd8::test (16 bytes)

VM state: not at safepoint (normal execution)

VM Mutex/Monitor currently owned by a thread: None

Heap address: 0x0000000089c00000, size: 1892 MB, Compressed Oops mode: 32-bit

CDS archive(s) mapped at: [0x000001b0bc000000-0x000001b0bcbb0000-0x000001b0bcbb0000), size 12255232, SharedBaseAddress: 0x000001b0bc000000, ArchiveRelocationMode: 1.
Compressed class space mapped at: 0x000001b0bd000000-0x000001b0fd000000, reserved size: 1073741824
Narrow klass base: 0x000001b0bc000000, Narrow klass shift: 0, Narrow klass range: 0x100000000

GC Precious Log:
 CPUs: 6 total, 6 available
 Memory: 7564M
 Large Page Support: Disabled
 NUMA Support: Disabled
 Compressed Oops: Enabled (32-bit)
 Heap Region Size: 1M
 Heap Min Capacity: 8M
 Heap Initial Capacity: 120M
 Heap Max Capacity: 1892M
 Pre-touch: Disabled
 Parallel Workers: 6
 Concurrent Workers: 2
 Concurrent Refinement Workers: 6
 Periodic GC: Disabled

Heap:
 garbage-first heap   total 45056K, used 16647K [0x0000000089c00000, 0x0000000100000000)
  region size 1024K, 4 young (4096K), 2 survivors (2048K)
 Metaspace       used 28886K, committed 29312K, reserved 1114112K
  class space    used 3623K, committed 3840K, reserved 1048576K

Heap Regions: E=young(eden), S=young(survivor), O=old, HS=humongous(starts), HC=humongous(continues), CS=collection set, F=free, OA=open archive, CA=closed archive, TAMS=top-at-mark-start (previous, next)
|   0|0x0000000089c00000, 0x0000000089d00000, 0x0000000089d00000|100%| O|  |TAMS 0x0000000089d00000, 0x0000000089c00000| Untracked 
|   1|0x0000000089d00000, 0x0000000089e00000, 0x0000000089e00000|100%| O|  |TAMS 0x0000000089e00000, 0x0000000089d00000| Untracked 
|   2|0x0000000089e00000, 0x0000000089f00000, 0x0000000089f00000|100%| O|  |TAMS 0x0000000089f00000, 0x0000000089e00000| Untracked 
|   3|0x0000000089f00000, 0x000000008a000000, 0x000000008a000000|100%| O|  |TAMS 0x000000008a000000, 0x0000000089f00000| Untracked 
|   4|0x000000008a000000, 0x000000008a000000, 0x000000008a100000|  0%| F|  |TAMS 0x000000008a000000, 0x000000008a000000| Untracked 
|   5|0x000000008a100000, 0x000000008a200000, 0x000000008a200000|100%| O|  |TAMS 0x000000008a100000, 0x000000008a100000| Untracked 
|   6|0x000000008a200000, 0x000000008a300000, 0x000000008a300000|100%| O|  |TAMS 0x000000008a200000, 0x000000008a200000| Untracked 
|   7|0x000000008a300000, 0x000000008a400000, 0x000000008a400000|100%| O|  |TAMS 0x000000008a300000, 0x000000008a300000| Untracked 
|   8|0x000000008a400000, 0x000000008a500000, 0x000000008a500000|100%| O|  |TAMS 0x000000008a400000, 0x000000008a400000| Untracked 
|   9|0x000000008a500000, 0x000000008a600000, 0x000000008a600000|100%| O|  |TAMS 0x000000008a500000, 0x000000008a500000| Untracked 
|  10|0x000000008a600000, 0x000000008a700000, 0x000000008a700000|100%| O|  |TAMS 0x000000008a600000, 0x000000008a600000| Untracked 
|  11|0x000000008a700000, 0x000000008a800000, 0x000000008a800000|100%| O|  |TAMS 0x000000008a700000, 0x000000008a700000| Untracked 
|  12|0x000000008a800000, 0x000000008a900000, 0x000000008a900000|100%| O|  |TAMS 0x000000008a800000, 0x000000008a800000| Untracked 
|  13|0x000000008a900000, 0x000000008aa00000, 0x000000008aa00000|100%| O|  |TAMS 0x000000008a900000, 0x000000008a900000| Untracked 
|  14|0x000000008aa00000, 0x000000008aa72600, 0x000000008ab00000| 44%| O|  |TAMS 0x000000008aa00000, 0x000000008aa00000| Untracked 
|  15|0x000000008ab00000, 0x000000008ab00000, 0x000000008ac00000|  0%| F|  |TAMS 0x000000008ab00000, 0x000000008ab00000| Untracked 
|  16|0x000000008ac00000, 0x000000008ac00000, 0x000000008ad00000|  0%| F|  |TAMS 0x000000008ac00000, 0x000000008ac00000| Untracked 
|  17|0x000000008ad00000, 0x000000008ad00000, 0x000000008ae00000|  0%| F|  |TAMS 0x000000008ad00000, 0x000000008ad00000| Untracked 
|  18|0x000000008ae00000, 0x000000008ae00000, 0x000000008af00000|  0%| F|  |TAMS 0x000000008ae00000, 0x000000008ae00000| Untracked 
|  19|0x000000008af00000, 0x000000008af00000, 0x000000008b000000|  0%| F|  |TAMS 0x000000008af00000, 0x000000008af00000| Untracked 
|  20|0x000000008b000000, 0x000000008b000000, 0x000000008b100000|  0%| F|  |TAMS 0x000000008b000000, 0x000000008b000000| Untracked 
|  21|0x000000008b100000, 0x000000008b100000, 0x000000008b200000|  0%| F|  |TAMS 0x000000008b100000, 0x000000008b100000| Untracked 
|  22|0x000000008b200000, 0x000000008b200000, 0x000000008b300000|  0%| F|  |TAMS 0x000000008b200000, 0x000000008b200000| Untracked 
|  23|0x000000008b300000, 0x000000008b300000, 0x000000008b400000|  0%| F|  |TAMS 0x000000008b300000, 0x000000008b300000| Untracked 
|  24|0x000000008b400000, 0x000000008b4cf9b8, 0x000000008b500000| 81%| S|CS|TAMS 0x000000008b400000, 0x000000008b400000| Complete 
|  25|0x000000008b500000, 0x000000008b600000, 0x000000008b600000|100%| S|CS|TAMS 0x000000008b500000, 0x000000008b500000| Complete 
|  26|0x000000008b600000, 0x000000008b600000, 0x000000008b700000|  0%| F|  |TAMS 0x000000008b600000, 0x000000008b600000| Untracked 
|  27|0x000000008b700000, 0x000000008b700000, 0x000000008b800000|  0%| F|  |TAMS 0x000000008b700000, 0x000000008b700000| Untracked 
|  28|0x000000008b800000, 0x000000008b800000, 0x000000008b900000|  0%| F|  |TAMS 0x000000008b800000, 0x000000008b800000| Untracked 
|  29|0x000000008b900000, 0x000000008b900000, 0x000000008ba00000|  0%| F|  |TAMS 0x000000008b900000, 0x000000008b900000| Untracked 
|  30|0x000000008ba00000, 0x000000008ba00000, 0x000000008bb00000|  0%| F|  |TAMS 0x000000008ba00000, 0x000000008ba00000| Untracked 
|  31|0x000000008bb00000, 0x000000008bb00000, 0x000000008bc00000|  0%| F|  |TAMS 0x000000008bb00000, 0x000000008bb00000| Untracked 
|  32|0x000000008bc00000, 0x000000008bc00000, 0x000000008bd00000|  0%| F|  |TAMS 0x000000008bc00000, 0x000000008bc00000| Untracked 
|  33|0x000000008bd00000, 0x000000008bd00000, 0x000000008be00000|  0%| F|  |TAMS 0x000000008bd00000, 0x000000008bd00000| Untracked 
|  34|0x000000008be00000, 0x000000008be00000, 0x000000008bf00000|  0%| F|  |TAMS 0x000000008be00000, 0x000000008be00000| Untracked 
|  35|0x000000008bf00000, 0x000000008bf00000, 0x000000008c000000|  0%| F|  |TAMS 0x000000008bf00000, 0x000000008bf00000| Untracked 
|  55|0x000000008d300000, 0x000000008d300000, 0x000000008d400000|  0%| F|  |TAMS 0x000000008d300000, 0x000000008d300000| Untracked 
|  56|0x000000008d400000, 0x000000008d400000, 0x000000008d500000|  0%| F|  |TAMS 0x000000008d400000, 0x000000008d400000| Untracked 
|  57|0x000000008d500000, 0x000000008d500000, 0x000000008d600000|  0%| F|  |TAMS 0x000000008d500000, 0x000000008d500000| Untracked 
|  58|0x000000008d600000, 0x000000008d600000, 0x000000008d700000|  0%| F|  |TAMS 0x000000008d600000, 0x000000008d600000| Untracked 
|  59|0x000000008d700000, 0x000000008d700000, 0x000000008d800000|  0%| F|  |TAMS 0x000000008d700000, 0x000000008d700000| Untracked 
|  60|0x000000008d800000, 0x000000008d800000, 0x000000008d900000|  0%| F|  |TAMS 0x000000008d800000, 0x000000008d800000| Untracked 
|  61|0x000000008d900000, 0x000000008d9a1ec8, 0x000000008da00000| 63%| E|  |TAMS 0x000000008d900000, 0x000000008d900000| Complete 
| 119|0x0000000091300000, 0x0000000091400000, 0x0000000091400000|100%| E|CS|TAMS 0x0000000091300000, 0x0000000091300000| Complete 

Card table byte_map: [0x000001b0b4d80000,0x000001b0b5140000] _byte_map_base: 0x000001b0b4932000

Marking Bits (Prev, Next): (CMBitMap*) 0x000001b09ddadf50, (CMBitMap*) 0x000001b09ddadf10
 Prev Bits: [0x000001b0b7290000, 0x000001b0b9020000)
 Next Bits: [0x000001b0b5500000, 0x000001b0b7290000)

Polling page: 0x000001b09d500000

Metaspace:

Usage:
  Non-class:     24.67 MB used.
      Class:      3.54 MB used.
       Both:     28.21 MB used.

Virtual space:
  Non-class space:       64.00 MB reserved,      24.88 MB ( 39%) committed,  1 nodes.
      Class space:        1.00 GB reserved,       3.75 MB ( <1%) committed,  1 nodes.
             Both:        1.06 GB reserved,      28.62 MB (  3%) committed. 

Chunk freelists:
   Non-Class:  6.19 MB
       Class:  12.11 MB
        Both:  18.30 MB

MaxMetaspaceSize: unlimited
CompressedClassSpaceSize: 1.00 GB
Initial GC threshold: 21.00 MB
Current GC threshold: 35.25 MB
CDS: on
MetaspaceReclaimPolicy: balanced
 - commit_granule_bytes: 65536.
 - commit_granule_words: 8192.
 - virtual_space_node_default_size: 8388608.
 - enlarge_chunks_in_place: 1.
 - new_chunks_are_fully_committed: 0.
 - uncommit_free_chunks: 1.
 - use_allocation_guard: 0.
 - handle_deallocations: 1.


Internal statistics:

num_allocs_failed_limit: 3.
num_arena_births: 542.
num_arena_deaths: 0.
num_vsnodes_births: 2.
num_vsnodes_deaths: 0.
num_space_committed: 458.
num_space_uncommitted: 0.
num_chunks_returned_to_freelist: 3.
num_chunks_taken_from_freelist: 1602.
num_chunk_merges: 3.
num_chunk_splits: 1087.
num_chunks_enlarged: 791.
num_inconsistent_stats: 0.

CodeHeap 'non-profiled nmethods': size=120000Kb used=2244Kb max_used=2244Kb free=117755Kb
 bounds [0x000001b0ad380000, 0x000001b0ad5f0000, 0x000001b0b48b0000]
CodeHeap 'profiled nmethods': size=120000Kb used=8368Kb max_used=8368Kb free=111631Kb
 bounds [0x000001b0a58b0000, 0x000001b0a60e0000, 0x000001b0acde0000]
CodeHeap 'non-nmethods': size=5760Kb used=1220Kb max_used=1277Kb free=4539Kb
 bounds [0x000001b0acde0000, 0x000001b0ad050000, 0x000001b0ad380000]
 total_blobs=4401 nmethods=3877 adapters=435
 compilation: enabled
              stopped_count=0, restarted_count=0
 full_count=0

Compilation events (20 events):
Event: 12.641 Thread 0x000001b0bb837cc0 nmethod 3868 0x000001b0a60d3c90 code [0x000001b0a60d3e80, 0x000001b0a60d44a8]
Event: 12.642 Thread 0x000001b0bb837cc0 3869       1       org.springframework.core.MethodParameter::getAnnotatedElement (5 bytes)
Event: 12.642 Thread 0x000001b0bb837cc0 nmethod 3869 0x000001b0ad5b0910 code [0x000001b0ad5b0aa0, 0x000001b0ad5b0b78]
Event: 12.642 Thread 0x000001b0bb837cc0 3870       3       sun.reflect.generics.parser.SignatureParser::parseTypeArguments (109 bytes)
Event: 12.643 Thread 0x000001b0bb837cc0 nmethod 3870 0x000001b0a60d4690 code [0x000001b0a60d4960, 0x000001b0a60d58c8]
Event: 12.646 Thread 0x000001b0bb837cc0 3871       3       java.lang.reflect.Executable::getGenericParameterTypes (20 bytes)
Event: 12.646 Thread 0x000001b0bb837cc0 nmethod 3871 0x000001b0a60d5d90 code [0x000001b0a60d5fa0, 0x000001b0a60d66e8]
Event: 12.656 Thread 0x000001b0bb837cc0 3872       3       org.springframework.beans.AbstractNestablePropertyAccessor::getWrappedClass (8 bytes)
Event: 12.656 Thread 0x000001b0bb837cc0 nmethod 3872 0x000001b0a60d6890 code [0x000001b0a60d6a60, 0x000001b0a60d6da8]
Event: 12.656 Thread 0x000001b0bb837cc0 3873       3       org.springframework.util.Assert::state (17 bytes)
Event: 12.657 Thread 0x000001b0bb837cc0 nmethod 3873 0x000001b0a60d6f10 code [0x000001b0a60d70e0, 0x000001b0a60d7538]
Event: 12.657 Thread 0x000001b0bb837cc0 3874       3       java.util.concurrent.ConcurrentHashMap$CollectionView::toArray (204 bytes)
Event: 12.657 Thread 0x000001b084823a10 3877       4       org.springframework.boot.context.properties.source.SystemEnvironmentPropertyMapper::hasDashedEntries (37 bytes)
Event: 12.658 Thread 0x000001b0bb837cc0 nmethod 3874 0x000001b0a60d7690 code [0x000001b0a60d7960, 0x000001b0a60d8a58]
Event: 12.658 Thread 0x000001b0bb837cc0 3875       3       org.springframework.boot.context.properties.bind.JavaBeanBinder$BeanProperties::addMethodIfPossible (82 bytes)
Event: 12.659 Thread 0x000001b0bb837cc0 nmethod 3875 0x000001b0a60d9010 code [0x000001b0a60d92e0, 0x000001b0a60da278]
Event: 12.659 Thread 0x000001b0bb837cc0 3876       3       org.springframework.boot.context.properties.bind.Bindable::<init> (38 bytes)
Event: 12.659 Thread 0x000001b0bb837cc0 nmethod 3876 0x000001b0a60da890 code [0x000001b0a60daa40, 0x000001b0a60dadd8]
Event: 12.660 Thread 0x000001b084823a10 nmethod 3877 0x000001b0ad5b0c10 code [0x000001b0ad5b0da0, 0x000001b0ad5b0fe8]
Event: 12.660 Thread 0x000001b084823a10 3878       4       java.util.function.BiPredicate$$Lambda$92/0x000001b0bd07abd8::test (16 bytes)

GC Heap History (12 events):
Event: 2.165 GC heap before
{Heap before GC invocations=0 (full 0):
 garbage-first heap   total 122880K, used 20480K [0x0000000089c00000, 0x0000000100000000)
  region size 1024K, 21 young (21504K), 0 survivors (0K)
 Metaspace       used 5956K, committed 6080K, reserved 1114112K
  class space    used 715K, committed 768K, reserved 1048576K
}
Event: 2.174 GC heap after
{Heap after GC invocations=1 (full 0):
 garbage-first heap   total 122880K, used 5088K [0x0000000089c00000, 0x0000000100000000)
  region size 1024K, 3 young (3072K), 3 survivors (3072K)
 Metaspace       used 5956K, committed 6080K, reserved 1114112K
  class space    used 715K, committed 768K, reserved 1048576K
}
Event: 2.975 GC heap before
{Heap before GC invocations=1 (full 0):
 garbage-first heap   total 122880K, used 27616K [0x0000000089c00000, 0x0000000100000000)
  region size 1024K, 26 young (26624K), 3 survivors (3072K)
 Metaspace       used 11669K, committed 11840K, reserved 1114112K
  class space    used 1405K, committed 1472K, reserved 1048576K
}
Event: 2.980 GC heap after
{Heap after GC invocations=2 (full 0):
 garbage-first heap   total 122880K, used 7055K [0x0000000089c00000, 0x0000000100000000)
  region size 1024K, 2 young (2048K), 2 survivors (2048K)
 Metaspace       used 11669K, committed 11840K, reserved 1114112K
  class space    used 1405K, committed 1472K, reserved 1048576K
}
Event: 6.420 GC heap before
{Heap before GC invocations=2 (full 0):
 garbage-first heap   total 122880K, used 63375K [0x0000000089c00000, 0x0000000100000000)
  region size 1024K, 58 young (59392K), 2 survivors (2048K)
 Metaspace       used 21241K, committed 21504K, reserved 1114112K
  class space    used 2617K, committed 2752K, reserved 1048576K
}
Event: 6.431 GC heap after
{Heap after GC invocations=3 (full 0):
 garbage-first heap   total 122880K, used 11526K [0x0000000089c00000, 0x0000000100000000)
  region size 1024K, 7 young (7168K), 7 survivors (7168K)
 Metaspace       used 21241K, committed 21504K, reserved 1114112K
  class space    used 2617K, committed 2752K, reserved 1048576K
}
Event: 7.957 GC heap before
{Heap before GC invocations=4 (full 0):
 garbage-first heap   total 45056K, used 30982K [0x0000000089c00000, 0x0000000100000000)
  region size 1024K, 26 young (26624K), 7 survivors (7168K)
 Metaspace       used 25549K, committed 25984K, reserved 1114112K
  class space    used 3176K, committed 3392K, reserved 1048576K
}
Event: 7.972 GC heap after
{Heap after GC invocations=5 (full 0):
 garbage-first heap   total 45056K, used 13216K [0x0000000089c00000, 0x0000000100000000)
  region size 1024K, 2 young (2048K), 2 survivors (2048K)
 Metaspace       used 25549K, committed 25984K, reserved 1114112K
  class space    used 3176K, committed 3392K, reserved 1048576K
}
Event: 8.141 GC heap before
{Heap before GC invocations=5 (full 0):
 garbage-first heap   total 45056K, used 14240K [0x0000000089c00000, 0x0000000100000000)
  region size 1024K, 3 young (3072K), 2 survivors (2048K)
 Metaspace       used 25765K, committed 26240K, reserved 1114112K
  class space    used 3202K, committed 3456K, reserved 1048576K
}
Event: 8.148 GC heap after
{Heap after GC invocations=6 (full 0):
 garbage-first heap   total 45056K, used 14292K [0x0000000089c00000, 0x0000000100000000)
  region size 1024K, 1 young (1024K), 1 survivors (1024K)
 Metaspace       used 25765K, committed 26240K, reserved 1114112K
  class space    used 3202K, committed 3456K, reserved 1048576K
}
Event: 12.588 GC heap before
{Heap before GC invocations=6 (full 0):
 garbage-first heap   total 45056K, used 31700K [0x0000000089c00000, 0x0000000100000000)
  region size 1024K, 18 young (18432K), 1 survivors (1024K)
 Metaspace       used 28739K, committed 29184K, reserved 1114112K
  class space    used 3606K, committed 3776K, reserved 1048576K
}
Event: 12.594 GC heap after
{Heap after GC invocations=7 (full 0):
 garbage-first heap   total 45056K, used 15623K [0x0000000089c00000, 0x0000000100000000)
  region size 1024K, 2 young (2048K), 2 survivors (2048K)
 Metaspace       used 28739K, committed 29184K, reserved 1114112K
  class space    used 3606K, committed 3776K, reserved 1048576K
}

Dll operation events (10 events):
Event: 0.026 Loaded shared library C:\Users\HP\AppData\Roaming\Antigravity\User\globalStorage\pleiades.java-extension-pack-jdk\java\17\bin\java.dll
Event: 0.055 Loaded shared library C:\Users\HP\AppData\Roaming\Antigravity\User\globalStorage\pleiades.java-extension-pack-jdk\java\17\bin\jsvml.dll
Event: 0.503 Loaded shared library C:\Users\HP\AppData\Roaming\Antigravity\User\globalStorage\pleiades.java-extension-pack-jdk\java\17\bin\net.dll
Event: 0.507 Loaded shared library C:\Users\HP\AppData\Roaming\Antigravity\User\globalStorage\pleiades.java-extension-pack-jdk\java\17\bin\nio.dll
Event: 0.514 Loaded shared library C:\Users\HP\AppData\Roaming\Antigravity\User\globalStorage\pleiades.java-extension-pack-jdk\java\17\bin\zip.dll
Event: 0.948 Loaded shared library C:\Users\HP\AppData\Roaming\Antigravity\User\globalStorage\pleiades.java-extension-pack-jdk\java\17\bin\jimage.dll
Event: 3.559 Loaded shared library C:\Users\HP\AppData\Roaming\Antigravity\User\globalStorage\pleiades.java-extension-pack-jdk\java\17\bin\sunmscapi.dll
Event: 7.779 Loaded shared library C:\Users\HP\AppData\Roaming\Antigravity\User\globalStorage\pleiades.java-extension-pack-jdk\java\17\bin\management.dll
Event: 7.786 Loaded shared library C:\Users\HP\AppData\Roaming\Antigravity\User\globalStorage\pleiades.java-extension-pack-jdk\java\17\bin\management_ext.dll
Event: 12.582 Loaded shared library C:\Users\HP\AppData\Roaming\Antigravity\User\globalStorage\pleiades.java-extension-pack-jdk\java\17\bin\verify.dll

Deoptimization events (20 events):
Event: 9.211 Thread 0x000001b09bb7e970 Uncommon trap: trap_request=0xffffff45 fr.pc=0x000001b0ad4ee878 relative=0x0000000000000b98
Event: 9.211 Thread 0x000001b09bb7e970 Uncommon trap: reason=unstable_if action=reinterpret pc=0x000001b0ad4ee878 method=sun.reflect.annotation.AnnotationInvocationHandler.invoke(Ljava/lang/Object;Ljava/lang/reflect/Method;[Ljava/lang/Object;)Ljava/lang/Object; @ 76 c2
Event: 9.211 Thread 0x000001b09bb7e970 DEOPT PACKING pc=0x000001b0ad4ee878 sp=0x000000777a2fd960
Event: 9.211 Thread 0x000001b09bb7e970 DEOPT UNPACKING pc=0x000001b0ace369a3 sp=0x000000777a2fd930 mode 2
Event: 9.302 Thread 0x000001b09bb7e970 Uncommon trap: trap_request=0xffffffde fr.pc=0x000001b0ad43fb24 relative=0x0000000000000fe4
Event: 9.302 Thread 0x000001b09bb7e970 Uncommon trap: reason=class_check action=maybe_recompile pc=0x000001b0ad43fb24 method=java.util.concurrent.ConcurrentHashMap.putVal(Ljava/lang/Object;Ljava/lang/Object;Z)Ljava/lang/Object; @ 242 c2
Event: 9.302 Thread 0x000001b09bb7e970 DEOPT PACKING pc=0x000001b0ad43fb24 sp=0x000000777a2fdaf0
Event: 9.302 Thread 0x000001b09bb7e970 DEOPT UNPACKING pc=0x000001b0ace369a3 sp=0x000000777a2fda60 mode 2
Event: 12.578 Thread 0x000001b09bb7e970 Uncommon trap: trap_request=0xffffff45 fr.pc=0x000001b0ad56f1dc relative=0x0000000000001d3c
Event: 12.578 Thread 0x000001b09bb7e970 Uncommon trap: reason=unstable_if action=reinterpret pc=0x000001b0ad56f1dc method=org.springframework.core.annotation.TypeMappedAnnotations.scan(Ljava/lang/Object;Lorg/springframework/core/annotation/AnnotationsProcessor;)Ljava/lang/Object; @ 4 c2
Event: 12.578 Thread 0x000001b09bb7e970 DEOPT PACKING pc=0x000001b0ad56f1dc sp=0x000000777a2fe450
Event: 12.578 Thread 0x000001b09bb7e970 DEOPT UNPACKING pc=0x000001b0ace369a3 sp=0x000000777a2fe428 mode 2
Event: 12.578 Thread 0x000001b09bb7e970 Uncommon trap: trap_request=0xffffff45 fr.pc=0x000001b0ad598118 relative=0x0000000000000938
Event: 12.578 Thread 0x000001b09bb7e970 Uncommon trap: reason=unstable_if action=reinterpret pc=0x000001b0ad598118 method=org.springframework.core.annotation.TypeMappedAnnotations$MergedAnnotationFinder.doWithAnnotations(Ljava/lang/Object;ILjava/lang/Object;[Ljava/lang/annotation/Annotation;)Lo
Event: 12.579 Thread 0x000001b09bb7e970 DEOPT PACKING pc=0x000001b0ad598118 sp=0x000000777a2fe360
Event: 12.579 Thread 0x000001b09bb7e970 DEOPT UNPACKING pc=0x000001b0ace369a3 sp=0x000000777a2fe2f8 mode 2
Event: 12.617 Thread 0x000001b09bb7e970 Uncommon trap: trap_request=0xffffff45 fr.pc=0x000001b0ad57c62c relative=0x0000000000001e0c
Event: 12.617 Thread 0x000001b09bb7e970 Uncommon trap: reason=unstable_if action=reinterpret pc=0x000001b0ad57c62c method=org.springframework.core.annotation.TypeMappedAnnotations$MergedAnnotationFinder.doWithAnnotations(Ljava/lang/Object;ILjava/lang/Object;[Ljava/lang/annotation/Annotation;)Lo
Event: 12.617 Thread 0x000001b09bb7e970 DEOPT PACKING pc=0x000001b0ad57c62c sp=0x000000777a2fd8c0
Event: 12.617 Thread 0x000001b09bb7e970 DEOPT UNPACKING pc=0x000001b0ace369a3 sp=0x000000777a2fd768 mode 2

Classes loaded (20 events):
Event: 9.858 Loading class org/w3c/dom/Node
Event: 9.861 Loading class org/w3c/dom/Node done
Event: 9.861 Loading class org/w3c/dom/Document
Event: 9.864 Loading class org/w3c/dom/Document done
Event: 10.019 Loading class java/util/OptionalLong
Event: 10.020 Loading class java/util/OptionalLong done
Event: 10.020 Loading class java/util/OptionalDouble
Event: 10.021 Loading class java/util/OptionalDouble done
Event: 10.086 Loading class jdk/internal/ValueBased
Event: 10.086 Loading class jdk/internal/ValueBased done
Event: 10.305 Loading class java/util/regex/Pattern$BnM
Event: 10.312 Loading class java/util/regex/Pattern$BnM done
Event: 12.566 Loading class java/util/regex/PatternSyntaxException
Event: 12.567 Loading class java/util/regex/PatternSyntaxException done
Event: 12.576 Loading class java/util/Comparators$NullComparator
Event: 12.576 Loading class java/util/Comparators$NullComparator done
Event: 12.576 Loading class java/util/EnumMap$Values
Event: 12.577 Loading class java/util/EnumMap$Values done
Event: 12.577 Loading class java/util/EnumMap$ValueIterator
Event: 12.577 Loading class java/util/EnumMap$ValueIterator done

Classes unloaded (0 events):
No events

Classes redefined (0 events):
No events

Internal exceptions (20 events):
Event: 6.120 Thread 0x000001b09bb7e970 Exception <a 'java/lang/NoClassDefFoundError'{0x000000008dd058e0}: org/flywaydb/core/Flyway> (0x000000008dd058e0) 
thrown [s\src\hotspot\share\classfile\systemDictionary.cpp, line 245]
Event: 6.120 Thread 0x000001b09bb7e970 Exception <a 'java/lang/NoClassDefFoundError'{0x000000008dd071b0}: liquibase/integration/spring/SpringLiquibase> (0x000000008dd071b0) 
thrown [s\src\hotspot\share\classfile\systemDictionary.cpp, line 245]
Event: 6.191 Thread 0x000001b09bb7e970 Exception <a 'java/lang/NoSuchMethodError'{0x000000008ddfaa88}: 'void java.lang.invoke.DirectMethodHandle$Holder.invokeSpecial(java.lang.Object, java.lang.Object, java.lang.Object, java.lang.Object, java.lang.Object, java.lang.Object)'> (0x000000008ddfaa88) 
thrown [s\src\hotspot\share\interpreter\linkResolver.cpp, line 759]
Event: 6.718 Thread 0x000001b09bb7e970 Implicit null exception at 0x000001b0ad4c7cea to 0x000001b0ad4c8170
Event: 6.863 Thread 0x000001b09bb7e970 Exception <a 'java/lang/NoSuchMethodError'{0x000000008bcd5ff8}: 'void java.lang.invoke.DirectMethodHandle$Holder.invokeInterface(java.lang.Object, java.lang.Object, int)'> (0x000000008bcd5ff8) 
thrown [s\src\hotspot\share\interpreter\linkResolver.cpp, line 759]
Event: 6.895 Thread 0x000001b09bb7e970 Exception <a 'java/lang/IncompatibleClassChangeError'{0x000000008bb26a40}: Found class java.lang.Object, but interface was expected> (0x000000008bb26a40) 
thrown [s\src\hotspot\share\interpreter\linkResolver.cpp, line 826]
Event: 6.905 Thread 0x000001b09bb7e970 Exception <a 'java/lang/NoSuchMethodError'{0x000000008bb37568}: 'int java.lang.invoke.DirectMethodHandle$Holder.invokeSpecialIFC(java.lang.Object, java.lang.Object, java.lang.Object)'> (0x000000008bb37568) 
thrown [s\src\hotspot\share\interpreter\linkResolver.cpp, line 759]
Event: 6.911 Thread 0x000001b09bb7e970 Exception <a 'java/lang/NoSuchMethodError'{0x000000008bb45430}: 'void java.lang.invoke.DirectMethodHandle$Holder.invokeStatic(java.lang.Object, int, java.lang.Object)'> (0x000000008bb45430) 
thrown [s\src\hotspot\share\interpreter\linkResolver.cpp, line 759]
Event: 6.934 Thread 0x000001b09bb7e970 Exception <a 'java/lang/NoSuchMethodError'{0x000000008bb814b0}: 'void java.lang.invoke.DirectMethodHandle$Holder.invokeVirtual(java.lang.Object, java.lang.Object, int)'> (0x000000008bb814b0) 
thrown [s\src\hotspot\share\interpreter\linkResolver.cpp, line 759]
Event: 6.936 Thread 0x000001b09bb7e970 Exception <a 'java/lang/NoSuchMethodError'{0x000000008bb876e8}: 'void java.lang.invoke.DirectMethodHandle$Holder.invokeStatic(java.lang.Object, java.lang.Object, java.lang.Object, int, java.lang.Object)'> (0x000000008bb876e8) 
thrown [s\src\hotspot\share\interpreter\linkResolver.cpp, line 759]
Event: 6.938 Thread 0x000001b09bb7e970 Exception <a 'java/lang/NoSuchMethodError'{0x000000008bb8ebf0}: 'java.lang.Object java.lang.invoke.DirectMethodHandle$Holder.newInvokeSpecial(java.lang.Object, java.lang.Object, java.lang.Object, int)'> (0x000000008bb8ebf0) 
thrown [s\src\hotspot\share\interpreter\linkResolver.cpp, line 759]
Event: 6.939 Thread 0x000001b09bb7e970 Exception <a 'java/lang/NoSuchMethodError'{0x000000008bb92ed8}: 'java.lang.Object java.lang.invoke.DirectMethodHandle$Holder.invokeSpecial(java.lang.Object, java.lang.Object, java.lang.Object, java.lang.Object, int)'> (0x000000008bb92ed8) 
thrown [s\src\hotspot\share\interpreter\linkResolver.cpp, line 759]
Event: 6.939 Thread 0x000001b09bb7e970 Exception <a 'java/lang/NoSuchMethodError'{0x000000008bb96aa0}: 'java.lang.Object java.lang.invoke.Invokers$Holder.linkToTargetMethod(java.lang.Object, java.lang.Object, int, java.lang.Object)'> (0x000000008bb96aa0) 
thrown [s\src\hotspot\share\interpreter\linkResolver.cpp, line 759]
Event: 7.241 Thread 0x000001b09bb7e970 Exception <a 'java/lang/NoSuchMethodError'{0x000000008b7be988}: 'java.lang.Object java.lang.invoke.DirectMethodHandle$Holder.invokeStaticInit(java.lang.Object, int, int, int, int)'> (0x000000008b7be988) 
thrown [s\src\hotspot\share\interpreter\linkResolver.cpp, line 759]
Event: 7.500 Thread 0x000001b09bb7e970 Exception <a 'java/lang/NoSuchMethodError'{0x000000008b679a50}: 'java.lang.Object java.lang.invoke.DirectMethodHandle$Holder.invokeStaticInit(java.lang.Object, java.lang.Object, int, int, int, int)'> (0x000000008b679a50) 
thrown [s\src\hotspot\share\interpreter\linkResolver.cpp, line 759]
Event: 7.707 Thread 0x000001b09bb7e970 Exception <a 'java/lang/NoSuchMethodError'{0x000000008b154e00}: 'java.lang.Object java.lang.invoke.DirectMethodHandle$Holder.invokeSpecial(java.lang.Object, java.lang.Object, long, java.lang.Object, java.lang.Object, java.lang.Object, java.lang.Object, java.lang.Object, java.lang.Object)'> (0x000000008b154e00) 
thrown [s\src\hotspot\share\interpreter\linkResolver.cpp, line 759]
Event: 7.707 Thread 0x000001b09bb7e970 Exception <a 'java/lang/NoSuchMethodError'{0x000000008b159928}: 'java.lang.Object java.lang.invoke.DelegatingMethodHandle$Holder.reinvoke_L(java.lang.Object, long, java.lang.Object, java.lang.Object, java.lang.Object, java.lang.Object, java.lang.Object, java.lang.Object)'> (0x000000008b159928) 
thrown [s\src\hotspot\share\interpreter\linkResolver.cpp, line 759]
Event: 7.813 Thread 0x000001b09bb7e970 Exception <a 'java/io/FileNotFoundException'{0x000000008b0b5d80}> (0x000000008b0b5d80) 
thrown [s\src\hotspot\share\prims\jni.cpp, line 516]
Event: 7.895 Thread 0x000001b09bb7e970 Exception <a 'java/lang/NoSuchMethodError'{0x000000008afd3f10}: 'int java.lang.invoke.DirectMethodHandle$Holder.invokeInterface(java.lang.Object, java.lang.Object, java.lang.Object, java.lang.Object)'> (0x000000008afd3f10) 
thrown [s\src\hotspot\share\interpreter\linkResolver.cpp, line 759]
Event: 8.116 Thread 0x000001b09bb7e970 Exception <a 'java/lang/NoSuchMethodError'{0x00000000913cc2b0}: 'long java.lang.invoke.DirectMethodHandle$Holder.invokeVirtual(java.lang.Object, java.lang.Object)'> (0x00000000913cc2b0) 
thrown [s\src\hotspot\share\interpreter\linkResolver.cpp, line 759]

VM Operations (20 events):
Event: 7.937 Executing VM operation: HandshakeAllThreads
Event: 7.937 Executing VM operation: HandshakeAllThreads done
Event: 7.937 Executing VM operation: HandshakeAllThreads
Event: 7.937 Executing VM operation: HandshakeAllThreads done
Event: 7.957 Executing VM operation: G1CollectForAllocation
Event: 7.972 Executing VM operation: G1CollectForAllocation done
Event: 8.141 Executing VM operation: G1CollectForAllocation
Event: 8.148 Executing VM operation: G1CollectForAllocation done
Event: 8.195 Executing VM operation: HandshakeAllThreads
Event: 8.195 Executing VM operation: HandshakeAllThreads done
Event: 9.200 Executing VM operation: Cleanup
Event: 9.200 Executing VM operation: Cleanup done
Event: 9.974 Executing VM operation: HandshakeAllThreads
Event: 9.974 Executing VM operation: HandshakeAllThreads done
Event: 10.988 Executing VM operation: Cleanup
Event: 10.988 Executing VM operation: Cleanup done
Event: 11.999 Executing VM operation: Cleanup
Event: 11.999 Executing VM operation: Cleanup done
Event: 12.588 Executing VM operation: G1CollectForAllocation
Event: 12.594 Executing VM operation: G1CollectForAllocation done

Memory protections (0 events):
No events

Nmethod flushes (0 events):
No events

Events (20 events):
Event: 0.240 Thread 0x000001b09bb7e970 Thread added: 0x000001b0bb837cc0
Event: 0.246 Thread 0x000001b09bb7e970 Thread added: 0x000001b0bb870820
Event: 0.446 Thread 0x000001b09bb7e970 Thread added: 0x000001b0bba84500
Event: 0.472 Thread 0x000001b09bb7e970 Thread added: 0x000001b0bba9d700
Event: 2.440 Thread 0x000001b0bb837cc0 Thread added: 0x000001b0fd275ab0
Event: 2.562 Thread 0x000001b09bb7e970 Thread added: 0x000001b0fd7fea70
Event: 3.647 Thread 0x000001b09bb7e970 Thread added: 0x000001b0fdc4f7a0
Event: 3.668 Thread 0x000001b0fd7fea70 Thread exited: 0x000001b0fd7fea70
Event: 3.736 Thread 0x000001b0fdc4f7a0 Thread exited: 0x000001b0fdc4f7a0
Event: 4.550 Thread 0x000001b0fd275ab0 Thread exited: 0x000001b0fd275ab0
Event: 5.022 Thread 0x000001b0bb837cc0 Thread added: 0x000001b0fddfb030
Event: 6.137 Thread 0x000001b0fddfb030 Thread exited: 0x000001b0fddfb030
Event: 6.810 Thread 0x000001b0bb837cc0 Thread added: 0x000001b0feb9a020
Event: 7.455 Thread 0x000001b0feb9a020 Thread exited: 0x000001b0feb9a020
Event: 7.920 Thread 0x000001b0bb837cc0 Thread added: 0x000001b0feb9a020
Event: 8.222 Thread 0x000001b09bb7e970 Thread added: 0x000001b0fdada5a0
Event: 8.234 Thread 0x000001b09bb7e970 Thread added: 0x000001b0ff436d40
Event: 8.241 Thread 0x000001b09bb7e970 Thread added: 0x000001b0ff47ae90
Event: 9.780 Thread 0x000001b0feb9a020 Thread exited: 0x000001b0feb9a020
Event: 12.624 Thread 0x000001b0bb837cc0 Thread added: 0x000001b084823a10


Dynamic libraries:
0x00007ff7ad280000 - 0x00007ff7ad28e000 	C:\Users\HP\AppData\Roaming\Antigravity\User\globalStorage\pleiades.java-extension-pack-jdk\java\17\bin\java.exe
0x00007ffa785c0000 - 0x00007ffa78828000 	C:\WINDOWS\SYSTEM32\ntdll.dll
0x00007ffa76f00000 - 0x00007ffa76fc9000 	C:\WINDOWS\System32\KERNEL32.DLL
0x00007ffa75a70000 - 0x00007ffa75e61000 	C:\WINDOWS\System32\KERNELBASE.dll
0x00007ffa75920000 - 0x00007ffa75a6b000 	C:\WINDOWS\System32\ucrtbase.dll
0x00007ffa43720000 - 0x00007ffa43738000 	C:\Users\HP\AppData\Roaming\Antigravity\User\globalStorage\pleiades.java-extension-pack-jdk\java\17\bin\jli.dll
0x00007ffa77150000 - 0x00007ffa77316000 	C:\WINDOWS\System32\USER32.dll
0x00007ffa76330000 - 0x00007ffa76357000 	C:\WINDOWS\System32\win32u.dll
0x00007ffa77040000 - 0x00007ffa7706b000 	C:\WINDOWS\System32\GDI32.dll
0x00007ffa76150000 - 0x00007ffa7627b000 	C:\WINDOWS\System32\gdi32full.dll
0x00007ffa75e70000 - 0x00007ffa75f13000 	C:\WINDOWS\System32\msvcp_win.dll
0x00007ffa43700000 - 0x00007ffa4371e000 	C:\Users\HP\AppData\Roaming\Antigravity\User\globalStorage\pleiades.java-extension-pack-jdk\java\17\bin\VCRUNTIME140.dll
0x00007ffa5d690000 - 0x00007ffa5d923000 	C:\WINDOWS\WinSxS\amd64_microsoft.windows.common-controls_6595b64144ccf1df_6.0.26100.7824_none_3e0870b2e3345462\COMCTL32.dll
0x00007ffa76450000 - 0x00007ffa764f9000 	C:\WINDOWS\System32\msvcrt.dll
0x00007ffa773a0000 - 0x00007ffa773d1000 	C:\WINDOWS\System32\IMM32.DLL
0x00007ffa72090000 - 0x00007ffa7209c000 	C:\Users\HP\AppData\Roaming\Antigravity\User\globalStorage\pleiades.java-extension-pack-jdk\java\17\bin\vcruntime140_1.dll
0x00007ffa43670000 - 0x00007ffa436fd000 	C:\Users\HP\AppData\Roaming\Antigravity\User\globalStorage\pleiades.java-extension-pack-jdk\java\17\bin\msvcp140.dll
0x00007ff9a6880000 - 0x00007ff9a74eb000 	C:\Users\HP\AppData\Roaming\Antigravity\User\globalStorage\pleiades.java-extension-pack-jdk\java\17\bin\server\jvm.dll
0x00007ffa782e0000 - 0x00007ffa78394000 	C:\WINDOWS\System32\ADVAPI32.dll
0x00007ffa76e50000 - 0x00007ffa76ef6000 	C:\WINDOWS\System32\sechost.dll
0x00007ffa77540000 - 0x00007ffa77658000 	C:\WINDOWS\System32\RPCRT4.dll
0x00007ffa77320000 - 0x00007ffa77394000 	C:\WINDOWS\System32\WS2_32.dll
0x00007ffa74c50000 - 0x00007ffa74cae000 	C:\WINDOWS\SYSTEM32\POWRPROF.dll
0x00007ffa6f050000 - 0x00007ffa6f085000 	C:\WINDOWS\SYSTEM32\WINMM.dll
0x00007ffa6f090000 - 0x00007ffa6f09b000 	C:\WINDOWS\SYSTEM32\VERSION.dll
0x00007ffa74b30000 - 0x00007ffa74b44000 	C:\WINDOWS\SYSTEM32\UMPDC.dll
0x00007ffa73c40000 - 0x00007ffa73c5b000 	C:\WINDOWS\SYSTEM32\kernel.appcore.dll
0x00007ffa43660000 - 0x00007ffa4366a000 	C:\Users\HP\AppData\Roaming\Antigravity\User\globalStorage\pleiades.java-extension-pack-jdk\java\17\bin\jimage.dll
0x00007ffa72d70000 - 0x00007ffa72fb2000 	C:\WINDOWS\SYSTEM32\DBGHELP.DLL
0x00007ffa77ec0000 - 0x00007ffa78246000 	C:\WINDOWS\System32\combase.dll
0x00007ffa77460000 - 0x00007ffa77537000 	C:\WINDOWS\System32\OLEAUT32.dll
0x00007ffa5d2b0000 - 0x00007ffa5d2eb000 	C:\WINDOWS\SYSTEM32\dbgcore.DLL
0x00007ffa76280000 - 0x00007ffa76325000 	C:\WINDOWS\System32\bcryptPrimitives.dll
0x00007ffa43070000 - 0x00007ffa43095000 	C:\Users\HP\AppData\Roaming\Antigravity\User\globalStorage\pleiades.java-extension-pack-jdk\java\17\bin\java.dll
0x00007ff9a8070000 - 0x00007ff9a8147000 	C:\Users\HP\AppData\Roaming\Antigravity\User\globalStorage\pleiades.java-extension-pack-jdk\java\17\bin\jsvml.dll
0x00007ffa77760000 - 0x00007ffa77eb2000 	C:\WINDOWS\System32\SHELL32.dll
0x00007ffa75fe0000 - 0x00007ffa7614a000 	C:\WINDOWS\System32\wintypes.dll
0x00007ffa750b0000 - 0x00007ffa75913000 	C:\WINDOWS\System32\windows.storage.dll
0x00007ffa77660000 - 0x00007ffa77756000 	C:\WINDOWS\System32\SHCORE.dll
0x00007ffa76fd0000 - 0x00007ffa77037000 	C:\WINDOWS\System32\shlwapi.dll
0x00007ffa74dc0000 - 0x00007ffa74de9000 	C:\WINDOWS\SYSTEM32\profapi.dll
0x00007ffa43050000 - 0x00007ffa4306a000 	C:\Users\HP\AppData\Roaming\Antigravity\User\globalStorage\pleiades.java-extension-pack-jdk\java\17\bin\net.dll
0x00007ffa6cd30000 - 0x00007ffa6ce57000 	C:\WINDOWS\SYSTEM32\WINHTTP.dll
0x00007ffa741b0000 - 0x00007ffa7421b000 	C:\WINDOWS\system32\mswsock.dll
0x00007ffa43030000 - 0x00007ffa43046000 	C:\Users\HP\AppData\Roaming\Antigravity\User\globalStorage\pleiades.java-extension-pack-jdk\java\17\bin\nio.dll
0x00007ffa43010000 - 0x00007ffa43028000 	C:\Users\HP\AppData\Roaming\Antigravity\User\globalStorage\pleiades.java-extension-pack-jdk\java\17\bin\zip.dll
0x00007ff9fa3c0000 - 0x00007ff9fa3ce000 	C:\Users\HP\AppData\Roaming\Antigravity\User\globalStorage\pleiades.java-extension-pack-jdk\java\17\bin\sunmscapi.dll
0x00007ffa74f30000 - 0x00007ffa750a7000 	C:\WINDOWS\System32\CRYPT32.dll
0x00007ffa746a0000 - 0x00007ffa746d0000 	C:\WINDOWS\SYSTEM32\ncrypt.dll
0x00007ffa74650000 - 0x00007ffa7468f000 	C:\WINDOWS\SYSTEM32\NTASN1.dll
0x00007ffa74480000 - 0x00007ffa7449b000 	C:\WINDOWS\SYSTEM32\CRYPTSP.dll
0x00007ffa73ba0000 - 0x00007ffa73bd9000 	C:\WINDOWS\system32\rsaenh.dll
0x00007ffa74260000 - 0x00007ffa7428b000 	C:\WINDOWS\SYSTEM32\USERENV.dll
0x00007ffa74d90000 - 0x00007ffa74dba000 	C:\WINDOWS\SYSTEM32\bcrypt.dll
0x00007ffa744a0000 - 0x00007ffa744ac000 	C:\WINDOWS\SYSTEM32\CRYPTBASE.dll
0x00007ffa73690000 - 0x00007ffa736c4000 	C:\WINDOWS\SYSTEM32\IPHLPAPI.DLL
0x00007ffa76420000 - 0x00007ffa7642a000 	C:\WINDOWS\System32\NSI.dll
0x00007ffa6cf10000 - 0x00007ffa6cf2e000 	C:\WINDOWS\SYSTEM32\dhcpcsvc6.DLL
0x00007ffa6ce80000 - 0x00007ffa6cea3000 	C:\WINDOWS\SYSTEM32\dhcpcsvc.DLL
0x00007ffa73730000 - 0x00007ffa7385c000 	C:\WINDOWS\SYSTEM32\DNSAPI.dll
0x00007ffa43000000 - 0x00007ffa4300a000 	C:\Users\HP\AppData\Roaming\Antigravity\User\globalStorage\pleiades.java-extension-pack-jdk\java\17\bin\management.dll
0x00007ffa42ff0000 - 0x00007ffa42ffc000 	C:\Users\HP\AppData\Roaming\Antigravity\User\globalStorage\pleiades.java-extension-pack-jdk\java\17\bin\management_ext.dll
0x00007ffa78570000 - 0x00007ffa78578000 	C:\WINDOWS\System32\PSAPI.DLL
0x00007ffa193f0000 - 0x00007ffa19400000 	C:\Users\HP\AppData\Roaming\Antigravity\User\globalStorage\pleiades.java-extension-pack-jdk\java\17\bin\verify.dll

dbghelp: loaded successfully - version: 4.0.5 - missing functions: none
symbol engine: initialized successfully - sym options: 0x614 - pdb path: .;C:\Users\HP\AppData\Roaming\Antigravity\User\globalStorage\pleiades.java-extension-pack-jdk\java\17\bin;C:\WINDOWS\SYSTEM32;C:\WINDOWS\WinSxS\amd64_microsoft.windows.common-controls_6595b64144ccf1df_6.0.26100.7824_none_3e0870b2e3345462;C:\Users\HP\AppData\Roaming\Antigravity\User\globalStorage\pleiades.java-extension-pack-jdk\java\17\bin\server

VM Arguments:
jvm_args: -XX:+ShowCodeDetailsInExceptionMessages 
java_command: com.example.frontend.FrontendApplication
java_class_path (initial): C:\Users\HP\Downloads\playground-4dd0d8498a949fd87128c775f0e34ef5b9045346\playground-4dd0d8498a949fd87128c775f0e34ef5b9045346\frontend\frontend\target\classes;C:\Users\HP\.m2\repository\org\springframework\boot\spring-boot-starter-web\3.2.1\spring-boot-starter-web-3.2.1.jar;C:\Users\HP\.m2\repository\org\springframework\boot\spring-boot-starter\3.2.1\spring-boot-starter-3.2.1.jar;C:\Users\HP\.m2\repository\org\springframework\boot\spring-boot\3.2.1\spring-boot-3.2.1.jar;C:\Users\HP\.m2\repository\org\springframework\boot\spring-boot-autoconfigure\3.2.1\spring-boot-autoconfigure-3.2.1.jar;C:\Users\HP\.m2\repository\org\springframework\boot\spring-boot-starter-logging\3.2.1\spring-boot-starter-logging-3.2.1.jar;C:\Users\HP\.m2\repository\ch\qos\logback\logback-classic\1.4.14\logback-classic-1.4.14.jar;C:\Users\HP\.m2\repository\ch\qos\logback\logback-core\1.4.14\logback-core-1.4.14.jar;C:\Users\HP\.m2\repository\org\apache\logging\log4j\log4j-to-slf4j\2.21.1\log4j-to-slf4j-2.21.1.jar;C:\Users\HP\.m2\repository\org\apache\logging\log4j\log4j-api\2.21.1\log4j-api-2.21.1.jar;C:\Users\HP\.m2\repository\org\slf4j\jul-to-slf4j\2.0.9\jul-to-slf4j-2.0.9.jar;C:\Users\HP\.m2\repository\jakarta\annotation\jakarta.annotation-api\2.1.1\jakarta.annotation-api-2.1.1.jar;C:\Users\HP\.m2\repository\org\yaml\snakeyaml\2.2\snakeyaml-2.2.jar;C:\Users\HP\.m2\repository\org\springframework\boot\spring-boot-starter-json\3.2.1\spring-boot-starter-json-3.2.1.jar;C:\Users\HP\.m2\repository\com\fasterxml\jackson\datatype\jackson-datatype-jdk8\2.15.3\jackson-datatype-jdk8-2.15.3.jar;C:\Users\HP\.m2\repository\com\fasterxml\jackson\module\jackson-module-parameter-names\2.15.3\jackson-module-parameter-names-2.15.3.jar;C:\Users\HP\.m2\repository\org\springframework\boot\spring-boot-starter-tomcat\3.2.1\spring-boot-starter-tomcat-3.2.1.jar;C:\Users\HP\.m2\repository\org\apache\tomcat\embed\tomcat-embed-core\10.1.17\tomcat-embed-core-10.1.17.jar;C:\Users\HP\.m2\repository
Launcher Type: SUN_STANDARD

[Global flags]
     intx CICompilerCount                          = 3                                         {product} {ergonomic}
     uint ConcGCThreads                            = 2                                         {product} {ergonomic}
     uint G1ConcRefinementThreads                  = 6                                         {product} {ergonomic}
   size_t G1HeapRegionSize                         = 1048576                                   {product} {ergonomic}
    uintx GCDrainStackTargetSize                   = 64                                        {product} {ergonomic}
   size_t InitialHeapSize                          = 125829120                                 {product} {ergonomic}
   size_t MarkStackSize                            = 4194304                                   {product} {ergonomic}
   size_t MaxHeapSize                              = 1983905792                                {product} {ergonomic}
   size_t MaxNewSize                               = 1190133760                                {product} {ergonomic}
   size_t MinHeapDeltaBytes                        = 1048576                                   {product} {ergonomic}
   size_t MinHeapSize                              = 8388608                                   {product} {ergonomic}
    uintx NonNMethodCodeHeapSize                   = 5832780                                {pd product} {ergonomic}
    uintx NonProfiledCodeHeapSize                  = 122912730                              {pd product} {ergonomic}
    uintx ProfiledCodeHeapSize                     = 122912730                              {pd product} {ergonomic}
    uintx ReservedCodeCacheSize                    = 251658240                              {pd product} {ergonomic}
     bool SegmentedCodeCache                       = true                                      {product} {ergonomic}
     bool ShowCodeDetailsInExceptionMessages       = true                                   {manageable} {command line}
   size_t SoftMaxHeapSize                          = 1983905792                             {manageable} {ergonomic}
     bool UseCompressedClassPointers               = true                           {product lp64_product} {ergonomic}
     bool UseCompressedOops                        = true                           {product lp64_product} {ergonomic}
     bool UseG1GC                                  = true                                      {product} {ergonomic}
     bool UseLargePagesIndividualAllocation        = false                                  {pd product} {ergonomic}

Logging:
Log output configuration:
 #0: stdout all=warning uptime,level,tags
 #1: stderr all=off uptime,level,tags

Environment Variables:
JAVA_HOME=C:\Program Files\Java\jdk-21
PATH=C:\Users\HP\AppData\Roaming\Antigravity\User\globalStorage\pleiades.java-extension-pack-jdk\gradle\latest\bin;C:\Users\HP\AppData\Roaming\Antigravity\User\globalStorage\pleiades.java-extension-pack-jdk\maven\latest\bin;C:\Program Files\Java\jdk-21\bin;C:\Python312\Scripts\;C:\Python312\;C:\Program Files\Common Files\Oracle\Java\javapath;C:\Program Files (x86)\Common Files\Oracle\Java\javapath;C:\WINDOWS\system32;C:\WINDOWS;C:\WINDOWS\System32\Wbem;C:\WINDOWS\System32\WindowsPowerShell\v1.0\;C:\WINDOWS\System32\OpenSSH\;C:\Program Files\Git\cmd;C:\MinGW\bin;C:\Program Files\wkhtmltopdf\bin;C:\Program Files (x86)\Java\jre-1.8\bin;C:\Program Files\jdk-20.0.2\bin;C:\Program Files\MongoDB\Server\7.0\bin;C:\Program Files\Amazon\AWSCLIV2\;C:\Users\HP\OpenSSH-Win64;C:\ProgramData\chocolatey\bin;C:\Program Files (x86)\Yarn\bin\;C:\Program Files\MongoDB\Server\5.0\bin;C:\Program Files\MySQL\MySQL Server 8.0\bin;;C:\WINDOWS\system32;C:\WINDOWS;C:\WINDOWS\System32\Wbem;C:\WINDOWS\System32\WindowsPowerShell\v1.0\;C:\WINDOWS\System32\OpenSSH\;C:\Program Files\Kubernetes\Minikube;;C:\Program Files\Docker\Docker\resources\bin;C:\Program Files\PowerShell\7\;C:\Users\HP\AppData\Local\Programs\Python\Python38\Scripts\;C:\Users\HP\AppData\Local\Programs\Python\Python38\;C:\Users\HP\AppData\Local\Microsoft\WindowsApps;C:\Program Files\JetBrains\PyCharm Community Edition 2023.1.3\bin;;C:\Program Files\heroku\bin;C:\Users\HP\apache-maven-3.9.6\bin;C:\Program Files\JetBrains\DataGrip 2023.3.4\bin;;C:\Program Files\MySQL\MySQL Server 8.3\bin;C:\Users\HP\AppData\Local\Programs\oh-my-posh\bin;C:\Users\HP\AppData\Local\Yarn\bin;C:\Program Files\MongoDB\Server\5.0\bin;C:\Users\HP\AppData\Local\Programs\Microsoft VS Code\bin;C:\Program Files\MySQL\MySQL Server 8.0\bin;C:\Users\HP\AppData\Local\Programs\Antigravity\bin;C:\Users\HP\AppData\Local\Programs\mongosh\;c:\Users\HP\.antigravity\extensions\vscjava.vscode-java-debug-0.58.5-universal\bundled\scripts\noConfigScripts
USERNAME=HP
LANG=en_US.UTF-8
OS=Windows_NT
PROCESSOR_IDENTIFIER=AMD64 Family 23 Model 96 Stepping 1, AuthenticAMD
TMP=C:\Users\HP\AppData\Local\Temp
TEMP=C:\Users\HP\AppData\Local\Temp



Periodic native trim disabled


---------------  S Y S T E M  ---------------

OS:
 Windows 11 , 64 bit Build 26100 (10.0.26100.7705)
OS uptime: 0 days 3:14 hours
Hyper-V role detected

CPU: total 6 (initial active 6) (6 cores per cpu, 1 threads per core) family 23 model 96 stepping 1 microcode 0x8600109, cx8, cmov, fxsr, mmx, 3dnowpref, sse, sse2, sse3, ssse3, sse4a, sse4.1, sse4.2, popcnt, lzcnt, tsc, tscinvbit, avx, avx2, aes, clmul, bmi1, bmi2, adx, sha, fma, vzeroupper, clflush, clflushopt, hv
Processor Information for all 6 processors :
  Max Mhz: 2375, Current Mhz: 2375, Mhz Limit: 2375

Memory: 4k page, system-wide physical 7564M (399M free)
TotalPageFile size 31116M (AvailPageFile size 88M)
current process WorkingSet (physical memory assigned to process): 141M, peak: 178M
current process commit charge ("private bytes"): 185M, peak: 258M

vm_info: OpenJDK 64-Bit Server VM (17.0.18+8) for windows-amd64 JRE (17.0.18+8), built on Jan 20 2026 22:28:22 by "admin" with MS VC++ 17.12 (VS2022)

END.
