#
# There is insufficient memory for the Java Runtime Environment to continue.
# Native memory allocation (malloc) failed to allocate 32744 bytes. Error detail: ChunkPool::allocate
# Possible reasons:
#   The system is out of physical RAM or swap space
#   This process is running with CompressedOops enabled, and the Java Heap may be blocking the growth of the native heap
# Possible solutions:
#   Reduce memory load on the system
#   Increase physical memory or swap space
#   Check if swap backing store is full
#   Decrease Java heap size (-Xmx/-Xms)
#   Decrease number of Java threads
#   Decrease Java thread stack sizes (-Xss)
#   Set larger code cache with -XX:ReservedCodeCacheSize=
#   JVM is running with Unscaled Compressed Oops mode in which the Java heap is
#     placed in the first 4GB address space. The Java Heap base address is the
#     maximum limit for the native heap growth. Please use -XX:HeapBaseMinAddress
#     to set the Java Heap base and to place the Java Heap above 4GB virtual address.
# This output file may be truncated or incomplete.
#
#  Out of Memory Error (arena.cpp:79), pid=7268, tid=20348
#
# JRE version: OpenJDK Runtime Environment Temurin-17.0.18+8 (17.0.18+8) (build 17.0.18+8)
# Java VM: OpenJDK 64-Bit Server VM Temurin-17.0.18+8 (17.0.18+8, mixed mode, sharing, tiered, compressed oops, compressed class ptrs, g1 gc, windows-amd64)
# No core dump will be written. Minidumps are not enabled by default on client versions of Windows
#

---------------  S U M M A R Y ------------

Command Line: -XX:+ShowCodeDetailsInExceptionMessages com.example.frontend.FrontendApplication

Host: AMD Ryzen 5 4500U with Radeon Graphics         , 6 cores, 7G,  Windows 11 , 64 bit Build 26100 (10.0.26100.7705)
Time: Wed Mar  4 12:52:33 2026 India Standard Time elapsed time: 316.928607 seconds (0d 0h 5m 16s)

---------------  T H R E A D  ---------------

Current thread (0x0000015fd8385a80):  JavaThread "C2 CompilerThread0" daemon [_thread_in_native, id=20348, stack(0x0000002154700000,0x0000002154800000)]


Current CompileTask:
C2:316929 5673       4       java.util.LinkedHashMap$LinkedEntryIterator::next (5 bytes)

Stack: [0x0000002154700000,0x0000002154800000]
Native frames: (J=compiled Java code, j=interpreted, Vv=VM code, C=native code)
V  [jvm.dll+0x6846f9]
V  [jvm.dll+0x839ea5]
V  [jvm.dll+0x83b91e]
V  [jvm.dll+0x83bfa3]
V  [jvm.dll+0x248eff]
V  [jvm.dll+0xad69e]
V  [jvm.dll+0xadb3c]
V  [jvm.dll+0x2b0638]
V  [jvm.dll+0x58acf5]
V  [jvm.dll+0x222e84]
V  [jvm.dll+0x22327d]
V  [jvm.dll+0x21bfdb]
V  [jvm.dll+0x2190fe]
V  [jvm.dll+0x1a4920]
V  [jvm.dll+0x22989a]
V  [jvm.dll+0x227a4b]
V  [jvm.dll+0x7f0658]
V  [jvm.dll+0x7eaaec]
V  [jvm.dll+0x6835c7]
C  [ucrtbase.dll+0x37b0]
C  [KERNEL32.DLL+0x2e8d7]
C  [ntdll.dll+0x8c40c]


---------------  P R O C E S S  ---------------

Threads class SMR info:
_java_thread_list=0x000001601f42c330, length=40, elements={
0x0000015fd8363900, 0x0000015fd8364970, 0x0000015fd8383360, 0x0000015fd8383c30,
0x0000015fd8384500, 0x0000015fd8384dd0, 0x0000015fd8385a80, 0x0000015fd8386440,
0x0000015fd8398d70, 0x0000015fd8a1fef0, 0x0000015fd8a32280, 0x000001601ed728b0,
0x000001601e2fa2f0, 0x000001601e1bcab0, 0x00000160212a4fe0, 0x00000160212a54f0,
0x00000160212a45c0, 0x00000160212a3ba0, 0x00000160212a40b0, 0x00000160212a4ad0,
0x00000160205e94f0, 0x00000160205e9a00, 0x00000160205eae40, 0x00000160205ea930,
0x00000160205e9f10, 0x00000160205eb350, 0x00000160205eb860, 0x00000160205ebd70,
0x00000160205ec280, 0x00000160205e8ad0, 0x00000160205ea420, 0x00000160205ec790,
0x00000160205e8fe0, 0x00000160205f0450, 0x00000160205ecca0, 0x00000160205ed1b0,
0x00000160205ed6c0, 0x00000160205edbd0, 0x00000160205eff40, 0x000001601f556880
}

Java Threads: ( => current thread )
  0x0000015fd8363900 JavaThread "Reference Handler" daemon [_thread_blocked, id=22308, stack(0x0000002154100000,0x0000002154200000)]
  0x0000015fd8364970 JavaThread "Finalizer" daemon [_thread_blocked, id=9852, stack(0x0000002154200000,0x0000002154300000)]
  0x0000015fd8383360 JavaThread "Signal Dispatcher" daemon [_thread_blocked, id=17972, stack(0x0000002154300000,0x0000002154400000)]
  0x0000015fd8383c30 JavaThread "Attach Listener" daemon [_thread_blocked, id=26184, stack(0x0000002154400000,0x0000002154500000)]
  0x0000015fd8384500 JavaThread "Service Thread" daemon [_thread_blocked, id=4804, stack(0x0000002154500000,0x0000002154600000)]
  0x0000015fd8384dd0 JavaThread "Monitor Deflation Thread" daemon [_thread_blocked, id=24112, stack(0x0000002154600000,0x0000002154700000)]
=>0x0000015fd8385a80 JavaThread "C2 CompilerThread0" daemon [_thread_in_native, id=20348, stack(0x0000002154700000,0x0000002154800000)]
  0x0000015fd8386440 JavaThread "C1 CompilerThread0" daemon [_thread_blocked, id=17756, stack(0x0000002154800000,0x0000002154900000)]
  0x0000015fd8398d70 JavaThread "Sweeper thread" daemon [_thread_blocked, id=25828, stack(0x0000002154900000,0x0000002154a00000)]
  0x0000015fd8a1fef0 JavaThread "Notification Thread" daemon [_thread_blocked, id=3508, stack(0x0000002154a00000,0x0000002154b00000)]
  0x0000015fd8a32280 JavaThread "Common-Cleaner" daemon [_thread_blocked, id=15096, stack(0x0000002154c00000,0x0000002154d00000)]
  0x000001601ed728b0 JavaThread "Catalina-utility-1" [_thread_blocked, id=27372, stack(0x0000002155400000,0x0000002155500000)]
  0x000001601e2fa2f0 JavaThread "Catalina-utility-2" [_thread_blocked, id=28668, stack(0x0000002155500000,0x0000002155600000)]
  0x000001601e1bcab0 JavaThread "container-0" [_thread_blocked, id=13332, stack(0x0000002155600000,0x0000002155700000)]
  0x00000160212a4fe0 JavaThread "MessageBroker-1" [_thread_blocked, id=12088, stack(0x0000002155700000,0x0000002155800000)]
  0x00000160212a54f0 JavaThread "http-nio-8133-exec-1" daemon [_thread_blocked, id=22044, stack(0x0000002155800000,0x0000002155900000)]
  0x00000160212a45c0 JavaThread "http-nio-8133-exec-2" daemon [_thread_blocked, id=17260, stack(0x0000002155900000,0x0000002155a00000)]
  0x00000160212a3ba0 JavaThread "http-nio-8133-exec-3" daemon [_thread_blocked, id=24628, stack(0x0000002155a00000,0x0000002155b00000)]
  0x00000160212a40b0 JavaThread "http-nio-8133-exec-4" daemon [_thread_blocked, id=25960, stack(0x0000002155b00000,0x0000002155c00000)]
  0x00000160212a4ad0 JavaThread "http-nio-8133-exec-5" daemon [_thread_blocked, id=27180, stack(0x0000002155c00000,0x0000002155d00000)]
  0x00000160205e94f0 JavaThread "http-nio-8133-exec-6" daemon [_thread_blocked, id=26824, stack(0x0000002155d00000,0x0000002155e00000)]
  0x00000160205e9a00 JavaThread "http-nio-8133-exec-7" daemon [_thread_blocked, id=600, stack(0x0000002155e00000,0x0000002155f00000)]
  0x00000160205eae40 JavaThread "http-nio-8133-exec-8" daemon [_thread_blocked, id=26996, stack(0x0000002155f00000,0x0000002156000000)]
  0x00000160205ea930 JavaThread "http-nio-8133-exec-9" daemon [_thread_blocked, id=6292, stack(0x0000002156000000,0x0000002156100000)]
  0x00000160205e9f10 JavaThread "http-nio-8133-exec-10" daemon [_thread_blocked, id=18344, stack(0x0000002156100000,0x0000002156200000)]
  0x00000160205eb350 JavaThread "http-nio-8133-Poller" daemon [_thread_in_native, id=16876, stack(0x0000002156200000,0x0000002156300000)]
  0x00000160205eb860 JavaThread "http-nio-8133-Acceptor" daemon [_thread_in_native, id=24296, stack(0x0000002156300000,0x0000002156400000)]
  0x00000160205ebd70 JavaThread "ThreadPoolTaskScheduler-1" [_thread_blocked, id=13756, stack(0x0000002155300000,0x0000002155400000)]
  0x00000160205ec280 JavaThread "org.springframework.kafka.KafkaListenerEndpointContainer#0-0-C-1" [_thread_in_native, id=21476, stack(0x0000002156400000,0x0000002156500000)]
  0x00000160205e8ad0 JavaThread "ThreadPoolTaskScheduler-1" [_thread_blocked, id=19904, stack(0x0000002156500000,0x0000002156600000)]
  0x00000160205ea420 JavaThread "org.springframework.kafka.KafkaListenerEndpointContainer#1-0-C-1" [_thread_in_native, id=2396, stack(0x0000002156600000,0x0000002156700000)]
  0x00000160205ec790 JavaThread "DestroyJavaVM" [_thread_blocked, id=26872, stack(0x0000002153a00000,0x0000002153b00000)]
  0x00000160205e8fe0 JavaThread "kafka-coordinator-heartbeat-thread | frontend-trace-group" daemon [_thread_blocked, id=17604, stack(0x0000002156800000,0x0000002156900000)]
  0x00000160205f0450 JavaThread "kafka-coordinator-heartbeat-thread | frontend-group-v2" daemon [_thread_blocked, id=4584, stack(0x0000002156900000,0x0000002156a00000)]
  0x00000160205ecca0 JavaThread "MessageBroker-2" [_thread_blocked, id=22024, stack(0x0000002156b00000,0x0000002156c00000)]
  0x00000160205ed1b0 JavaThread "MessageBroker-3" [_thread_blocked, id=24996, stack(0x0000002156c00000,0x0000002156d00000)]
  0x00000160205ed6c0 JavaThread "MessageBroker-4" [_thread_blocked, id=8396, stack(0x0000002156a00000,0x0000002156b00000)]
  0x00000160205edbd0 JavaThread "WebSocket background processing" daemon [_thread_blocked, id=20500, stack(0x0000002156d00000,0x0000002156e00000)]
  0x00000160205eff40 JavaThread "MessageBroker-5" [_thread_blocked, id=28088, stack(0x0000002157200000,0x0000002157300000)]
  0x000001601f556880 JavaThread "MessageBroker-6" [_thread_blocked, id=23680, stack(0x0000002157900000,0x0000002157a00000)]

Other Threads:
  0x0000015fd8360480 VMThread "VM Thread" [stack: 0x0000002154000000,0x0000002154100000] [id=28776]
  0x0000015fd8a26800 WatcherThread [stack: 0x0000002154b00000,0x0000002154c00000] [id=15092]
  0x0000015fb8d6e3a0 GCTaskThread "GC Thread#0" [stack: 0x0000002153b00000,0x0000002153c00000] [id=10348]
  0x000001601e545de0 GCTaskThread "GC Thread#1" [stack: 0x0000002154d00000,0x0000002154e00000] [id=15388]
  0x000001601e5a1a00 GCTaskThread "GC Thread#2" [stack: 0x0000002154e00000,0x0000002154f00000] [id=28572]
  0x000001601e543fa0 GCTaskThread "GC Thread#3" [stack: 0x0000002154f00000,0x0000002155000000] [id=18772]
  0x000001601e5edb30 GCTaskThread "GC Thread#4" [stack: 0x0000002155000000,0x0000002155100000] [id=18984]
  0x000001601e5df480 GCTaskThread "GC Thread#5" [stack: 0x0000002155200000,0x0000002155300000] [id=4228]
  0x0000015fb8d7de70 ConcurrentGCThread "G1 Main Marker" [stack: 0x0000002153c00000,0x0000002153d00000] [id=9820]
  0x0000015fb8d7e790 ConcurrentGCThread "G1 Conc#0" [stack: 0x0000002153d00000,0x0000002153e00000] [id=16484]
  0x000001601e209b50 ConcurrentGCThread "G1 Conc#1" [stack: 0x0000002155100000,0x0000002155200000] [id=3388]
  0x0000015fb8dba8f0 ConcurrentGCThread "G1 Refine#0" [stack: 0x0000002153e00000,0x0000002153f00000] [id=15328]
  0x0000015fb8dbc0d0 ConcurrentGCThread "G1 Service" [stack: 0x0000002153f00000,0x0000002154000000] [id=15664]

Threads with active compile tasks:
C2 CompilerThread0  316976 5673       4       java.util.LinkedHashMap$LinkedEntryIterator::next (5 bytes)

VM state: not at safepoint (normal execution)

VM Mutex/Monitor currently owned by a thread: None

Heap address: 0x0000000089c00000, size: 1892 MB, Compressed Oops mode: 32-bit

CDS archive(s) mapped at: [0x0000015fd9000000-0x0000015fd9bb0000-0x0000015fd9bb0000), size 12255232, SharedBaseAddress: 0x0000015fd9000000, ArchiveRelocationMode: 1.
Compressed class space mapped at: 0x0000015fda000000-0x000001601a000000, reserved size: 1073741824
Narrow klass base: 0x0000015fd9000000, Narrow klass shift: 0, Narrow klass range: 0x100000000

GC Precious Log:
 CPUs: 6 total, 6 available
 Memory: 7564M
 Large Page Support: Disabled
 NUMA Support: Disabled
 Compressed Oops: Enabled (32-bit)
 Heap Region Size: 1M
 Heap Min Capacity: 8M
 Heap Initial Capacity: 120M
 Heap Max Capacity: 1892M
 Pre-touch: Disabled
 Parallel Workers: 6
 Concurrent Workers: 2
 Concurrent Refinement Workers: 6
 Periodic GC: Disabled

Heap:
 garbage-first heap   total 45056K, used 30221K [0x0000000089c00000, 0x0000000100000000)
  region size 1024K, 10 young (10240K), 1 survivors (1024K)
 Metaspace       used 46057K, committed 46528K, reserved 1114112K
  class space    used 5566K, committed 5760K, reserved 1048576K

Heap Regions: E=young(eden), S=young(survivor), O=old, HS=humongous(starts), HC=humongous(continues), CS=collection set, F=free, OA=open archive, CA=closed archive, TAMS=top-at-mark-start (previous, next)
|   0|0x0000000089c00000, 0x0000000089d00000, 0x0000000089d00000|100%| O|  |TAMS 0x0000000089d00000, 0x0000000089c00000| Untracked 
|   1|0x0000000089d00000, 0x0000000089e00000, 0x0000000089e00000|100%| O|  |TAMS 0x0000000089e00000, 0x0000000089d00000| Untracked 
|   2|0x0000000089e00000, 0x0000000089f00000, 0x0000000089f00000|100%| O|  |TAMS 0x0000000089f00000, 0x0000000089e00000| Untracked 
|   3|0x0000000089f00000, 0x000000008a000000, 0x000000008a000000|100%| O|  |TAMS 0x000000008a000000, 0x0000000089f00000| Untracked 
|   4|0x000000008a000000, 0x000000008a100000, 0x000000008a100000|100%| O|  |TAMS 0x000000008a100000, 0x000000008a000000| Untracked 
|   5|0x000000008a100000, 0x000000008a200000, 0x000000008a200000|100%| O|  |TAMS 0x000000008a200000, 0x000000008a100000| Untracked 
|   6|0x000000008a200000, 0x000000008a300000, 0x000000008a300000|100%| O|  |TAMS 0x000000008a300000, 0x000000008a200000| Untracked 
|   7|0x000000008a300000, 0x000000008a400000, 0x000000008a400000|100%| O|  |TAMS 0x000000008a400000, 0x000000008a300000| Untracked 
|   8|0x000000008a400000, 0x000000008a500000, 0x000000008a500000|100%| O|  |TAMS 0x000000008a500000, 0x000000008a400000| Untracked 
|   9|0x000000008a500000, 0x000000008a600000, 0x000000008a600000|100%| O|  |TAMS 0x000000008a600000, 0x000000008a500000| Untracked 
|  10|0x000000008a600000, 0x000000008a700000, 0x000000008a700000|100%| O|  |TAMS 0x000000008a700000, 0x000000008a600000| Untracked 
|  11|0x000000008a700000, 0x000000008a800000, 0x000000008a800000|100%| O|  |TAMS 0x000000008a800000, 0x000000008a700000| Untracked 
|  12|0x000000008a800000, 0x000000008a900000, 0x000000008a900000|100%| O|  |TAMS 0x000000008a900000, 0x000000008a800000| Untracked 
|  13|0x000000008a900000, 0x000000008aa00000, 0x000000008aa00000|100%| O|  |TAMS 0x000000008aa00000, 0x000000008a900000| Untracked 
|  14|0x000000008aa00000, 0x000000008ab00000, 0x000000008ab00000|100%| O|  |TAMS 0x000000008ab00000, 0x000000008aa00000| Untracked 
|  15|0x000000008ab00000, 0x000000008ac00000, 0x000000008ac00000|100%| O|  |TAMS 0x000000008ac00000, 0x000000008ab00000| Untracked 
|  16|0x000000008ac00000, 0x000000008ad00000, 0x000000008ad00000|100%| O|  |TAMS 0x000000008ac27600, 0x000000008ac00000| Untracked 
|  17|0x000000008ad00000, 0x000000008ae00000, 0x000000008ae00000|100%| O|  |TAMS 0x000000008ad00000, 0x000000008ad00000| Untracked 
|  18|0x000000008ae00000, 0x000000008af00000, 0x000000008af00000|100%| O|  |TAMS 0x000000008ae00000, 0x000000008ae00000| Untracked 
|  19|0x000000008af00000, 0x000000008b000000, 0x000000008b000000|100%| O|  |TAMS 0x000000008af00000, 0x000000008af00000| Untracked 
|  20|0x000000008b000000, 0x000000008b100000, 0x000000008b100000|100%| O|  |TAMS 0x000000008b000000, 0x000000008b000000| Untracked 
|  21|0x000000008b100000, 0x000000008b109200, 0x000000008b200000|  3%| O|  |TAMS 0x000000008b100000, 0x000000008b100000| Untracked 
|  22|0x000000008b200000, 0x000000008b200000, 0x000000008b300000|  0%| F|  |TAMS 0x000000008b200000, 0x000000008b200000| Untracked 
|  23|0x000000008b300000, 0x000000008b300000, 0x000000008b400000|  0%| F|  |TAMS 0x000000008b300000, 0x000000008b300000| Untracked 
|  24|0x000000008b400000, 0x000000008b400000, 0x000000008b500000|  0%| F|  |TAMS 0x000000008b400000, 0x000000008b400000| Untracked 
|  25|0x000000008b500000, 0x000000008b500000, 0x000000008b600000|  0%| F|  |TAMS 0x000000008b500000, 0x000000008b500000| Untracked 
|  26|0x000000008b600000, 0x000000008b600000, 0x000000008b700000|  0%| F|  |TAMS 0x000000008b600000, 0x000000008b600000| Untracked 
|  27|0x000000008b700000, 0x000000008b700000, 0x000000008b800000|  0%| F|  |TAMS 0x000000008b700000, 0x000000008b700000| Untracked 
|  28|0x000000008b800000, 0x000000008b800000, 0x000000008b900000|  0%| F|  |TAMS 0x000000008b800000, 0x000000008b800000| Untracked 
|  29|0x000000008b900000, 0x000000008b900000, 0x000000008ba00000|  0%| F|  |TAMS 0x000000008b900000, 0x000000008b900000| Untracked 
|  30|0x000000008ba00000, 0x000000008ba7a2e0, 0x000000008bb00000| 47%| S|CS|TAMS 0x000000008ba00000, 0x000000008ba00000| Complete 
|  31|0x000000008bb00000, 0x000000008bb00000, 0x000000008bc00000|  0%| F|  |TAMS 0x000000008bb00000, 0x000000008bb00000| Untracked 
|  32|0x000000008bc00000, 0x000000008bc00000, 0x000000008bd00000|  0%| F|  |TAMS 0x000000008bc00000, 0x000000008bc00000| Untracked 
|  33|0x000000008bd00000, 0x000000008bd00000, 0x000000008be00000|  0%| F|  |TAMS 0x000000008bd00000, 0x000000008bd00000| Untracked 
|  34|0x000000008be00000, 0x000000008be00000, 0x000000008bf00000|  0%| F|  |TAMS 0x000000008be00000, 0x000000008be00000| Untracked 
|  35|0x000000008bf00000, 0x000000008bf85728, 0x000000008c000000| 52%| E|  |TAMS 0x000000008bf00000, 0x000000008bf00000| Complete 
|  57|0x000000008d500000, 0x000000008d600000, 0x000000008d600000|100%| E|CS|TAMS 0x000000008d500000, 0x000000008d500000| Complete 
|  58|0x000000008d600000, 0x000000008d700000, 0x000000008d700000|100%| E|CS|TAMS 0x000000008d600000, 0x000000008d600000| Complete 
|  59|0x000000008d700000, 0x000000008d800000, 0x000000008d800000|100%| E|CS|TAMS 0x000000008d700000, 0x000000008d700000| Complete 
|  60|0x000000008d800000, 0x000000008d900000, 0x000000008d900000|100%| E|CS|TAMS 0x000000008d800000, 0x000000008d800000| Complete 
|  61|0x000000008d900000, 0x000000008da00000, 0x000000008da00000|100%| E|CS|TAMS 0x000000008d900000, 0x000000008d900000| Complete 
|  62|0x000000008da00000, 0x000000008db00000, 0x000000008db00000|100%| E|CS|TAMS 0x000000008da00000, 0x000000008da00000| Complete 
|  63|0x000000008db00000, 0x000000008dc00000, 0x000000008dc00000|100%| E|CS|TAMS 0x000000008db00000, 0x000000008db00000| Complete 
| 119|0x0000000091300000, 0x0000000091400000, 0x0000000091400000|100%| E|CS|TAMS 0x0000000091300000, 0x0000000091300000| Complete 

Card table byte_map: [0x0000015fd1c70000,0x0000015fd2030000] _byte_map_base: 0x0000015fd1822000

Marking Bits (Prev, Next): (CMBitMap*) 0x0000015fb8d6e8c0, (CMBitMap*) 0x0000015fb8d6e900
 Prev Bits: [0x0000015fd23f0000, 0x0000015fd4180000)
 Next Bits: [0x0000015fd4180000, 0x0000015fd5f10000)

Polling page: 0x0000015fb8dc0000

Metaspace:

Usage:
  Non-class:     39.54 MB used.
      Class:      5.44 MB used.
       Both:     44.98 MB used.

Virtual space:
  Non-class space:       64.00 MB reserved,      39.81 MB ( 62%) committed,  1 nodes.
      Class space:        1.00 GB reserved,       5.62 MB ( <1%) committed,  1 nodes.
             Both:        1.06 GB reserved,      45.44 MB (  4%) committed. 

Chunk freelists:
   Non-Class:  8.22 MB
       Class:  10.26 MB
        Both:  18.48 MB

MaxMetaspaceSize: unlimited
CompressedClassSpaceSize: 1.00 GB
Initial GC threshold: 21.00 MB
Current GC threshold: 59.00 MB
CDS: on
MetaspaceReclaimPolicy: balanced
 - commit_granule_bytes: 65536.
 - commit_granule_words: 8192.
 - virtual_space_node_default_size: 8388608.
 - enlarge_chunks_in_place: 1.
 - new_chunks_are_fully_committed: 0.
 - uncommit_free_chunks: 1.
 - use_allocation_guard: 0.
 - handle_deallocations: 1.


Internal statistics:

num_allocs_failed_limit: 6.
num_arena_births: 710.
num_arena_deaths: 0.
num_vsnodes_births: 2.
num_vsnodes_deaths: 0.
num_space_committed: 727.
num_space_uncommitted: 0.
num_chunks_returned_to_freelist: 6.
num_chunks_taken_from_freelist: 2318.
num_chunk_merges: 6.
num_chunk_splits: 1680.
num_chunks_enlarged: 1293.
num_inconsistent_stats: 0.

CodeHeap 'non-profiled nmethods': size=120000Kb used=3191Kb max_used=3191Kb free=116808Kb
 bounds [0x0000015fc9b40000, 0x0000015fc9e60000, 0x0000015fd1070000]
CodeHeap 'profiled nmethods': size=120000Kb used=9796Kb max_used=9796Kb free=110203Kb
 bounds [0x0000015fc2070000, 0x0000015fc2a10000, 0x0000015fc95a0000]
CodeHeap 'non-nmethods': size=5760Kb used=1331Kb max_used=1378Kb free=4428Kb
 bounds [0x0000015fc95a0000, 0x0000015fc9810000, 0x0000015fc9b40000]
 total_blobs=5643 nmethods=4975 adapters=580
 compilation: enabled
              stopped_count=0, restarted_count=0
 full_count=0

Compilation events (20 events):
Event: 304.034 Thread 0x0000015fd8385a80 nmethod 5663 0x0000015fc9e41c10 code [0x0000015fc9e41dc0, 0x0000015fc9e42248]
Event: 304.094 Thread 0x0000015fd8385a80 5665       4       org.apache.kafka.clients.consumer.KafkaConsumer::pollForFetches (138 bytes)
Event: 304.311 Thread 0x0000015fd8385a80 nmethod 5665 0x0000015fc9e42590 code [0x0000015fc9e42960, 0x0000015fc9e46240]
Event: 304.311 Thread 0x0000015fd8385a80 5664       4       org.apache.kafka.clients.consumer.KafkaConsumer::updateFetchPositions (63 bytes)
Event: 304.622 Thread 0x0000015fd8385a80 nmethod 5664 0x0000015fc9e48c10 code [0x0000015fc9e49060, 0x0000015fc9e4cbe8]
Event: 305.163 Thread 0x0000015fd8386440 5666       3       java.util.HashMap::valuesToArray (81 bytes)
Event: 305.167 Thread 0x0000015fd8386440 nmethod 5666 0x0000015fc2a02310 code [0x0000015fc2a024e0, 0x0000015fc2a02998]
Event: 308.801 Thread 0x0000015fd8385a80 5667       4       java.util.stream.Collectors$$Lambda$648/0x0000015fda2e72c0::get (8 bytes)
Event: 308.802 Thread 0x0000015fd8385a80 nmethod 5667 0x0000015fc9e4f090 code [0x0000015fc9e4f220, 0x0000015fc9e4f318]
Event: 310.761 Thread 0x0000015fd8385a80 5668       4       org.apache.kafka.clients.consumer.internals.AbstractFetch::prepareFetchRequests (461 bytes)
Event: 311.136 Thread 0x0000015fd8385a80 nmethod 5668 0x0000015fc9e4f410 code [0x0000015fc9e4f980, 0x0000015fc9e56320]
Event: 311.136 Thread 0x0000015fd8385a80 5669       4       java.util.concurrent.ConcurrentLinkedQueue$CLQSpliterator::tryAdvance (65 bytes)
Event: 311.143 Thread 0x0000015fd8385a80 nmethod 5669 0x0000015fc9e5ce90 code [0x0000015fc9e5d020, 0x0000015fc9e5d478]
Event: 314.349 Thread 0x0000015fd8386440 5670       3       org.apache.kafka.common.protocol.ApiKeys::latestVersion (9 bytes)
Event: 314.350 Thread 0x0000015fd8386440 nmethod 5670 0x0000015fc2a02b90 code [0x0000015fc2a02d40, 0x0000015fc2a02f38]
Event: 315.889 Thread 0x0000015fd8385a80 5671       4       java.util.HashMap$EntrySpliterator::forEachRemaining (183 bytes)
Event: 315.919 Thread 0x0000015fd8385a80 nmethod 5671 0x0000015fc9e5d790 code [0x0000015fc9e5d920, 0x0000015fc9e5da18]
Event: 316.433 Thread 0x0000015fd8385a80 5672       4       java.util.stream.Collectors$$Lambda$1089/0x0000015fda459098::get (8 bytes)
Event: 316.435 Thread 0x0000015fd8385a80 nmethod 5672 0x0000015fc9e5db90 code [0x0000015fc9e5dd20, 0x0000015fc9e5de18]
Event: 316.907 Thread 0x0000015fd8385a80 5673       4       java.util.LinkedHashMap$LinkedEntryIterator::next (5 bytes)

GC Heap History (20 events):
Event: 13.172 GC heap before
{Heap before GC invocations=4 (full 0):
 garbage-first heap   total 45056K, used 30793K [0x0000000089c00000, 0x0000000100000000)
  region size 1024K, 26 young (26624K), 7 survivors (7168K)
 Metaspace       used 25537K, committed 25984K, reserved 1114112K
  class space    used 3174K, committed 3392K, reserved 1048576K
}
Event: 13.188 GC heap after
{Heap after GC invocations=5 (full 0):
 garbage-first heap   total 45056K, used 12992K [0x0000000089c00000, 0x0000000100000000)
  region size 1024K, 2 young (2048K), 2 survivors (2048K)
 Metaspace       used 25537K, committed 25984K, reserved 1114112K
  class space    used 3174K, committed 3392K, reserved 1048576K
}
Event: 13.306 GC heap before
{Heap before GC invocations=5 (full 0):
 garbage-first heap   total 45056K, used 14016K [0x0000000089c00000, 0x0000000100000000)
  region size 1024K, 3 young (3072K), 2 survivors (2048K)
 Metaspace       used 25759K, committed 26112K, reserved 1114112K
  class space    used 3210K, committed 3392K, reserved 1048576K
}
Event: 13.309 GC heap after
{Heap after GC invocations=6 (full 0):
 garbage-first heap   total 45056K, used 13573K [0x0000000089c00000, 0x0000000100000000)
  region size 1024K, 1 young (1024K), 1 survivors (1024K)
 Metaspace       used 25759K, committed 26112K, reserved 1114112K
  class space    used 3210K, committed 3392K, reserved 1048576K
}
Event: 14.655 GC heap before
{Heap before GC invocations=6 (full 0):
 garbage-first heap   total 45056K, used 30981K [0x0000000089c00000, 0x0000000100000000)
  region size 1024K, 18 young (18432K), 1 survivors (1024K)
 Metaspace       used 28781K, committed 29184K, reserved 1114112K
  class space    used 3608K, committed 3776K, reserved 1048576K
}
Event: 14.658 GC heap after
{Heap after GC invocations=7 (full 0):
 garbage-first heap   total 45056K, used 15003K [0x0000000089c00000, 0x0000000100000000)
  region size 1024K, 2 young (2048K), 2 survivors (2048K)
 Metaspace       used 28781K, committed 29184K, reserved 1114112K
  class space    used 3608K, committed 3776K, reserved 1048576K
}
Event: 15.747 GC heap before
{Heap before GC invocations=7 (full 0):
 garbage-first heap   total 45056K, used 32411K [0x0000000089c00000, 0x0000000100000000)
  region size 1024K, 19 young (19456K), 2 survivors (2048K)
 Metaspace       used 31069K, committed 31488K, reserved 1114112K
  class space    used 3931K, committed 4096K, reserved 1048576K
}
Event: 15.752 GC heap after
{Heap after GC invocations=8 (full 0):
 garbage-first heap   total 45056K, used 16763K [0x0000000089c00000, 0x0000000100000000)
  region size 1024K, 2 young (2048K), 2 survivors (2048K)
 Metaspace       used 31069K, committed 31488K, reserved 1114112K
  class space    used 3931K, committed 4096K, reserved 1048576K
}
Event: 17.295 GC heap before
{Heap before GC invocations=8 (full 0):
 garbage-first heap   total 45056K, used 32123K [0x0000000089c00000, 0x0000000100000000)
  region size 1024K, 18 young (18432K), 2 survivors (2048K)
 Metaspace       used 35434K, committed 35904K, reserved 1114112K
  class space    used 4419K, committed 4608K, reserved 1048576K
}
Event: 17.300 GC heap after
{Heap after GC invocations=9 (full 0):
 garbage-first heap   total 45056K, used 18067K [0x0000000089c00000, 0x0000000100000000)
  region size 1024K, 2 young (2048K), 2 survivors (2048K)
 Metaspace       used 35434K, committed 35904K, reserved 1114112K
  class space    used 4419K, committed 4608K, reserved 1048576K
}
Event: 17.355 GC heap before
{Heap before GC invocations=9 (full 0):
 garbage-first heap   total 45056K, used 18067K [0x0000000089c00000, 0x0000000100000000)
  region size 1024K, 3 young (3072K), 2 survivors (2048K)
 Metaspace       used 35616K, committed 36096K, reserved 1114112K
  class space    used 4428K, committed 4672K, reserved 1048576K
}
Event: 17.357 GC heap after
{Heap after GC invocations=10 (full 0):
 garbage-first heap   total 45056K, used 18069K [0x0000000089c00000, 0x0000000100000000)
  region size 1024K, 2 young (2048K), 2 survivors (2048K)
 Metaspace       used 35616K, committed 36096K, reserved 1114112K
  class space    used 4428K, committed 4672K, reserved 1048576K
}
Event: 19.135 GC heap before
{Heap before GC invocations=11 (full 0):
 garbage-first heap   total 45056K, used 32405K [0x0000000089c00000, 0x0000000100000000)
  region size 1024K, 17 young (17408K), 2 survivors (2048K)
 Metaspace       used 39870K, committed 40384K, reserved 1114112K
  class space    used 4748K, committed 4992K, reserved 1048576K
}
Event: 19.138 GC heap after
{Heap after GC invocations=12 (full 0):
 garbage-first heap   total 45056K, used 18772K [0x0000000089c00000, 0x0000000100000000)
  region size 1024K, 3 young (3072K), 3 survivors (3072K)
 Metaspace       used 39870K, committed 40384K, reserved 1114112K
  class space    used 4748K, committed 4992K, reserved 1048576K
}
Event: 28.825 GC heap before
{Heap before GC invocations=12 (full 0):
 garbage-first heap   total 45056K, used 33108K [0x0000000089c00000, 0x0000000100000000)
  region size 1024K, 18 young (18432K), 3 survivors (3072K)
 Metaspace       used 43253K, committed 43648K, reserved 1114112K
  class space    used 5266K, committed 5440K, reserved 1048576K
}
Event: 28.829 GC heap after
{Heap after GC invocations=13 (full 0):
 garbage-first heap   total 45056K, used 19770K [0x0000000089c00000, 0x0000000100000000)
  region size 1024K, 2 young (2048K), 2 survivors (2048K)
 Metaspace       used 43253K, committed 43648K, reserved 1114112K
  class space    used 5266K, committed 5440K, reserved 1048576K
}
Event: 75.874 GC heap before
{Heap before GC invocations=13 (full 0):
 garbage-first heap   total 45056K, used 34106K [0x0000000089c00000, 0x0000000100000000)
  region size 1024K, 17 young (17408K), 2 survivors (2048K)
 Metaspace       used 45780K, committed 46272K, reserved 1114112K
  class space    used 5564K, committed 5760K, reserved 1048576K
}
Event: 75.919 GC heap after
{Heap after GC invocations=14 (full 0):
 garbage-first heap   total 45056K, used 21760K [0x0000000089c00000, 0x0000000100000000)
  region size 1024K, 3 young (3072K), 3 survivors (3072K)
 Metaspace       used 45780K, committed 46272K, reserved 1114112K
  class space    used 5564K, committed 5760K, reserved 1048576K
}
Event: 213.842 GC heap before
{Heap before GC invocations=14 (full 0):
 garbage-first heap   total 45056K, used 35072K [0x0000000089c00000, 0x0000000100000000)
  region size 1024K, 16 young (16384K), 3 survivors (3072K)
 Metaspace       used 45969K, committed 46464K, reserved 1114112K
  class space    used 5566K, committed 5760K, reserved 1048576K
}
Event: 213.879 GC heap after
{Heap after GC invocations=15 (full 0):
 garbage-first heap   total 45056K, used 22029K [0x0000000089c00000, 0x0000000100000000)
  region size 1024K, 1 young (1024K), 1 survivors (1024K)
 Metaspace       used 45969K, committed 46464K, reserved 1114112K
  class space    used 5566K, committed 5760K, reserved 1048576K
}

Dll operation events (11 events):
Event: 0.021 Loaded shared library C:\Users\HP\AppData\Roaming\Antigravity\User\globalStorage\pleiades.java-extension-pack-jdk\java\17\bin\java.dll
Event: 0.055 Loaded shared library C:\Users\HP\AppData\Roaming\Antigravity\User\globalStorage\pleiades.java-extension-pack-jdk\java\17\bin\jsvml.dll
Event: 0.393 Loaded shared library C:\Users\HP\AppData\Roaming\Antigravity\User\globalStorage\pleiades.java-extension-pack-jdk\java\17\bin\net.dll
Event: 0.398 Loaded shared library C:\Users\HP\AppData\Roaming\Antigravity\User\globalStorage\pleiades.java-extension-pack-jdk\java\17\bin\nio.dll
Event: 0.402 Loaded shared library C:\Users\HP\AppData\Roaming\Antigravity\User\globalStorage\pleiades.java-extension-pack-jdk\java\17\bin\zip.dll
Event: 0.729 Loaded shared library C:\Users\HP\AppData\Roaming\Antigravity\User\globalStorage\pleiades.java-extension-pack-jdk\java\17\bin\jimage.dll
Event: 3.999 Loaded shared library C:\Users\HP\AppData\Roaming\Antigravity\User\globalStorage\pleiades.java-extension-pack-jdk\java\17\bin\sunmscapi.dll
Event: 12.864 Loaded shared library C:\Users\HP\AppData\Roaming\Antigravity\User\globalStorage\pleiades.java-extension-pack-jdk\java\17\bin\management.dll
Event: 12.875 Loaded shared library C:\Users\HP\AppData\Roaming\Antigravity\User\globalStorage\pleiades.java-extension-pack-jdk\java\17\bin\management_ext.dll
Event: 14.439 Loaded shared library C:\Users\HP\AppData\Roaming\Antigravity\User\globalStorage\pleiades.java-extension-pack-jdk\java\17\bin\verify.dll
Event: 15.827 Loaded shared library C:\Users\HP\AppData\Roaming\Antigravity\User\globalStorage\pleiades.java-extension-pack-jdk\java\17\bin\extnet.dll

Deoptimization events (20 events):
Event: 25.610 Thread 0x00000160205ea420 DEOPT PACKING pc=0x0000015fc9b6f064 sp=0x00000021566fe530
Event: 25.610 Thread 0x00000160205ea420 DEOPT UNPACKING pc=0x0000015fc95f69a3 sp=0x00000021566fe508 mode 2
Event: 28.957 Thread 0x00000160212a54f0 DEOPT PACKING pc=0x0000015fc221aec4 sp=0x00000021558fcee0
Event: 28.957 Thread 0x00000160212a54f0 DEOPT UNPACKING pc=0x0000015fc95f7143 sp=0x00000021558fc3f8 mode 0
Event: 30.131 Thread 0x00000160212a54f0 Uncommon trap: trap_request=0xffffff45 fr.pc=0x0000015fc9b954a4 relative=0x0000000000000084
Event: 30.131 Thread 0x00000160212a54f0 Uncommon trap: reason=unstable_if action=reinterpret pc=0x0000015fc9b954a4 method=java.lang.CharacterDataLatin1.isWhitespace(I)Z @ 14 c2
Event: 30.131 Thread 0x00000160212a54f0 DEOPT PACKING pc=0x0000015fc9b954a4 sp=0x00000021558fcf10
Event: 30.131 Thread 0x00000160212a54f0 DEOPT UNPACKING pc=0x0000015fc95f69a3 sp=0x00000021558fce80 mode 2
Event: 30.758 Thread 0x00000160205e94f0 Uncommon trap: trap_request=0xffffff45 fr.pc=0x0000015fc9cd1fe0 relative=0x00000000000000c0
Event: 30.758 Thread 0x00000160205e94f0 Uncommon trap: reason=unstable_if action=reinterpret pc=0x0000015fc9cd1fe0 method=java.net.URI.match(CJJ)Z @ 45 c2
Event: 30.758 Thread 0x00000160205e94f0 DEOPT PACKING pc=0x0000015fc9cd1fe0 sp=0x0000002155dfd6b0
Event: 30.758 Thread 0x00000160205e94f0 DEOPT UNPACKING pc=0x0000015fc95f69a3 sp=0x0000002155dfd638 mode 2
Event: 30.985 Thread 0x00000160205e94f0 Uncommon trap: trap_request=0xffffff45 fr.pc=0x0000015fc9c2e808 relative=0x00000000000000e8
Event: 30.985 Thread 0x00000160205e94f0 Uncommon trap: reason=unstable_if action=reinterpret pc=0x0000015fc9c2e808 method=org.springframework.util.ObjectUtils.nullSafeEquals(Ljava/lang/Object;Ljava/lang/Object;)Z @ 12 c2
Event: 30.985 Thread 0x00000160205e94f0 DEOPT PACKING pc=0x0000015fc9c2e808 sp=0x0000002155dfe4a0
Event: 30.985 Thread 0x00000160205e94f0 DEOPT UNPACKING pc=0x0000015fc95f69a3 sp=0x0000002155dfe440 mode 2
Event: 47.210 Thread 0x00000160205ec280 Uncommon trap: trap_request=0xffffff45 fr.pc=0x0000015fc9d22ac4 relative=0x0000000000000264
Event: 47.210 Thread 0x00000160205ec280 Uncommon trap: reason=unstable_if action=reinterpret pc=0x0000015fc9d22ac4 method=org.apache.kafka.common.metrics.stats.SampledStat$Sample.isComplete(JLorg/apache/kafka/common/metrics/MetricConfig;)Z @ 11 c2
Event: 47.210 Thread 0x00000160205ec280 DEOPT PACKING pc=0x0000015fc9d22ac4 sp=0x00000021564fee00
Event: 47.210 Thread 0x00000160205ec280 DEOPT UNPACKING pc=0x0000015fc95f69a3 sp=0x00000021564fed20 mode 2

Classes loaded (20 events):
Event: 30.774 Loading class java/util/concurrent/ConcurrentHashMap$EntrySpliterator
Event: 30.775 Loading class java/util/concurrent/ConcurrentHashMap$EntrySpliterator done
Event: 30.816 Loading class java/util/zip/DataFormatException
Event: 30.819 Loading class java/util/zip/DataFormatException done
Event: 30.819 Loading class java/util/zip/Deflater
Event: 30.820 Loading class java/util/zip/Deflater done
Event: 30.821 Loading class java/util/zip/Deflater$DeflaterZStreamRef
Event: 30.822 Loading class java/util/zip/Deflater$DeflaterZStreamRef done
Event: 30.825 Loading class sun/security/provider/MD5
Event: 30.827 Loading class sun/security/provider/MD5 done
Event: 30.878 Loading class java/util/concurrent/atomic/AtomicReferenceFieldUpdater
Event: 30.879 Loading class java/util/concurrent/atomic/AtomicReferenceFieldUpdater done
Event: 30.879 Loading class java/util/concurrent/atomic/AtomicReferenceFieldUpdater$AtomicReferenceFieldUpdaterImpl
Event: 30.879 Loading class java/util/concurrent/atomic/AtomicReferenceFieldUpdater$AtomicReferenceFieldUpdaterImpl done
Event: 30.880 Loading class java/util/concurrent/atomic/AtomicReferenceFieldUpdater$AtomicReferenceFieldUpdaterImpl$1
Event: 30.880 Loading class java/util/concurrent/atomic/AtomicReferenceFieldUpdater$AtomicReferenceFieldUpdaterImpl$1 done
Event: 30.975 Loading class java/util/concurrent/LinkedBlockingQueue$Itr
Event: 30.975 Loading class java/util/concurrent/LinkedBlockingQueue$Itr done
Event: 111.427 Loading class jdk/internal/access/foreign/MemorySegmentProxy
Event: 111.444 Loading class jdk/internal/access/foreign/MemorySegmentProxy done

Classes unloaded (0 events):
No events

Classes redefined (0 events):
No events

Internal exceptions (20 events):
Event: 15.788 Thread 0x0000015fb8ade960 Exception <a 'java/lang/NoSuchMethodError'{0x000000009137dc20}: 'void java.lang.invoke.DirectMethodHandle$Holder.invokeVirtual(java.lang.Object, java.lang.Object, long)'> (0x000000009137dc20) 
thrown [s\src\hotspot\share\interpreter\linkResolver.cpp, line 759]
Event: 15.803 Thread 0x0000015fb8ade960 Exception <a 'java/lang/NoSuchMethodError'{0x00000000913e4ca8}: 'java.lang.Object java.lang.invoke.DirectMethodHandle$Holder.newInvokeSpecial(java.lang.Object, java.lang.Object, int, java.lang.Object, java.lang.Object)'> (0x00000000913e4ca8) 
thrown [s\src\hotspot\share\interpreter\linkResolver.cpp, line 759]
Event: 15.804 Thread 0x0000015fb8ade960 Exception <a 'java/lang/NoSuchMethodError'{0x00000000913f0570}: 'java.lang.Object java.lang.invoke.DirectMethodHandle$Holder.invokeSpecial(java.lang.Object, java.lang.Object, int, java.lang.Object, int, java.lang.Object)'> (0x00000000913f0570) 
thrown [s\src\hotspot\share\interpreter\linkResolver.cpp, line 759]
Event: 15.805 Thread 0x0000015fb8ade960 Exception <a 'java/lang/NoSuchMethodError'{0x00000000913f8378}: 'java.lang.Object java.lang.invoke.DirectMethodHandle$Holder.newInvokeSpecial(java.lang.Object, java.lang.Object, int, java.lang.Object, int)'> (0x00000000913f8378) 
thrown [s\src\hotspot\share\interpreter\linkResolver.cpp, line 759]
Event: 15.807 Thread 0x0000015fb8ade960 Exception <a 'java/lang/NoSuchMethodError'{0x00000000913fc478}: 'java.lang.Object java.lang.invoke.DirectMethodHandle$Holder.invokeSpecial(java.lang.Object, java.lang.Object, java.lang.Object, int, java.lang.Object, int)'> (0x00000000913fc478) 
thrown [s\src\hotspot\share\interpreter\linkResolver.cpp, line 759]
Event: 16.117 Thread 0x0000015fb8ade960 Exception <a 'java/lang/IncompatibleClassChangeError'{0x000000008d6651c8}: Found class java.lang.Object, but interface was expected> (0x000000008d6651c8) 
thrown [s\src\hotspot\share\interpreter\linkResolver.cpp, line 826]
Event: 17.053 Thread 0x0000015fb8ade960 Exception <a 'java/lang/NoSuchMethodError'{0x000000008bb77a20}: 'void java.lang.invoke.DirectMethodHandle$Holder.invokeStaticInit(java.lang.Object)'> (0x000000008bb77a20) 
thrown [s\src\hotspot\share\interpreter\linkResolver.cpp, line 759]
Event: 18.688 Thread 0x00000160205ea420 Exception <a 'java/lang/NoSuchMethodError'{0x000000008b7b6678}: 'java.lang.Object java.lang.invoke.DirectMethodHandle$Holder.newInvokeSpecial(java.lang.Object, long)'> (0x000000008b7b6678) 
thrown [s\src\hotspot\share\interpreter\linkResolver.cpp, line 759]
Event: 18.688 Thread 0x00000160205ec280 Exception <a 'java/lang/NoSuchMethodError'{0x000000008b7c27e0}: 'java.lang.Object java.lang.invoke.DirectMethodHandle$Holder.newInvokeSpecial(java.lang.Object, long)'> (0x000000008b7c27e0) 
thrown [s\src\hotspot\share\interpreter\linkResolver.cpp, line 759]
Event: 19.554 Thread 0x00000160205ea420 Implicit null exception at 0x0000015fc9b6de72 to 0x0000015fc9b6e43c
Event: 19.554 Thread 0x00000160205ec280 Implicit null exception at 0x0000015fc9b6de72 to 0x0000015fc9b6e43c
Event: 25.586 Thread 0x00000160205ea420 Exception <a 'java/lang/NoSuchMethodError'{0x000000008d68a288}: 'java.lang.Object java.lang.invoke.DirectMethodHandle$Holder.invokeVirtual(java.lang.Object, java.lang.Object, int)'> (0x000000008d68a288) 
thrown [s\src\hotspot\share\interpreter\linkResolver.cpp, line 759]
Event: 25.610 Thread 0x00000160205ea420 Implicit null exception at 0x0000015fc9b6ea72 to 0x0000015fc9b6f04c
Event: 26.493 Thread 0x00000160205ea420 Exception <a 'java/lang/NoSuchMethodError'{0x000000008d53e838}: 'java.lang.Object java.lang.invoke.DirectMethodHandle$Holder.newInvokeSpecial(java.lang.Object, int, java.lang.Object, java.lang.Object)'> (0x000000008d53e838) 
thrown [s\src\hotspot\share\interpreter\linkResolver.cpp, line 759]
Event: 28.322 Thread 0x00000160212a54f0 Exception <a 'java/lang/NoSuchMethodError'{0x000000008be631f8}: 'java.lang.Object java.lang.invoke.DirectMethodHandle$Holder.invokeSpecial(java.lang.Object, java.lang.Object, java.lang.Object, java.lang.Object, java.lang.Object, long)'> (0x000000008be631f8) 
thrown [s\src\hotspot\share\interpreter\linkResolver.cpp, line 759]
Event: 28.327 Thread 0x00000160212a54f0 Exception <a 'java/lang/NoSuchMethodError'{0x000000008be66c38}: 'java.lang.Object java.lang.invoke.Invokers$Holder.linkToTargetMethod(java.lang.Object, java.lang.Object, java.lang.Object, long, java.lang.Object)'> (0x000000008be66c38) 
thrown [s\src\hotspot\share\interpreter\linkResolver.cpp, line 759]
Event: 30.587 Thread 0x00000160212a4ad0 Exception <a 'java/lang/NoSuchMethodError'{0x000000008d60c478}: 'java.lang.Object java.lang.invoke.DirectMethodHandle$Holder.invokeStatic(java.lang.Object, int, int)'> (0x000000008d60c478) 
thrown [s\src\hotspot\share\interpreter\linkResolver.cpp, line 759]
Event: 30.985 Thread 0x00000160205e94f0 Implicit null exception at 0x0000015fc9c2e73d to 0x0000015fc9c2e7f6
Event: 75.826 Thread 0x00000160212a4fe0 Exception <a 'java/lang/NoSuchMethodError'{0x000000008b9b6eb0}: 'java.lang.Object java.lang.invoke.DirectMethodHandle$Holder.invokeSpecial(java.lang.Object, java.lang.Object, long, int, int, int, int, int, int, int, int, int)'> (0x000000008b9b6eb0) 
thrown [s\src\hotspot\share\interpreter\linkResolver.cpp, line 759]
Event: 75.832 Thread 0x00000160212a4fe0 Exception <a 'java/lang/NoSuchMethodError'{0x000000008b9bab48}: 'java.lang.Object java.lang.invoke.DelegatingMethodHandle$Holder.reinvoke_L(java.lang.Object, long, int, int, int, int, int, int, int, int, int)'> (0x000000008b9bab48) 
thrown [s\src\hotspot\share\interpreter\linkResolver.cpp, line 759]

VM Operations (20 events):
Event: 243.371 Executing VM operation: Cleanup
Event: 243.371 Executing VM operation: Cleanup done
Event: 250.429 Executing VM operation: Cleanup
Event: 250.430 Executing VM operation: Cleanup done
Event: 273.633 Executing VM operation: Cleanup
Event: 273.634 Executing VM operation: Cleanup done
Event: 275.652 Executing VM operation: Cleanup
Event: 275.652 Executing VM operation: Cleanup done
Event: 287.769 Executing VM operation: Cleanup
Event: 287.769 Executing VM operation: Cleanup done
Event: 293.832 Executing VM operation: Cleanup
Event: 293.832 Executing VM operation: Cleanup done
Event: 294.845 Executing VM operation: Cleanup
Event: 294.845 Executing VM operation: Cleanup done
Event: 295.859 Executing VM operation: Cleanup
Event: 295.859 Executing VM operation: Cleanup done
Event: 303.948 Executing VM operation: Cleanup
Event: 303.948 Executing VM operation: Cleanup done
Event: 312.034 Executing VM operation: Cleanup
Event: 312.034 Executing VM operation: Cleanup done

Memory protections (0 events):
No events

Nmethod flushes (20 events):
Event: 18.382 Thread 0x0000015fd8398d70 flushing  nmethod 0x0000015fc2807e10
Event: 18.382 Thread 0x0000015fd8398d70 flushing  nmethod 0x0000015fc280c810
Event: 18.382 Thread 0x0000015fd8398d70 flushing  nmethod 0x0000015fc282e790
Event: 18.382 Thread 0x0000015fd8398d70 flushing  nmethod 0x0000015fc2830210
Event: 18.382 Thread 0x0000015fd8398d70 flushing  nmethod 0x0000015fc285f810
Event: 18.382 Thread 0x0000015fd8398d70 flushing  nmethod 0x0000015fc2865c10
Event: 18.382 Thread 0x0000015fd8398d70 flushing  nmethod 0x0000015fc286fe10
Event: 18.382 Thread 0x0000015fd8398d70 flushing  nmethod 0x0000015fc2875d10
Event: 18.382 Thread 0x0000015fd8398d70 flushing  nmethod 0x0000015fc287d510
Event: 18.383 Thread 0x0000015fd8398d70 flushing  nmethod 0x0000015fc28ca490
Event: 18.383 Thread 0x0000015fd8398d70 flushing  nmethod 0x0000015fc28e6010
Event: 18.383 Thread 0x0000015fd8398d70 flushing  nmethod 0x0000015fc28f0510
Event: 18.383 Thread 0x0000015fd8398d70 flushing  nmethod 0x0000015fc2912790
Event: 18.383 Thread 0x0000015fd8398d70 flushing  nmethod 0x0000015fc2917610
Event: 18.383 Thread 0x0000015fd8398d70 flushing  nmethod 0x0000015fc2919310
Event: 18.383 Thread 0x0000015fd8398d70 flushing  nmethod 0x0000015fc291a210
Event: 18.383 Thread 0x0000015fd8398d70 flushing  nmethod 0x0000015fc2937b90
Event: 18.383 Thread 0x0000015fd8398d70 flushing  nmethod 0x0000015fc2939890
Event: 18.383 Thread 0x0000015fd8398d70 flushing  nmethod 0x0000015fc2977c90
Event: 18.383 Thread 0x0000015fd8398d70 flushing  nmethod 0x0000015fc2978290

Events (20 events):
Event: 30.994 Thread 0x00000160205e94f0 Thread added: 0x00000160205ef010
Event: 31.008 Thread 0x00000160205eeb00 Thread added: 0x00000160205ef520
Event: 31.018 Thread 0x00000160205ef520 Thread added: 0x00000160205eff40
Event: 31.020 Thread 0x00000160205e9a00 Thread added: 0x00000160205efa30
Event: 31.020 Thread 0x00000160205e9a00 Thread added: 0x000001601f55a030
Event: 31.020 Thread 0x00000160205e9a00 Thread added: 0x000001601f558bf0
Event: 31.021 Thread 0x00000160205e9a00 Thread added: 0x000001601f559100
Event: 31.021 Thread 0x00000160205e9a00 Thread added: 0x000001601f5577b0
Event: 31.021 Thread 0x00000160205e9a00 Thread added: 0x000001601f556d90
Event: 35.779 Thread 0x00000160212a4fe0 Thread added: 0x000001601f556880
Event: 91.003 Thread 0x00000160205ef010 Thread exited: 0x00000160205ef010
Event: 91.016 Thread 0x00000160205eeb00 Thread exited: 0x00000160205eeb00
Event: 91.016 Thread 0x00000160205ee5f0 Thread exited: 0x00000160205ee5f0
Event: 91.032 Thread 0x00000160205ef520 Thread exited: 0x00000160205ef520
Event: 91.032 Thread 0x000001601f558bf0 Thread exited: 0x000001601f558bf0
Event: 91.032 Thread 0x000001601f559100 Thread exited: 0x000001601f559100
Event: 91.033 Thread 0x000001601f5577b0 Thread exited: 0x000001601f5577b0
Event: 91.033 Thread 0x000001601f556d90 Thread exited: 0x000001601f556d90
Event: 91.033 Thread 0x000001601f55a030 Thread exited: 0x000001601f55a030
Event: 91.033 Thread 0x00000160205efa30 Thread exited: 0x00000160205efa30


Dynamic libraries:
0x00007ff7c97e0000 - 0x00007ff7c97ee000 	C:\Users\HP\AppData\Roaming\Antigravity\User\globalStorage\pleiades.java-extension-pack-jdk\java\17\bin\java.exe
0x00007ffa4d140000 - 0x00007ffa4d3a8000 	C:\WINDOWS\SYSTEM32\ntdll.dll
0x00007ffa4b9d0000 - 0x00007ffa4ba99000 	C:\WINDOWS\System32\KERNEL32.DLL
0x00007ffa4a020000 - 0x00007ffa4a411000 	C:\WINDOWS\System32\KERNELBASE.dll
0x00007ffa49ba0000 - 0x00007ffa49ceb000 	C:\WINDOWS\System32\ucrtbase.dll
0x00007ffa2d850000 - 0x00007ffa2d868000 	C:\Users\HP\AppData\Roaming\Antigravity\User\globalStorage\pleiades.java-extension-pack-jdk\java\17\bin\jli.dll
0x00007ffa4ce60000 - 0x00007ffa4d026000 	C:\WINDOWS\System32\USER32.dll
0x00007ffa4a420000 - 0x00007ffa4a447000 	C:\WINDOWS\System32\win32u.dll
0x00007ffa4aee0000 - 0x00007ffa4af0b000 	C:\WINDOWS\System32\GDI32.dll
0x00007ffa49d80000 - 0x00007ffa49eab000 	C:\WINDOWS\System32\gdi32full.dll
0x00007ffa4a450000 - 0x00007ffa4a4f3000 	C:\WINDOWS\System32\msvcp_win.dll
0x00007ffa25360000 - 0x00007ffa2537e000 	C:\Users\HP\AppData\Roaming\Antigravity\User\globalStorage\pleiades.java-extension-pack-jdk\java\17\bin\VCRUNTIME140.dll
0x00007ffa315b0000 - 0x00007ffa31843000 	C:\WINDOWS\WinSxS\amd64_microsoft.windows.common-controls_6595b64144ccf1df_6.0.26100.7824_none_3e0870b2e3345462\COMCTL32.dll
0x00007ffa4cd50000 - 0x00007ffa4cdf9000 	C:\WINDOWS\System32\msvcrt.dll
0x00007ffa4d0c0000 - 0x00007ffa4d0f1000 	C:\WINDOWS\System32\IMM32.DLL
0x00007ffa2d840000 - 0x00007ffa2d84c000 	C:\Users\HP\AppData\Roaming\Antigravity\User\globalStorage\pleiades.java-extension-pack-jdk\java\17\bin\vcruntime140_1.dll
0x00007ffa195a0000 - 0x00007ffa1962d000 	C:\Users\HP\AppData\Roaming\Antigravity\User\globalStorage\pleiades.java-extension-pack-jdk\java\17\bin\msvcp140.dll
0x00007ff9a1870000 - 0x00007ff9a24db000 	C:\Users\HP\AppData\Roaming\Antigravity\User\globalStorage\pleiades.java-extension-pack-jdk\java\17\bin\server\jvm.dll
0x00007ffa4bfc0000 - 0x00007ffa4c074000 	C:\WINDOWS\System32\ADVAPI32.dll
0x00007ffa4c9e0000 - 0x00007ffa4ca86000 	C:\WINDOWS\System32\sechost.dll
0x00007ffa4afb0000 - 0x00007ffa4b0c8000 	C:\WINDOWS\System32\RPCRT4.dll
0x00007ffa4d030000 - 0x00007ffa4d0a4000 	C:\WINDOWS\System32\WS2_32.dll
0x00007ffa43990000 - 0x00007ffa439c5000 	C:\WINDOWS\SYSTEM32\WINMM.dll
0x00007ffa439d0000 - 0x00007ffa439db000 	C:\WINDOWS\SYSTEM32\VERSION.dll
0x00007ffa49880000 - 0x00007ffa498de000 	C:\WINDOWS\SYSTEM32\POWRPROF.dll
0x00007ffa49860000 - 0x00007ffa49874000 	C:\WINDOWS\SYSTEM32\UMPDC.dll
0x00007ffa487c0000 - 0x00007ffa487db000 	C:\WINDOWS\SYSTEM32\kernel.appcore.dll
0x00007ffa25350000 - 0x00007ffa2535a000 	C:\Users\HP\AppData\Roaming\Antigravity\User\globalStorage\pleiades.java-extension-pack-jdk\java\17\bin\jimage.dll
0x00007ffa478b0000 - 0x00007ffa47af2000 	C:\WINDOWS\SYSTEM32\DBGHELP.DLL
0x00007ffa4c160000 - 0x00007ffa4c4e6000 	C:\WINDOWS\System32\combase.dll
0x00007ffa4c790000 - 0x00007ffa4c867000 	C:\WINDOWS\System32\OLEAUT32.dll
0x00007ffa30540000 - 0x00007ffa3057b000 	C:\WINDOWS\SYSTEM32\dbgcore.DLL
0x00007ffa49f70000 - 0x00007ffa4a015000 	C:\WINDOWS\System32\bcryptPrimitives.dll
0x00007ffa223e0000 - 0x00007ffa22405000 	C:\Users\HP\AppData\Roaming\Antigravity\User\globalStorage\pleiades.java-extension-pack-jdk\java\17\bin\java.dll
0x00007ff9b2120000 - 0x00007ff9b21f7000 	C:\Users\HP\AppData\Roaming\Antigravity\User\globalStorage\pleiades.java-extension-pack-jdk\java\17\bin\jsvml.dll
0x00007ffa4b270000 - 0x00007ffa4b9c2000 	C:\WINDOWS\System32\SHELL32.dll
0x00007ffa4a500000 - 0x00007ffa4a66a000 	C:\WINDOWS\System32\wintypes.dll
0x00007ffa4a670000 - 0x00007ffa4aed3000 	C:\WINDOWS\System32\windows.storage.dll
0x00007ffa4b170000 - 0x00007ffa4b266000 	C:\WINDOWS\System32\SHCORE.dll
0x00007ffa4af40000 - 0x00007ffa4afa7000 	C:\WINDOWS\System32\shlwapi.dll
0x00007ffa49940000 - 0x00007ffa49969000 	C:\WINDOWS\SYSTEM32\profapi.dll
0x00007ffa20850000 - 0x00007ffa2086a000 	C:\Users\HP\AppData\Roaming\Antigravity\User\globalStorage\pleiades.java-extension-pack-jdk\java\17\bin\net.dll
0x00007ffa43860000 - 0x00007ffa43987000 	C:\WINDOWS\SYSTEM32\WINHTTP.dll
0x00007ffa48d30000 - 0x00007ffa48d9b000 	C:\WINDOWS\system32\mswsock.dll
0x00007ffa20830000 - 0x00007ffa20846000 	C:\Users\HP\AppData\Roaming\Antigravity\User\globalStorage\pleiades.java-extension-pack-jdk\java\17\bin\nio.dll
0x00007ffa19580000 - 0x00007ffa19598000 	C:\Users\HP\AppData\Roaming\Antigravity\User\globalStorage\pleiades.java-extension-pack-jdk\java\17\bin\zip.dll
0x00007ffa25340000 - 0x00007ffa2534e000 	C:\Users\HP\AppData\Roaming\Antigravity\User\globalStorage\pleiades.java-extension-pack-jdk\java\17\bin\sunmscapi.dll
0x00007ffa49a20000 - 0x00007ffa49b97000 	C:\WINDOWS\System32\CRYPT32.dll
0x00007ffa49220000 - 0x00007ffa49250000 	C:\WINDOWS\SYSTEM32\ncrypt.dll
0x00007ffa491d0000 - 0x00007ffa4920f000 	C:\WINDOWS\SYSTEM32\NTASN1.dll
0x00007ffa49000000 - 0x00007ffa4901b000 	C:\WINDOWS\SYSTEM32\CRYPTSP.dll
0x00007ffa48720000 - 0x00007ffa48759000 	C:\WINDOWS\system32\rsaenh.dll
0x00007ffa48de0000 - 0x00007ffa48e0b000 	C:\WINDOWS\SYSTEM32\USERENV.dll
0x00007ffa49910000 - 0x00007ffa4993a000 	C:\WINDOWS\SYSTEM32\bcrypt.dll
0x00007ffa49020000 - 0x00007ffa4902c000 	C:\WINDOWS\SYSTEM32\CRYPTBASE.dll
0x00007ffa481c0000 - 0x00007ffa481f4000 	C:\WINDOWS\SYSTEM32\IPHLPAPI.DLL
0x00007ffa4cd40000 - 0x00007ffa4cd4a000 	C:\WINDOWS\System32\NSI.dll
0x00007ffa43c10000 - 0x00007ffa43c2e000 	C:\WINDOWS\SYSTEM32\dhcpcsvc6.DLL
0x00007ffa43bc0000 - 0x00007ffa43be3000 	C:\WINDOWS\SYSTEM32\dhcpcsvc.DLL
0x00007ffa48250000 - 0x00007ffa4837c000 	C:\WINDOWS\SYSTEM32\DNSAPI.dll
0x00007ffa22690000 - 0x00007ffa2269a000 	C:\Users\HP\AppData\Roaming\Antigravity\User\globalStorage\pleiades.java-extension-pack-jdk\java\17\bin\management.dll
0x00007ffa22680000 - 0x00007ffa2268c000 	C:\Users\HP\AppData\Roaming\Antigravity\User\globalStorage\pleiades.java-extension-pack-jdk\java\17\bin\management_ext.dll
0x00007ffa4cd30000 - 0x00007ffa4cd38000 	C:\WINDOWS\System32\PSAPI.DLL
0x00007ffa1df60000 - 0x00007ffa1df70000 	C:\Users\HP\AppData\Roaming\Antigravity\User\globalStorage\pleiades.java-extension-pack-jdk\java\17\bin\verify.dll
0x00007ffa1df50000 - 0x00007ffa1df59000 	C:\Users\HP\AppData\Roaming\Antigravity\User\globalStorage\pleiades.java-extension-pack-jdk\java\17\bin\extnet.dll
0x00007ffa3cb20000 - 0x00007ffa3cb28000 	C:\WINDOWS\system32\wshunix.dll
0x00007ffa41590000 - 0x00007ffa4159b000 	C:\Windows\System32\rasadhlp.dll
0x00007ffa44590000 - 0x00007ffa44616000 	C:\WINDOWS\System32\fwpuclnt.dll

dbghelp: loaded successfully - version: 4.0.5 - missing functions: none
symbol engine: initialized successfully - sym options: 0x614 - pdb path: .;C:\Users\HP\AppData\Roaming\Antigravity\User\globalStorage\pleiades.java-extension-pack-jdk\java\17\bin;C:\WINDOWS\SYSTEM32;C:\WINDOWS\WinSxS\amd64_microsoft.windows.common-controls_6595b64144ccf1df_6.0.26100.7824_none_3e0870b2e3345462;C:\Users\HP\AppData\Roaming\Antigravity\User\globalStorage\pleiades.java-extension-pack-jdk\java\17\bin\server

VM Arguments:
jvm_args: -XX:+ShowCodeDetailsInExceptionMessages 
java_command: com.example.frontend.FrontendApplication
java_class_path (initial): C:\Users\HP\Downloads\playground-4dd0d8498a949fd87128c775f0e34ef5b9045346\playground-4dd0d8498a949fd87128c775f0e34ef5b9045346\frontend\frontend\target\classes;C:\Users\HP\.m2\repository\org\springframework\boot\spring-boot-starter-web\3.2.1\spring-boot-starter-web-3.2.1.jar;C:\Users\HP\.m2\repository\org\springframework\boot\spring-boot-starter\3.2.1\spring-boot-starter-3.2.1.jar;C:\Users\HP\.m2\repository\org\springframework\boot\spring-boot\3.2.1\spring-boot-3.2.1.jar;C:\Users\HP\.m2\repository\org\springframework\boot\spring-boot-autoconfigure\3.2.1\spring-boot-autoconfigure-3.2.1.jar;C:\Users\HP\.m2\repository\org\springframework\boot\spring-boot-starter-logging\3.2.1\spring-boot-starter-logging-3.2.1.jar;C:\Users\HP\.m2\repository\ch\qos\logback\logback-classic\1.4.14\logback-classic-1.4.14.jar;C:\Users\HP\.m2\repository\ch\qos\logback\logback-core\1.4.14\logback-core-1.4.14.jar;C:\Users\HP\.m2\repository\org\apache\logging\log4j\log4j-to-slf4j\2.21.1\log4j-to-slf4j-2.21.1.jar;C:\Users\HP\.m2\repository\org\apache\logging\log4j\log4j-api\2.21.1\log4j-api-2.21.1.jar;C:\Users\HP\.m2\repository\org\slf4j\jul-to-slf4j\2.0.9\jul-to-slf4j-2.0.9.jar;C:\Users\HP\.m2\repository\jakarta\annotation\jakarta.annotation-api\2.1.1\jakarta.annotation-api-2.1.1.jar;C:\Users\HP\.m2\repository\org\yaml\snakeyaml\2.2\snakeyaml-2.2.jar;C:\Users\HP\.m2\repository\org\springframework\boot\spring-boot-starter-json\3.2.1\spring-boot-starter-json-3.2.1.jar;C:\Users\HP\.m2\repository\com\fasterxml\jackson\datatype\jackson-datatype-jdk8\2.15.3\jackson-datatype-jdk8-2.15.3.jar;C:\Users\HP\.m2\repository\com\fasterxml\jackson\module\jackson-module-parameter-names\2.15.3\jackson-module-parameter-names-2.15.3.jar;C:\Users\HP\.m2\repository\org\springframework\boot\spring-boot-starter-tomcat\3.2.1\spring-boot-starter-tomcat-3.2.1.jar;C:\Users\HP\.m2\repository\org\apache\tomcat\embed\tomcat-embed-core\10.1.17\tomcat-embed-core-10.1.17.jar;C:\Users\HP\.m2\repository
Launcher Type: SUN_STANDARD

[Global flags]
     intx CICompilerCount                          = 3                                         {product} {ergonomic}
     uint ConcGCThreads                            = 2                                         {product} {ergonomic}
     uint G1ConcRefinementThreads                  = 6                                         {product} {ergonomic}
   size_t G1HeapRegionSize                         = 1048576                                   {product} {ergonomic}
    uintx GCDrainStackTargetSize                   = 64                                        {product} {ergonomic}
   size_t InitialHeapSize                          = 125829120                                 {product} {ergonomic}
   size_t MarkStackSize                            = 4194304                                   {product} {ergonomic}
   size_t MaxHeapSize                              = 1983905792                                {product} {ergonomic}
   size_t MaxNewSize                               = 1190133760                                {product} {ergonomic}
   size_t MinHeapDeltaBytes                        = 1048576                                   {product} {ergonomic}
   size_t MinHeapSize                              = 8388608                                   {product} {ergonomic}
    uintx NonNMethodCodeHeapSize                   = 5832780                                {pd product} {ergonomic}
    uintx NonProfiledCodeHeapSize                  = 122912730                              {pd product} {ergonomic}
    uintx ProfiledCodeHeapSize                     = 122912730                              {pd product} {ergonomic}
    uintx ReservedCodeCacheSize                    = 251658240                              {pd product} {ergonomic}
     bool SegmentedCodeCache                       = true                                      {product} {ergonomic}
     bool ShowCodeDetailsInExceptionMessages       = true                                   {manageable} {command line}
   size_t SoftMaxHeapSize                          = 1983905792                             {manageable} {ergonomic}
     bool UseCompressedClassPointers               = true                           {product lp64_product} {ergonomic}
     bool UseCompressedOops                        = true                           {product lp64_product} {ergonomic}
     bool UseG1GC                                  = true                                      {product} {ergonomic}
     bool UseLargePagesIndividualAllocation        = false                                  {pd product} {ergonomic}

Logging:
Log output configuration:
 #0: stdout all=warning uptime,level,tags
 #1: stderr all=off uptime,level,tags

Environment Variables:
JAVA_HOME=C:\Program Files\Java\jdk-21
PATH=C:\Users\HP\AppData\Roaming\Antigravity\User\globalStorage\pleiades.java-extension-pack-jdk\gradle\latest\bin;C:\Users\HP\AppData\Roaming\Antigravity\User\globalStorage\pleiades.java-extension-pack-jdk\maven\latest\bin;C:\Program Files\Java\jdk-21\bin;C:\Python312\Scripts\;C:\Python312\;C:\Program Files\Common Files\Oracle\Java\javapath;C:\Program Files (x86)\Common Files\Oracle\Java\javapath;C:\WINDOWS\system32;C:\WINDOWS;C:\WINDOWS\System32\Wbem;C:\WINDOWS\System32\WindowsPowerShell\v1.0\;C:\WINDOWS\System32\OpenSSH\;C:\Program Files\Git\cmd;C:\MinGW\bin;C:\Program Files\wkhtmltopdf\bin;C:\Program Files (x86)\Java\jre-1.8\bin;C:\Program Files\jdk-20.0.2\bin;C:\Program Files\MongoDB\Server\7.0\bin;C:\Program Files\Amazon\AWSCLIV2\;C:\Users\HP\OpenSSH-Win64;C:\ProgramData\chocolatey\bin;C:\Program Files (x86)\Yarn\bin\;C:\Program Files\MongoDB\Server\5.0\bin;C:\Program Files\MySQL\MySQL Server 8.0\bin;;C:\WINDOWS\system32;C:\WINDOWS;C:\WINDOWS\System32\Wbem;C:\WINDOWS\System32\WindowsPowerShell\v1.0\;C:\WINDOWS\System32\OpenSSH\;C:\Program Files\Kubernetes\Minikube;;C:\Program Files\Docker\Docker\resources\bin;C:\Program Files\PowerShell\7\;C:\Users\HP\AppData\Local\Programs\Python\Python38\Scripts\;C:\Users\HP\AppData\Local\Programs\Python\Python38\;C:\Users\HP\AppData\Local\Microsoft\WindowsApps;C:\Program Files\JetBrains\PyCharm Community Edition 2023.1.3\bin;;C:\Program Files\heroku\bin;C:\Users\HP\apache-maven-3.9.6\bin;C:\Program Files\JetBrains\DataGrip 2023.3.4\bin;;C:\Program Files\MySQL\MySQL Server 8.3\bin;C:\Users\HP\AppData\Local\Programs\oh-my-posh\bin;C:\Users\HP\AppData\Local\Yarn\bin;C:\Program Files\MongoDB\Server\5.0\bin;C:\Users\HP\AppData\Local\Programs\Microsoft VS Code\bin;C:\Program Files\MySQL\MySQL Server 8.0\bin;C:\Users\HP\AppData\Local\Programs\Antigravity\bin;C:\Users\HP\AppData\Local\Programs\mongosh\;c:\Users\HP\.antigravity\extensions\vscjava.vscode-java-debug-0.58.5-universal\bundled\scripts\noConfigScripts
USERNAME=HP
LANG=en_US.UTF-8
OS=Windows_NT
PROCESSOR_IDENTIFIER=AMD64 Family 23 Model 96 Stepping 1, AuthenticAMD
TMP=C:\Users\HP\AppData\Local\Temp
TEMP=C:\Users\HP\AppData\Local\Temp



Periodic native trim disabled


---------------  S Y S T E M  ---------------

OS:
 Windows 11 , 64 bit Build 26100 (10.0.26100.7705)
OS uptime: 0 days 17:06 hours
Hyper-V role detected

CPU: total 6 (initial active 6) (6 cores per cpu, 1 threads per core) family 23 model 96 stepping 1 microcode 0x8600109, cx8, cmov, fxsr, mmx, 3dnowpref, sse, sse2, sse3, ssse3, sse4a, sse4.1, sse4.2, popcnt, lzcnt, tsc, tscinvbit, avx, avx2, aes, clmul, bmi1, bmi2, adx, sha, fma, vzeroupper, clflush, clflushopt, hv
Processor Information for processor 0
  Max Mhz: 2375, Current Mhz: 2375, Mhz Limit: 2375
Processor Information for processor 1
  Max Mhz: 2375, Current Mhz: 2375, Mhz Limit: 2375
Processor Information for processor 2
  Max Mhz: 2375, Current Mhz: 2375, Mhz Limit: 2375
Processor Information for processor 3
  Max Mhz: 2375, Current Mhz: 2375, Mhz Limit: 2375
Processor Information for processor 4
  Max Mhz: 2375, Current Mhz: 2375, Mhz Limit: 2375
Processor Information for processor 5
  Max Mhz: 2375, Current Mhz: 1400, Mhz Limit: 2375

Memory: 4k page, system-wide physical 7564M (931M free)
TotalPageFile size 31116M (AvailPageFile size 0M)
current process WorkingSet (physical memory assigned to process): 37M, peak: 189M
current process commit charge ("private bytes"): 198M, peak: 257M

vm_info: OpenJDK 64-Bit Server VM (17.0.18+8) for windows-amd64 JRE (17.0.18+8), built on Jan 20 2026 22:28:22 by "admin" with MS VC++ 17.12 (VS2022)

END.
