#
# There is insufficient memory for the Java Runtime Environment to continue.
# Native memory allocation (malloc) failed to allocate 792544 bytes. Error detail: Chunk::new
# Possible reasons:
#   The system is out of physical RAM or swap space
#   This process is running with CompressedOops enabled, and the Java Heap may be blocking the growth of the native heap
# Possible solutions:
#   Reduce memory load on the system
#   Increase physical memory or swap space
#   Check if swap backing store is full
#   Decrease Java heap size (-Xmx/-Xms)
#   Decrease number of Java threads
#   Decrease Java thread stack sizes (-Xss)
#   Set larger code cache with -XX:ReservedCodeCacheSize=
#   JVM is running with Unscaled Compressed Oops mode in which the Java heap is
#     placed in the first 4GB address space. The Java Heap base address is the
#     maximum limit for the native heap growth. Please use -XX:HeapBaseMinAddress
#     to set the Java Heap base and to place the Java Heap above 4GB virtual address.
# This output file may be truncated or incomplete.
#
#  Out of Memory Error (arena.cpp:191), pid=35096, tid=2644
#
# JRE version: OpenJDK Runtime Environment Temurin-17.0.18+8 (17.0.18+8) (build 17.0.18+8)
# Java VM: OpenJDK 64-Bit Server VM Temurin-17.0.18+8 (17.0.18+8, mixed mode, sharing, tiered, compressed oops, compressed class ptrs, g1 gc, windows-amd64)
# No core dump will be written. Minidumps are not enabled by default on client versions of Windows
#

---------------  S U M M A R Y ------------

Command Line: -XX:+ShowCodeDetailsInExceptionMessages com.example.frontend.FrontendApplication

Host: AMD Ryzen 5 4500U with Radeon Graphics         , 6 cores, 7G,  Windows 11 , 64 bit Build 26100 (10.0.26100.7705)
Time: Wed Mar  4 14:35:31 2026 India Standard Time elapsed time: 3090.754926 seconds (0d 0h 51m 30s)

---------------  T H R E A D  ---------------

Current thread (0x000001b631461480):  JavaThread "C2 CompilerThread0" daemon [_thread_in_native, id=2644, stack(0x00000088dfa00000,0x00000088dfb00000)]


Current CompileTask:
C2:3090755 6937   !   4       java.util.concurrent.ThreadPoolExecutor::getTask (177 bytes)

Stack: [0x00000088dfa00000,0x00000088dfb00000]
Native frames: (J=compiled Java code, j=interpreted, Vv=VM code, C=native code)
V  [jvm.dll+0x6846f9]
V  [jvm.dll+0x839ea5]
V  [jvm.dll+0x83b91e]
V  [jvm.dll+0x83bfa3]
V  [jvm.dll+0x248eff]
V  [jvm.dll+0xad496]
V  [jvm.dll+0xadb3c]
V  [jvm.dll+0x368c1e]
V  [jvm.dll+0x333055]
V  [jvm.dll+0x3324ba]
V  [jvm.dll+0x219db9]
V  [jvm.dll+0x219200]
V  [jvm.dll+0x1a4920]
V  [jvm.dll+0x22989a]
V  [jvm.dll+0x227a4b]
V  [jvm.dll+0x7f0658]
V  [jvm.dll+0x7eaaec]
V  [jvm.dll+0x6835c7]
C  [ucrtbase.dll+0x37b0]
C  [KERNEL32.DLL+0x2e8d7]
C  [ntdll.dll+0x8c40c]


---------------  P R O C E S S  ---------------

Threads class SMR info:
_java_thread_list=0x000001b67791b0c0, length=41, elements={
0x000001b63143f260, 0x000001b631440790, 0x000001b63145cd50, 0x000001b63145f630,
0x000001b63145ff00, 0x000001b6314607d0, 0x000001b631461480, 0x000001b631472fe0,
0x000001b6314738f0, 0x000001b6316ccb00, 0x000001b6316d4640, 0x000001b678066050,
0x000001b679319c40, 0x000001b678067df0, 0x000001b6787f9000, 0x000001b6787f9510,
0x000001b6787fa950, 0x000001b6787f80d0, 0x000001b6787f9a20, 0x000001b6787f9f30,
0x000001b6787fb880, 0x000001b6787fa440, 0x000001b6787fae60, 0x000001b6787fb370,
0x000001b6787f85e0, 0x000001b679633790, 0x000001b679633280, 0x000001b6796346c0,
0x000001b679632d70, 0x000001b679633ca0, 0x000001b679632860, 0x000001b679631e40,
0x000001b679634bd0, 0x000001b679632350, 0x000001b6796341b0, 0x000001b679638890,
0x000001b679636f40, 0x000001b679637960, 0x000001b6796350e0, 0x000001b6315e2e60,
0x000001b6315e1000
}

Java Threads: ( => current thread )
  0x000001b63143f260 JavaThread "Reference Handler" daemon [_thread_blocked, id=24980, stack(0x00000088df400000,0x00000088df500000)]
  0x000001b631440790 JavaThread "Finalizer" daemon [_thread_blocked, id=15140, stack(0x00000088df500000,0x00000088df600000)]
  0x000001b63145cd50 JavaThread "Signal Dispatcher" daemon [_thread_blocked, id=21832, stack(0x00000088df600000,0x00000088df700000)]
  0x000001b63145f630 JavaThread "Attach Listener" daemon [_thread_blocked, id=28100, stack(0x00000088df700000,0x00000088df800000)]
  0x000001b63145ff00 JavaThread "Service Thread" daemon [_thread_blocked, id=5448, stack(0x00000088df800000,0x00000088df900000)]
  0x000001b6314607d0 JavaThread "Monitor Deflation Thread" daemon [_thread_blocked, id=7104, stack(0x00000088df900000,0x00000088dfa00000)]
=>0x000001b631461480 JavaThread "C2 CompilerThread0" daemon [_thread_in_native, id=2644, stack(0x00000088dfa00000,0x00000088dfb00000)]
  0x000001b631472fe0 JavaThread "C1 CompilerThread0" daemon [_thread_blocked, id=21604, stack(0x00000088dfb00000,0x00000088dfc00000)]
  0x000001b6314738f0 JavaThread "Sweeper thread" daemon [_thread_blocked, id=12040, stack(0x00000088dfc00000,0x00000088dfd00000)]
  0x000001b6316ccb00 JavaThread "Notification Thread" daemon [_thread_blocked, id=40456, stack(0x00000088dfd00000,0x00000088dfe00000)]
  0x000001b6316d4640 JavaThread "Common-Cleaner" daemon [_thread_blocked, id=31940, stack(0x00000088dff00000,0x00000088e0000000)]
  0x000001b678066050 JavaThread "Catalina-utility-1" [_thread_blocked, id=6652, stack(0x00000088e0900000,0x00000088e0a00000)]
  0x000001b679319c40 JavaThread "Catalina-utility-2" [_thread_blocked, id=26852, stack(0x00000088e0a00000,0x00000088e0b00000)]
  0x000001b678067df0 JavaThread "container-0" [_thread_blocked, id=36684, stack(0x00000088e0b00000,0x00000088e0c00000)]
  0x000001b6787f9000 JavaThread "MessageBroker-1" [_thread_blocked, id=2548, stack(0x00000088e0700000,0x00000088e0800000)]
  0x000001b6787f9510 JavaThread "http-nio-8137-exec-1" daemon [_thread_blocked, id=17672, stack(0x00000088e0c00000,0x00000088e0d00000)]
  0x000001b6787fa950 JavaThread "http-nio-8137-exec-2" daemon [_thread_blocked, id=28696, stack(0x00000088e0d00000,0x00000088e0e00000)]
  0x000001b6787f80d0 JavaThread "http-nio-8137-exec-3" daemon [_thread_blocked, id=1892, stack(0x00000088e0e00000,0x00000088e0f00000)]
  0x000001b6787f9a20 JavaThread "http-nio-8137-exec-4" daemon [_thread_blocked, id=30816, stack(0x00000088e0f00000,0x00000088e1000000)]
  0x000001b6787f9f30 JavaThread "http-nio-8137-exec-5" daemon [_thread_blocked, id=8976, stack(0x00000088e1000000,0x00000088e1100000)]
  0x000001b6787fb880 JavaThread "http-nio-8137-exec-6" daemon [_thread_blocked, id=26048, stack(0x00000088e1100000,0x00000088e1200000)]
  0x000001b6787fa440 JavaThread "http-nio-8137-exec-7" daemon [_thread_blocked, id=30752, stack(0x00000088e1200000,0x00000088e1300000)]
  0x000001b6787fae60 JavaThread "http-nio-8137-exec-8" daemon [_thread_blocked, id=18836, stack(0x00000088e1300000,0x00000088e1400000)]
  0x000001b6787fb370 JavaThread "http-nio-8137-exec-9" daemon [_thread_blocked, id=17512, stack(0x00000088e1400000,0x00000088e1500000)]
  0x000001b6787f85e0 JavaThread "http-nio-8137-exec-10" daemon [_thread_blocked, id=39620, stack(0x00000088e1500000,0x00000088e1600000)]
  0x000001b679633790 JavaThread "http-nio-8137-Poller" daemon [_thread_in_native, id=38488, stack(0x00000088e1600000,0x00000088e1700000)]
  0x000001b679633280 JavaThread "http-nio-8137-Acceptor" daemon [_thread_in_native, id=7668, stack(0x00000088e1700000,0x00000088e1800000)]
  0x000001b6796346c0 JavaThread "ThreadPoolTaskScheduler-1" [_thread_blocked, id=31276, stack(0x00000088e1800000,0x00000088e1900000)]
  0x000001b679632d70 JavaThread "org.springframework.kafka.KafkaListenerEndpointContainer#0-0-C-1" [_thread_in_native, id=25120, stack(0x00000088e1900000,0x00000088e1a00000)]
  0x000001b679633ca0 JavaThread "ThreadPoolTaskScheduler-1" [_thread_blocked, id=37664, stack(0x00000088e1a00000,0x00000088e1b00000)]
  0x000001b679632860 JavaThread "org.springframework.kafka.KafkaListenerEndpointContainer#1-0-C-1" [_thread_in_native, id=12348, stack(0x00000088e1b00000,0x00000088e1c00000)]
  0x000001b679631e40 JavaThread "MessageBroker-2" [_thread_blocked, id=36620, stack(0x00000088e1c00000,0x00000088e1d00000)]
  0x000001b679634bd0 JavaThread "DestroyJavaVM" [_thread_blocked, id=33304, stack(0x00000088ded00000,0x00000088dee00000)]
  0x000001b679632350 JavaThread "MessageBroker-3" [_thread_blocked, id=31968, stack(0x00000088e1e00000,0x00000088e1f00000)]
  0x000001b6796341b0 JavaThread "kafka-coordinator-heartbeat-thread | frontend-group-v2" daemon [_thread_blocked, id=27148, stack(0x00000088e1f00000,0x00000088e2000000)]
  0x000001b679638890 JavaThread "kafka-coordinator-heartbeat-thread | frontend-trace-group" daemon [_thread_blocked, id=33288, stack(0x00000088e2000000,0x00000088e2100000)]
  0x000001b679636f40 JavaThread "MessageBroker-4" [_thread_blocked, id=34908, stack(0x00000088e2100000,0x00000088e2200000)]
  0x000001b679637960 JavaThread "MessageBroker-5" [_thread_blocked, id=29408, stack(0x00000088e2200000,0x00000088e2300000)]
  0x000001b6796350e0 JavaThread "MessageBroker-6" [_thread_blocked, id=900, stack(0x00000088e2300000,0x00000088e2400000)]
  0x000001b6315e2e60 JavaThread "kafka-producer-network-thread | producer-1" daemon [_thread_in_native, id=28484, stack(0x00000088e3300000,0x00000088e3400000)]
  0x000001b6315e1000 JavaThread "kafka-producer-network-thread | producer-2" daemon [_thread_in_native, id=35120, stack(0x00000088e3400000,0x00000088e3500000)]

Other Threads:
  0x000001b63143ab20 VMThread "VM Thread" [stack: 0x00000088df300000,0x00000088df400000] [id=5328]
  0x000001b6316cf400 WatcherThread [stack: 0x00000088dfe00000,0x00000088dff00000] [id=30668]
  0x000001b611a4ef30 GCTaskThread "GC Thread#0" [stack: 0x00000088dee00000,0x00000088def00000] [id=33944]
  0x000001b6774fc200 GCTaskThread "GC Thread#1" [stack: 0x00000088e0100000,0x00000088e0200000] [id=25668]
  0x000001b6775e4630 GCTaskThread "GC Thread#2" [stack: 0x00000088e0200000,0x00000088e0300000] [id=24176]
  0x000001b6775013d0 GCTaskThread "GC Thread#3" [stack: 0x00000088e0300000,0x00000088e0400000] [id=4952]
  0x000001b677501690 GCTaskThread "GC Thread#4" [stack: 0x00000088e0400000,0x00000088e0500000] [id=39468]
  0x000001b677b61320 GCTaskThread "GC Thread#5" [stack: 0x00000088e0500000,0x00000088e0600000] [id=16684]
  0x000001b611a5ea00 ConcurrentGCThread "G1 Main Marker" [stack: 0x00000088def00000,0x00000088df000000] [id=28868]
  0x000001b611a5f320 ConcurrentGCThread "G1 Conc#0" [stack: 0x00000088df000000,0x00000088df100000] [id=33008]
  0x000001b678cb8860 ConcurrentGCThread "G1 Conc#1" [stack: 0x00000088e0600000,0x00000088e0700000] [id=32860]
  0x000001b6312f24c0 ConcurrentGCThread "G1 Refine#0" [stack: 0x00000088df100000,0x00000088df200000] [id=19788]
  0x000001b6786184a0 ConcurrentGCThread "G1 Refine#1" [stack: 0x00000088e0800000,0x00000088e0900000] [id=16032]
  0x000001b6312f2df0 ConcurrentGCThread "G1 Service" [stack: 0x00000088df200000,0x00000088df300000] [id=31436]

Threads with active compile tasks:
C2 CompilerThread0  3090938 6937   !   4       java.util.concurrent.ThreadPoolExecutor::getTask (177 bytes)

VM state: not at safepoint (normal execution)

VM Mutex/Monitor currently owned by a thread: None

Heap address: 0x0000000089c00000, size: 1892 MB, Compressed Oops mode: 32-bit

CDS archive(s) mapped at: [0x000001b632000000-0x000001b632bb0000-0x000001b632bb0000), size 12255232, SharedBaseAddress: 0x000001b632000000, ArchiveRelocationMode: 1.
Compressed class space mapped at: 0x000001b633000000-0x000001b673000000, reserved size: 1073741824
Narrow klass base: 0x000001b632000000, Narrow klass shift: 0, Narrow klass range: 0x100000000

GC Precious Log:
 CPUs: 6 total, 6 available
 Memory: 7564M
 Large Page Support: Disabled
 NUMA Support: Disabled
 Compressed Oops: Enabled (32-bit)
 Heap Region Size: 1M
 Heap Min Capacity: 8M
 Heap Initial Capacity: 120M
 Heap Max Capacity: 1892M
 Pre-touch: Disabled
 Parallel Workers: 6
 Concurrent Workers: 2
 Concurrent Refinement Workers: 6
 Periodic GC: Disabled

Heap:
 garbage-first heap   total 68608K, used 32094K [0x0000000089c00000, 0x0000000100000000)
  region size 1024K, 11 young (11264K), 1 survivors (1024K)
 Metaspace       used 48908K, committed 49472K, reserved 1114112K
  class space    used 5857K, committed 6144K, reserved 1048576K

Heap Regions: E=young(eden), S=young(survivor), O=old, HS=humongous(starts), HC=humongous(continues), CS=collection set, F=free, OA=open archive, CA=closed archive, TAMS=top-at-mark-start (previous, next)
|   0|0x0000000089c00000, 0x0000000089d00000, 0x0000000089d00000|100%| O|  |TAMS 0x0000000089d00000, 0x0000000089c00000| Untracked 
|   1|0x0000000089d00000, 0x0000000089e00000, 0x0000000089e00000|100%| O|  |TAMS 0x0000000089e00000, 0x0000000089d00000| Untracked 
|   2|0x0000000089e00000, 0x0000000089f00000, 0x0000000089f00000|100%| O|  |TAMS 0x0000000089f00000, 0x0000000089e00000| Untracked 
|   3|0x0000000089f00000, 0x000000008a000000, 0x000000008a000000|100%| O|  |TAMS 0x000000008a000000, 0x0000000089f00000| Untracked 
|   4|0x000000008a000000, 0x000000008a100000, 0x000000008a100000|100%| O|  |TAMS 0x000000008a100000, 0x000000008a000000| Untracked 
|   5|0x000000008a100000, 0x000000008a200000, 0x000000008a200000|100%| O|  |TAMS 0x000000008a200000, 0x000000008a100000| Untracked 
|   6|0x000000008a200000, 0x000000008a300000, 0x000000008a300000|100%| O|  |TAMS 0x000000008a300000, 0x000000008a200000| Untracked 
|   7|0x000000008a300000, 0x000000008a400000, 0x000000008a400000|100%| O|  |TAMS 0x000000008a400000, 0x000000008a300000| Untracked 
|   8|0x000000008a400000, 0x000000008a500000, 0x000000008a500000|100%| O|  |TAMS 0x000000008a500000, 0x000000008a400000| Untracked 
|   9|0x000000008a500000, 0x000000008a600000, 0x000000008a600000|100%| O|  |TAMS 0x000000008a600000, 0x000000008a500000| Untracked 
|  10|0x000000008a600000, 0x000000008a700000, 0x000000008a700000|100%| O|  |TAMS 0x000000008a700000, 0x000000008a600000| Untracked 
|  11|0x000000008a700000, 0x000000008a800000, 0x000000008a800000|100%| O|  |TAMS 0x000000008a800000, 0x000000008a700000| Untracked 
|  12|0x000000008a800000, 0x000000008a900000, 0x000000008a900000|100%| O|  |TAMS 0x000000008a900000, 0x000000008a800000| Untracked 
|  13|0x000000008a900000, 0x000000008aa00000, 0x000000008aa00000|100%| O|  |TAMS 0x000000008aa00000, 0x000000008a900000| Untracked 
|  14|0x000000008aa00000, 0x000000008ab00000, 0x000000008ab00000|100%| O|  |TAMS 0x000000008ab00000, 0x000000008aa00000| Untracked 
|  15|0x000000008ab00000, 0x000000008ac00000, 0x000000008ac00000|100%| O|  |TAMS 0x000000008ac00000, 0x000000008ab00000| Untracked 
|  16|0x000000008ac00000, 0x000000008ad00000, 0x000000008ad00000|100%| O|  |TAMS 0x000000008ad00000, 0x000000008ac00000| Untracked 
|  17|0x000000008ad00000, 0x000000008ae00000, 0x000000008ae00000|100%| O|  |TAMS 0x000000008ae00000, 0x000000008ad00000| Untracked 
|  18|0x000000008ae00000, 0x000000008af00000, 0x000000008af00000|100%| O|  |TAMS 0x000000008af00000, 0x000000008ae00000| Untracked 
|  19|0x000000008af00000, 0x000000008b000000, 0x000000008b000000|100%| O|  |TAMS 0x000000008b000000, 0x000000008af00000| Untracked 
|  20|0x000000008b000000, 0x000000008b100000, 0x000000008b100000|100%| O|  |TAMS 0x000000008b100000, 0x000000008b000000| Untracked 
|  21|0x000000008b100000, 0x000000008b182c00, 0x000000008b200000| 51%| O|  |TAMS 0x000000008b182c00, 0x000000008b100000| Untracked 
|  22|0x000000008b200000, 0x000000008b200000, 0x000000008b300000|  0%| F|  |TAMS 0x000000008b200000, 0x000000008b200000| Untracked 
|  23|0x000000008b300000, 0x000000008b300000, 0x000000008b400000|  0%| F|  |TAMS 0x000000008b300000, 0x000000008b300000| Untracked 
|  24|0x000000008b400000, 0x000000008b400000, 0x000000008b500000|  0%| F|  |TAMS 0x000000008b400000, 0x000000008b400000| Untracked 
|  25|0x000000008b500000, 0x000000008b500000, 0x000000008b600000|  0%| F|  |TAMS 0x000000008b500000, 0x000000008b500000| Untracked 
|  26|0x000000008b600000, 0x000000008b600000, 0x000000008b700000|  0%| F|  |TAMS 0x000000008b600000, 0x000000008b600000| Untracked 
|  27|0x000000008b700000, 0x000000008b700000, 0x000000008b800000|  0%| F|  |TAMS 0x000000008b700000, 0x000000008b700000| Untracked 
|  28|0x000000008b800000, 0x000000008b800000, 0x000000008b900000|  0%| F|  |TAMS 0x000000008b800000, 0x000000008b800000| Untracked 
|  29|0x000000008b900000, 0x000000008b9d4fa0, 0x000000008ba00000| 83%| S|CS|TAMS 0x000000008b900000, 0x000000008b900000| Complete 
|  30|0x000000008ba00000, 0x000000008ba00000, 0x000000008bb00000|  0%| F|  |TAMS 0x000000008ba00000, 0x000000008ba00000| Untracked 
|  31|0x000000008bb00000, 0x000000008bb00000, 0x000000008bc00000|  0%| F|  |TAMS 0x000000008bb00000, 0x000000008bb00000| Untracked 
|  32|0x000000008bc00000, 0x000000008bc00000, 0x000000008bd00000|  0%| F|  |TAMS 0x000000008bc00000, 0x000000008bc00000| Untracked 
|  33|0x000000008bd00000, 0x000000008bd00000, 0x000000008be00000|  0%| F|  |TAMS 0x000000008bd00000, 0x000000008bd00000| Untracked 
|  34|0x000000008be00000, 0x000000008be00000, 0x000000008bf00000|  0%| F|  |TAMS 0x000000008be00000, 0x000000008be00000| Untracked 
|  35|0x000000008bf00000, 0x000000008bf00000, 0x000000008c000000|  0%| F|  |TAMS 0x000000008bf00000, 0x000000008bf00000| Untracked 
|  36|0x000000008c000000, 0x000000008c000000, 0x000000008c100000|  0%| F|  |TAMS 0x000000008c000000, 0x000000008c000000| Untracked 
|  37|0x000000008c100000, 0x000000008c100000, 0x000000008c200000|  0%| F|  |TAMS 0x000000008c100000, 0x000000008c100000| Untracked 
|  38|0x000000008c200000, 0x000000008c200000, 0x000000008c300000|  0%| F|  |TAMS 0x000000008c200000, 0x000000008c200000| Untracked 
|  39|0x000000008c300000, 0x000000008c300000, 0x000000008c400000|  0%| F|  |TAMS 0x000000008c300000, 0x000000008c300000| Untracked 
|  40|0x000000008c400000, 0x000000008c400000, 0x000000008c500000|  0%| F|  |TAMS 0x000000008c400000, 0x000000008c400000| Untracked 
|  41|0x000000008c500000, 0x000000008c500000, 0x000000008c600000|  0%| F|  |TAMS 0x000000008c500000, 0x000000008c500000| Untracked 
|  42|0x000000008c600000, 0x000000008c600000, 0x000000008c700000|  0%| F|  |TAMS 0x000000008c600000, 0x000000008c600000| Untracked 
|  43|0x000000008c700000, 0x000000008c700000, 0x000000008c800000|  0%| F|  |TAMS 0x000000008c700000, 0x000000008c700000| Untracked 
|  44|0x000000008c800000, 0x000000008c800000, 0x000000008c900000|  0%| F|  |TAMS 0x000000008c800000, 0x000000008c800000| Untracked 
|  45|0x000000008c900000, 0x000000008c900000, 0x000000008ca00000|  0%| F|  |TAMS 0x000000008c900000, 0x000000008c900000| Untracked 
|  46|0x000000008ca00000, 0x000000008ca00000, 0x000000008cb00000|  0%| F|  |TAMS 0x000000008ca00000, 0x000000008ca00000| Untracked 
|  47|0x000000008cb00000, 0x000000008cb00000, 0x000000008cc00000|  0%| F|  |TAMS 0x000000008cb00000, 0x000000008cb00000| Untracked 
|  48|0x000000008cc00000, 0x000000008cc00000, 0x000000008cd00000|  0%| F|  |TAMS 0x000000008cc00000, 0x000000008cc00000| Untracked 
|  49|0x000000008cd00000, 0x000000008cd00000, 0x000000008ce00000|  0%| F|  |TAMS 0x000000008cd00000, 0x000000008cd00000| Untracked 
|  50|0x000000008ce00000, 0x000000008ce00000, 0x000000008cf00000|  0%| F|  |TAMS 0x000000008ce00000, 0x000000008ce00000| Untracked 
|  51|0x000000008cf00000, 0x000000008cf00000, 0x000000008d000000|  0%| F|  |TAMS 0x000000008cf00000, 0x000000008cf00000| Untracked 
|  52|0x000000008d000000, 0x000000008d000000, 0x000000008d100000|  0%| F|  |TAMS 0x000000008d000000, 0x000000008d000000| Untracked 
|  53|0x000000008d100000, 0x000000008d100000, 0x000000008d200000|  0%| F|  |TAMS 0x000000008d100000, 0x000000008d100000| Untracked 
|  54|0x000000008d200000, 0x000000008d200000, 0x000000008d300000|  0%| F|  |TAMS 0x000000008d200000, 0x000000008d200000| Untracked 
|  55|0x000000008d300000, 0x000000008d300000, 0x000000008d400000|  0%| F|  |TAMS 0x000000008d300000, 0x000000008d300000| Untracked 
|  56|0x000000008d400000, 0x000000008d400000, 0x000000008d500000|  0%| F|  |TAMS 0x000000008d400000, 0x000000008d400000| Untracked 
|  57|0x000000008d500000, 0x000000008d592850, 0x000000008d600000| 57%| E|  |TAMS 0x000000008d500000, 0x000000008d500000| Complete 
|  58|0x000000008d600000, 0x000000008d700000, 0x000000008d700000|100%| E|CS|TAMS 0x000000008d600000, 0x000000008d600000| Complete 
|  59|0x000000008d700000, 0x000000008d800000, 0x000000008d800000|100%| E|CS|TAMS 0x000000008d700000, 0x000000008d700000| Complete 
|  60|0x000000008d800000, 0x000000008d900000, 0x000000008d900000|100%| E|CS|TAMS 0x000000008d800000, 0x000000008d800000| Complete 
|  61|0x000000008d900000, 0x000000008da00000, 0x000000008da00000|100%| E|CS|TAMS 0x000000008d900000, 0x000000008d900000| Complete 
|  62|0x000000008da00000, 0x000000008db00000, 0x000000008db00000|100%| E|CS|TAMS 0x000000008da00000, 0x000000008da00000| Complete 
|  63|0x000000008db00000, 0x000000008dc00000, 0x000000008dc00000|100%| E|CS|TAMS 0x000000008db00000, 0x000000008db00000| Complete 
|  64|0x000000008dc00000, 0x000000008dd00000, 0x000000008dd00000|100%| E|CS|TAMS 0x000000008dc00000, 0x000000008dc00000| Complete 
|  65|0x000000008dd00000, 0x000000008de00000, 0x000000008de00000|100%| E|CS|TAMS 0x000000008dd00000, 0x000000008dd00000| Complete 
| 119|0x0000000091300000, 0x0000000091400000, 0x0000000091400000|100%| E|CS|TAMS 0x0000000091300000, 0x0000000091300000| Complete 

Card table byte_map: [0x000001b62a940000,0x000001b62ad00000] _byte_map_base: 0x000001b62a4f2000

Marking Bits (Prev, Next): (CMBitMap*) 0x000001b611a4f490, (CMBitMap*) 0x000001b611a4f450
 Prev Bits: [0x000001b62ce50000, 0x000001b62ebe0000)
 Next Bits: [0x000001b62b0c0000, 0x000001b62ce50000)

Polling page: 0x000001b611cb0000

Metaspace:

Usage:
  Non-class:     42.04 MB used.
      Class:      5.72 MB used.
       Both:     47.76 MB used.

Virtual space:
  Non-class space:       64.00 MB reserved,      42.31 MB ( 66%) committed,  1 nodes.
      Class space:        1.00 GB reserved,       6.00 MB ( <1%) committed,  1 nodes.
             Both:        1.06 GB reserved,      48.31 MB (  4%) committed. 

Chunk freelists:
   Non-Class:  5.56 MB
       Class:  9.85 MB
        Both:  15.41 MB

MaxMetaspaceSize: unlimited
CompressedClassSpaceSize: 1.00 GB
Initial GC threshold: 21.00 MB
Current GC threshold: 80.00 MB
CDS: on
MetaspaceReclaimPolicy: balanced
 - commit_granule_bytes: 65536.
 - commit_granule_words: 8192.
 - virtual_space_node_default_size: 8388608.
 - enlarge_chunks_in_place: 1.
 - new_chunks_are_fully_committed: 0.
 - uncommit_free_chunks: 1.
 - use_allocation_guard: 0.
 - handle_deallocations: 1.


Internal statistics:

num_allocs_failed_limit: 8.
num_arena_births: 792.
num_arena_deaths: 6.
num_vsnodes_births: 2.
num_vsnodes_deaths: 0.
num_space_committed: 773.
num_space_uncommitted: 0.
num_chunks_returned_to_freelist: 15.
num_chunks_taken_from_freelist: 2527.
num_chunk_merges: 5.
num_chunk_splits: 1808.
num_chunks_enlarged: 1377.
num_inconsistent_stats: 0.

CodeHeap 'non-profiled nmethods': size=120000Kb used=4128Kb max_used=4128Kb free=115871Kb
 bounds [0x000001b622900000, 0x000001b622d10000, 0x000001b629e30000]
CodeHeap 'profiled nmethods': size=120000Kb used=12480Kb max_used=12480Kb free=107519Kb
 bounds [0x000001b61ae30000, 0x000001b61ba70000, 0x000001b622360000]
CodeHeap 'non-nmethods': size=5760Kb used=1364Kb max_used=1416Kb free=4395Kb
 bounds [0x000001b622360000, 0x000001b6225d0000, 0x000001b622900000]
 total_blobs=6905 nmethods=6196 adapters=621
 compilation: enabled
              stopped_count=0, restarted_count=0
 full_count=0

Compilation events (20 events):
Event: 2928.732 Thread 0x000001b631461480 nmethod 6927 0x000001b622d06010 code [0x000001b622d061c0, 0x000001b622d06878]
Event: 2928.903 Thread 0x000001b631472fe0 6928       3       org.apache.kafka.common.utils.LogContext$LocationAwareKafkaLogger::info (18 bytes)
Event: 2928.908 Thread 0x000001b631472fe0 nmethod 6928 0x000001b61ba60210 code [0x000001b61ba603c0, 0x000001b61ba60748]
Event: 2930.445 Thread 0x000001b631472fe0 6929  s    3       org.apache.kafka.clients.consumer.internals.AbstractCoordinator::initiateJoinGroup (66 bytes)
Event: 2930.476 Thread 0x000001b631472fe0 nmethod 6929 0x000001b61ba60890 code [0x000001b61ba60b00, 0x000001b61ba617f8]
Event: 2930.499 Thread 0x000001b631472fe0 6930       3       java.util.TreeSet::size (10 bytes)
Event: 2930.500 Thread 0x000001b631472fe0 nmethod 6930 0x000001b61ba61b90 code [0x000001b61ba61d40, 0x000001b61ba61f08]
Event: 2949.832 Thread 0x000001b631461480 6931       4       java.lang.invoke.VarHandle::checkExactAccessMode (28 bytes)
Event: 2949.849 Thread 0x000001b631461480 nmethod 6931 0x000001b622d06c90 code [0x000001b622d06e40, 0x000001b622d07488]
Event: 2957.523 Thread 0x000001b631461480 6932       4       sun.nio.ch.NativeObject::putLong (15 bytes)
Event: 2957.526 Thread 0x000001b631461480 nmethod 6932 0x000001b622d07710 code [0x000001b622d07880, 0x000001b622d078f8]
Event: 2959.241 Thread 0x000001b631461480 6933       4       java.nio.MappedByteBuffer::rewind (7 bytes)
Event: 2959.245 Thread 0x000001b631461480 nmethod 6933 0x000001b622d07a10 code [0x000001b622d07b80, 0x000001b622d07c18]
Event: 2979.869 Thread 0x000001b631472fe0 6934       3       java.util.concurrent.ConcurrentSkipListMap::cpr (26 bytes)
Event: 2979.873 Thread 0x000001b631472fe0 nmethod 6934 0x000001b61ba62010 code [0x000001b61ba621e0, 0x000001b61ba625d8]
Event: 2979.873 Thread 0x000001b631472fe0 6935       3       java.net.InetAddress$CachedAddresses::compareTo (9 bytes)
Event: 2979.873 Thread 0x000001b631472fe0 nmethod 6935 0x000001b61ba62710 code [0x000001b61ba628c0, 0x000001b61ba62ae8]
Event: 3057.770 Thread 0x000001b631461480 6936       4       java.util.concurrent.ThreadPoolExecutor$Worker::unlock (7 bytes)
Event: 3057.836 Thread 0x000001b631461480 nmethod 6936 0x000001b622d07d10 code [0x000001b622d07ea0, 0x000001b622d08008]
Event: 3089.664 Thread 0x000001b631461480 6937   !   4       java.util.concurrent.ThreadPoolExecutor::getTask (177 bytes)

GC Heap History (20 events):
Event: 436.081 GC heap before
{Heap before GC invocations=20 (full 0):
 garbage-first heap   total 45056K, used 36125K [0x0000000089c00000, 0x0000000100000000)
  region size 1024K, 14 young (14336K), 1 survivors (1024K)
 Metaspace       used 47951K, committed 48512K, reserved 1114112K
  class space    used 5784K, committed 6080K, reserved 1048576K
}
Event: 436.087 GC heap after
{Heap after GC invocations=21 (full 0):
 garbage-first heap   total 45056K, used 22843K [0x0000000089c00000, 0x0000000100000000)
  region size 1024K, 1 young (1024K), 1 survivors (1024K)
 Metaspace       used 47951K, committed 48512K, reserved 1114112K
  class space    used 5784K, committed 6080K, reserved 1048576K
}
Event: 549.826 GC heap before
{Heap before GC invocations=21 (full 0):
 garbage-first heap   total 45056K, used 36155K [0x0000000089c00000, 0x0000000100000000)
  region size 1024K, 14 young (14336K), 1 survivors (1024K)
 Metaspace       used 48042K, committed 48640K, reserved 1114112K
  class space    used 5789K, committed 6080K, reserved 1048576K
}
Event: 549.872 GC heap after
{Heap after GC invocations=22 (full 0):
 garbage-first heap   total 45056K, used 22791K [0x0000000089c00000, 0x0000000100000000)
  region size 1024K, 1 young (1024K), 1 survivors (1024K)
 Metaspace       used 48042K, committed 48640K, reserved 1114112K
  class space    used 5789K, committed 6080K, reserved 1048576K
}
Event: 846.891 GC heap before
{Heap before GC invocations=23 (full 0):
 garbage-first heap   total 45056K, used 37127K [0x0000000089c00000, 0x0000000100000000)
  region size 1024K, 15 young (15360K), 1 survivors (1024K)
 Metaspace       used 48561K, committed 49152K, reserved 1114112K
  class space    used 5856K, committed 6144K, reserved 1048576K
}
Event: 846.945 GC heap after
{Heap after GC invocations=24 (full 0):
 garbage-first heap   total 45056K, used 22907K [0x0000000089c00000, 0x0000000100000000)
  region size 1024K, 1 young (1024K), 1 survivors (1024K)
 Metaspace       used 48561K, committed 49152K, reserved 1114112K
  class space    used 5856K, committed 6144K, reserved 1048576K
}
Event: 1039.781 GC heap before
{Heap before GC invocations=24 (full 0):
 garbage-first heap   total 45056K, used 37243K [0x0000000089c00000, 0x0000000100000000)
  region size 1024K, 15 young (15360K), 1 survivors (1024K)
 Metaspace       used 48583K, committed 49152K, reserved 1114112K
  class space    used 5856K, committed 6144K, reserved 1048576K
}
Event: 1039.860 GC heap after
{Heap after GC invocations=25 (full 0):
 garbage-first heap   total 45056K, used 22887K [0x0000000089c00000, 0x0000000100000000)
  region size 1024K, 1 young (1024K), 1 survivors (1024K)
 Metaspace       used 48583K, committed 49152K, reserved 1114112K
  class space    used 5856K, committed 6144K, reserved 1048576K
}
Event: 1225.824 GC heap before
{Heap before GC invocations=26 (full 0):
 garbage-first heap   total 45056K, used 37223K [0x0000000089c00000, 0x0000000100000000)
  region size 1024K, 15 young (15360K), 1 survivors (1024K)
 Metaspace       used 48641K, committed 49216K, reserved 1114112K
  class space    used 5856K, committed 6144K, reserved 1048576K
}
Event: 1225.868 GC heap after
{Heap after GC invocations=27 (full 0):
 garbage-first heap   total 45056K, used 22902K [0x0000000089c00000, 0x0000000100000000)
  region size 1024K, 1 young (1024K), 1 survivors (1024K)
 Metaspace       used 48641K, committed 49216K, reserved 1114112K
  class space    used 5856K, committed 6144K, reserved 1048576K
}
Event: 1422.671 GC heap before
{Heap before GC invocations=27 (full 0):
 garbage-first heap   total 45056K, used 38262K [0x0000000089c00000, 0x0000000100000000)
  region size 1024K, 16 young (16384K), 1 survivors (1024K)
 Metaspace       used 48677K, committed 49280K, reserved 1114112K
  class space    used 5856K, committed 6144K, reserved 1048576K
}
Event: 1422.772 GC heap after
{Heap after GC invocations=28 (full 0):
 garbage-first heap   total 45056K, used 22921K [0x0000000089c00000, 0x0000000100000000)
  region size 1024K, 1 young (1024K), 1 survivors (1024K)
 Metaspace       used 48677K, committed 49280K, reserved 1114112K
  class space    used 5856K, committed 6144K, reserved 1048576K
}
Event: 1623.278 GC heap before
{Heap before GC invocations=29 (full 0):
 garbage-first heap   total 45056K, used 38281K [0x0000000089c00000, 0x0000000100000000)
  region size 1024K, 16 young (16384K), 1 survivors (1024K)
 Metaspace       used 48679K, committed 49280K, reserved 1114112K
  class space    used 5856K, committed 6144K, reserved 1048576K
}
Event: 1623.335 GC heap after
{Heap after GC invocations=30 (full 0):
 garbage-first heap   total 68608K, used 22883K [0x0000000089c00000, 0x0000000100000000)
  region size 1024K, 1 young (1024K), 1 survivors (1024K)
 Metaspace       used 48679K, committed 49280K, reserved 1114112K
  class space    used 5856K, committed 6144K, reserved 1048576K
}
Event: 2037.467 GC heap before
{Heap before GC invocations=30 (full 0):
 garbage-first heap   total 68608K, used 58723K [0x0000000089c00000, 0x0000000100000000)
  region size 1024K, 36 young (36864K), 1 survivors (1024K)
 Metaspace       used 48736K, committed 49344K, reserved 1114112K
  class space    used 5857K, committed 6144K, reserved 1048576K
}
Event: 2037.557 GC heap after
{Heap after GC invocations=31 (full 0):
 garbage-first heap   total 68608K, used 22913K [0x0000000089c00000, 0x0000000100000000)
  region size 1024K, 1 young (1024K), 1 survivors (1024K)
 Metaspace       used 48736K, committed 49344K, reserved 1114112K
  class space    used 5857K, committed 6144K, reserved 1048576K
}
Event: 2497.610 GC heap before
{Heap before GC invocations=31 (full 0):
 garbage-first heap   total 68608K, used 58753K [0x0000000089c00000, 0x0000000100000000)
  region size 1024K, 36 young (36864K), 1 survivors (1024K)
 Metaspace       used 48833K, committed 49408K, reserved 1114112K
  class space    used 5857K, committed 6144K, reserved 1048576K
}
Event: 2497.657 GC heap after
{Heap after GC invocations=32 (full 0):
 garbage-first heap   total 68608K, used 22876K [0x0000000089c00000, 0x0000000100000000)
  region size 1024K, 1 young (1024K), 1 survivors (1024K)
 Metaspace       used 48833K, committed 49408K, reserved 1114112K
  class space    used 5857K, committed 6144K, reserved 1048576K
}
Event: 2972.152 GC heap before
{Heap before GC invocations=32 (full 0):
 garbage-first heap   total 68608K, used 59740K [0x0000000089c00000, 0x0000000100000000)
  region size 1024K, 37 young (37888K), 1 survivors (1024K)
 Metaspace       used 48907K, committed 49472K, reserved 1114112K
  class space    used 5857K, committed 6144K, reserved 1048576K
}
Event: 2972.229 GC heap after
{Heap after GC invocations=33 (full 0):
 garbage-first heap   total 68608K, used 22878K [0x0000000089c00000, 0x0000000100000000)
  region size 1024K, 1 young (1024K), 1 survivors (1024K)
 Metaspace       used 48907K, committed 49472K, reserved 1114112K
  class space    used 5857K, committed 6144K, reserved 1048576K
}

Dll operation events (11 events):
Event: 0.028 Loaded shared library C:\Users\HP\AppData\Roaming\Code\User\globalStorage\pleiades.java-extension-pack-jdk\java\17\bin\java.dll
Event: 0.062 Loaded shared library C:\Users\HP\AppData\Roaming\Code\User\globalStorage\pleiades.java-extension-pack-jdk\java\17\bin\jsvml.dll
Event: 0.445 Loaded shared library C:\Users\HP\AppData\Roaming\Code\User\globalStorage\pleiades.java-extension-pack-jdk\java\17\bin\net.dll
Event: 0.449 Loaded shared library C:\Users\HP\AppData\Roaming\Code\User\globalStorage\pleiades.java-extension-pack-jdk\java\17\bin\nio.dll
Event: 0.455 Loaded shared library C:\Users\HP\AppData\Roaming\Code\User\globalStorage\pleiades.java-extension-pack-jdk\java\17\bin\zip.dll
Event: 1.168 Loaded shared library C:\Users\HP\AppData\Roaming\Code\User\globalStorage\pleiades.java-extension-pack-jdk\java\17\bin\jimage.dll
Event: 7.325 Loaded shared library C:\Users\HP\AppData\Roaming\Code\User\globalStorage\pleiades.java-extension-pack-jdk\java\17\bin\sunmscapi.dll
Event: 12.612 Loaded shared library C:\Users\HP\AppData\Roaming\Code\User\globalStorage\pleiades.java-extension-pack-jdk\java\17\bin\management.dll
Event: 12.620 Loaded shared library C:\Users\HP\AppData\Roaming\Code\User\globalStorage\pleiades.java-extension-pack-jdk\java\17\bin\management_ext.dll
Event: 14.654 Loaded shared library C:\Users\HP\AppData\Roaming\Code\User\globalStorage\pleiades.java-extension-pack-jdk\java\17\bin\verify.dll
Event: 18.187 Loaded shared library C:\Users\HP\AppData\Roaming\Code\User\globalStorage\pleiades.java-extension-pack-jdk\java\17\bin\extnet.dll

Deoptimization events (20 events):
Event: 800.448 Thread 0x000001b679632d70 DEOPT PACKING pc=0x000001b622bee198 sp=0x00000088e19fee20
Event: 800.448 Thread 0x000001b679632d70 DEOPT UNPACKING pc=0x000001b6223b69a3 sp=0x00000088e19fed48 mode 2
Event: 800.974 Thread 0x000001b679632860 Uncommon trap: trap_request=0xffffff45 fr.pc=0x000001b622c5705c relative=0x000000000000077c
Event: 800.974 Thread 0x000001b679632860 Uncommon trap: reason=unstable_if action=reinterpret pc=0x000001b622c5705c method=org.apache.kafka.clients.consumer.internals.AbstractFetch.fetchablePartitions()Ljava/util/List; @ 12 c2
Event: 800.974 Thread 0x000001b679632860 DEOPT PACKING pc=0x000001b622c5705c sp=0x00000088e1bfec60
Event: 800.974 Thread 0x000001b679632860 DEOPT UNPACKING pc=0x000001b6223b69a3 sp=0x00000088e1bfec20 mode 2
Event: 1632.883 Thread 0x000001b679319c40 Uncommon trap: trap_request=0xffffff45 fr.pc=0x000001b622c215d0 relative=0x0000000000001870
Event: 1633.185 Thread 0x000001b679319c40 Uncommon trap: reason=unstable_if action=reinterpret pc=0x000001b622c215d0 method=java.util.concurrent.locks.AbstractQueuedSynchronizer.acquire(Ljava/util/concurrent/locks/AbstractQueuedSynchronizer$Node;IZZZJ)I @ 298 c2
Event: 1633.186 Thread 0x000001b679319c40 DEOPT PACKING pc=0x000001b622c215d0 sp=0x00000088e0aff310
Event: 1633.186 Thread 0x000001b679319c40 DEOPT UNPACKING pc=0x000001b6223b69a3 sp=0x00000088e0aff2d0 mode 2
Event: 1850.449 Thread 0x000001b679638890 Uncommon trap: trap_request=0xffffffdc fr.pc=0x000001b622ce14cc relative=0x000000000000022c
Event: 1850.449 Thread 0x000001b679638890 Uncommon trap: reason=class_check action=make_not_entrant pc=0x000001b622ce14cc method=java.util.ArrayList.toArray([Ljava/lang/Object;)[Ljava/lang/Object; @ 21 c2
Event: 1850.449 Thread 0x000001b679638890 DEOPT PACKING pc=0x000001b622ce14cc sp=0x00000088e20febe0
Event: 1850.473 Thread 0x000001b679638890 DEOPT UNPACKING pc=0x000001b6223b69a3 sp=0x00000088e20feb90 mode 2
Event: 2469.204 Thread 0x000001b679632860 DEOPT PACKING pc=0x000001b61b7e304c sp=0x00000088e1bff030
Event: 2469.206 Thread 0x000001b679632860 DEOPT UNPACKING pc=0x000001b6223b7143 sp=0x00000088e1bfe580 mode 0
Event: 2595.141 Thread 0x000001b679632860 Uncommon trap: trap_request=0xffffff45 fr.pc=0x000001b622c291ac relative=0x000000000000308c
Event: 2595.142 Thread 0x000001b679632860 Uncommon trap: reason=unstable_if action=reinterpret pc=0x000001b622c291ac method=org.apache.kafka.clients.consumer.internals.ConsumerCoordinator.maybeUpdateSubscriptionMetadata()V @ 16 c2
Event: 2595.142 Thread 0x000001b679632860 DEOPT PACKING pc=0x000001b622c291ac sp=0x00000088e1bff010
Event: 2595.144 Thread 0x000001b679632860 DEOPT UNPACKING pc=0x000001b6223b69a3 sp=0x00000088e1bfef40 mode 2

Classes loaded (20 events):
Event: 37.324 Loading class java/util/zip/GZIPInputStream
Event: 37.324 Loading class java/util/zip/GZIPInputStream done
Event: 37.325 Loading class java/util/zip/GZIPOutputStream
Event: 37.325 Loading class java/util/zip/DeflaterOutputStream
Event: 37.326 Loading class java/util/zip/DeflaterOutputStream done
Event: 37.326 Loading class java/util/zip/GZIPOutputStream done
Event: 37.357 Loading class java/util/PriorityQueue
Event: 37.359 Loading class java/util/PriorityQueue done
Event: 37.457 Loading class java/io/DataOutputStream
Event: 37.458 Loading class java/io/DataOutputStream done
Event: 37.488 Loading class java/util/zip/CRC32C
Event: 37.489 Loading class java/util/zip/CRC32C done
Event: 153.278 Loading class jdk/internal/access/foreign/MemorySegmentProxy
Event: 153.294 Loading class jdk/internal/access/foreign/MemorySegmentProxy done
Event: 350.597 Loading class java/util/concurrent/ConcurrentHashMap$TreeBin
Event: 350.625 Loading class java/util/concurrent/ConcurrentHashMap$TreeBin done
Event: 562.885 Loading class java/util/ArrayDeque$DescendingIterator
Event: 562.909 Loading class java/util/ArrayDeque$DescendingIterator done
Event: 2004.714 Loading class jdk/internal/misc/ScopedMemoryAccess$Scope$Handle
Event: 2004.725 Loading class jdk/internal/misc/ScopedMemoryAccess$Scope$Handle done

Classes unloaded (3 events):
Event: 364.206 Thread 0x000001b63143ab20 Unloading class 0x000001b633584400 'java/lang/invoke/LambdaForm$DMH+0x000001b633584400'
Event: 364.206 Thread 0x000001b63143ab20 Unloading class 0x000001b6334e4c00 'java/lang/invoke/LambdaForm$DMH+0x000001b6334e4c00'
Event: 364.206 Thread 0x000001b63143ab20 Unloading class 0x000001b6334e4000 'java/lang/invoke/LambdaForm$DMH+0x000001b6334e4000'

Classes redefined (0 events):
No events

Internal exceptions (20 events):
Event: 3074.843 Thread 0x000001b679632350 Exception <a 'java/net/ConnectException'{0x000000008d614ed8}: Connection refused: getsockopt> (0x000000008d614ed8) 
thrown [s\src\hotspot\share\prims\jni.cpp, line 535]
Event: 3074.843 Thread 0x000001b679632350 Exception <a 'java/net/SocketException'{0x000000008d615210}: Socket is not connected: shutdown> (0x000000008d615210) 
thrown [s\src\hotspot\share\prims\jni.cpp, line 535]
Event: 3079.817 Thread 0x000001b6787f9000 Exception <a 'java/net/ConnectException'{0x000000008d770230}: Connection refused: getsockopt> (0x000000008d770230) 
thrown [s\src\hotspot\share\prims\jni.cpp, line 535]
Event: 3079.818 Thread 0x000001b6787f9000 Exception <a 'java/net/SocketException'{0x000000008d6c54a8}: Socket is not connected: shutdown> (0x000000008d6c54a8) 
thrown [s\src\hotspot\share\prims\jni.cpp, line 535]
Event: 3079.819 Thread 0x000001b6787f9000 Exception <a 'java/net/ConnectException'{0x000000008d6c5cf8}: Connection refused: getsockopt> (0x000000008d6c5cf8) 
thrown [s\src\hotspot\share\prims\jni.cpp, line 535]
Event: 3079.819 Thread 0x000001b6787f9000 Exception <a 'java/net/SocketException'{0x000000008d6c6030}: Socket is not connected: shutdown> (0x000000008d6c6030) 
thrown [s\src\hotspot\share\prims\jni.cpp, line 535]
Event: 3079.830 Thread 0x000001b6787f9000 Exception <a 'java/net/ConnectException'{0x000000008d6c6b08}: Connection refused: getsockopt> (0x000000008d6c6b08) 
thrown [s\src\hotspot\share\prims\jni.cpp, line 535]
Event: 3079.830 Thread 0x000001b6787f9000 Exception <a 'java/net/SocketException'{0x000000008d6c6e40}: Socket is not connected: shutdown> (0x000000008d6c6e40) 
thrown [s\src\hotspot\share\prims\jni.cpp, line 535]
Event: 3084.873 Thread 0x000001b679637960 Exception <a 'java/net/ConnectException'{0x000000008d6128c0}: Connection refused: getsockopt> (0x000000008d6128c0) 
thrown [s\src\hotspot\share\prims\jni.cpp, line 535]
Event: 3084.873 Thread 0x000001b679637960 Exception <a 'java/net/SocketException'{0x000000008d6d9ab8}: Socket is not connected: shutdown> (0x000000008d6d9ab8) 
thrown [s\src\hotspot\share\prims\jni.cpp, line 535]
Event: 3084.874 Thread 0x000001b679637960 Exception <a 'java/net/ConnectException'{0x000000008d6da308}: Connection refused: getsockopt> (0x000000008d6da308) 
thrown [s\src\hotspot\share\prims\jni.cpp, line 535]
Event: 3084.874 Thread 0x000001b679637960 Exception <a 'java/net/SocketException'{0x000000008d6da640}: Socket is not connected: shutdown> (0x000000008d6da640) 
thrown [s\src\hotspot\share\prims\jni.cpp, line 535]
Event: 3084.874 Thread 0x000001b679637960 Exception <a 'java/net/ConnectException'{0x000000008d6db100}: Connection refused: getsockopt> (0x000000008d6db100) 
thrown [s\src\hotspot\share\prims\jni.cpp, line 535]
Event: 3084.875 Thread 0x000001b679637960 Exception <a 'java/net/SocketException'{0x000000008d6db438}: Socket is not connected: shutdown> (0x000000008d6db438) 
thrown [s\src\hotspot\share\prims\jni.cpp, line 535]
Event: 3089.885 Thread 0x000001b679631e40 Exception <a 'java/net/ConnectException'{0x000000008d54a560}: Connection refused: getsockopt> (0x000000008d54a560) 
thrown [s\src\hotspot\share\prims\jni.cpp, line 535]
Event: 3089.885 Thread 0x000001b679631e40 Exception <a 'java/net/SocketException'{0x000000008d54a898}: Socket is not connected: shutdown> (0x000000008d54a898) 
thrown [s\src\hotspot\share\prims\jni.cpp, line 535]
Event: 3089.887 Thread 0x000001b679631e40 Exception <a 'java/net/ConnectException'{0x000000008d54b330}: Connection refused: getsockopt> (0x000000008d54b330) 
thrown [s\src\hotspot\share\prims\jni.cpp, line 535]
Event: 3089.887 Thread 0x000001b679631e40 Exception <a 'java/net/SocketException'{0x000000008d54b668}: Socket is not connected: shutdown> (0x000000008d54b668) 
thrown [s\src\hotspot\share\prims\jni.cpp, line 535]
Event: 3089.889 Thread 0x000001b679631e40 Exception <a 'java/net/ConnectException'{0x000000008d54c108}: Connection refused: getsockopt> (0x000000008d54c108) 
thrown [s\src\hotspot\share\prims\jni.cpp, line 535]
Event: 3089.889 Thread 0x000001b679631e40 Exception <a 'java/net/SocketException'{0x000000008d54c440}: Socket is not connected: shutdown> (0x000000008d54c440) 
thrown [s\src\hotspot\share\prims\jni.cpp, line 535]

VM Operations (20 events):
Event: 2760.488 Executing VM operation: Cleanup
Event: 2760.488 Executing VM operation: Cleanup done
Event: 2769.292 Executing VM operation: HandshakeAllThreads
Event: 2769.292 Executing VM operation: HandshakeAllThreads done
Event: 2793.523 Executing VM operation: Cleanup
Event: 2793.523 Executing VM operation: Cleanup done
Event: 2829.413 Executing VM operation: HandshakeAllThreads
Event: 2829.418 Executing VM operation: HandshakeAllThreads done
Event: 2889.421 Executing VM operation: HandshakeAllThreads
Event: 2889.426 Executing VM operation: HandshakeAllThreads done
Event: 2900.502 Executing VM operation: Cleanup
Event: 2900.503 Executing VM operation: Cleanup done
Event: 2917.664 Executing VM operation: Cleanup
Event: 2917.664 Executing VM operation: Cleanup done
Event: 2929.809 Executing VM operation: Cleanup
Event: 2929.890 Executing VM operation: Cleanup done
Event: 2972.149 Executing VM operation: G1CollectForAllocation
Event: 2972.229 Executing VM operation: G1CollectForAllocation done
Event: 3069.683 Executing VM operation: HandshakeAllThreads
Event: 3069.688 Executing VM operation: HandshakeAllThreads done

Memory protections (0 events):
No events

Nmethod flushes (20 events):
Event: 20.156 Thread 0x000001b6314738f0 flushing  nmethod 0x000001b61b577210
Event: 20.156 Thread 0x000001b6314738f0 flushing  nmethod 0x000001b61b58b790
Event: 20.156 Thread 0x000001b6314738f0 flushing  nmethod 0x000001b61b58cb10
Event: 20.156 Thread 0x000001b6314738f0 flushing  nmethod 0x000001b61b5a1510
Event: 20.156 Thread 0x000001b6314738f0 flushing  nmethod 0x000001b61b5b4c10
Event: 20.156 Thread 0x000001b6314738f0 flushing  nmethod 0x000001b61b5b5090
Event: 20.156 Thread 0x000001b6314738f0 flushing  nmethod 0x000001b61b5d3490
Event: 20.157 Thread 0x000001b6314738f0 flushing  nmethod 0x000001b61b5ec690
Event: 20.157 Thread 0x000001b6314738f0 flushing  nmethod 0x000001b61b5f6790
Event: 20.157 Thread 0x000001b6314738f0 flushing  nmethod 0x000001b61b5f8110
Event: 20.157 Thread 0x000001b6314738f0 flushing  nmethod 0x000001b61b60d790
Event: 20.157 Thread 0x000001b6314738f0 flushing  nmethod 0x000001b61b615410
Event: 20.157 Thread 0x000001b6314738f0 flushing  nmethod 0x000001b61b62c690
Event: 20.157 Thread 0x000001b6314738f0 flushing  nmethod 0x000001b61b648510
Event: 20.157 Thread 0x000001b6314738f0 flushing  nmethod 0x000001b61b64bf90
Event: 20.157 Thread 0x000001b6314738f0 flushing  nmethod 0x000001b61b64d190
Event: 20.157 Thread 0x000001b6314738f0 flushing  nmethod 0x000001b61b64dc10
Event: 20.157 Thread 0x000001b6314738f0 flushing  nmethod 0x000001b61b6b2690
Event: 20.157 Thread 0x000001b6314738f0 flushing  nmethod 0x000001b61b6f0610
Event: 898.207 Thread 0x000001b6314738f0 flushing  nmethod 0x000001b622af9e90

Events (20 events):
Event: 489.868 Thread 0x000001b6787f9000 Thread added: 0x000001b6315e3370
Event: 494.639 Thread 0x000001b6787f9a20 Thread added: 0x000001b6315e00d0
Event: 494.640 Thread 0x000001b6787f9a20 Thread added: 0x000001b6315e2440
Event: 494.647 Thread 0x000001b6787f9a20 Thread added: 0x000001b6315e6b20
Event: 495.043 Thread 0x000001b679638380 Thread exited: 0x000001b679638380
Event: 499.855 Thread 0x000001b6315e1f30 Thread exited: 0x000001b6315e1f30
Event: 504.939 Thread 0x000001b6315e3d90 Thread exited: 0x000001b6315e3d90
Event: 509.862 Thread 0x000001b6315e42a0 Thread exited: 0x000001b6315e42a0
Event: 514.852 Thread 0x000001b6315e4cc0 Thread exited: 0x000001b6315e4cc0
Event: 519.861 Thread 0x000001b6315e47b0 Thread exited: 0x000001b6315e47b0
Event: 525.031 Thread 0x000001b6315e0af0 Thread exited: 0x000001b6315e0af0
Event: 529.879 Thread 0x000001b6315e1510 Thread exited: 0x000001b6315e1510
Event: 535.186 Thread 0x000001b6315e51d0 Thread exited: 0x000001b6315e51d0
Event: 540.098 Thread 0x000001b6315e5bf0 Thread exited: 0x000001b6315e5bf0
Event: 544.918 Thread 0x000001b6315e2950 Thread exited: 0x000001b6315e2950
Event: 549.886 Thread 0x000001b6315e3370 Thread exited: 0x000001b6315e3370
Event: 554.660 Thread 0x000001b6315e6b20 Thread exited: 0x000001b6315e6b20
Event: 554.720 Thread 0x000001b6315e00d0 Thread exited: 0x000001b6315e00d0
Event: 554.828 Thread 0x000001b6315e1a20 Thread exited: 0x000001b6315e1a20
Event: 554.828 Thread 0x000001b6315e2440 Thread exited: 0x000001b6315e2440


Dynamic libraries:
0x00007ff77d700000 - 0x00007ff77d70e000 	C:\Users\HP\AppData\Roaming\Code\User\globalStorage\pleiades.java-extension-pack-jdk\java\17\bin\java.exe
0x00007ffa4d140000 - 0x00007ffa4d3a8000 	C:\WINDOWS\SYSTEM32\ntdll.dll
0x00007ffa4b9d0000 - 0x00007ffa4ba99000 	C:\WINDOWS\System32\KERNEL32.DLL
0x00007ffa4a020000 - 0x00007ffa4a411000 	C:\WINDOWS\System32\KERNELBASE.dll
0x00007ffa49ba0000 - 0x00007ffa49ceb000 	C:\WINDOWS\System32\ucrtbase.dll
0x00007ffa2a370000 - 0x00007ffa2a388000 	C:\Users\HP\AppData\Roaming\Code\User\globalStorage\pleiades.java-extension-pack-jdk\java\17\bin\jli.dll
0x00007ffa4ce60000 - 0x00007ffa4d026000 	C:\WINDOWS\System32\USER32.dll
0x00007ffa4a420000 - 0x00007ffa4a447000 	C:\WINDOWS\System32\win32u.dll
0x00007ffa4aee0000 - 0x00007ffa4af0b000 	C:\WINDOWS\System32\GDI32.dll
0x00007ffa49d80000 - 0x00007ffa49eab000 	C:\WINDOWS\System32\gdi32full.dll
0x00007ffa4a450000 - 0x00007ffa4a4f3000 	C:\WINDOWS\System32\msvcp_win.dll
0x00007ffa27c40000 - 0x00007ffa27c5e000 	C:\Users\HP\AppData\Roaming\Code\User\globalStorage\pleiades.java-extension-pack-jdk\java\17\bin\VCRUNTIME140.dll
0x00007ffa315b0000 - 0x00007ffa31843000 	C:\WINDOWS\WinSxS\amd64_microsoft.windows.common-controls_6595b64144ccf1df_6.0.26100.7824_none_3e0870b2e3345462\COMCTL32.dll
0x00007ffa4cd50000 - 0x00007ffa4cdf9000 	C:\WINDOWS\System32\msvcrt.dll
0x00007ffa4d0c0000 - 0x00007ffa4d0f1000 	C:\WINDOWS\System32\IMM32.DLL
0x00007ffa2bab0000 - 0x00007ffa2babc000 	C:\Users\HP\AppData\Roaming\Code\User\globalStorage\pleiades.java-extension-pack-jdk\java\17\bin\vcruntime140_1.dll
0x00007ff9dd9e0000 - 0x00007ff9dda6d000 	C:\Users\HP\AppData\Roaming\Code\User\globalStorage\pleiades.java-extension-pack-jdk\java\17\bin\msvcp140.dll
0x00007ff9b3260000 - 0x00007ff9b3ecb000 	C:\Users\HP\AppData\Roaming\Code\User\globalStorage\pleiades.java-extension-pack-jdk\java\17\bin\server\jvm.dll
0x00007ffa4bfc0000 - 0x00007ffa4c074000 	C:\WINDOWS\System32\ADVAPI32.dll
0x00007ffa4c9e0000 - 0x00007ffa4ca86000 	C:\WINDOWS\System32\sechost.dll
0x00007ffa4afb0000 - 0x00007ffa4b0c8000 	C:\WINDOWS\System32\RPCRT4.dll
0x00007ffa4d030000 - 0x00007ffa4d0a4000 	C:\WINDOWS\System32\WS2_32.dll
0x00007ffa49880000 - 0x00007ffa498de000 	C:\WINDOWS\SYSTEM32\POWRPROF.dll
0x00007ffa43990000 - 0x00007ffa439c5000 	C:\WINDOWS\SYSTEM32\WINMM.dll
0x00007ffa439d0000 - 0x00007ffa439db000 	C:\WINDOWS\SYSTEM32\VERSION.dll
0x00007ffa49860000 - 0x00007ffa49874000 	C:\WINDOWS\SYSTEM32\UMPDC.dll
0x00007ffa487c0000 - 0x00007ffa487db000 	C:\WINDOWS\SYSTEM32\kernel.appcore.dll
0x00007ffa2a360000 - 0x00007ffa2a36a000 	C:\Users\HP\AppData\Roaming\Code\User\globalStorage\pleiades.java-extension-pack-jdk\java\17\bin\jimage.dll
0x00007ffa478b0000 - 0x00007ffa47af2000 	C:\WINDOWS\SYSTEM32\DBGHELP.DLL
0x00007ffa4c160000 - 0x00007ffa4c4e6000 	C:\WINDOWS\System32\combase.dll
0x00007ffa4c790000 - 0x00007ffa4c867000 	C:\WINDOWS\System32\OLEAUT32.dll
0x00007ffa30540000 - 0x00007ffa3057b000 	C:\WINDOWS\SYSTEM32\dbgcore.DLL
0x00007ffa49f70000 - 0x00007ffa4a015000 	C:\WINDOWS\System32\bcryptPrimitives.dll
0x00007ffa21980000 - 0x00007ffa219a5000 	C:\Users\HP\AppData\Roaming\Code\User\globalStorage\pleiades.java-extension-pack-jdk\java\17\bin\java.dll
0x00007ff9daeb0000 - 0x00007ff9daf87000 	C:\Users\HP\AppData\Roaming\Code\User\globalStorage\pleiades.java-extension-pack-jdk\java\17\bin\jsvml.dll
0x00007ffa4b270000 - 0x00007ffa4b9c2000 	C:\WINDOWS\System32\SHELL32.dll
0x00007ffa4a500000 - 0x00007ffa4a66a000 	C:\WINDOWS\System32\wintypes.dll
0x00007ffa4a670000 - 0x00007ffa4aed3000 	C:\WINDOWS\System32\windows.storage.dll
0x00007ffa4b170000 - 0x00007ffa4b266000 	C:\WINDOWS\System32\SHCORE.dll
0x00007ffa4af40000 - 0x00007ffa4afa7000 	C:\WINDOWS\System32\shlwapi.dll
0x00007ffa49940000 - 0x00007ffa49969000 	C:\WINDOWS\SYSTEM32\profapi.dll
0x00007ffa22620000 - 0x00007ffa2263a000 	C:\Users\HP\AppData\Roaming\Code\User\globalStorage\pleiades.java-extension-pack-jdk\java\17\bin\net.dll
0x00007ffa43860000 - 0x00007ffa43987000 	C:\WINDOWS\SYSTEM32\WINHTTP.dll
0x00007ffa48d30000 - 0x00007ffa48d9b000 	C:\WINDOWS\system32\mswsock.dll
0x00007ffa20850000 - 0x00007ffa20866000 	C:\Users\HP\AppData\Roaming\Code\User\globalStorage\pleiades.java-extension-pack-jdk\java\17\bin\nio.dll
0x00007ffa20830000 - 0x00007ffa20848000 	C:\Users\HP\AppData\Roaming\Code\User\globalStorage\pleiades.java-extension-pack-jdk\java\17\bin\zip.dll
0x00007ffa2bac0000 - 0x00007ffa2bace000 	C:\Users\HP\AppData\Roaming\Code\User\globalStorage\pleiades.java-extension-pack-jdk\java\17\bin\sunmscapi.dll
0x00007ffa49a20000 - 0x00007ffa49b97000 	C:\WINDOWS\System32\CRYPT32.dll
0x00007ffa49220000 - 0x00007ffa49250000 	C:\WINDOWS\SYSTEM32\ncrypt.dll
0x00007ffa491d0000 - 0x00007ffa4920f000 	C:\WINDOWS\SYSTEM32\NTASN1.dll
0x00007ffa49000000 - 0x00007ffa4901b000 	C:\WINDOWS\SYSTEM32\CRYPTSP.dll
0x00007ffa48720000 - 0x00007ffa48759000 	C:\WINDOWS\system32\rsaenh.dll
0x00007ffa48de0000 - 0x00007ffa48e0b000 	C:\WINDOWS\SYSTEM32\USERENV.dll
0x00007ffa49910000 - 0x00007ffa4993a000 	C:\WINDOWS\SYSTEM32\bcrypt.dll
0x00007ffa49020000 - 0x00007ffa4902c000 	C:\WINDOWS\SYSTEM32\CRYPTBASE.dll
0x00007ffa481c0000 - 0x00007ffa481f4000 	C:\WINDOWS\SYSTEM32\IPHLPAPI.DLL
0x00007ffa4cd40000 - 0x00007ffa4cd4a000 	C:\WINDOWS\System32\NSI.dll
0x00007ffa43c10000 - 0x00007ffa43c2e000 	C:\WINDOWS\SYSTEM32\dhcpcsvc6.DLL
0x00007ffa43bc0000 - 0x00007ffa43be3000 	C:\WINDOWS\SYSTEM32\dhcpcsvc.DLL
0x00007ffa48250000 - 0x00007ffa4837c000 	C:\WINDOWS\SYSTEM32\DNSAPI.dll
0x00007ffa27d70000 - 0x00007ffa27d7a000 	C:\Users\HP\AppData\Roaming\Code\User\globalStorage\pleiades.java-extension-pack-jdk\java\17\bin\management.dll
0x00007ffa27c30000 - 0x00007ffa27c3c000 	C:\Users\HP\AppData\Roaming\Code\User\globalStorage\pleiades.java-extension-pack-jdk\java\17\bin\management_ext.dll
0x00007ffa4cd30000 - 0x00007ffa4cd38000 	C:\WINDOWS\System32\PSAPI.DLL
0x00007ffa22370000 - 0x00007ffa22380000 	C:\Users\HP\AppData\Roaming\Code\User\globalStorage\pleiades.java-extension-pack-jdk\java\17\bin\verify.dll
0x00007ffa223a0000 - 0x00007ffa223a9000 	C:\Users\HP\AppData\Roaming\Code\User\globalStorage\pleiades.java-extension-pack-jdk\java\17\bin\extnet.dll
0x00007ffa3cb20000 - 0x00007ffa3cb28000 	C:\WINDOWS\system32\wshunix.dll
0x00007ffa41590000 - 0x00007ffa4159b000 	C:\Windows\System32\rasadhlp.dll
0x00007ffa44590000 - 0x00007ffa44616000 	C:\WINDOWS\System32\fwpuclnt.dll

dbghelp: loaded successfully - version: 4.0.5 - missing functions: none
symbol engine: initialized successfully - sym options: 0x614 - pdb path: .;C:\Users\HP\AppData\Roaming\Code\User\globalStorage\pleiades.java-extension-pack-jdk\java\17\bin;C:\WINDOWS\SYSTEM32;C:\WINDOWS\WinSxS\amd64_microsoft.windows.common-controls_6595b64144ccf1df_6.0.26100.7824_none_3e0870b2e3345462;C:\Users\HP\AppData\Roaming\Code\User\globalStorage\pleiades.java-extension-pack-jdk\java\17\bin\server

VM Arguments:
jvm_args: -XX:+ShowCodeDetailsInExceptionMessages 
java_command: com.example.frontend.FrontendApplication
java_class_path (initial): C:\Users\HP\Downloads\playground-4dd0d8498a949fd87128c775f0e34ef5b9045346\playground-4dd0d8498a949fd87128c775f0e34ef5b9045346\frontend\frontend\target\classes;C:\Users\HP\.m2\repository\org\springframework\boot\spring-boot-starter-web\3.2.1\spring-boot-starter-web-3.2.1.jar;C:\Users\HP\.m2\repository\org\springframework\boot\spring-boot-starter\3.2.1\spring-boot-starter-3.2.1.jar;C:\Users\HP\.m2\repository\org\springframework\boot\spring-boot\3.2.1\spring-boot-3.2.1.jar;C:\Users\HP\.m2\repository\org\springframework\boot\spring-boot-autoconfigure\3.2.1\spring-boot-autoconfigure-3.2.1.jar;C:\Users\HP\.m2\repository\org\springframework\boot\spring-boot-starter-logging\3.2.1\spring-boot-starter-logging-3.2.1.jar;C:\Users\HP\.m2\repository\ch\qos\logback\logback-classic\1.4.14\logback-classic-1.4.14.jar;C:\Users\HP\.m2\repository\ch\qos\logback\logback-core\1.4.14\logback-core-1.4.14.jar;C:\Users\HP\.m2\repository\org\apache\logging\log4j\log4j-to-slf4j\2.21.1\log4j-to-slf4j-2.21.1.jar;C:\Users\HP\.m2\repository\org\apache\logging\log4j\log4j-api\2.21.1\log4j-api-2.21.1.jar;C:\Users\HP\.m2\repository\org\slf4j\jul-to-slf4j\2.0.9\jul-to-slf4j-2.0.9.jar;C:\Users\HP\.m2\repository\jakarta\annotation\jakarta.annotation-api\2.1.1\jakarta.annotation-api-2.1.1.jar;C:\Users\HP\.m2\repository\org\yaml\snakeyaml\2.2\snakeyaml-2.2.jar;C:\Users\HP\.m2\repository\org\springframework\boot\spring-boot-starter-json\3.2.1\spring-boot-starter-json-3.2.1.jar;C:\Users\HP\.m2\repository\com\fasterxml\jackson\datatype\jackson-datatype-jdk8\2.15.3\jackson-datatype-jdk8-2.15.3.jar;C:\Users\HP\.m2\repository\com\fasterxml\jackson\module\jackson-module-parameter-names\2.15.3\jackson-module-parameter-names-2.15.3.jar;C:\Users\HP\.m2\repository\org\springframework\boot\spring-boot-starter-tomcat\3.2.1\spring-boot-starter-tomcat-3.2.1.jar;C:\Users\HP\.m2\repository\org\apache\tomcat\embed\tomcat-embed-core\10.1.17\tomcat-embed-core-10.1.17.jar;C:\Users\HP\.m2\repository
Launcher Type: SUN_STANDARD

[Global flags]
     intx CICompilerCount                          = 3                                         {product} {ergonomic}
     uint ConcGCThreads                            = 2                                         {product} {ergonomic}
     uint G1ConcRefinementThreads                  = 6                                         {product} {ergonomic}
   size_t G1HeapRegionSize                         = 1048576                                   {product} {ergonomic}
    uintx GCDrainStackTargetSize                   = 64                                        {product} {ergonomic}
   size_t InitialHeapSize                          = 125829120                                 {product} {ergonomic}
   size_t MarkStackSize                            = 4194304                                   {product} {ergonomic}
   size_t MaxHeapSize                              = 1983905792                                {product} {ergonomic}
   size_t MaxNewSize                               = 1190133760                                {product} {ergonomic}
   size_t MinHeapDeltaBytes                        = 1048576                                   {product} {ergonomic}
   size_t MinHeapSize                              = 8388608                                   {product} {ergonomic}
    uintx NonNMethodCodeHeapSize                   = 5832780                                {pd product} {ergonomic}
    uintx NonProfiledCodeHeapSize                  = 122912730                              {pd product} {ergonomic}
    uintx ProfiledCodeHeapSize                     = 122912730                              {pd product} {ergonomic}
    uintx ReservedCodeCacheSize                    = 251658240                              {pd product} {ergonomic}
     bool SegmentedCodeCache                       = true                                      {product} {ergonomic}
     bool ShowCodeDetailsInExceptionMessages       = true                                   {manageable} {command line}
   size_t SoftMaxHeapSize                          = 1983905792                             {manageable} {ergonomic}
     bool UseCompressedClassPointers               = true                           {product lp64_product} {ergonomic}
     bool UseCompressedOops                        = true                           {product lp64_product} {ergonomic}
     bool UseG1GC                                  = true                                      {product} {ergonomic}
     bool UseLargePagesIndividualAllocation        = false                                  {pd product} {ergonomic}

Logging:
Log output configuration:
 #0: stdout all=warning uptime,level,tags
 #1: stderr all=off uptime,level,tags

Environment Variables:
JAVA_HOME=C:\Program Files\Java\jdk-21
PATH=C:\Users\HP\AppData\Roaming\Code\User\globalStorage\pleiades.java-extension-pack-jdk\gradle\latest\bin;C:\Users\HP\AppData\Roaming\Code\User\globalStorage\pleiades.java-extension-pack-jdk\maven\latest\bin;C:\Program Files\Java\jdk-21\bin;C:\Python312\Scripts\;C:\Python312\;C:\Program Files\Common Files\Oracle\Java\javapath;C:\Program Files (x86)\Common Files\Oracle\Java\javapath;C:\WINDOWS\system32;C:\WINDOWS;C:\WINDOWS\System32\Wbem;C:\WINDOWS\System32\WindowsPowerShell\v1.0\;C:\WINDOWS\System32\OpenSSH\;C:\Program Files\Git\cmd;C:\MinGW\bin;C:\Program Files\wkhtmltopdf\bin;C:\Program Files (x86)\Java\jre-1.8\bin;C:\Program Files\jdk-20.0.2\bin;C:\Program Files\MongoDB\Server\7.0\bin;C:\Program Files\Amazon\AWSCLIV2\;C:\Users\HP\OpenSSH-Win64;C:\ProgramData\chocolatey\bin;C:\Program Files (x86)\Yarn\bin\;C:\Program Files\MongoDB\Server\5.0\bin;C:\Program Files\MySQL\MySQL Server 8.0\bin;;C:\WINDOWS\system32;C:\WINDOWS;C:\WINDOWS\System32\Wbem;C:\WINDOWS\System32\WindowsPowerShell\v1.0\;C:\WINDOWS\System32\OpenSSH\;C:\Program Files\Kubernetes\Minikube;;C:\Program Files\Docker\Docker\resources\bin;C:\Program Files\PowerShell\7\;C:\Users\HP\AppData\Local\Programs\Python\Python38\Scripts\;C:\Users\HP\AppData\Local\Programs\Python\Python38\;C:\Users\HP\AppData\Local\Microsoft\WindowsApps;C:\Program Files\JetBrains\PyCharm Community Edition 2023.1.3\bin;;C:\Program Files\heroku\bin;C:\Users\HP\apache-maven-3.9.6\bin;C:\Program Files\JetBrains\DataGrip 2023.3.4\bin;;C:\Program Files\MySQL\MySQL Server 8.3\bin;C:\Users\HP\AppData\Local\Programs\oh-my-posh\bin;C:\Users\HP\AppData\Local\Yarn\bin;C:\Program Files\MongoDB\Server\5.0\bin;C:\Users\HP\AppData\Local\Programs\Microsoft VS Code\bin;C:\Program Files\MySQL\MySQL Server 8.0\bin;C:\Users\HP\AppData\Local\Programs\Antigravity\bin;C:\Users\HP\AppData\Local\Programs\mongosh\;c:\Users\HP\.vscode\extensions\vscjava.vscode-java-debug-0.58.5\bundled\scripts\noConfigScripts
USERNAME=HP
LANG=en_US.UTF-8
OS=Windows_NT
PROCESSOR_IDENTIFIER=AMD64 Family 23 Model 96 Stepping 1, AuthenticAMD
TMP=C:\Users\HP\AppData\Local\Temp
TEMP=C:\Users\HP\AppData\Local\Temp



Periodic native trim disabled


---------------  S Y S T E M  ---------------

OS:
 Windows 11 , 64 bit Build 26100 (10.0.26100.7705)
OS uptime: 0 days 18:49 hours
Hyper-V role detected

CPU: total 6 (initial active 6) (6 cores per cpu, 1 threads per core) family 23 model 96 stepping 1 microcode 0x8600109, cx8, cmov, fxsr, mmx, 3dnowpref, sse, sse2, sse3, ssse3, sse4a, sse4.1, sse4.2, popcnt, lzcnt, tsc, tscinvbit, avx, avx2, aes, clmul, bmi1, bmi2, adx, sha, fma, vzeroupper, clflush, clflushopt, hv
Processor Information for all 6 processors :
  Max Mhz: 2375, Current Mhz: 2375, Mhz Limit: 2375

Memory: 4k page, system-wide physical 7564M (321M free)
TotalPageFile size 31116M (AvailPageFile size 53M)
current process WorkingSet (physical memory assigned to process): 27M, peak: 207M
current process commit charge ("private bytes"): 238M, peak: 264M

vm_info: OpenJDK 64-Bit Server VM (17.0.18+8) for windows-amd64 JRE (17.0.18+8), built on Jan 20 2026 22:28:22 by "admin" with MS VC++ 17.12 (VS2022)

END.
