#
# There is insufficient memory for the Java Runtime Environment to continue.
# Native memory allocation (malloc) failed to allocate 1116016 bytes. Error detail: Chunk::new
# Possible reasons:
#   The system is out of physical RAM or swap space
#   This process is running with CompressedOops enabled, and the Java Heap may be blocking the growth of the native heap
# Possible solutions:
#   Reduce memory load on the system
#   Increase physical memory or swap space
#   Check if swap backing store is full
#   Decrease Java heap size (-Xmx/-Xms)
#   Decrease number of Java threads
#   Decrease Java thread stack sizes (-Xss)
#   Set larger code cache with -XX:ReservedCodeCacheSize=
#   JVM is running with Unscaled Compressed Oops mode in which the Java heap is
#     placed in the first 4GB address space. The Java Heap base address is the
#     maximum limit for the native heap growth. Please use -XX:HeapBaseMinAddress
#     to set the Java Heap base and to place the Java Heap above 4GB virtual address.
# This output file may be truncated or incomplete.
#
#  Out of Memory Error (arena.cpp:168), pid=9684, tid=4936
#
# JRE version: OpenJDK Runtime Environment Temurin-21.0.10+7 (21.0.10+7) (build 21.0.10+7-LTS)
# Java VM: OpenJDK 64-Bit Server VM Temurin-21.0.10+7 (21.0.10+7-LTS, mixed mode, sharing, tiered, compressed oops, compressed class ptrs, parallel gc, windows-amd64)
# No core dump will be written. Minidumps are not enabled by default on client versions of Windows
#

---------------  S U M M A R Y ------------

Command Line: --add-modules=ALL-SYSTEM --add-opens=java.base/java.util=ALL-UNNAMED --add-opens=java.base/java.lang=ALL-UNNAMED --add-opens=java.base/sun.nio.fs=ALL-UNNAMED -Declipse.application=org.eclipse.jdt.ls.core.id1 -Dosgi.bundles.defaultStartLevel=4 -Declipse.product=org.eclipse.jdt.ls.core.product -Djava.import.generatesMetadataFilesAtProjectRoot=false -DDetectVMInstallationsJob.disabled=true -Dfile.encoding=utf8 -XX:+UseParallelGC -XX:GCTimeRatio=4 -XX:AdaptiveSizePolicyWeight=90 -Dsun.zip.disableMemoryMapping=true -Xmx2G -Xms100m -Xlog:disable -javaagent:c:\Users\HP\.antigravity\extensions\redhat.java-1.53.0-win32-x64\lombok\lombok-1.18.39-4050.jar c:\Users\HP\.antigravity\extensions\redhat.java-1.53.0-win32-x64\server\plugins\org.eclipse.equinox.launcher_1.7.100.v20251111-0406.jar -configuration c:\Users\HP\AppData\Roaming\Antigravity\User\globalStorage\redhat.java\1.53.0\config_ss_win -data c:\Users\HP\AppData\Roaming\Antigravity\User\workspaceStorage\0a5ded8aed38bcd8f091fb84c5365ec8\redhat.java\ss_ws --pipe=\\.\pipe\lsp-6c2b7c14691897f536f92a2bc9f577de-sock

Host: AMD Ryzen 5 4500U with Radeon Graphics         , 6 cores, 7G,  Windows 11 , 64 bit Build 26100 (10.0.26100.7705)
Time: Wed Mar  4 14:36:54 2026 India Standard Time elapsed time: 33.786076 seconds (0d 0h 0m 33s)

---------------  T H R E A D  ---------------

Current thread (0x0000028a17e03bc0):  JavaThread "C2 CompilerThread1" daemon [_thread_in_native, id=4936, stack(0x0000008cbbd00000,0x0000008cbbe00000) (1024K)]


Current CompileTask:
C2:33786 5264       4       org.eclipse.jdt.internal.compiler.parser.Parser::consumeRule (7843 bytes)

Stack: [0x0000008cbbd00000,0x0000008cbbe00000]
Native frames: (J=compiled Java code, j=interpreted, Vv=VM code, C=native code)
V  [jvm.dll+0x6d7a39]
V  [jvm.dll+0x8b4b26]
V  [jvm.dll+0x8b70de]
V  [jvm.dll+0x8b77c3]
V  [jvm.dll+0x284346]
V  [jvm.dll+0xc66ed]
V  [jvm.dll+0xc6c31]
V  [jvm.dll+0x3bec01]
V  [jvm.dll+0x38b162]
V  [jvm.dll+0x38a5aa]
V  [jvm.dll+0x24c560]
V  [jvm.dll+0x24bb40]
V  [jvm.dll+0x1cb34e]
V  [jvm.dll+0x25b85d]
V  [jvm.dll+0x259dea]
V  [jvm.dll+0x3f857e]
V  [jvm.dll+0x85f59d]
V  [jvm.dll+0x6d626d]
C  [ucrtbase.dll+0x37b0]
C  [KERNEL32.DLL+0x2e8d7]
C  [ntdll.dll+0x8c40c]


---------------  P R O C E S S  ---------------

Threads class SMR info:
_java_thread_list=0x0000028a1735e7c0, length=36, elements={
0x00000289b897e260, 0x00000289b8a3b880, 0x00000289b8a3ddc0, 0x00000289b88b4730,
0x00000289b88b7820, 0x00000289b88be4a0, 0x00000289b88bef00, 0x00000289b88c1d50,
0x00000289b89283b0, 0x0000028a117567b0, 0x0000028a11813e10, 0x0000028a169c0f60,
0x0000028a16473140, 0x0000028a169b6310, 0x0000028a115e28a0, 0x0000028a160f98d0,
0x0000028a1617fee0, 0x0000028a16181440, 0x0000028a1652a4e0, 0x0000028a1652ab70,
0x0000028a1652b200, 0x0000028a16529e50, 0x0000028a177660b0, 0x0000028a17765a20,
0x0000028a17766740, 0x0000028a17766dd0, 0x0000028a17764670, 0x0000028a17767460,
0x0000028a17767af0, 0x0000028a17764d00, 0x0000028a17765390, 0x0000028a17311570,
0x0000028a17310ee0, 0x0000028a17312920, 0x0000028a17312290, 0x0000028a17e03bc0
}

Java Threads: ( => current thread )
  0x00000289b897e260 JavaThread "main"                              [_thread_blocked, id=27756, stack(0x0000008cb9000000,0x0000008cb9100000) (1024K)]
  0x00000289b8a3b880 JavaThread "Reference Handler"          daemon [_thread_blocked, id=35208, stack(0x0000008cb9400000,0x0000008cb9500000) (1024K)]
  0x00000289b8a3ddc0 JavaThread "Finalizer"                  daemon [_thread_blocked, id=37364, stack(0x0000008cb9500000,0x0000008cb9600000) (1024K)]
  0x00000289b88b4730 JavaThread "Signal Dispatcher"          daemon [_thread_blocked, id=41616, stack(0x0000008cb9600000,0x0000008cb9700000) (1024K)]
  0x00000289b88b7820 JavaThread "Attach Listener"            daemon [_thread_blocked, id=44364, stack(0x0000008cb9700000,0x0000008cb9800000) (1024K)]
  0x00000289b88be4a0 JavaThread "Service Thread"             daemon [_thread_blocked, id=3988, stack(0x0000008cb9800000,0x0000008cb9900000) (1024K)]
  0x00000289b88bef00 JavaThread "Monitor Deflation Thread"   daemon [_thread_blocked, id=35564, stack(0x0000008cb9900000,0x0000008cb9a00000) (1024K)]
  0x00000289b88c1d50 JavaThread "C2 CompilerThread0"         daemon [_thread_in_native, id=26432, stack(0x0000008cb9a00000,0x0000008cb9b00000) (1024K)]
  0x00000289b89283b0 JavaThread "C1 CompilerThread0"         daemon [_thread_blocked, id=15396, stack(0x0000008cb9b00000,0x0000008cb9c00000) (1024K)]
  0x0000028a117567b0 JavaThread "Common-Cleaner"             daemon [_thread_blocked, id=2744, stack(0x0000008cb9c00000,0x0000008cb9d00000) (1024K)]
  0x0000028a11813e10 JavaThread "Notification Thread"        daemon [_thread_blocked, id=37500, stack(0x0000008cb9d00000,0x0000008cb9e00000) (1024K)]
  0x0000028a169c0f60 JavaThread "Active Thread: Equinox Container: f29aa8c4-3d07-48c3-836d-78bbd0b024e8"        [_thread_blocked, id=27172, stack(0x0000008cba400000,0x0000008cba500000) (1024K)]
  0x0000028a16473140 JavaThread "Framework Event Dispatcher: Equinox Container: f29aa8c4-3d07-48c3-836d-78bbd0b024e8" daemon [_thread_blocked, id=7744, stack(0x0000008cb9e00000,0x0000008cb9f00000) (1024K)]
  0x0000028a169b6310 JavaThread "Start Level: Equinox Container: f29aa8c4-3d07-48c3-836d-78bbd0b024e8" daemon [_thread_blocked, id=34224, stack(0x0000008cba500000,0x0000008cba600000) (1024K)]
  0x0000028a115e28a0 JavaThread "SCR Component Actor"        daemon [_thread_blocked, id=33804, stack(0x0000008cba600000,0x0000008cba700000) (1024K)]
  0x0000028a160f98d0 JavaThread "Worker-JM"                         [_thread_blocked, id=32592, stack(0x0000008cba800000,0x0000008cba900000) (1024K)]
  0x0000028a1617fee0 JavaThread "JNA Cleaner"                daemon [_thread_blocked, id=43080, stack(0x0000008cba700000,0x0000008cba800000) (1024K)]
  0x0000028a16181440 JavaThread "Worker-0"                          [_thread_blocked, id=24136, stack(0x0000008cba900000,0x0000008cbaa00000) (1024K)]
  0x0000028a1652a4e0 JavaThread "Worker-1"                          [_thread_blocked, id=23512, stack(0x0000008cbaa00000,0x0000008cbab00000) (1024K)]
  0x0000028a1652ab70 JavaThread "Worker-2"                          [_thread_blocked, id=19188, stack(0x0000008cbab00000,0x0000008cbac00000) (1024K)]
  0x0000028a1652b200 JavaThread "Thread-1"                   daemon [_thread_in_native, id=37940, stack(0x0000008cbae00000,0x0000008cbaf00000) (1024K)]
  0x0000028a16529e50 JavaThread "Thread-2"                   daemon [_thread_in_native, id=23836, stack(0x0000008cbaf00000,0x0000008cbb000000) (1024K)]
  0x0000028a177660b0 JavaThread "Thread-3"                   daemon [_thread_in_native, id=6440, stack(0x0000008cbb000000,0x0000008cbb100000) (1024K)]
  0x0000028a17765a20 JavaThread "Thread-4"                   daemon [_thread_in_native, id=37092, stack(0x0000008cbb100000,0x0000008cbb200000) (1024K)]
  0x0000028a17766740 JavaThread "Thread-5"                   daemon [_thread_in_native, id=38736, stack(0x0000008cbb200000,0x0000008cbb300000) (1024K)]
  0x0000028a17766dd0 JavaThread "Thread-6"                   daemon [_thread_in_native, id=12936, stack(0x0000008cbb300000,0x0000008cbb400000) (1024K)]
  0x0000028a17764670 JavaThread "Thread-7"                   daemon [_thread_in_native, id=34756, stack(0x0000008cbb400000,0x0000008cbb500000) (1024K)]
  0x0000028a17767460 JavaThread "pool-2-thread-1"                   [_thread_blocked, id=33340, stack(0x0000008cbb500000,0x0000008cbb600000) (1024K)]
  0x0000028a17767af0 JavaThread "WorkspaceEventsHandler"            [_thread_blocked, id=38544, stack(0x0000008cbb600000,0x0000008cbb700000) (1024K)]
  0x0000028a17764d00 JavaThread "pool-1-thread-1"                   [_thread_in_vm, id=34460, stack(0x0000008cbb700000,0x0000008cbb800000) (1024K)]
  0x0000028a17765390 JavaThread "ForkJoinPool.commonPool-worker-1" daemon [_thread_blocked, id=17072, stack(0x0000008cbb800000,0x0000008cbb900000) (1024K)]
  0x0000028a17311570 JavaThread "ForkJoinPool.commonPool-worker-2" daemon [_thread_blocked, id=40376, stack(0x0000008cbb900000,0x0000008cbba00000) (1024K)]
  0x0000028a17310ee0 JavaThread "ForkJoinPool.commonPool-worker-3" daemon [_thread_blocked, id=37460, stack(0x0000008cbba00000,0x0000008cbbb00000) (1024K)]
  0x0000028a17312920 JavaThread "ForkJoinPool.commonPool-worker-4" daemon [_thread_blocked, id=17260, stack(0x0000008cbbb00000,0x0000008cbbc00000) (1024K)]
  0x0000028a17312290 JavaThread "ForkJoinPool.commonPool-worker-5" daemon [_thread_blocked, id=45612, stack(0x0000008cbbc00000,0x0000008cbbd00000) (1024K)]
=>0x0000028a17e03bc0 JavaThread "C2 CompilerThread1"         daemon [_thread_in_native, id=4936, stack(0x0000008cbbd00000,0x0000008cbbe00000) (1024K)]
Total: 36

Other Threads:
  0x00000289b88b1250 VMThread "VM Thread"                           [id=15700, stack(0x0000008cb9300000,0x0000008cb9400000) (1024K)]
  0x00000289b880ca00 WatcherThread "VM Periodic Task Thread"        [id=44676, stack(0x0000008cb9200000,0x0000008cb9300000) (1024K)]
  0x00000289b899c5d0 WorkerThread "GC Thread#0"                     [id=42356, stack(0x0000008cb9100000,0x0000008cb9200000) (1024K)]
  0x0000028a1654fe30 WorkerThread "GC Thread#1"                     [id=15164, stack(0x0000008cb9f00000,0x0000008cba000000) (1024K)]
  0x0000028a165529d0 WorkerThread "GC Thread#2"                     [id=41488, stack(0x0000008cba000000,0x0000008cba100000) (1024K)]
  0x0000028a16533df0 WorkerThread "GC Thread#3"                     [id=30824, stack(0x0000008cba100000,0x0000008cba200000) (1024K)]
  0x0000028a1660bbc0 WorkerThread "GC Thread#4"                     [id=35828, stack(0x0000008cba200000,0x0000008cba300000) (1024K)]
  0x0000028a16535620 WorkerThread "GC Thread#5"                     [id=43088, stack(0x0000008cba300000,0x0000008cba400000) (1024K)]
Total: 8

Threads with active compile tasks:
C2 CompilerThread0  33880 5310       4       jdk.internal.org.objectweb.asm.SymbolTable::addConstantMemberReference (147 bytes)
C2 CompilerThread1  33880 5264       4       org.eclipse.jdt.internal.compiler.parser.Parser::consumeRule (7843 bytes)
Total: 2

VM state: not at safepoint (normal execution)

VM Mutex/Monitor currently owned by a thread: None

Heap address: 0x0000000080000000, size: 2048 MB, Compressed Oops mode: 32-bit

CDS archive(s) mapped at: [0x00000289d0000000-0x00000289d0ba0000-0x00000289d0ba0000), size 12189696, SharedBaseAddress: 0x00000289d0000000, ArchiveRelocationMode: 1.
Compressed class space mapped at: 0x00000289d1000000-0x0000028a11000000, reserved size: 1073741824
Narrow klass base: 0x00000289d0000000, Narrow klass shift: 0, Narrow klass range: 0x100000000

GC Precious Log:
 CardTable entry size: 512
 CPUs: 6 total, 6 available
 Memory: 7564M
 Large Page Support: Disabled
 NUMA Support: Disabled
 Compressed Oops: Enabled (32-bit)
 Alignments: Space 512K, Generation 512K, Heap 2M
 Heap Min Capacity: 100M
 Heap Initial Capacity: 100M
 Heap Max Capacity: 2G
 Pre-touch: Disabled
 Parallel Workers: 6

Heap:
 PSYoungGen      total 21504K, used 15691K [0x00000000d5580000, 0x00000000d6d00000, 0x0000000100000000)
  eden space 20992K, 72% used [0x00000000d5580000,0x00000000d64596a8,0x00000000d6a00000)
  from space 512K, 94% used [0x00000000d6c80000,0x00000000d6cf98a0,0x00000000d6d00000)
  to   space 1024K, 0% used [0x00000000d6b00000,0x00000000d6b00000,0x00000000d6c00000)
 ParOldGen       total 68608K, used 30176K [0x0000000080000000, 0x0000000084300000, 0x00000000d5580000)
  object space 68608K, 43% used [0x0000000080000000,0x0000000081d78130,0x0000000084300000)
 Metaspace       used 39595K, committed 40640K, reserved 1114112K
  class space    used 4030K, committed 4480K, reserved 1048576K

Card table byte_map: [0x00000289b8320000,0x00000289b8730000] _byte_map_base: 0x00000289b7f20000

Marking Bits: (ParMarkBitMap*) 0x00007ff9a7d03450
 Begin Bits: [0x00000289cae30000, 0x00000289cce30000)
 End Bits:   [0x00000289cce30000, 0x00000289cee30000)

Polling page: 0x00000289b6540000

Metaspace:

Usage:
  Non-class:     34.73 MB used.
      Class:      3.94 MB used.
       Both:     38.67 MB used.

Virtual space:
  Non-class space:       64.00 MB reserved,      35.31 MB ( 55%) committed,  1 nodes.
      Class space:        1.00 GB reserved,       4.38 MB ( <1%) committed,  1 nodes.
             Both:        1.06 GB reserved,      39.69 MB (  4%) committed. 

Chunk freelists:
   Non-Class:  12.48 MB
       Class:  11.62 MB
        Both:  24.10 MB

MaxMetaspaceSize: unlimited
CompressedClassSpaceSize: 1.00 GB
Initial GC threshold: 21.00 MB
Current GC threshold: 58.38 MB
CDS: on
 - commit_granule_bytes: 65536.
 - commit_granule_words: 8192.
 - virtual_space_node_default_size: 8388608.
 - enlarge_chunks_in_place: 1.
 - use_allocation_guard: 0.


Internal statistics:

num_allocs_failed_limit: 6.
num_arena_births: 982.
num_arena_deaths: 200.
num_vsnodes_births: 2.
num_vsnodes_deaths: 0.
num_space_committed: 635.
num_space_uncommitted: 0.
num_chunks_returned_to_freelist: 284.
num_chunks_taken_from_freelist: 2826.
num_chunk_merges: 111.
num_chunk_splits: 1683.
num_chunks_enlarged: 970.
num_inconsistent_stats: 0.

CodeHeap 'non-profiled nmethods': size=120000Kb used=2748Kb max_used=2748Kb free=117251Kb
 bounds [0x00000289c3650000, 0x00000289c3900000, 0x00000289cab80000]
CodeHeap 'profiled nmethods': size=120000Kb used=10514Kb max_used=10514Kb free=109485Kb
 bounds [0x00000289bbb80000, 0x00000289bc5d0000, 0x00000289c30b0000]
CodeHeap 'non-nmethods': size=5760Kb used=1384Kb max_used=1418Kb free=4375Kb
 bounds [0x00000289c30b0000, 0x00000289c3320000, 0x00000289c3650000]
CodeCache: size=245760Kb, used=14646Kb, max_used=14680Kb, free=231111Kb
 total_blobs=5631, nmethods=4942, adapters=595, full_count=0
Compilation: enabled, stopped_count=0, restarted_count=0

Compilation events (20 events):
Event: 33.232 Thread 0x00000289b89283b0 nmethod 5311 0x00000289bc5b4b10 code [0x00000289bc5b4ce0, 0x00000289bc5b5038]
Event: 33.232 Thread 0x00000289b89283b0 5312       3       java.util.concurrent.locks.AbstractQueuedSynchronizer$Node::setPrevRelaxed (12 bytes)
Event: 33.232 Thread 0x00000289b89283b0 nmethod 5312 0x00000289bc5b5190 code [0x00000289bc5b5320, 0x00000289bc5b5450]
Event: 33.232 Thread 0x00000289b89283b0 5313       3       java.lang.invoke.BoundMethodHandle::speciesDataFor (32 bytes)
Event: 33.232 Thread 0x00000289b89283b0 nmethod 5313 0x00000289bc5b5510 code [0x00000289bc5b56e0, 0x00000289bc5b5a60]
Event: 33.237 Thread 0x00000289b89283b0 5320       3       org.eclipse.core.filesystem.EFS::getStore (8 bytes)
Event: 33.237 Thread 0x00000289b89283b0 nmethod 5320 0x00000289bc5b5b90 code [0x00000289bc5b5d40, 0x00000289bc5b5ed0]
Event: 33.237 Thread 0x00000289b89283b0 5321       3       org.eclipse.core.internal.filesystem.InternalFileSystemCore::getStore (39 bytes)
Event: 33.237 Thread 0x00000289b89283b0 nmethod 5321 0x00000289bc5b5f90 code [0x00000289bc5b61a0, 0x00000289bc5b66f8]
Event: 33.239 Thread 0x00000289b89283b0 5322       3       org.eclipse.jdt.internal.core.Openable::isOpen (14 bytes)
Event: 33.239 Thread 0x00000289b89283b0 nmethod 5322 0x00000289bc5b6990 code [0x00000289bc5b6b60, 0x00000289bc5b6d80]
Event: 33.239 Thread 0x00000289b89283b0 5323  s    1       java.util.Hashtable::size (5 bytes)
Event: 33.239 Thread 0x00000289b89283b0 nmethod 5323 0x00000289c38fe490 code [0x00000289c38fe620, 0x00000289c38fe7a8]
Event: 33.239 Thread 0x00000289b89283b0 5324       3       sun.nio.fs.WindowsPath::getPathForWin32Calls (6 bytes)
Event: 33.239 Thread 0x00000289b89283b0 nmethod 5324 0x00000289bc5b6e90 code [0x00000289bc5b7040, 0x00000289bc5b7180]
Event: 33.239 Thread 0x00000289b89283b0 5325   !   3       sun.nio.fs.WindowsPath::getPathForWin32Calls (147 bytes)
Event: 33.240 Thread 0x00000289b89283b0 nmethod 5325 0x00000289bc5b7210 code [0x00000289bc5b74c0, 0x00000289bc5b8328]
Event: 33.240 Thread 0x00000289b89283b0 5327       3       java.util.ImmutableCollections$List12::<init> (20 bytes)
Event: 33.241 Thread 0x00000289b89283b0 nmethod 5327 0x00000289bc5b8790 code [0x00000289bc5b8960, 0x00000289bc5b8d68]
Event: 33.242 Thread 0x00000289b89283b0 5329       3       lombok.eclipse.EclipseAST::buildLocal (79 bytes)

GC Heap History (20 events):
Event: 29.041 GC heap before
{Heap before GC invocations=15 (full 1):
 PSYoungGen      total 23552K, used 23232K [0x00000000d5580000, 0x00000000d7100000, 0x0000000100000000)
  eden space 20992K, 100% used [0x00000000d5580000,0x00000000d6a00000,0x00000000d6a00000)
  from space 2560K, 87% used [0x00000000d6a00000,0x00000000d6c30000,0x00000000d6c80000)
  to   space 3584K, 0% used [0x00000000d6d80000,0x00000000d6d80000,0x00000000d7100000)
 ParOldGen       total 68608K, used 20541K [0x0000000080000000, 0x0000000084300000, 0x00000000d5580000)
  object space 68608K, 29% used [0x0000000080000000,0x000000008140f788,0x0000000084300000)
 Metaspace       used 32463K, committed 33536K, reserved 1114112K
  class space    used 3323K, committed 3776K, reserved 1048576K
}
Event: 29.049 GC heap after
{Heap after GC invocations=15 (full 1):
 PSYoungGen      total 23040K, used 2020K [0x00000000d5580000, 0x00000000d6f80000, 0x0000000100000000)
  eden space 20992K, 0% used [0x00000000d5580000,0x00000000d5580000,0x00000000d6a00000)
  from space 2048K, 98% used [0x00000000d6d80000,0x00000000d6f79000,0x00000000d6f80000)
  to   space 2560K, 0% used [0x00000000d6a80000,0x00000000d6a80000,0x00000000d6d00000)
 ParOldGen       total 68608K, used 22684K [0x0000000080000000, 0x0000000084300000, 0x00000000d5580000)
  object space 68608K, 33% used [0x0000000080000000,0x0000000081627150,0x0000000084300000)
 Metaspace       used 32463K, committed 33536K, reserved 1114112K
  class space    used 3323K, committed 3776K, reserved 1048576K
}
Event: 29.124 GC heap before
{Heap before GC invocations=16 (full 1):
 PSYoungGen      total 23040K, used 23012K [0x00000000d5580000, 0x00000000d6f80000, 0x0000000100000000)
  eden space 20992K, 100% used [0x00000000d5580000,0x00000000d6a00000,0x00000000d6a00000)
  from space 2048K, 98% used [0x00000000d6d80000,0x00000000d6f79000,0x00000000d6f80000)
  to   space 2560K, 0% used [0x00000000d6a80000,0x00000000d6a80000,0x00000000d6d00000)
 ParOldGen       total 68608K, used 22684K [0x0000000080000000, 0x0000000084300000, 0x00000000d5580000)
  object space 68608K, 33% used [0x0000000080000000,0x0000000081627150,0x0000000084300000)
 Metaspace       used 32556K, committed 33600K, reserved 1114112K
  class space    used 3325K, committed 3776K, reserved 1048576K
}
Event: 29.130 GC heap after
{Heap after GC invocations=16 (full 1):
 PSYoungGen      total 23552K, used 2144K [0x00000000d5580000, 0x00000000d6f00000, 0x0000000100000000)
  eden space 20992K, 0% used [0x00000000d5580000,0x00000000d5580000,0x00000000d6a00000)
  from space 2560K, 83% used [0x00000000d6a80000,0x00000000d6c98010,0x00000000d6d00000)
  to   space 2048K, 0% used [0x00000000d6d00000,0x00000000d6d00000,0x00000000d6f00000)
 ParOldGen       total 68608K, used 24618K [0x0000000080000000, 0x0000000084300000, 0x00000000d5580000)
  object space 68608K, 35% used [0x0000000080000000,0x000000008180a968,0x0000000084300000)
 Metaspace       used 32556K, committed 33600K, reserved 1114112K
  class space    used 3325K, committed 3776K, reserved 1048576K
}
Event: 29.183 GC heap before
{Heap before GC invocations=17 (full 1):
 PSYoungGen      total 23552K, used 23136K [0x00000000d5580000, 0x00000000d6f00000, 0x0000000100000000)
  eden space 20992K, 100% used [0x00000000d5580000,0x00000000d6a00000,0x00000000d6a00000)
  from space 2560K, 83% used [0x00000000d6a80000,0x00000000d6c98010,0x00000000d6d00000)
  to   space 2048K, 0% used [0x00000000d6d00000,0x00000000d6d00000,0x00000000d6f00000)
 ParOldGen       total 68608K, used 24618K [0x0000000080000000, 0x0000000084300000, 0x00000000d5580000)
  object space 68608K, 35% used [0x0000000080000000,0x000000008180a968,0x0000000084300000)
 Metaspace       used 32605K, committed 33664K, reserved 1114112K
  class space    used 3325K, committed 3776K, reserved 1048576K
}
Event: 29.189 GC heap after
{Heap after GC invocations=17 (full 1):
 PSYoungGen      total 23040K, used 1952K [0x00000000d5580000, 0x00000000d6f00000, 0x0000000100000000)
  eden space 20992K, 0% used [0x00000000d5580000,0x00000000d5580000,0x00000000d6a00000)
  from space 2048K, 95% used [0x00000000d6d00000,0x00000000d6ee8000,0x00000000d6f00000)
  to   space 2048K, 0% used [0x00000000d6b00000,0x00000000d6b00000,0x00000000d6d00000)
 ParOldGen       total 68608K, used 26722K [0x0000000080000000, 0x0000000084300000, 0x00000000d5580000)
  object space 68608K, 38% used [0x0000000080000000,0x0000000081a18978,0x0000000084300000)
 Metaspace       used 32605K, committed 33664K, reserved 1114112K
  class space    used 3325K, committed 3776K, reserved 1048576K
}
Event: 29.295 GC heap before
{Heap before GC invocations=18 (full 1):
 PSYoungGen      total 23040K, used 22944K [0x00000000d5580000, 0x00000000d6f00000, 0x0000000100000000)
  eden space 20992K, 100% used [0x00000000d5580000,0x00000000d6a00000,0x00000000d6a00000)
  from space 2048K, 95% used [0x00000000d6d00000,0x00000000d6ee8000,0x00000000d6f00000)
  to   space 2048K, 0% used [0x00000000d6b00000,0x00000000d6b00000,0x00000000d6d00000)
 ParOldGen       total 68608K, used 26750K [0x0000000080000000, 0x0000000084300000, 0x00000000d5580000)
  object space 68608K, 38% used [0x0000000080000000,0x0000000081a1f8f0,0x0000000084300000)
 Metaspace       used 32823K, committed 33856K, reserved 1114112K
  class space    used 3340K, committed 3776K, reserved 1048576K
}
Event: 29.301 GC heap after
{Heap after GC invocations=18 (full 1):
 PSYoungGen      total 23040K, used 1923K [0x00000000d5580000, 0x00000000d6e00000, 0x0000000100000000)
  eden space 20992K, 0% used [0x00000000d5580000,0x00000000d5580000,0x00000000d6a00000)
  from space 2048K, 93% used [0x00000000d6b00000,0x00000000d6ce0d38,0x00000000d6d00000)
  to   space 1024K, 0% used [0x00000000d6d00000,0x00000000d6d00000,0x00000000d6e00000)
 ParOldGen       total 68608K, used 28606K [0x0000000080000000, 0x0000000084300000, 0x00000000d5580000)
  object space 68608K, 41% used [0x0000000080000000,0x0000000081befaf0,0x0000000084300000)
 Metaspace       used 32823K, committed 33856K, reserved 1114112K
  class space    used 3340K, committed 3776K, reserved 1048576K
}
Event: 29.784 GC heap before
{Heap before GC invocations=19 (full 1):
 PSYoungGen      total 23040K, used 16894K [0x00000000d5580000, 0x00000000d6e00000, 0x0000000100000000)
  eden space 20992K, 71% used [0x00000000d5580000,0x00000000d641eb60,0x00000000d6a00000)
  from space 2048K, 93% used [0x00000000d6b00000,0x00000000d6ce0d38,0x00000000d6d00000)
  to   space 1024K, 0% used [0x00000000d6d00000,0x00000000d6d00000,0x00000000d6e00000)
 ParOldGen       total 68608K, used 28606K [0x0000000080000000, 0x0000000084300000, 0x00000000d5580000)
  object space 68608K, 41% used [0x0000000080000000,0x0000000081befaf0,0x0000000084300000)
 Metaspace       used 34871K, committed 35840K, reserved 1114112K
  class space    used 3564K, committed 3968K, reserved 1048576K
}
Event: 29.789 GC heap after
{Heap after GC invocations=19 (full 1):
 PSYoungGen      total 22016K, used 952K [0x00000000d5580000, 0x00000000d6e00000, 0x0000000100000000)
  eden space 20992K, 0% used [0x00000000d5580000,0x00000000d5580000,0x00000000d6a00000)
  from space 1024K, 93% used [0x00000000d6d00000,0x00000000d6dee2f8,0x00000000d6e00000)
  to   space 1536K, 0% used [0x00000000d6b00000,0x00000000d6b00000,0x00000000d6c80000)
 ParOldGen       total 68608K, used 30320K [0x0000000080000000, 0x0000000084300000, 0x00000000d5580000)
  object space 68608K, 44% used [0x0000000080000000,0x0000000081d9c010,0x0000000084300000)
 Metaspace       used 34871K, committed 35840K, reserved 1114112K
  class space    used 3564K, committed 3968K, reserved 1048576K
}
Event: 29.789 GC heap before
{Heap before GC invocations=20 (full 2):
 PSYoungGen      total 22016K, used 952K [0x00000000d5580000, 0x00000000d6e00000, 0x0000000100000000)
  eden space 20992K, 0% used [0x00000000d5580000,0x00000000d5580000,0x00000000d6a00000)
  from space 1024K, 93% used [0x00000000d6d00000,0x00000000d6dee2f8,0x00000000d6e00000)
  to   space 1536K, 0% used [0x00000000d6b00000,0x00000000d6b00000,0x00000000d6c80000)
 ParOldGen       total 68608K, used 30320K [0x0000000080000000, 0x0000000084300000, 0x00000000d5580000)
  object space 68608K, 44% used [0x0000000080000000,0x0000000081d9c010,0x0000000084300000)
 Metaspace       used 34871K, committed 35840K, reserved 1114112K
  class space    used 3564K, committed 3968K, reserved 1048576K
}
Event: 29.853 GC heap after
{Heap after GC invocations=20 (full 2):
 PSYoungGen      total 22016K, used 0K [0x00000000d5580000, 0x00000000d6e00000, 0x0000000100000000)
  eden space 20992K, 0% used [0x00000000d5580000,0x00000000d5580000,0x00000000d6a00000)
  from space 1024K, 0% used [0x00000000d6d00000,0x00000000d6d00000,0x00000000d6e00000)
  to   space 1536K, 0% used [0x00000000d6b00000,0x00000000d6b00000,0x00000000d6c80000)
 ParOldGen       total 68608K, used 28873K [0x0000000080000000, 0x0000000084300000, 0x00000000d5580000)
  object space 68608K, 42% used [0x0000000080000000,0x0000000081c326a8,0x0000000084300000)
 Metaspace       used 34705K, committed 35840K, reserved 1114112K
  class space    used 3517K, committed 3968K, reserved 1048576K
}
Event: 30.042 GC heap before
{Heap before GC invocations=21 (full 2):
 PSYoungGen      total 22016K, used 20992K [0x00000000d5580000, 0x00000000d6e00000, 0x0000000100000000)
  eden space 20992K, 100% used [0x00000000d5580000,0x00000000d6a00000,0x00000000d6a00000)
  from space 1024K, 0% used [0x00000000d6d00000,0x00000000d6d00000,0x00000000d6e00000)
  to   space 1536K, 0% used [0x00000000d6b00000,0x00000000d6b00000,0x00000000d6c80000)
 ParOldGen       total 68608K, used 29224K [0x0000000080000000, 0x0000000084300000, 0x00000000d5580000)
  object space 68608K, 42% used [0x0000000080000000,0x0000000081c8a130,0x0000000084300000)
 Metaspace       used 35071K, committed 36032K, reserved 1114112K
  class space    used 3539K, committed 3968K, reserved 1048576K
}
Event: 30.043 GC heap after
{Heap after GC invocations=21 (full 2):
 PSYoungGen      total 22528K, used 740K [0x00000000d5580000, 0x00000000d6d80000, 0x0000000100000000)
  eden space 20992K, 0% used [0x00000000d5580000,0x00000000d5580000,0x00000000d6a00000)
  from space 1536K, 48% used [0x00000000d6b00000,0x00000000d6bb9178,0x00000000d6c80000)
  to   space 1024K, 0% used [0x00000000d6c80000,0x00000000d6c80000,0x00000000d6d80000)
 ParOldGen       total 68608K, used 29232K [0x0000000080000000, 0x0000000084300000, 0x00000000d5580000)
  object space 68608K, 42% used [0x0000000080000000,0x0000000081c8c130,0x0000000084300000)
 Metaspace       used 35071K, committed 36032K, reserved 1114112K
  class space    used 3539K, committed 3968K, reserved 1048576K
}
Event: 30.247 GC heap before
{Heap before GC invocations=22 (full 2):
 PSYoungGen      total 22528K, used 21732K [0x00000000d5580000, 0x00000000d6d80000, 0x0000000100000000)
  eden space 20992K, 100% used [0x00000000d5580000,0x00000000d6a00000,0x00000000d6a00000)
  from space 1536K, 48% used [0x00000000d6b00000,0x00000000d6bb9178,0x00000000d6c80000)
  to   space 1024K, 0% used [0x00000000d6c80000,0x00000000d6c80000,0x00000000d6d80000)
 ParOldGen       total 68608K, used 29232K [0x0000000080000000, 0x0000000084300000, 0x00000000d5580000)
  object space 68608K, 42% used [0x0000000080000000,0x0000000081c8c130,0x0000000084300000)
 Metaspace       used 36190K, committed 37056K, reserved 1114112K
  class space    used 3656K, committed 4032K, reserved 1048576K
}
Event: 30.249 GC heap after
{Heap after GC invocations=22 (full 2):
 PSYoungGen      total 22016K, used 608K [0x00000000d5580000, 0x00000000d6d80000, 0x0000000100000000)
  eden space 20992K, 0% used [0x00000000d5580000,0x00000000d5580000,0x00000000d6a00000)
  from space 1024K, 59% used [0x00000000d6c80000,0x00000000d6d18000,0x00000000d6d80000)
  to   space 1024K, 0% used [0x00000000d6b80000,0x00000000d6b80000,0x00000000d6c80000)
 ParOldGen       total 68608K, used 29312K [0x0000000080000000, 0x0000000084300000, 0x00000000d5580000)
  object space 68608K, 42% used [0x0000000080000000,0x0000000081ca0130,0x0000000084300000)
 Metaspace       used 36190K, committed 37056K, reserved 1114112K
  class space    used 3656K, committed 4032K, reserved 1048576K
}
Event: 31.048 GC heap before
{Heap before GC invocations=23 (full 2):
 PSYoungGen      total 22016K, used 21555K [0x00000000d5580000, 0x00000000d6d80000, 0x0000000100000000)
  eden space 20992K, 99% used [0x00000000d5580000,0x00000000d69f4c40,0x00000000d6a00000)
  from space 1024K, 59% used [0x00000000d6c80000,0x00000000d6d18000,0x00000000d6d80000)
  to   space 1024K, 0% used [0x00000000d6b80000,0x00000000d6b80000,0x00000000d6c80000)
 ParOldGen       total 68608K, used 29312K [0x0000000080000000, 0x0000000084300000, 0x00000000d5580000)
  object space 68608K, 42% used [0x0000000080000000,0x0000000081ca0130,0x0000000084300000)
 Metaspace       used 37057K, committed 38016K, reserved 1114112K
  class space    used 3773K, committed 4160K, reserved 1048576K
}
Event: 31.051 GC heap after
{Heap after GC invocations=23 (full 2):
 PSYoungGen      total 22016K, used 384K [0x00000000d5580000, 0x00000000d6d00000, 0x0000000100000000)
  eden space 20992K, 0% used [0x00000000d5580000,0x00000000d5580000,0x00000000d6a00000)
  from space 1024K, 37% used [0x00000000d6b80000,0x00000000d6be0000,0x00000000d6c80000)
  to   space 512K, 0% used [0x00000000d6c80000,0x00000000d6c80000,0x00000000d6d00000)
 ParOldGen       total 68608K, used 29792K [0x0000000080000000, 0x0000000084300000, 0x00000000d5580000)
  object space 68608K, 43% used [0x0000000080000000,0x0000000081d18130,0x0000000084300000)
 Metaspace       used 37057K, committed 38016K, reserved 1114112K
  class space    used 3773K, committed 4160K, reserved 1048576K
}
Event: 31.755 GC heap before
{Heap before GC invocations=24 (full 2):
 PSYoungGen      total 22016K, used 21375K [0x00000000d5580000, 0x00000000d6d00000, 0x0000000100000000)
  eden space 20992K, 99% used [0x00000000d5580000,0x00000000d69fffe0,0x00000000d6a00000)
  from space 1024K, 37% used [0x00000000d6b80000,0x00000000d6be0000,0x00000000d6c80000)
  to   space 512K, 0% used [0x00000000d6c80000,0x00000000d6c80000,0x00000000d6d00000)
 ParOldGen       total 68608K, used 29792K [0x0000000080000000, 0x0000000084300000, 0x00000000d5580000)
  object space 68608K, 43% used [0x0000000080000000,0x0000000081d18130,0x0000000084300000)
 Metaspace       used 38805K, committed 39744K, reserved 1114112K
  class space    used 3935K, committed 4352K, reserved 1048576K
}
Event: 31.757 GC heap after
{Heap after GC invocations=24 (full 2):
 PSYoungGen      total 21504K, used 486K [0x00000000d5580000, 0x00000000d6d00000, 0x0000000100000000)
  eden space 20992K, 0% used [0x00000000d5580000,0x00000000d5580000,0x00000000d6a00000)
  from space 512K, 94% used [0x00000000d6c80000,0x00000000d6cf98a0,0x00000000d6d00000)
  to   space 1024K, 0% used [0x00000000d6b00000,0x00000000d6b00000,0x00000000d6c00000)
 ParOldGen       total 68608K, used 30176K [0x0000000080000000, 0x0000000084300000, 0x00000000d5580000)
  object space 68608K, 43% used [0x0000000080000000,0x0000000081d78130,0x0000000084300000)
 Metaspace       used 38805K, committed 39744K, reserved 1114112K
  class space    used 3935K, committed 4352K, reserved 1048576K
}

Dll operation events (10 events):
Event: 0.099 Loaded shared library c:\Users\HP\.antigravity\extensions\redhat.java-1.53.0-win32-x64\jre\21.0.10-win32-x86_64\bin\java.dll
Event: 0.234 Loaded shared library c:\Users\HP\.antigravity\extensions\redhat.java-1.53.0-win32-x64\jre\21.0.10-win32-x86_64\bin\zip.dll
Event: 0.266 Loaded shared library C:\Users\HP\.antigravity\extensions\redhat.java-1.53.0-win32-x64\jre\21.0.10-win32-x86_64\bin\instrument.dll
Event: 0.280 Loaded shared library C:\Users\HP\.antigravity\extensions\redhat.java-1.53.0-win32-x64\jre\21.0.10-win32-x86_64\bin\net.dll
Event: 0.286 Loaded shared library C:\Users\HP\.antigravity\extensions\redhat.java-1.53.0-win32-x64\jre\21.0.10-win32-x86_64\bin\nio.dll
Event: 0.291 Loaded shared library C:\Users\HP\.antigravity\extensions\redhat.java-1.53.0-win32-x64\jre\21.0.10-win32-x86_64\bin\zip.dll
Event: 0.318 Loaded shared library C:\Users\HP\.antigravity\extensions\redhat.java-1.53.0-win32-x64\jre\21.0.10-win32-x86_64\bin\jimage.dll
Event: 0.478 Loaded shared library c:\Users\HP\.antigravity\extensions\redhat.java-1.53.0-win32-x64\jre\21.0.10-win32-x86_64\bin\verify.dll
Event: 22.691 Loaded shared library C:\Users\HP\AppData\Roaming\Antigravity\User\globalStorage\redhat.java\1.53.0\config_ss_win\org.eclipse.equinox.launcher\org.eclipse.equinox.launcher.win32.win32.x86_64_1.3.0.v20260203-2149\eclipse_11919.dll
Event: 25.041 Loaded shared library C:\Users\HP\AppData\Local\Temp\jna-2312\jna15818051090669023584.dll

Deoptimization events (20 events):
Event: 32.139 Thread 0x0000028a17764d00 Uncommon trap: trap_request=0xffffffde fr.pc=0x00000289c38e5904 relative=0x0000000000000bc4
Event: 32.139 Thread 0x0000028a17764d00 Uncommon trap: reason=class_check action=maybe_recompile pc=0x00000289c38e5904 method=lombok.eclipse.EclipseNode.traverse(Llombok/eclipse/EclipseASTVisitor;)V @ 539 c2
Event: 32.139 Thread 0x0000028a17764d00 DEOPT PACKING pc=0x00000289c38e5904 sp=0x0000008cbb7fd770
Event: 32.139 Thread 0x0000028a17764d00 DEOPT UNPACKING pc=0x00000289c3103aa2 sp=0x0000008cbb7fd700 mode 2
Event: 32.139 Thread 0x0000028a17764d00 Uncommon trap: trap_request=0xffffffde fr.pc=0x00000289c38e5904 relative=0x0000000000000bc4
Event: 32.139 Thread 0x0000028a17764d00 Uncommon trap: reason=class_check action=maybe_recompile pc=0x00000289c38e5904 method=lombok.eclipse.EclipseNode.traverse(Llombok/eclipse/EclipseASTVisitor;)V @ 539 c2
Event: 32.139 Thread 0x0000028a17764d00 DEOPT PACKING pc=0x00000289c38e5904 sp=0x0000008cbb7fd770
Event: 32.139 Thread 0x0000028a17764d00 DEOPT UNPACKING pc=0x00000289c3103aa2 sp=0x0000008cbb7fd700 mode 2
Event: 32.139 Thread 0x0000028a17764d00 Uncommon trap: trap_request=0xffffffde fr.pc=0x00000289c38e5904 relative=0x0000000000000bc4
Event: 32.139 Thread 0x0000028a17764d00 Uncommon trap: reason=class_check action=maybe_recompile pc=0x00000289c38e5904 method=lombok.eclipse.EclipseNode.traverse(Llombok/eclipse/EclipseASTVisitor;)V @ 539 c2
Event: 32.139 Thread 0x0000028a17764d00 DEOPT PACKING pc=0x00000289c38e5904 sp=0x0000008cbb7fd770
Event: 32.139 Thread 0x0000028a17764d00 DEOPT UNPACKING pc=0x00000289c3103aa2 sp=0x0000008cbb7fd700 mode 2
Event: 32.219 Thread 0x0000028a17764d00 Uncommon trap: trap_request=0xffffffcc fr.pc=0x00000289c38d613c relative=0x0000000000001bdc
Event: 32.219 Thread 0x0000028a17764d00 Uncommon trap: reason=intrinsic_or_type_checked_inlining action=make_not_entrant pc=0x00000289c38d613c method=java.util.ArrayList$SubList.toArray([Ljava/lang/Object;)[Ljava/lang/Object; @ 58 c2
Event: 32.219 Thread 0x0000028a17764d00 DEOPT PACKING pc=0x00000289c38d613c sp=0x0000008cbb7fd2e0
Event: 32.219 Thread 0x0000028a17764d00 DEOPT UNPACKING pc=0x00000289c3103aa2 sp=0x0000008cbb7fd218 mode 2
Event: 33.242 Thread 0x0000028a17764d00 Uncommon trap: trap_request=0xffffff45 fr.pc=0x00000289c38fa1a4 relative=0x0000000000000904
Event: 33.242 Thread 0x0000028a17764d00 Uncommon trap: reason=unstable_if action=reinterpret pc=0x00000289c38fa1a4 method=lombok.eclipse.EclipseNode.traverse(Llombok/eclipse/EclipseASTVisitor;)V @ 251 c2
Event: 33.242 Thread 0x0000028a17764d00 DEOPT PACKING pc=0x00000289c38fa1a4 sp=0x0000008cbb7fd860
Event: 33.242 Thread 0x0000028a17764d00 DEOPT UNPACKING pc=0x00000289c3103aa2 sp=0x0000008cbb7fd808 mode 2

Classes loaded (20 events):
Event: 31.258 Loading class java/util/regex/Pattern$Caret
Event: 31.258 Loading class java/util/regex/Pattern$Caret done
Event: 31.484 Loading class java/util/Hashtable$ValueCollection
Event: 31.484 Loading class java/util/Hashtable$ValueCollection done
Event: 31.772 Loading class java/util/regex/PatternSyntaxException
Event: 31.772 Loading class java/util/regex/PatternSyntaxException done
Event: 31.800 Loading class java/util/WeakHashMap$KeyIterator
Event: 31.800 Loading class java/util/WeakHashMap$KeyIterator done
Event: 32.039 Loading class java/util/regex/Pattern$Pos
Event: 32.039 Loading class java/util/regex/Pattern$Pos done
Event: 32.215 Loading class java/util/stream/ReferencePipeline$4
Event: 32.215 Loading class java/util/stream/ReferencePipeline$4 done
Event: 32.216 Loading class java/util/stream/Nodes$IntFixedNodeBuilder
Event: 32.216 Loading class java/util/stream/Node$Builder$OfInt
Event: 32.217 Loading class java/util/stream/Node$Builder$OfInt done
Event: 32.217 Loading class java/util/stream/Nodes$IntArrayNode
Event: 32.217 Loading class java/util/stream/Nodes$IntArrayNode done
Event: 32.217 Loading class java/util/stream/Nodes$IntFixedNodeBuilder done
Event: 32.217 Loading class java/util/stream/ReferencePipeline$4$1
Event: 32.218 Loading class java/util/stream/ReferencePipeline$4$1 done

Classes unloaded (20 events):
Event: 29.803 Thread 0x00000289b88b1250 Unloading class 0x00000289d1386000 'java/lang/invoke/LambdaForm$MH+0x00000289d1386000'
Event: 29.803 Thread 0x00000289b88b1250 Unloading class 0x00000289d1385c00 'java/lang/invoke/LambdaForm$MH+0x00000289d1385c00'
Event: 29.803 Thread 0x00000289b88b1250 Unloading class 0x00000289d1385800 'java/lang/invoke/LambdaForm$MH+0x00000289d1385800'
Event: 29.803 Thread 0x00000289b88b1250 Unloading class 0x00000289d1385400 'java/lang/invoke/LambdaForm$MH+0x00000289d1385400'
Event: 29.803 Thread 0x00000289b88b1250 Unloading class 0x00000289d1384c00 'java/lang/invoke/LambdaForm$MH+0x00000289d1384c00'
Event: 29.803 Thread 0x00000289b88b1250 Unloading class 0x00000289d1385000 'java/lang/invoke/LambdaForm$MH+0x00000289d1385000'
Event: 29.803 Thread 0x00000289b88b1250 Unloading class 0x00000289d1384400 'java/lang/invoke/LambdaForm$MH+0x00000289d1384400'
Event: 29.803 Thread 0x00000289b88b1250 Unloading class 0x00000289d1384000 'java/lang/invoke/LambdaForm$MH+0x00000289d1384000'
Event: 29.803 Thread 0x00000289b88b1250 Unloading class 0x00000289d1383c00 'java/lang/invoke/LambdaForm$MH+0x00000289d1383c00'
Event: 29.803 Thread 0x00000289b88b1250 Unloading class 0x00000289d1383400 'java/lang/invoke/LambdaForm$MH+0x00000289d1383400'
Event: 29.803 Thread 0x00000289b88b1250 Unloading class 0x00000289d1382c00 'java/lang/invoke/LambdaForm$MH+0x00000289d1382c00'
Event: 29.803 Thread 0x00000289b88b1250 Unloading class 0x00000289d1382800 'java/lang/invoke/LambdaForm$MH+0x00000289d1382800'
Event: 29.803 Thread 0x00000289b88b1250 Unloading class 0x00000289d1382400 'java/lang/invoke/LambdaForm$MH+0x00000289d1382400'
Event: 29.803 Thread 0x00000289b88b1250 Unloading class 0x00000289d1382000 'java/lang/invoke/LambdaForm$MH+0x00000289d1382000'
Event: 29.803 Thread 0x00000289b88b1250 Unloading class 0x00000289d1381800 'java/lang/invoke/LambdaForm$MH+0x00000289d1381800'
Event: 29.803 Thread 0x00000289b88b1250 Unloading class 0x00000289d1381400 'java/lang/invoke/LambdaForm$DMH+0x00000289d1381400'
Event: 29.803 Thread 0x00000289b88b1250 Unloading class 0x00000289d1381000 'java/lang/invoke/LambdaForm$DMH+0x00000289d1381000'
Event: 29.803 Thread 0x00000289b88b1250 Unloading class 0x00000289d1380c00 'java/lang/invoke/LambdaForm$DMH+0x00000289d1380c00'
Event: 29.803 Thread 0x00000289b88b1250 Unloading class 0x00000289d1380800 'java/lang/invoke/LambdaForm$DMH+0x00000289d1380800'
Event: 29.803 Thread 0x00000289b88b1250 Unloading class 0x00000289d1380400 'java/lang/invoke/LambdaForm$DMH+0x00000289d1380400'

Classes redefined (0 events):
No events

Internal exceptions (20 events):
Event: 29.656 Thread 0x0000028a17310ee0 Exception <a 'java/lang/NoSuchMethodError'{0x00000000d60897f8}: 'java.lang.Object java.lang.invoke.DirectMethodHandle$Holder.invokeVirtual(java.lang.Object, java.lang.Object, int)'> (0x00000000d60897f8) 
thrown [s\src\hotspot\share\interpreter\linkResolver.cpp, line 773]
Event: 29.864 Thread 0x0000028a17311570 Exception <a 'java/lang/LinkageError'{0x00000000d558a000}: loader lombok.launch.ShadowClassLoader @697a7f95 attempted duplicate class definition for lombok.launch.PatchFixesHider$ValPortal. (lombok.launch.PatchFixesHider$ValPortal is in unnamed module of loader lombok.launch.ShadowClassLoader @697a7f95, parent loader org.eclipse.osgi.internal.loader.EquinoxClassLoader @6b43e55a)> (0x00000000d558a000) 
thrown [s\src\hotspot\share\classfile\systemDictionary.cpp, line 1672]
Event: 30.303 Thread 0x0000028a17310ee0 Exception <a 'java/lang/LinkageError'{0x00000000d5601440}: loader lombok.launch.ShadowClassLoader @697a7f95 attempted duplicate class definition for lombok.launch.PatchFixesHider$Transform. (lombok.launch.PatchFixesHider$Transform is in unnamed module of loader lombok.launch.ShadowClassLoader @697a7f95, parent loader org.eclipse.osgi.internal.loader.EquinoxClassLoader @6b43e55a)> (0x00000000d5601440) 
thrown [s\src\hotspot\share\classfile\systemDictionary.cpp, line 1672]
Event: 30.303 Thread 0x0000028a17765390 Exception <a 'java/lang/LinkageError'{0x00000000d56b3c08}: loader lombok.launch.ShadowClassLoader @697a7f95 attempted duplicate class definition for lombok.launch.PatchFixesHider$Transform. (lombok.launch.PatchFixesHider$Transform is in unnamed module of loader lombok.launch.ShadowClassLoader @697a7f95, parent loader org.eclipse.osgi.internal.loader.EquinoxClassLoader @6b43e55a)> (0x00000000d56b3c08) 
thrown [s\src\hotspot\share\classfile\systemDictionary.cpp, line 1672]
Event: 30.305 Thread 0x0000028a17764d00 Exception <a 'java/lang/LinkageError'{0x00000000d56c12e0}: loader lombok.launch.ShadowClassLoader @697a7f95 attempted duplicate class definition for lombok.launch.PatchFixesHider$Transform. (lombok.launch.PatchFixesHider$Transform is in unnamed module of loader lombok.launch.ShadowClassLoader @697a7f95, parent loader org.eclipse.osgi.internal.loader.EquinoxClassLoader @6b43e55a)> (0x00000000d56c12e0) 
thrown [s\src\hotspot\share\classfile\systemDictionary.cpp, line 1672]
Event: 30.305 Thread 0x0000028a17312920 Exception <a 'java/lang/LinkageError'{0x00000000d56c5768}: loader lombok.launch.ShadowClassLoader @697a7f95 attempted duplicate class definition for lombok.launch.PatchFixesHider$Transform. (lombok.launch.PatchFixesHider$Transform is in unnamed module of loader lombok.launch.ShadowClassLoader @697a7f95, parent loader org.eclipse.osgi.internal.loader.EquinoxClassLoader @6b43e55a)> (0x00000000d56c5768) 
thrown [s\src\hotspot\share\classfile\systemDictionary.cpp, line 1672]
Event: 30.306 Thread 0x0000028a17311570 Exception <a 'java/lang/LinkageError'{0x00000000d55b9c48}: loader lombok.launch.ShadowClassLoader @697a7f95 attempted duplicate class definition for lombok.launch.PatchFixesHider$Transform. (lombok.launch.PatchFixesHider$Transform is in unnamed module of loader lombok.launch.ShadowClassLoader @697a7f95, parent loader org.eclipse.osgi.internal.loader.EquinoxClassLoader @6b43e55a)> (0x00000000d55b9c48) 
thrown [s\src\hotspot\share\classfile\systemDictionary.cpp, line 1672]
Event: 31.432 Thread 0x0000028a17312920 Exception <a 'java/lang/LinkageError'{0x00000000d61a0d88}: loader lombok.launch.ShadowClassLoader @18851be1 attempted duplicate class definition for lombok.launch.PatchFixesHider$FieldInitializer. (lombok.launch.PatchFixesHider$FieldInitializer is in unnamed module of loader lombok.launch.ShadowClassLoader @18851be1, parent loader org.eclipse.osgi.internal.loader.EquinoxClassLoader @1dcf5b70)> (0x00000000d61a0d88) 
thrown [s\src\hotspot\share\classfile\systemDictionary.cpp, line 1672]
Event: 31.432 Thread 0x0000028a17312290 Exception <a 'java/lang/LinkageError'{0x00000000d6186a30}: loader lombok.launch.ShadowClassLoader @18851be1 attempted duplicate class definition for lombok.launch.PatchFixesHider$FieldInitializer. (lombok.launch.PatchFixesHider$FieldInitializer is in unnamed module of loader lombok.launch.ShadowClassLoader @18851be1, parent loader org.eclipse.osgi.internal.loader.EquinoxClassLoader @1dcf5b70)> (0x00000000d6186a30) 
thrown [s\src\hotspot\share\classfile\systemDictionary.cpp, line 1672]
Event: 31.433 Thread 0x0000028a17765390 Exception <a 'java/lang/LinkageError'{0x00000000d6227608}: loader lombok.launch.ShadowClassLoader @18851be1 attempted duplicate class definition for lombok.launch.PatchFixesHider$FieldInitializer. (lombok.launch.PatchFixesHider$FieldInitializer is in unnamed module of loader lombok.launch.ShadowClassLoader @18851be1, parent loader org.eclipse.osgi.internal.loader.EquinoxClassLoader @1dcf5b70)> (0x00000000d6227608) 
thrown [s\src\hotspot\share\classfile\systemDictionary.cpp, line 1672]
Event: 31.433 Thread 0x0000028a17310ee0 Exception <a 'java/lang/LinkageError'{0x00000000d61f6eb0}: loader lombok.launch.ShadowClassLoader @18851be1 attempted duplicate class definition for lombok.launch.PatchFixesHider$FieldInitializer. (lombok.launch.PatchFixesHider$FieldInitializer is in unnamed module of loader lombok.launch.ShadowClassLoader @18851be1, parent loader org.eclipse.osgi.internal.loader.EquinoxClassLoader @1dcf5b70)> (0x00000000d61f6eb0) 
thrown [s\src\hotspot\share\classfile\systemDictionary.cpp, line 1672]
Event: 31.434 Thread 0x0000028a17311570 Exception <a 'java/lang/LinkageError'{0x00000000d622c050}: loader lombok.launch.ShadowClassLoader @18851be1 attempted duplicate class definition for lombok.launch.PatchFixesHider$FieldInitializer. (lombok.launch.PatchFixesHider$FieldInitializer is in unnamed module of loader lombok.launch.ShadowClassLoader @18851be1, parent loader org.eclipse.osgi.internal.loader.EquinoxClassLoader @1dcf5b70)> (0x00000000d622c050) 
thrown [s\src\hotspot\share\classfile\systemDictionary.cpp, line 1672]
Event: 31.491 Thread 0x0000028a17765390 Exception <a 'java/lang/NoSuchMethodError'{0x00000000d6468b78}: 'java.lang.Object java.lang.invoke.DirectMethodHandle$Holder.invokeSpecial(java.lang.Object, java.lang.Object, java.lang.Object, java.lang.Object, int, java.lang.Object, java.lang.Object)'> (0x00000000d6468b78) 
thrown [s\src\hotspot\share\interpreter\linkResolver.cpp, line 773]
Event: 31.491 Thread 0x0000028a17310ee0 Exception <a 'java/lang/NoSuchMethodError'{0x00000000d6440590}: 'java.lang.Object java.lang.invoke.DirectMethodHandle$Holder.invokeSpecial(java.lang.Object, java.lang.Object, java.lang.Object, java.lang.Object, int, java.lang.Object, java.lang.Object)'> (0x00000000d6440590) 
thrown [s\src\hotspot\share\interpreter\linkResolver.cpp, line 773]
Event: 31.492 Thread 0x0000028a17312290 Exception <a 'java/lang/NoSuchMethodError'{0x00000000d62d9b70}: 'java.lang.Object java.lang.invoke.DirectMethodHandle$Holder.invokeSpecial(java.lang.Object, java.lang.Object, java.lang.Object, java.lang.Object, int, java.lang.Object, java.lang.Object)'> (0x00000000d62d9b70) 
thrown [s\src\hotspot\share\interpreter\linkResolver.cpp, line 773]
Event: 31.492 Thread 0x0000028a17312920 Exception <a 'java/lang/NoSuchMethodError'{0x00000000d6452ef8}: 'java.lang.Object java.lang.invoke.DirectMethodHandle$Holder.invokeSpecial(java.lang.Object, java.lang.Object, java.lang.Object, java.lang.Object, int, java.lang.Object, java.lang.Object)'> (0x00000000d6452ef8) 
thrown [s\src\hotspot\share\interpreter\linkResolver.cpp, line 773]
Event: 31.492 Thread 0x0000028a17311570 Exception <a 'java/lang/NoSuchMethodError'{0x00000000d623bbb8}: 'java.lang.Object java.lang.invoke.DirectMethodHandle$Holder.invokeSpecial(java.lang.Object, java.lang.Object, java.lang.Object, java.lang.Object, int, java.lang.Object, java.lang.Object)'> (0x00000000d623bbb8) 
thrown [s\src\hotspot\share\interpreter\linkResolver.cpp, line 773]
Event: 32.109 Thread 0x0000028a17764d00 Exception <a 'java/lang/NoSuchMethodError'{0x00000000d5f1b628}: 'java.lang.Object java.lang.invoke.DirectMethodHandle$Holder.invokeStatic(java.lang.Object, java.lang.Object, int, int)'> (0x00000000d5f1b628) 
thrown [s\src\hotspot\share\interpreter\linkResolver.cpp, line 773]
Event: 32.109 Thread 0x0000028a17764d00 Exception <a 'java/lang/NoSuchMethodError'{0x00000000d5f1fc78}: 'java.lang.Object java.lang.invoke.DirectMethodHandle$Holder.invokeSpecial(java.lang.Object, java.lang.Object, java.lang.Object, int, int)'> (0x00000000d5f1fc78) 
thrown [s\src\hotspot\share\interpreter\linkResolver.cpp, line 773]
Event: 33.233 Thread 0x0000028a16181440 Exception <a 'java/lang/NoSuchMethodError'{0x00000000d63be4e0}: 'java.lang.Object java.lang.invoke.DirectMethodHandle$Holder.invokeSpecial(java.lang.Object, java.lang.Object, int, long)'> (0x00000000d63be4e0) 
thrown [s\src\hotspot\share\interpreter\linkResolver.cpp, line 773]

ZGC Phase Switch (0 events):
No events

VM Operations (20 events):
Event: 29.295 Executing safepoint VM operation: ParallelGCFailedAllocation (Allocation Failure) done
Event: 29.295 Executing safepoint VM operation: ParallelGCSystemGC (GCLocker Initiated GC)
Event: 29.301 Executing safepoint VM operation: ParallelGCSystemGC (GCLocker Initiated GC) done
Event: 29.333 Executing non-safepoint VM operation: HandshakeAllThreads (Deoptimize)
Event: 29.333 Executing non-safepoint VM operation: HandshakeAllThreads (Deoptimize) done
Event: 29.688 Executing non-safepoint VM operation: HandshakeAllThreads (Deoptimize)
Event: 29.688 Executing non-safepoint VM operation: HandshakeAllThreads (Deoptimize) done
Event: 29.783 Executing safepoint VM operation: CollectForMetadataAllocation (Metadata GC Threshold)
Event: 29.853 Executing safepoint VM operation: CollectForMetadataAllocation (Metadata GC Threshold) done
Event: 30.042 Executing safepoint VM operation: ParallelGCFailedAllocation (Allocation Failure)
Event: 30.043 Executing safepoint VM operation: ParallelGCFailedAllocation (Allocation Failure) done
Event: 30.247 Executing safepoint VM operation: ParallelGCFailedAllocation (Allocation Failure)
Event: 30.249 Executing safepoint VM operation: ParallelGCFailedAllocation (Allocation Failure) done
Event: 31.048 Executing safepoint VM operation: ParallelGCFailedAllocation (Allocation Failure)
Event: 31.051 Executing safepoint VM operation: ParallelGCFailedAllocation (Allocation Failure) done
Event: 31.388 Executing non-safepoint VM operation: HandshakeAllThreads (Deoptimize)
Event: 31.388 Executing non-safepoint VM operation: HandshakeAllThreads (Deoptimize) done
Event: 31.754 Executing safepoint VM operation: ParallelGCFailedAllocation (Allocation Failure)
Event: 31.757 Executing safepoint VM operation: ParallelGCFailedAllocation (Allocation Failure) done
Event: 33.757 Executing safepoint VM operation: Cleanup

Memory protections (0 events):
No events

Nmethod flushes (20 events):
Event: 29.815 Thread 0x00000289b88b1250 flushing  nmethod 0x00000289bbed7490
Event: 29.815 Thread 0x00000289b88b1250 flushing  nmethod 0x00000289bbeec910
Event: 29.815 Thread 0x00000289b88b1250 flushing  nmethod 0x00000289bbeecc10
Event: 29.815 Thread 0x00000289b88b1250 flushing  nmethod 0x00000289bbef2010
Event: 29.815 Thread 0x00000289b88b1250 flushing  nmethod 0x00000289bbf25b10
Event: 29.815 Thread 0x00000289b88b1250 flushing  nmethod 0x00000289bbf29290
Event: 29.815 Thread 0x00000289b88b1250 flushing  nmethod 0x00000289bbf60690
Event: 29.815 Thread 0x00000289b88b1250 flushing  nmethod 0x00000289bbf65510
Event: 29.815 Thread 0x00000289b88b1250 flushing  nmethod 0x00000289bbfdbb90
Event: 29.815 Thread 0x00000289b88b1250 flushing  nmethod 0x00000289bbfdc590
Event: 29.815 Thread 0x00000289b88b1250 flushing  nmethod 0x00000289bbfe2710
Event: 29.815 Thread 0x00000289b88b1250 flushing  nmethod 0x00000289bc014110
Event: 29.815 Thread 0x00000289b88b1250 flushing  nmethod 0x00000289bc01ef10
Event: 29.815 Thread 0x00000289b88b1250 flushing  nmethod 0x00000289bc022e90
Event: 29.815 Thread 0x00000289b88b1250 flushing  nmethod 0x00000289bc023810
Event: 29.815 Thread 0x00000289b88b1250 flushing  nmethod 0x00000289bc061710
Event: 29.815 Thread 0x00000289b88b1250 flushing  nmethod 0x00000289bc061b10
Event: 29.815 Thread 0x00000289b88b1250 flushing  nmethod 0x00000289bc062010
Event: 29.815 Thread 0x00000289b88b1250 flushing  nmethod 0x00000289bc077790
Event: 29.815 Thread 0x00000289b88b1250 flushing  nmethod 0x00000289bc07cb10

Events (20 events):
Event: 27.028 Thread 0x0000028a169b6310 Thread added: 0x0000028a1652b200
Event: 27.237 Thread 0x0000028a1652b200 Thread exited: 0x0000028a1652b200
Event: 27.676 Thread 0x00000289b897e260 Thread added: 0x0000028a1652b200
Event: 27.676 Thread 0x00000289b897e260 Thread added: 0x0000028a16529e50
Event: 27.676 Thread 0x00000289b897e260 Thread added: 0x0000028a177660b0
Event: 27.676 Thread 0x00000289b897e260 Thread added: 0x0000028a17765a20
Event: 27.676 Thread 0x00000289b897e260 Thread added: 0x0000028a17766740
Event: 27.677 Thread 0x00000289b897e260 Thread added: 0x0000028a17766dd0
Event: 27.677 Thread 0x00000289b897e260 Thread added: 0x0000028a17764670
Event: 27.727 Thread 0x00000289b897e260 Thread added: 0x0000028a17767460
Event: 28.018 Thread 0x00000289b897e260 Thread added: 0x0000028a17767af0
Event: 28.018 Thread 0x00000289b897e260 Thread added: 0x0000028a17764d00
Event: 28.347 Thread 0x0000028a17764d00 Thread added: 0x0000028a17765390
Event: 28.349 Thread 0x0000028a17764d00 Thread added: 0x0000028a17311570
Event: 28.389 Thread 0x0000028a17764d00 Thread added: 0x0000028a17310ee0
Event: 28.397 Thread 0x0000028a17764d00 Thread added: 0x0000028a17312920
Event: 28.401 Thread 0x0000028a17764d00 Thread added: 0x0000028a17312290
Event: 28.747 Thread 0x00000289b89283b0 Thread added: 0x0000028a17e03bc0
Event: 29.863 Thread 0x0000028a17e03bc0 Thread exited: 0x0000028a17e03bc0
Event: 29.978 Thread 0x00000289b89283b0 Thread added: 0x0000028a17e03bc0


Dynamic libraries:
0x00007ff6ac870000 - 0x00007ff6ac87e000 	c:\Users\HP\.antigravity\extensions\redhat.java-1.53.0-win32-x64\jre\21.0.10-win32-x86_64\bin\java.exe
0x00007ffa4d140000 - 0x00007ffa4d3a8000 	C:\WINDOWS\SYSTEM32\ntdll.dll
0x00007ffa4b9d0000 - 0x00007ffa4ba99000 	C:\WINDOWS\System32\KERNEL32.DLL
0x00007ffa4a020000 - 0x00007ffa4a411000 	C:\WINDOWS\System32\KERNELBASE.dll
0x00007ffa49ba0000 - 0x00007ffa49ceb000 	C:\WINDOWS\System32\ucrtbase.dll
0x00007ffa40720000 - 0x00007ffa40738000 	c:\Users\HP\.antigravity\extensions\redhat.java-1.53.0-win32-x64\jre\21.0.10-win32-x86_64\bin\jli.dll
0x00007ffa4ce60000 - 0x00007ffa4d026000 	C:\WINDOWS\System32\USER32.dll
0x00007ffa4a420000 - 0x00007ffa4a447000 	C:\WINDOWS\System32\win32u.dll
0x00007ffa4aee0000 - 0x00007ffa4af0b000 	C:\WINDOWS\System32\GDI32.dll
0x00007ffa49d80000 - 0x00007ffa49eab000 	C:\WINDOWS\System32\gdi32full.dll
0x00007ffa4a450000 - 0x00007ffa4a4f3000 	C:\WINDOWS\System32\msvcp_win.dll
0x00007ffa315b0000 - 0x00007ffa31843000 	C:\WINDOWS\WinSxS\amd64_microsoft.windows.common-controls_6595b64144ccf1df_6.0.26100.7824_none_3e0870b2e3345462\COMCTL32.dll
0x00007ffa4cd50000 - 0x00007ffa4cdf9000 	C:\WINDOWS\System32\msvcrt.dll
0x00007ffa2de50000 - 0x00007ffa2de6e000 	c:\Users\HP\.antigravity\extensions\redhat.java-1.53.0-win32-x64\jre\21.0.10-win32-x86_64\bin\VCRUNTIME140.dll
0x00007ffa4d0c0000 - 0x00007ffa4d0f1000 	C:\WINDOWS\System32\IMM32.DLL
0x00007ffa2e3c0000 - 0x00007ffa2e3cc000 	c:\Users\HP\.antigravity\extensions\redhat.java-1.53.0-win32-x64\jre\21.0.10-win32-x86_64\bin\vcruntime140_1.dll
0x00007ffa11820000 - 0x00007ffa118ad000 	c:\Users\HP\.antigravity\extensions\redhat.java-1.53.0-win32-x64\jre\21.0.10-win32-x86_64\bin\msvcp140.dll
0x00007ff9a7040000 - 0x00007ff9a7de1000 	c:\Users\HP\.antigravity\extensions\redhat.java-1.53.0-win32-x64\jre\21.0.10-win32-x86_64\bin\server\jvm.dll
0x00007ffa4bfc0000 - 0x00007ffa4c074000 	C:\WINDOWS\System32\ADVAPI32.dll
0x00007ffa4c9e0000 - 0x00007ffa4ca86000 	C:\WINDOWS\System32\sechost.dll
0x00007ffa4afb0000 - 0x00007ffa4b0c8000 	C:\WINDOWS\System32\RPCRT4.dll
0x00007ffa4d030000 - 0x00007ffa4d0a4000 	C:\WINDOWS\System32\WS2_32.dll
0x00007ffa49880000 - 0x00007ffa498de000 	C:\WINDOWS\SYSTEM32\POWRPROF.dll
0x00007ffa43990000 - 0x00007ffa439c5000 	C:\WINDOWS\SYSTEM32\WINMM.dll
0x00007ffa439d0000 - 0x00007ffa439db000 	C:\WINDOWS\SYSTEM32\VERSION.dll
0x00007ffa49860000 - 0x00007ffa49874000 	C:\WINDOWS\SYSTEM32\UMPDC.dll
0x00007ffa487c0000 - 0x00007ffa487db000 	C:\WINDOWS\SYSTEM32\kernel.appcore.dll
0x00007ffa28630000 - 0x00007ffa2863a000 	c:\Users\HP\.antigravity\extensions\redhat.java-1.53.0-win32-x64\jre\21.0.10-win32-x86_64\bin\jimage.dll
0x00007ffa478b0000 - 0x00007ffa47af2000 	C:\WINDOWS\SYSTEM32\DBGHELP.DLL
0x00007ffa4c160000 - 0x00007ffa4c4e6000 	C:\WINDOWS\System32\combase.dll
0x00007ffa4c790000 - 0x00007ffa4c867000 	C:\WINDOWS\System32\OLEAUT32.dll
0x00007ffa30540000 - 0x00007ffa3057b000 	C:\WINDOWS\SYSTEM32\dbgcore.DLL
0x00007ffa49f70000 - 0x00007ffa4a015000 	C:\WINDOWS\System32\bcryptPrimitives.dll
0x00007ffa28480000 - 0x00007ffa2848f000 	c:\Users\HP\.antigravity\extensions\redhat.java-1.53.0-win32-x64\jre\21.0.10-win32-x86_64\bin\instrument.dll
0x00007ffa21c60000 - 0x00007ffa21c80000 	c:\Users\HP\.antigravity\extensions\redhat.java-1.53.0-win32-x64\jre\21.0.10-win32-x86_64\bin\java.dll
0x00007ffa4b270000 - 0x00007ffa4b9c2000 	C:\WINDOWS\System32\SHELL32.dll
0x00007ffa4a500000 - 0x00007ffa4a66a000 	C:\WINDOWS\System32\wintypes.dll
0x00007ffa4a670000 - 0x00007ffa4aed3000 	C:\WINDOWS\System32\windows.storage.dll
0x00007ffa4b170000 - 0x00007ffa4b266000 	C:\WINDOWS\System32\SHCORE.dll
0x00007ffa4af40000 - 0x00007ffa4afa7000 	C:\WINDOWS\System32\shlwapi.dll
0x00007ffa49940000 - 0x00007ffa49969000 	C:\WINDOWS\SYSTEM32\profapi.dll
0x00007ffa22680000 - 0x00007ffa22698000 	c:\Users\HP\.antigravity\extensions\redhat.java-1.53.0-win32-x64\jre\21.0.10-win32-x86_64\bin\zip.dll
0x00007ffa26b70000 - 0x00007ffa26b80000 	C:\Users\HP\.antigravity\extensions\redhat.java-1.53.0-win32-x64\jre\21.0.10-win32-x86_64\bin\net.dll
0x00007ffa43860000 - 0x00007ffa43987000 	C:\WINDOWS\SYSTEM32\WINHTTP.dll
0x00007ffa48d30000 - 0x00007ffa48d9b000 	C:\WINDOWS\system32\mswsock.dll
0x00007ffa21c10000 - 0x00007ffa21c26000 	C:\Users\HP\.antigravity\extensions\redhat.java-1.53.0-win32-x64\jre\21.0.10-win32-x86_64\bin\nio.dll
0x00007ffa25340000 - 0x00007ffa25350000 	c:\Users\HP\.antigravity\extensions\redhat.java-1.53.0-win32-x64\jre\21.0.10-win32-x86_64\bin\verify.dll
0x00007ffa12f20000 - 0x00007ffa12f65000 	C:\Users\HP\AppData\Roaming\Antigravity\User\globalStorage\redhat.java\1.53.0\config_ss_win\org.eclipse.equinox.launcher\org.eclipse.equinox.launcher.win32.win32.x86_64_1.3.0.v20260203-2149\eclipse_11919.dll
0x00007ffa4c5f0000 - 0x00007ffa4c787000 	C:\WINDOWS\System32\ole32.dll
0x00007ffa49000000 - 0x00007ffa4901b000 	C:\WINDOWS\SYSTEM32\CRYPTSP.dll
0x00007ffa48720000 - 0x00007ffa48759000 	C:\WINDOWS\system32\rsaenh.dll
0x00007ffa48de0000 - 0x00007ffa48e0b000 	C:\WINDOWS\SYSTEM32\USERENV.dll
0x00007ffa49910000 - 0x00007ffa4993a000 	C:\WINDOWS\SYSTEM32\bcrypt.dll
0x00007ffa49020000 - 0x00007ffa4902c000 	C:\WINDOWS\SYSTEM32\CRYPTBASE.dll
0x00007ffa481c0000 - 0x00007ffa481f4000 	C:\WINDOWS\SYSTEM32\IPHLPAPI.DLL
0x00007ffa4cd40000 - 0x00007ffa4cd4a000 	C:\WINDOWS\System32\NSI.dll
0x00007ffa10c00000 - 0x00007ffa10c49000 	C:\Users\HP\AppData\Local\Temp\jna-2312\jna15818051090669023584.dll
0x00007ffa4cd30000 - 0x00007ffa4cd38000 	C:\WINDOWS\System32\PSAPI.DLL
0x00007ffa43c10000 - 0x00007ffa43c2e000 	C:\WINDOWS\SYSTEM32\dhcpcsvc6.DLL
0x00007ffa43bc0000 - 0x00007ffa43be3000 	C:\WINDOWS\SYSTEM32\dhcpcsvc.DLL

JVMTI agents:
c:\Users\HP\.antigravity\extensions\redhat.java-1.53.0-win32-x64\lombok\lombok-1.18.39-4050.jar path:c:\Users\HP\.antigravity\extensions\redhat.java-1.53.0-win32-x64\jre\21.0.10-win32-x86_64\bin\instrument.dll, loaded, initialized, instrumentlib options:none

dbghelp: loaded successfully - version: 4.0.5 - missing functions: none
symbol engine: initialized successfully - sym options: 0x614 - pdb path: .;c:\Users\HP\.antigravity\extensions\redhat.java-1.53.0-win32-x64\jre\21.0.10-win32-x86_64\bin;C:\WINDOWS\SYSTEM32;C:\WINDOWS\WinSxS\amd64_microsoft.windows.common-controls_6595b64144ccf1df_6.0.26100.7824_none_3e0870b2e3345462;c:\Users\HP\.antigravity\extensions\redhat.java-1.53.0-win32-x64\jre\21.0.10-win32-x86_64\bin\server;C:\Users\HP\AppData\Roaming\Antigravity\User\globalStorage\redhat.java\1.53.0\config_ss_win\org.eclipse.equinox.launcher\org.eclipse.equinox.launcher.win32.win32.x86_64_1.3.0.v20260203-2149;C:\Users\HP\AppData\Local\Temp\jna-2312

VM Arguments:
jvm_args: --add-modules=ALL-SYSTEM --add-opens=java.base/java.util=ALL-UNNAMED --add-opens=java.base/java.lang=ALL-UNNAMED --add-opens=java.base/sun.nio.fs=ALL-UNNAMED -Declipse.application=org.eclipse.jdt.ls.core.id1 -Dosgi.bundles.defaultStartLevel=4 -Declipse.product=org.eclipse.jdt.ls.core.product -Djava.import.generatesMetadataFilesAtProjectRoot=false -DDetectVMInstallationsJob.disabled=true -Dfile.encoding=utf8 -XX:+UseParallelGC -XX:GCTimeRatio=4 -XX:AdaptiveSizePolicyWeight=90 -Dsun.zip.disableMemoryMapping=true -Xmx2G -Xms100m -Xlog:disable -javaagent:c:\Users\HP\.antigravity\extensions\redhat.java-1.53.0-win32-x64\lombok\lombok-1.18.39-4050.jar 
java_command: c:\Users\HP\.antigravity\extensions\redhat.java-1.53.0-win32-x64\server\plugins\org.eclipse.equinox.launcher_1.7.100.v20251111-0406.jar -configuration c:\Users\HP\AppData\Roaming\Antigravity\User\globalStorage\redhat.java\1.53.0\config_ss_win -data c:\Users\HP\AppData\Roaming\Antigravity\User\workspaceStorage\0a5ded8aed38bcd8f091fb84c5365ec8\redhat.java\ss_ws --pipe=\\.\pipe\lsp-6c2b7c14691897f536f92a2bc9f577de-sock
java_class_path (initial): c:\Users\HP\.antigravity\extensions\redhat.java-1.53.0-win32-x64\server\plugins\org.eclipse.equinox.launcher_1.7.100.v20251111-0406.jar
Launcher Type: SUN_STANDARD

[Global flags]
    uintx AdaptiveSizePolicyWeight                 = 90                                        {product} {command line}
     intx CICompilerCount                          = 3                                         {product} {ergonomic}
    uintx GCTimeRatio                              = 4                                         {product} {command line}
   size_t InitialHeapSize                          = 104857600                                 {product} {command line}
   size_t MaxHeapSize                              = 2147483648                                {product} {command line}
   size_t MaxNewSize                               = 715653120                                 {product} {ergonomic}
   size_t MinHeapDeltaBytes                        = 524288                                    {product} {ergonomic}
   size_t MinHeapSize                              = 104857600                                 {product} {command line}
   size_t NewSize                                  = 34603008                                  {product} {ergonomic}
    uintx NonNMethodCodeHeapSize                   = 5832780                                {pd product} {ergonomic}
    uintx NonProfiledCodeHeapSize                  = 122912730                              {pd product} {ergonomic}
   size_t OldSize                                  = 70254592                                  {product} {ergonomic}
    uintx ProfiledCodeHeapSize                     = 122912730                              {pd product} {ergonomic}
    uintx ReservedCodeCacheSize                    = 251658240                              {pd product} {ergonomic}
     bool SegmentedCodeCache                       = true                                      {product} {ergonomic}
   size_t SoftMaxHeapSize                          = 2147483648                             {manageable} {ergonomic}
     bool UseCompressedOops                        = true                           {product lp64_product} {ergonomic}
     bool UseLargePagesIndividualAllocation        = false                                  {pd product} {ergonomic}
     bool UseParallelGC                            = true                                      {product} {command line}

Logging:
Log output configuration:
 #0: stdout all=off uptime,level,tags foldmultilines=false
 #1: stderr all=off uptime,level,tags foldmultilines=false

Release file:
JAVA_VERSION="21.0.10" 
MODULES="java.base java.compiler java.datatransfer java.xml java.prefs java.desktop java.instrument java.logging java.management java.security.sasl java.naming java.rmi java.management.rmi java.net.http java.scripting java.security.jgss java.transaction.xa java.sql java.sql.rowset java.xml.crypto java.se java.smartcardio jdk.accessibility jdk.internal.jvmstat jdk.attach jdk.charsets jdk.internal.opt jdk.zipfs jdk.compiler jdk.crypto.ec jdk.crypto.cryptoki jdk.crypto.mscapi jdk.dynalink jdk.internal.ed jdk.editpad jdk.hotspot.agent jdk.httpserver jdk.internal.le jdk.internal.vm.ci jdk.internal.vm.compiler jdk.internal.vm.compiler.management jdk.jartool jdk.javadoc jdk.jcmd jdk.management jdk.management.agent jdk.jconsole jdk.jdeps jdk.jdwp.agent jdk.jdi jdk.jfr jdk.jshell jdk.jsobject jdk.jstatd jdk.localedata jdk.management.jfr jdk.naming.dns jdk.naming.rmi jdk.net jdk.nio.mapmode jdk.random jdk.sctp jdk.security.auth jdk.security.jgss jdk.unsupported jdk.unsupported.desktop jdk.xml.dom" 

Environment Variables:
JAVA_HOME=C:\Program Files\jdk-20.0.2
PATH=C:\Python312\Scripts\;C:\Python312\;C:\Program Files\Common Files\Oracle\Java\javapath;C:\Program Files (x86)\Common Files\Oracle\Java\javapath;C:\WINDOWS\system32;C:\WINDOWS;C:\WINDOWS\System32\Wbem;C:\WINDOWS\System32\WindowsPowerShell\v1.0\;C:\WINDOWS\System32\OpenSSH\;C:\Program Files\Git\cmd;C:\MinGW\bin;C:\Program Files\wkhtmltopdf\bin;C:\Program Files (x86)\Java\jre-1.8\bin;C:\Program Files\jdk-20.0.2\bin;C:\Program Files\MongoDB\Server\7.0\bin;C:\Program Files\Amazon\AWSCLIV2\;C:\Users\HP\OpenSSH-Win64;C:\ProgramData\chocolatey\bin;C:\Program Files (x86)\Yarn\bin\;C:\Program Files\MongoDB\Server\5.0\bin;C:\Program Files\MySQL\MySQL Server 8.0\bin;;C:\WINDOWS\system32;C:\WINDOWS;C:\WINDOWS\System32\Wbem;C:\WINDOWS\System32\WindowsPowerShell\v1.0\;C:\WINDOWS\System32\OpenSSH\;C:\Program Files\Kubernetes\Minikube;;C:\Program Files\Docker\Docker\resources\bin;C:\Program Files\PowerShell\7\;C:\Users\HP\AppData\Local\Programs\Python\Python38\Scripts\;C:\Users\HP\AppData\Local\Programs\Python\Python38\;C:\Users\HP\AppData\Local\Microsoft\WindowsApps;C:\Program Files\JetBrains\PyCharm Community Edition 2023.1.3\bin;;C:\Program Files\heroku\bin;C:\Users\HP\apache-maven-3.9.6\bin;C:\Program Files\JetBrains\DataGrip 2023.3.4\bin;;C:\Program Files\MySQL\MySQL Server 8.3\bin;C:\Users\HP\AppData\Local\Programs\oh-my-posh\bin;C:\Users\HP\AppData\Local\Yarn\bin;C:\Program Files\MongoDB\Server\5.0\bin;C:\Users\HP\AppData\Local\Programs\Microsoft VS Code\bin;C:\Program Files\MySQL\MySQL Server 8.0\bin;C:\Users\HP\AppData\Local\Programs\Antigravity\bin;C:\Users\HP\AppData\Local\Programs\mongosh\
USERNAME=HP
OS=Windows_NT
PROCESSOR_IDENTIFIER=AMD64 Family 23 Model 96 Stepping 1, AuthenticAMD
TMP=C:\Users\HP\AppData\Local\Temp
TEMP=C:\Users\HP\AppData\Local\Temp




Periodic native trim disabled

---------------  S Y S T E M  ---------------

OS:
 Windows 11 , 64 bit Build 26100 (10.0.26100.7705)
OS uptime: 0 days 18:50 hours
Hyper-V role detected

CPU: total 6 (initial active 6) (6 cores per cpu, 1 threads per core) family 23 model 96 stepping 1 microcode 0x8600109, cx8, cmov, fxsr, mmx, 3dnowpref, sse, sse2, sse3, ssse3, sse4a, sse4.1, sse4.2, popcnt, lzcnt, tsc, tscinvbit, avx, avx2, aes, clmul, bmi1, bmi2, adx, sha, fma, vzeroupper, clflush, clflushopt, hv, rdtscp, rdpid, f16c
Processor Information for the first 6 processors :
  Max Mhz: 2375, Current Mhz: 2375, Mhz Limit: 2375

Memory: 4k page, system-wide physical 7564M (597M free)
TotalPageFile size 31116M (AvailPageFile size 288M)
current process WorkingSet (physical memory assigned to process): 181M, peak: 199M
current process commit charge ("private bytes"): 293M, peak: 312M

vm_info: OpenJDK 64-Bit Server VM (21.0.10+7-LTS) for windows-amd64 JRE (21.0.10+7-LTS), built on 2026-01-20T00:00:00Z by "admin" with MS VC++ 17.12 (VS2022)

END.
