#
# There is insufficient memory for the Java Runtime Environment to continue.
# Native memory allocation (malloc) failed to allocate 32744 bytes. Error detail: ChunkPool::allocate
# Possible reasons:
#   The system is out of physical RAM or swap space
#   This process is running with CompressedOops enabled, and the Java Heap may be blocking the growth of the native heap
# Possible solutions:
#   Reduce memory load on the system
#   Increase physical memory or swap space
#   Check if swap backing store is full
#   Decrease Java heap size (-Xmx/-Xms)
#   Decrease number of Java threads
#   Decrease Java thread stack sizes (-Xss)
#   Set larger code cache with -XX:ReservedCodeCacheSize=
#   JVM is running with Unscaled Compressed Oops mode in which the Java heap is
#     placed in the first 4GB address space. The Java Heap base address is the
#     maximum limit for the native heap growth. Please use -XX:HeapBaseMinAddress
#     to set the Java Heap base and to place the Java Heap above 4GB virtual address.
# This output file may be truncated or incomplete.
#
#  Out of Memory Error (arena.cpp:79), pid=28176, tid=25076
#
# JRE version: OpenJDK Runtime Environment Temurin-17.0.18+8 (17.0.18+8) (build 17.0.18+8)
# Java VM: OpenJDK 64-Bit Server VM Temurin-17.0.18+8 (17.0.18+8, mixed mode, sharing, tiered, compressed oops, compressed class ptrs, g1 gc, windows-amd64)
# No core dump will be written. Minidumps are not enabled by default on client versions of Windows
#

---------------  S U M M A R Y ------------

Command Line: -XX:+ShowCodeDetailsInExceptionMessages com.example.frontend.FrontendApplication

Host: AMD Ryzen 5 4500U with Radeon Graphics         , 6 cores, 7G,  Windows 11 , 64 bit Build 26100 (10.0.26100.7705)
Time: Wed Mar  4 12:26:03 2026 India Standard Time elapsed time: 482.271407 seconds (0d 0h 8m 2s)

---------------  T H R E A D  ---------------

Current thread (0x000001b4e8d14d60):  JavaThread "C2 CompilerThread0" daemon [_thread_in_native, id=25076, stack(0x0000000c12e00000,0x0000000c12f00000)]


Current CompileTask:
C2:482272 5874   !   4       org.apache.kafka.common.network.Selector::pollSelectionKeys (861 bytes)

Stack: [0x0000000c12e00000,0x0000000c12f00000]
Native frames: (J=compiled Java code, j=interpreted, Vv=VM code, C=native code)
V  [jvm.dll+0x6846f9]
V  [jvm.dll+0x839ea5]
V  [jvm.dll+0x83b91e]
V  [jvm.dll+0x83bfa3]
V  [jvm.dll+0x248eff]
V  [jvm.dll+0xad69e]
V  [jvm.dll+0xadb3c]
V  [jvm.dll+0x1b9de8]
V  [jvm.dll+0x694dca]
V  [jvm.dll+0x696bb5]
V  [jvm.dll+0x696942]
V  [jvm.dll+0x694cee]
V  [jvm.dll+0x69440b]
V  [jvm.dll+0x6921b7]
V  [jvm.dll+0x1a781c]
V  [jvm.dll+0x1a83bf]
V  [jvm.dll+0x2af83c]
V  [jvm.dll+0x69cbbf]
V  [jvm.dll+0x694b99]
V  [jvm.dll+0x69440b]
V  [jvm.dll+0x6921b7]
V  [jvm.dll+0x1a781c]
V  [jvm.dll+0x1a83bf]
V  [jvm.dll+0x2af83c]
V  [jvm.dll+0x69cbbf]
V  [jvm.dll+0x694b99]
V  [jvm.dll+0x69440b]
V  [jvm.dll+0x6921b7]
V  [jvm.dll+0x1a781c]
V  [jvm.dll+0x218dc9]
V  [jvm.dll+0x1a4920]
V  [jvm.dll+0x22989a]
V  [jvm.dll+0x227a4b]
V  [jvm.dll+0x7f0658]
V  [jvm.dll+0x7eaaec]
V  [jvm.dll+0x6835c7]
C  [ucrtbase.dll+0x37b0]
C  [KERNEL32.DLL+0x2e8d7]
C  [ntdll.dll+0x8c40c]


---------------  P R O C E S S  ---------------

Threads class SMR info:
_java_thread_list=0x000001b4eee1c410, length=42, elements={
0x000001b4e8cf07b0, 0x000001b4e8cf1bf0, 0x000001b4e8d0f320, 0x000001b4e8d11c00,
0x000001b4e8d137e0, 0x000001b4e8d140b0, 0x000001b4e8d14d60, 0x000001b4e8d1f740,
0x000001b4e8d4a4d0, 0x000001b4ed109740, 0x000001b4ed1196d0, 0x000001b4ee9ff040,
0x000001b4efb9e7d0, 0x000001b4eef145b0, 0x000001b4ef4dcfc0, 0x000001b4ef4dd4d0,
0x000001b4ef4dc090, 0x000001b4ef4dd9e0, 0x000001b4ef4dc5a0, 0x000001b4ef4dcab0,
0x000001b4eec6fef0, 0x000001b4eec6f4d0, 0x000001b4eec6f9e0, 0x000001b4eec6efc0,
0x000001b4eec70400, 0x000001b4eec6e090, 0x000001b4eec71330, 0x000001b4eec70910,
0x000001b4eec70e20, 0x000001b4eec71d50, 0x000001b4eec71840, 0x000001b4eec6e5a0,
0x000001b4eec72260, 0x000001b4eec6eab0, 0x000001b4eec74ff0, 0x000001b4eec72770,
0x000001b4eec75500, 0x000001b4eec72c80, 0x000001b4eec745d0, 0x000001b4ef609d40,
0x000001b4ef60a250, 0x000001b4ef6079d0
}

Java Threads: ( => current thread )
  0x000001b4e8cf07b0 JavaThread "Reference Handler" daemon [_thread_blocked, id=13712, stack(0x0000000c12800000,0x0000000c12900000)]
  0x000001b4e8cf1bf0 JavaThread "Finalizer" daemon [_thread_blocked, id=24492, stack(0x0000000c12900000,0x0000000c12a00000)]
  0x000001b4e8d0f320 JavaThread "Signal Dispatcher" daemon [_thread_blocked, id=11028, stack(0x0000000c12a00000,0x0000000c12b00000)]
  0x000001b4e8d11c00 JavaThread "Attach Listener" daemon [_thread_blocked, id=19152, stack(0x0000000c12b00000,0x0000000c12c00000)]
  0x000001b4e8d137e0 JavaThread "Service Thread" daemon [_thread_blocked, id=9084, stack(0x0000000c12c00000,0x0000000c12d00000)]
  0x000001b4e8d140b0 JavaThread "Monitor Deflation Thread" daemon [_thread_blocked, id=26236, stack(0x0000000c12d00000,0x0000000c12e00000)]
=>0x000001b4e8d14d60 JavaThread "C2 CompilerThread0" daemon [_thread_in_native, id=25076, stack(0x0000000c12e00000,0x0000000c12f00000)]
  0x000001b4e8d1f740 JavaThread "C1 CompilerThread0" daemon [_thread_blocked, id=4936, stack(0x0000000c12f00000,0x0000000c13000000)]
  0x000001b4e8d4a4d0 JavaThread "Sweeper thread" daemon [_thread_blocked, id=9856, stack(0x0000000c13000000,0x0000000c13100000)]
  0x000001b4ed109740 JavaThread "Notification Thread" daemon [_thread_blocked, id=19852, stack(0x0000000c13100000,0x0000000c13200000)]
  0x000001b4ed1196d0 JavaThread "Common-Cleaner" daemon [_thread_blocked, id=11216, stack(0x0000000c13300000,0x0000000c13400000)]
  0x000001b4ee9ff040 JavaThread "Catalina-utility-1" [_thread_blocked, id=15640, stack(0x0000000c13b00000,0x0000000c13c00000)]
  0x000001b4efb9e7d0 JavaThread "Catalina-utility-2" [_thread_blocked, id=6816, stack(0x0000000c13c00000,0x0000000c13d00000)]
  0x000001b4eef145b0 JavaThread "container-0" [_thread_blocked, id=26116, stack(0x0000000c13d00000,0x0000000c13e00000)]
  0x000001b4ef4dcfc0 JavaThread "MessageBroker-1" [_thread_blocked, id=21704, stack(0x0000000c13e00000,0x0000000c13f00000)]
  0x000001b4ef4dd4d0 JavaThread "http-nio-8133-exec-1" daemon [_thread_blocked, id=21168, stack(0x0000000c13f00000,0x0000000c14000000)]
  0x000001b4ef4dc090 JavaThread "http-nio-8133-exec-2" daemon [_thread_blocked, id=3268, stack(0x0000000c14000000,0x0000000c14100000)]
  0x000001b4ef4dd9e0 JavaThread "http-nio-8133-exec-3" daemon [_thread_blocked, id=14684, stack(0x0000000c14100000,0x0000000c14200000)]
  0x000001b4ef4dc5a0 JavaThread "http-nio-8133-exec-4" daemon [_thread_blocked, id=7488, stack(0x0000000c14200000,0x0000000c14300000)]
  0x000001b4ef4dcab0 JavaThread "http-nio-8133-exec-5" daemon [_thread_blocked, id=12552, stack(0x0000000c14300000,0x0000000c14400000)]
  0x000001b4eec6fef0 JavaThread "http-nio-8133-exec-6" daemon [_thread_blocked, id=19588, stack(0x0000000c14400000,0x0000000c14500000)]
  0x000001b4eec6f4d0 JavaThread "http-nio-8133-exec-7" daemon [_thread_blocked, id=28096, stack(0x0000000c14500000,0x0000000c14600000)]
  0x000001b4eec6f9e0 JavaThread "http-nio-8133-exec-8" daemon [_thread_blocked, id=25164, stack(0x0000000c14600000,0x0000000c14700000)]
  0x000001b4eec6efc0 JavaThread "http-nio-8133-exec-9" daemon [_thread_blocked, id=23696, stack(0x0000000c14700000,0x0000000c14800000)]
  0x000001b4eec70400 JavaThread "http-nio-8133-exec-10" daemon [_thread_blocked, id=9148, stack(0x0000000c14800000,0x0000000c14900000)]
  0x000001b4eec6e090 JavaThread "http-nio-8133-Poller" daemon [_thread_in_native, id=25464, stack(0x0000000c14900000,0x0000000c14a00000)]
  0x000001b4eec71330 JavaThread "http-nio-8133-Acceptor" daemon [_thread_in_native, id=12632, stack(0x0000000c14a00000,0x0000000c14b00000)]
  0x000001b4eec70910 JavaThread "ThreadPoolTaskScheduler-1" [_thread_blocked, id=20376, stack(0x0000000c14b00000,0x0000000c14c00000)]
  0x000001b4eec70e20 JavaThread "org.springframework.kafka.KafkaListenerEndpointContainer#0-0-C-1" [_thread_in_native, id=2844, stack(0x0000000c14c00000,0x0000000c14d00000)]
  0x000001b4eec71d50 JavaThread "ThreadPoolTaskScheduler-1" [_thread_blocked, id=20500, stack(0x0000000c14d00000,0x0000000c14e00000)]
  0x000001b4eec71840 JavaThread "org.springframework.kafka.KafkaListenerEndpointContainer#1-0-C-1" [_thread_in_native, id=10616, stack(0x0000000c14e00000,0x0000000c14f00000)]
  0x000001b4eec6e5a0 JavaThread "DestroyJavaVM" [_thread_blocked, id=4656, stack(0x0000000c12100000,0x0000000c12200000)]
  0x000001b4eec72260 JavaThread "kafka-coordinator-heartbeat-thread | frontend-trace-group" daemon [_thread_blocked, id=12724, stack(0x0000000c15000000,0x0000000c15100000)]
  0x000001b4eec6eab0 JavaThread "kafka-coordinator-heartbeat-thread | frontend-group-v2" daemon [_thread_blocked, id=11080, stack(0x0000000c15100000,0x0000000c15200000)]
  0x000001b4eec74ff0 JavaThread "MessageBroker-2" [_thread_blocked, id=908, stack(0x0000000c15300000,0x0000000c15400000)]
  0x000001b4eec72770 JavaThread "MessageBroker-3" [_thread_blocked, id=16396, stack(0x0000000c15400000,0x0000000c15500000)]
  0x000001b4eec75500 JavaThread "MessageBroker-4" [_thread_blocked, id=13796, stack(0x0000000c15500000,0x0000000c15600000)]
  0x000001b4eec72c80 JavaThread "WebSocket background processing" daemon [_thread_blocked, id=2024, stack(0x0000000c15600000,0x0000000c15700000)]
  0x000001b4eec745d0 JavaThread "MessageBroker-5" [_thread_blocked, id=13668, stack(0x0000000c15b00000,0x0000000c15c00000)]
  0x000001b4ef609d40 JavaThread "kafka-producer-network-thread | producer-1" daemon [_thread_in_native, id=12804, stack(0x0000000c16100000,0x0000000c16200000)]
  0x000001b4ef60a250 JavaThread "kafka-producer-network-thread | producer-2" daemon [_thread_in_native, id=5252, stack(0x0000000c16200000,0x0000000c16300000)]
  0x000001b4ef6079d0 JavaThread "MessageBroker-6" [_thread_blocked, id=17928, stack(0x0000000c16400000,0x0000000c16500000)]

Other Threads:
  0x000001b4e8cebd30 VMThread "VM Thread" [stack: 0x0000000c12700000,0x0000000c12800000] [id=17904]
  0x000001b4ed10bc30 WatcherThread [stack: 0x0000000c13200000,0x0000000c13300000] [id=10368]
  0x000001b4cb2a1180 GCTaskThread "GC Thread#0" [stack: 0x0000000c12200000,0x0000000c12300000] [id=8968]
  0x000001b4edbd82c0 GCTaskThread "GC Thread#1" [stack: 0x0000000c13400000,0x0000000c13500000] [id=956]
  0x000001b4eda21940 GCTaskThread "GC Thread#2" [stack: 0x0000000c13500000,0x0000000c13600000] [id=25656]
  0x000001b4eda7d6b0 GCTaskThread "GC Thread#3" [stack: 0x0000000c13600000,0x0000000c13700000] [id=22148]
  0x000001b4eda7dd80 GCTaskThread "GC Thread#4" [stack: 0x0000000c13700000,0x0000000c13800000] [id=18140]
  0x000001b4ee0eb820 GCTaskThread "GC Thread#5" [stack: 0x0000000c13a00000,0x0000000c13b00000] [id=28244]
  0x000001b4cb2b0c50 ConcurrentGCThread "G1 Main Marker" [stack: 0x0000000c12300000,0x0000000c12400000] [id=16272]
  0x000001b4cb2b1570 ConcurrentGCThread "G1 Conc#0" [stack: 0x0000000c12400000,0x0000000c12500000] [id=10724]
  0x000001b4ef0ddf00 ConcurrentGCThread "G1 Conc#1" [stack: 0x0000000c13900000,0x0000000c13a00000] [id=18640]
  0x000001b4e8ba40d0 ConcurrentGCThread "G1 Refine#0" [stack: 0x0000000c12500000,0x0000000c12600000] [id=23700]
  0x000001b4e8ba4a00 ConcurrentGCThread "G1 Service" [stack: 0x0000000c12600000,0x0000000c12700000] [id=24152]

Threads with active compile tasks:
C2 CompilerThread0  482329 5874   !   4       org.apache.kafka.common.network.Selector::pollSelectionKeys (861 bytes)

VM state: not at safepoint (normal execution)

VM Mutex/Monitor currently owned by a thread: None

Heap address: 0x0000000089c00000, size: 1892 MB, Compressed Oops mode: 32-bit

CDS archive(s) mapped at: [0x000001b480000000-0x000001b480bb0000-0x000001b480bb0000), size 12255232, SharedBaseAddress: 0x000001b480000000, ArchiveRelocationMode: 1.
Compressed class space mapped at: 0x000001b481000000-0x000001b4c1000000, reserved size: 1073741824
Narrow klass base: 0x000001b480000000, Narrow klass shift: 0, Narrow klass range: 0x100000000

GC Precious Log:
 CPUs: 6 total, 6 available
 Memory: 7564M
 Large Page Support: Disabled
 NUMA Support: Disabled
 Compressed Oops: Enabled (32-bit)
 Heap Region Size: 1M
 Heap Min Capacity: 8M
 Heap Initial Capacity: 120M
 Heap Max Capacity: 1892M
 Pre-touch: Disabled
 Parallel Workers: 6
 Concurrent Workers: 2
 Concurrent Refinement Workers: 6
 Periodic GC: Disabled

Heap:
 garbage-first heap   total 48128K, used 22950K [0x0000000089c00000, 0x0000000100000000)
  region size 1024K, 2 young (2048K), 1 survivors (1024K)
 Metaspace       used 47841K, committed 48384K, reserved 1114112K
  class space    used 5787K, committed 6080K, reserved 1048576K

Heap Regions: E=young(eden), S=young(survivor), O=old, HS=humongous(starts), HC=humongous(continues), CS=collection set, F=free, OA=open archive, CA=closed archive, TAMS=top-at-mark-start (previous, next)
|   0|0x0000000089c00000, 0x0000000089d00000, 0x0000000089d00000|100%| O|  |TAMS 0x0000000089d00000, 0x0000000089c00000| Untracked 
|   1|0x0000000089d00000, 0x0000000089e00000, 0x0000000089e00000|100%| O|  |TAMS 0x0000000089e00000, 0x0000000089d00000| Untracked 
|   2|0x0000000089e00000, 0x0000000089f00000, 0x0000000089f00000|100%| O|  |TAMS 0x0000000089f00000, 0x0000000089e00000| Untracked 
|   3|0x0000000089f00000, 0x000000008a000000, 0x000000008a000000|100%| O|  |TAMS 0x000000008a000000, 0x0000000089f00000| Untracked 
|   4|0x000000008a000000, 0x000000008a100000, 0x000000008a100000|100%| O|  |TAMS 0x000000008a100000, 0x000000008a000000| Untracked 
|   5|0x000000008a100000, 0x000000008a127600, 0x000000008a200000| 15%| O|  |TAMS 0x000000008a127600, 0x000000008a100000| Complete 
|   6|0x000000008a200000, 0x000000008a300000, 0x000000008a300000|100%| O|  |TAMS 0x000000008a300000, 0x000000008a200000| Untracked 
|   7|0x000000008a300000, 0x000000008a400000, 0x000000008a400000|100%| O|  |TAMS 0x000000008a400000, 0x000000008a300000| Untracked 
|   8|0x000000008a400000, 0x000000008a500000, 0x000000008a500000|100%| O|  |TAMS 0x000000008a500000, 0x000000008a400000| Untracked 
|   9|0x000000008a500000, 0x000000008a600000, 0x000000008a600000|100%| O|  |TAMS 0x000000008a600000, 0x000000008a500000| Untracked 
|  10|0x000000008a600000, 0x000000008a700000, 0x000000008a700000|100%| O|  |TAMS 0x000000008a700000, 0x000000008a600000| Untracked 
|  11|0x000000008a700000, 0x000000008a800000, 0x000000008a800000|100%| O|  |TAMS 0x000000008a800000, 0x000000008a700000| Untracked 
|  12|0x000000008a800000, 0x000000008a900000, 0x000000008a900000|100%| O|  |TAMS 0x000000008a900000, 0x000000008a800000| Untracked 
|  13|0x000000008a900000, 0x000000008aa00000, 0x000000008aa00000|100%| O|  |TAMS 0x000000008aa00000, 0x000000008a900000| Untracked 
|  14|0x000000008aa00000, 0x000000008ab00000, 0x000000008ab00000|100%| O|  |TAMS 0x000000008ab00000, 0x000000008aa00000| Untracked 
|  15|0x000000008ab00000, 0x000000008ac00000, 0x000000008ac00000|100%| O|  |TAMS 0x000000008ac00000, 0x000000008ab00000| Untracked 
|  16|0x000000008ac00000, 0x000000008ad00000, 0x000000008ad00000|100%| O|  |TAMS 0x000000008ad00000, 0x000000008ac00000| Untracked 
|  17|0x000000008ad00000, 0x000000008ae00000, 0x000000008ae00000|100%| O|  |TAMS 0x000000008ae00000, 0x000000008ad00000| Untracked 
|  18|0x000000008ae00000, 0x000000008af00000, 0x000000008af00000|100%| O|  |TAMS 0x000000008af00000, 0x000000008ae00000| Untracked 
|  19|0x000000008af00000, 0x000000008b000000, 0x000000008b000000|100%| O|  |TAMS 0x000000008b000000, 0x000000008af00000| Untracked 
|  20|0x000000008b000000, 0x000000008b100000, 0x000000008b100000|100%| O|  |TAMS 0x000000008b100000, 0x000000008b000000| Untracked 
|  21|0x000000008b100000, 0x000000008b200000, 0x000000008b200000|100%| O|  |TAMS 0x000000008b200000, 0x000000008b100000| Untracked 
|  22|0x000000008b200000, 0x000000008b2c1a00, 0x000000008b300000| 75%| O|  |TAMS 0x000000008b2c1a00, 0x000000008b200000| Untracked 
|  23|0x000000008b300000, 0x000000008b300000, 0x000000008b400000|  0%| F|  |TAMS 0x000000008b300000, 0x000000008b300000| Untracked 
|  24|0x000000008b400000, 0x000000008b400000, 0x000000008b500000|  0%| F|  |TAMS 0x000000008b400000, 0x000000008b400000| Untracked 
|  25|0x000000008b500000, 0x000000008b500000, 0x000000008b600000|  0%| F|  |TAMS 0x000000008b500000, 0x000000008b500000| Untracked 
|  26|0x000000008b600000, 0x000000008b600000, 0x000000008b700000|  0%| F|  |TAMS 0x000000008b600000, 0x000000008b600000| Untracked 
|  27|0x000000008b700000, 0x000000008b700000, 0x000000008b800000|  0%| F|  |TAMS 0x000000008b700000, 0x000000008b700000| Untracked 
|  28|0x000000008b800000, 0x000000008b800000, 0x000000008b900000|  0%| F|  |TAMS 0x000000008b800000, 0x000000008b800000| Untracked 
|  29|0x000000008b900000, 0x000000008b900000, 0x000000008ba00000|  0%| F|  |TAMS 0x000000008b900000, 0x000000008b900000| Untracked 
|  30|0x000000008ba00000, 0x000000008ba00000, 0x000000008bb00000|  0%| F|  |TAMS 0x000000008ba00000, 0x000000008ba00000| Untracked 
|  31|0x000000008bb00000, 0x000000008bb00000, 0x000000008bc00000|  0%| F|  |TAMS 0x000000008bb00000, 0x000000008bb00000| Untracked 
|  32|0x000000008bc00000, 0x000000008bc80a08, 0x000000008bd00000| 50%| S|CS|TAMS 0x000000008bc00000, 0x000000008bc00000| Complete 
|  33|0x000000008bd00000, 0x000000008bd00000, 0x000000008be00000|  0%| F|  |TAMS 0x000000008bd00000, 0x000000008bd00000| Untracked 
|  34|0x000000008be00000, 0x000000008be00000, 0x000000008bf00000|  0%| F|  |TAMS 0x000000008be00000, 0x000000008be00000| Untracked 
|  35|0x000000008bf00000, 0x000000008bf00000, 0x000000008c000000|  0%| F|  |TAMS 0x000000008bf00000, 0x000000008bf00000| Untracked 
|  36|0x000000008c000000, 0x000000008c000000, 0x000000008c100000|  0%| F|  |TAMS 0x000000008c000000, 0x000000008c000000| Untracked 
|  37|0x000000008c100000, 0x000000008c100000, 0x000000008c200000|  0%| F|  |TAMS 0x000000008c100000, 0x000000008c100000| Untracked 
|  38|0x000000008c200000, 0x000000008c200000, 0x000000008c300000|  0%| F|  |TAMS 0x000000008c200000, 0x000000008c200000| Untracked 
|  58|0x000000008d600000, 0x000000008d600000, 0x000000008d700000|  0%| F|  |TAMS 0x000000008d600000, 0x000000008d600000| Untracked 
|  59|0x000000008d700000, 0x000000008d700000, 0x000000008d800000|  0%| F|  |TAMS 0x000000008d700000, 0x000000008d700000| Untracked 
|  60|0x000000008d800000, 0x000000008d800000, 0x000000008d900000|  0%| F|  |TAMS 0x000000008d800000, 0x000000008d800000| Untracked 
|  61|0x000000008d900000, 0x000000008d900000, 0x000000008da00000|  0%| F|  |TAMS 0x000000008d900000, 0x000000008d900000| Untracked 
|  62|0x000000008da00000, 0x000000008da00000, 0x000000008db00000|  0%| F|  |TAMS 0x000000008da00000, 0x000000008da00000| Untracked 
|  63|0x000000008db00000, 0x000000008db00000, 0x000000008dc00000|  0%| F|  |TAMS 0x000000008db00000, 0x000000008db00000| Untracked 
|  64|0x000000008dc00000, 0x000000008dc00000, 0x000000008dd00000|  0%| F|  |TAMS 0x000000008dc00000, 0x000000008dc00000| Untracked 
| 119|0x0000000091300000, 0x00000000913182a8, 0x0000000091400000|  9%| E|  |TAMS 0x0000000091300000, 0x0000000091300000| Complete 

Card table byte_map: [0x000001b4e2270000,0x000001b4e2630000] _byte_map_base: 0x000001b4e1e22000

Marking Bits (Prev, Next): (CMBitMap*) 0x000001b4cb2a16e0, (CMBitMap*) 0x000001b4cb2a16a0
 Prev Bits: [0x000001b4e4780000, 0x000001b4e6510000)
 Next Bits: [0x000001b4e29f0000, 0x000001b4e4780000)

Polling page: 0x000001b4c9170000

Metaspace:

Usage:
  Non-class:     41.07 MB used.
      Class:      5.65 MB used.
       Both:     46.72 MB used.

Virtual space:
  Non-class space:       64.00 MB reserved,      41.31 MB ( 65%) committed,  1 nodes.
      Class space:        1.00 GB reserved,       5.94 MB ( <1%) committed,  1 nodes.
             Both:        1.06 GB reserved,      47.25 MB (  4%) committed. 

Chunk freelists:
   Non-Class:  6.06 MB
       Class:  10.05 MB
        Both:  16.11 MB

MaxMetaspaceSize: unlimited
CompressedClassSpaceSize: 1.00 GB
Initial GC threshold: 21.00 MB
Current GC threshold: 78.75 MB
CDS: on
MetaspaceReclaimPolicy: balanced
 - commit_granule_bytes: 65536.
 - commit_granule_words: 8192.
 - virtual_space_node_default_size: 8388608.
 - enlarge_chunks_in_place: 1.
 - new_chunks_are_fully_committed: 0.
 - uncommit_free_chunks: 1.
 - use_allocation_guard: 0.
 - handle_deallocations: 1.


Internal statistics:

num_allocs_failed_limit: 6.
num_arena_births: 768.
num_arena_deaths: 2.
num_vsnodes_births: 2.
num_vsnodes_deaths: 0.
num_space_committed: 756.
num_space_uncommitted: 0.
num_chunks_returned_to_freelist: 9.
num_chunks_taken_from_freelist: 2475.
num_chunk_merges: 6.
num_chunk_splits: 1764.
num_chunks_enlarged: 1342.
num_inconsistent_stats: 0.

CodeHeap 'non-profiled nmethods': size=120000Kb used=3218Kb max_used=3218Kb free=116782Kb
 bounds [0x000001b4da870000, 0x000001b4daba0000, 0x000001b4e1da0000]
CodeHeap 'profiled nmethods': size=120000Kb used=10016Kb max_used=10381Kb free=109983Kb
 bounds [0x000001b4d2da0000, 0x000001b4d37d0000, 0x000001b4da2d0000]
CodeHeap 'non-nmethods': size=5760Kb used=1366Kb max_used=1410Kb free=4393Kb
 bounds [0x000001b4da2d0000, 0x000001b4da540000, 0x000001b4da870000]
 total_blobs=5820 nmethods=5108 adapters=623
 compilation: enabled
              stopped_count=0, restarted_count=0
 full_count=0

Compilation events (20 events):
Event: 440.653 Thread 0x000001b4e8d14d60 nmethod 5865 0x000001b4daad9b90 code [0x000001b4daad9d40, 0x000001b4daada2d8]
Event: 442.916 Thread 0x000001b4e8d14d60 5866       4       java.util.concurrent.atomic.AtomicInteger::decrementAndGet (14 bytes)
Event: 442.920 Thread 0x000001b4e8d14d60 nmethod 5866 0x000001b4daad9890 code [0x000001b4daad9a00, 0x000001b4daad9a98]
Event: 453.827 Thread 0x000001b4e8d1f740 5867       1       org.apache.catalina.core.ContainerBase::getBackgroundProcessorDelay (5 bytes)
Event: 453.829 Thread 0x000001b4e8d1f740 nmethod 5867 0x000001b4dab90410 code [0x000001b4dab905a0, 0x000001b4dab90678]
Event: 453.829 Thread 0x000001b4e8d1f740 5869       3       org.apache.catalina.valves.ValveBase::backgroundProcess (1 bytes)
Event: 453.832 Thread 0x000001b4e8d1f740 nmethod 5869 0x000001b4d2dc5a90 code [0x000001b4d2dc5c20, 0x000001b4d2dc5d38]
Event: 453.832 Thread 0x000001b4e8d1f740 5868       3       java.lang.Long::compare (22 bytes)
Event: 453.833 Thread 0x000001b4e8d1f740 nmethod 5868 0x000001b4d2dc5610 code [0x000001b4d2dc57c0, 0x000001b4d2dc59b8]
Event: 465.396 Thread 0x000001b4e8d14d60 5870       4       org.apache.kafka.clients.consumer.internals.ConsumerNetworkClient$UnsentRequests::removeExpiredRequests (124 bytes)
Event: 465.858 Thread 0x000001b4e8d14d60 nmethod 5870 0x000001b4dab90710 code [0x000001b4dab90920, 0x000001b4dab91be8]
Event: 465.858 Thread 0x000001b4e8d14d60 5871   !   4       org.apache.kafka.clients.consumer.internals.ConsumerNetworkClient$UnsentRequests::clean (70 bytes)
Event: 465.949 Thread 0x000001b4e8d14d60 nmethod 5871 0x000001b4dab92510 code [0x000001b4dab926e0, 0x000001b4dab93968]
Event: 475.751 Thread 0x000001b4e8d14d60 5872       4       org.apache.kafka.common.metrics.stats.Max::update (13 bytes)
Event: 475.755 Thread 0x000001b4e8d14d60 nmethod 5872 0x000001b4dab94190 code [0x000001b4dab94320, 0x000001b4dab943d8]
Event: 475.755 Thread 0x000001b4e8d14d60 5873       4       java.lang.Math::max (45 bytes)
Event: 475.759 Thread 0x000001b4e8d14d60 nmethod 5873 0x000001b4dab94490 code [0x000001b4dab94640, 0x000001b4dab94738]
Event: 480.921 Thread 0x000001b4e8d14d60 5874   !   4       org.apache.kafka.common.network.Selector::pollSelectionKeys (861 bytes)
Event: 480.962 Thread 0x000001b4e8d1f740 5875       3       org.apache.kafka.common.message.HeartbeatResponseData::read (113 bytes)
Event: 480.981 Thread 0x000001b4e8d1f740 nmethod 5875 0x000001b4d2dc4590 code [0x000001b4d2dc47e0, 0x000001b4d2dc5198]

GC Heap History (20 events):
Event: 4.799 GC heap after
{Heap after GC invocations=3 (full 0):
 garbage-first heap   total 122880K, used 11554K [0x0000000089c00000, 0x0000000100000000)
  region size 1024K, 7 young (7168K), 7 survivors (7168K)
 Metaspace       used 21116K, committed 21504K, reserved 1114112K
  class space    used 2612K, committed 2816K, reserved 1048576K
}
Event: 6.482 GC heap before
{Heap before GC invocations=4 (full 0):
 garbage-first heap   total 48128K, used 33058K [0x0000000089c00000, 0x0000000100000000)
  region size 1024K, 28 young (28672K), 7 survivors (7168K)
 Metaspace       used 25809K, committed 26176K, reserved 1114112K
  class space    used 3228K, committed 3392K, reserved 1048576K
}
Event: 6.495 GC heap after
{Heap after GC invocations=5 (full 0):
 garbage-first heap   total 48128K, used 13787K [0x0000000089c00000, 0x0000000100000000)
  region size 1024K, 3 young (3072K), 3 survivors (3072K)
 Metaspace       used 25809K, committed 26176K, reserved 1114112K
  class space    used 3228K, committed 3392K, reserved 1048576K
}
Event: 7.355 GC heap before
{Heap before GC invocations=5 (full 0):
 garbage-first heap   total 48128K, used 31195K [0x0000000089c00000, 0x0000000100000000)
  region size 1024K, 21 young (21504K), 3 survivors (3072K)
 Metaspace       used 29000K, committed 29504K, reserved 1114112K
  class space    used 3645K, committed 3904K, reserved 1048576K
}
Event: 7.362 GC heap after
{Heap after GC invocations=6 (full 0):
 garbage-first heap   total 48128K, used 15663K [0x0000000089c00000, 0x0000000100000000)
  region size 1024K, 2 young (2048K), 2 survivors (2048K)
 Metaspace       used 29000K, committed 29504K, reserved 1114112K
  class space    used 3645K, committed 3904K, reserved 1048576K
}
Event: 8.159 GC heap before
{Heap before GC invocations=6 (full 0):
 garbage-first heap   total 48128K, used 33071K [0x0000000089c00000, 0x0000000100000000)
  region size 1024K, 20 young (20480K), 2 survivors (2048K)
 Metaspace       used 31644K, committed 32064K, reserved 1114112K
  class space    used 4020K, committed 4224K, reserved 1048576K
}
Event: 8.166 GC heap after
{Heap after GC invocations=7 (full 0):
 garbage-first heap   total 48128K, used 17028K [0x0000000089c00000, 0x0000000100000000)
  region size 1024K, 2 young (2048K), 2 survivors (2048K)
 Metaspace       used 31644K, committed 32064K, reserved 1114112K
  class space    used 4020K, committed 4224K, reserved 1048576K
}
Event: 9.110 GC heap before
{Heap before GC invocations=7 (full 0):
 garbage-first heap   total 48128K, used 31364K [0x0000000089c00000, 0x0000000100000000)
  region size 1024K, 17 young (17408K), 2 survivors (2048K)
 Metaspace       used 35568K, committed 35968K, reserved 1114112K
  class space    used 4429K, committed 4608K, reserved 1048576K
}
Event: 9.114 GC heap after
{Heap after GC invocations=8 (full 0):
 garbage-first heap   total 48128K, used 18189K [0x0000000089c00000, 0x0000000100000000)
  region size 1024K, 3 young (3072K), 3 survivors (3072K)
 Metaspace       used 35568K, committed 35968K, reserved 1114112K
  class space    used 4429K, committed 4608K, reserved 1048576K
}
Event: 10.066 GC heap before
{Heap before GC invocations=9 (full 0):
 garbage-first heap   total 48128K, used 34573K [0x0000000089c00000, 0x0000000100000000)
  region size 1024K, 20 young (20480K), 3 survivors (3072K)
 Metaspace       used 40256K, committed 40704K, reserved 1114112K
  class space    used 4804K, committed 5056K, reserved 1048576K
}
Event: 10.072 GC heap after
{Heap after GC invocations=10 (full 0):
 garbage-first heap   total 48128K, used 18892K [0x0000000089c00000, 0x0000000100000000)
  region size 1024K, 3 young (3072K), 3 survivors (3072K)
 Metaspace       used 40256K, committed 40704K, reserved 1114112K
  class space    used 4804K, committed 5056K, reserved 1048576K
}
Event: 38.113 GC heap before
{Heap before GC invocations=10 (full 0):
 garbage-first heap   total 48128K, used 34252K [0x0000000089c00000, 0x0000000100000000)
  region size 1024K, 19 young (19456K), 3 survivors (3072K)
 Metaspace       used 43624K, committed 44160K, reserved 1114112K
  class space    used 5294K, committed 5568K, reserved 1048576K
}
Event: 38.122 GC heap after
{Heap after GC invocations=11 (full 0):
 garbage-first heap   total 48128K, used 20250K [0x0000000089c00000, 0x0000000100000000)
  region size 1024K, 3 young (3072K), 3 survivors (3072K)
 Metaspace       used 43624K, committed 44160K, reserved 1114112K
  class space    used 5294K, committed 5568K, reserved 1048576K
}
Event: 40.682 GC heap before
{Heap before GC invocations=11 (full 0):
 garbage-first heap   total 48128K, used 36634K [0x0000000089c00000, 0x0000000100000000)
  region size 1024K, 19 young (19456K), 3 survivors (3072K)
 Metaspace       used 47050K, committed 47552K, reserved 1114112K
  class space    used 5712K, committed 5952K, reserved 1048576K
}
Event: 40.688 GC heap after
{Heap after GC invocations=12 (full 0):
 garbage-first heap   total 48128K, used 22547K [0x0000000089c00000, 0x0000000100000000)
  region size 1024K, 3 young (3072K), 3 survivors (3072K)
 Metaspace       used 47050K, committed 47552K, reserved 1114112K
  class space    used 5712K, committed 5952K, reserved 1048576K
}
Event: 143.407 GC heap before
{Heap before GC invocations=12 (full 0):
 garbage-first heap   total 48128K, used 36883K [0x0000000089c00000, 0x0000000100000000)
  region size 1024K, 17 young (17408K), 3 survivors (3072K)
 Metaspace       used 47671K, committed 48256K, reserved 1114112K
  class space    used 5788K, committed 6080K, reserved 1048576K
}
Event: 143.460 GC heap after
{Heap after GC invocations=13 (full 0):
 garbage-first heap   total 48128K, used 23094K [0x0000000089c00000, 0x0000000100000000)
  region size 1024K, 1 young (1024K), 1 survivors (1024K)
 Metaspace       used 47671K, committed 48256K, reserved 1114112K
  class space    used 5788K, committed 6080K, reserved 1048576K
}
Event: 321.106 GC heap before
{Heap before GC invocations=13 (full 0):
 garbage-first heap   total 48128K, used 37430K [0x0000000089c00000, 0x0000000100000000)
  region size 1024K, 15 young (15360K), 1 survivors (1024K)
 Metaspace       used 47829K, committed 48384K, reserved 1114112K
  class space    used 5788K, committed 6080K, reserved 1048576K
}
Event: 321.173 GC heap after
{Heap after GC invocations=14 (full 0):
 garbage-first heap   total 48128K, used 23004K [0x0000000089c00000, 0x0000000100000000)
  region size 1024K, 1 young (1024K), 1 survivors (1024K)
 Metaspace       used 47829K, committed 48384K, reserved 1114112K
  class space    used 5788K, committed 6080K, reserved 1048576K
}
Event: 481.979 GC heap before
{Heap before GC invocations=15 (full 0):
 garbage-first heap   total 48128K, used 37340K [0x0000000089c00000, 0x0000000100000000)
  region size 1024K, 15 young (15360K), 1 survivors (1024K)
 Metaspace       used 47841K, committed 48384K, reserved 1114112K
  class space    used 5787K, committed 6080K, reserved 1048576K
}

Dll operation events (11 events):
Event: 0.023 Loaded shared library C:\Users\HP\AppData\Roaming\Antigravity\User\globalStorage\pleiades.java-extension-pack-jdk\java\17\bin\java.dll
Event: 0.053 Loaded shared library C:\Users\HP\AppData\Roaming\Antigravity\User\globalStorage\pleiades.java-extension-pack-jdk\java\17\bin\jsvml.dll
Event: 0.173 Loaded shared library C:\Users\HP\AppData\Roaming\Antigravity\User\globalStorage\pleiades.java-extension-pack-jdk\java\17\bin\net.dll
Event: 0.177 Loaded shared library C:\Users\HP\AppData\Roaming\Antigravity\User\globalStorage\pleiades.java-extension-pack-jdk\java\17\bin\nio.dll
Event: 0.181 Loaded shared library C:\Users\HP\AppData\Roaming\Antigravity\User\globalStorage\pleiades.java-extension-pack-jdk\java\17\bin\zip.dll
Event: 0.363 Loaded shared library C:\Users\HP\AppData\Roaming\Antigravity\User\globalStorage\pleiades.java-extension-pack-jdk\java\17\bin\jimage.dll
Event: 3.156 Loaded shared library C:\Users\HP\AppData\Roaming\Antigravity\User\globalStorage\pleiades.java-extension-pack-jdk\java\17\bin\sunmscapi.dll
Event: 6.176 Loaded shared library C:\Users\HP\AppData\Roaming\Antigravity\User\globalStorage\pleiades.java-extension-pack-jdk\java\17\bin\management.dll
Event: 6.185 Loaded shared library C:\Users\HP\AppData\Roaming\Antigravity\User\globalStorage\pleiades.java-extension-pack-jdk\java\17\bin\management_ext.dll
Event: 7.173 Loaded shared library C:\Users\HP\AppData\Roaming\Antigravity\User\globalStorage\pleiades.java-extension-pack-jdk\java\17\bin\verify.dll
Event: 8.076 Loaded shared library C:\Users\HP\AppData\Roaming\Antigravity\User\globalStorage\pleiades.java-extension-pack-jdk\java\17\bin\extnet.dll

Deoptimization events (20 events):
Event: 313.735 Thread 0x000001b4eec71840 Uncommon trap: trap_request=0xffffff45 fr.pc=0x000001b4daa62eb0 relative=0x0000000000002e90
Event: 313.746 Thread 0x000001b4eec71840 Uncommon trap: reason=unstable_if action=reinterpret pc=0x000001b4daa62eb0 method=org.apache.kafka.clients.consumer.internals.OffsetFetcherUtils.validatePositionsOnMetadataChange()V @ 17 c2
Event: 313.794 Thread 0x000001b4eec71840 DEOPT PACKING pc=0x000001b4daa62eb0 sp=0x0000000c14efee60
Event: 313.795 Thread 0x000001b4eec71840 DEOPT UNPACKING pc=0x000001b4da3269a3 sp=0x0000000c14efed50 mode 2
Event: 317.819 Thread 0x000001b4eec6eab0 Uncommon trap: trap_request=0xffffff45 fr.pc=0x000001b4daa80d00 relative=0x0000000000000a60
Event: 317.826 Thread 0x000001b4eec6eab0 Uncommon trap: reason=unstable_if action=reinterpret pc=0x000001b4daa80d00 method=org.apache.kafka.clients.consumer.internals.ConsumerNetworkClient.trySend(J)J @ 114 c2
Event: 317.826 Thread 0x000001b4eec6eab0 DEOPT PACKING pc=0x000001b4daa80d00 sp=0x0000000c151fef50
Event: 317.836 Thread 0x000001b4eec6eab0 DEOPT UNPACKING pc=0x000001b4da3269a3 sp=0x0000000c151fef38 mode 2
Event: 317.973 Thread 0x000001b4eec6eab0 Uncommon trap: trap_request=0xffffff45 fr.pc=0x000001b4da9fa23c relative=0x0000000000000edc
Event: 317.973 Thread 0x000001b4eec6eab0 Uncommon trap: reason=unstable_if action=reinterpret pc=0x000001b4da9fa23c method=org.apache.kafka.clients.consumer.internals.ConsumerNetworkClient$UnsentRequests.removeExpiredRequests(J)Ljava/util/Collection; @ 60 c2
Event: 317.973 Thread 0x000001b4eec6eab0 DEOPT PACKING pc=0x000001b4da9fa23c sp=0x0000000c151fef40
Event: 317.973 Thread 0x000001b4eec6eab0 DEOPT UNPACKING pc=0x000001b4da3269a3 sp=0x0000000c151fef00 mode 2
Event: 317.974 Thread 0x000001b4eec6eab0 Uncommon trap: trap_request=0xffffff45 fr.pc=0x000001b4daa78f88 relative=0x0000000000000d28
Event: 317.974 Thread 0x000001b4eec6eab0 Uncommon trap: reason=unstable_if action=reinterpret pc=0x000001b4daa78f88 method=org.apache.kafka.clients.consumer.internals.ConsumerNetworkClient$UnsentRequests.clean()V @ 45 c2
Event: 317.974 Thread 0x000001b4eec6eab0 DEOPT PACKING pc=0x000001b4daa78f88 sp=0x0000000c151fef90
Event: 317.975 Thread 0x000001b4eec6eab0 DEOPT UNPACKING pc=0x000001b4da3269a3 sp=0x0000000c151fef48 mode 2
Event: 318.107 Thread 0x000001b4eec70e20 Uncommon trap: trap_request=0xffffff45 fr.pc=0x000001b4da998f74 relative=0x00000000000001d4
Event: 318.107 Thread 0x000001b4eec70e20 Uncommon trap: reason=unstable_if action=reinterpret pc=0x000001b4da998f74 method=org.apache.kafka.clients.consumer.internals.OffsetFetcherUtils.validatePositionsOnMetadataChange()V @ 17 c2
Event: 318.107 Thread 0x000001b4eec70e20 DEOPT PACKING pc=0x000001b4da998f74 sp=0x0000000c14cfee70
Event: 318.107 Thread 0x000001b4eec70e20 DEOPT UNPACKING pc=0x000001b4da3269a3 sp=0x0000000c14cfee28 mode 2

Classes loaded (20 events):
Event: 38.974 Loading class java/io/ObjectOutputStream
Event: 38.975 Loading class java/io/ObjectOutput
Event: 38.975 Loading class java/io/ObjectOutput done
Event: 38.975 Loading class java/io/ObjectOutputStream done
Event: 39.019 Loading class java/util/concurrent/LinkedBlockingQueue$Itr
Event: 39.020 Loading class java/util/concurrent/LinkedBlockingQueue$Itr done
Event: 40.514 Loading class java/util/zip/GZIPOutputStream
Event: 40.515 Loading class java/util/zip/DeflaterOutputStream
Event: 40.515 Loading class java/util/zip/DeflaterOutputStream done
Event: 40.515 Loading class java/util/zip/GZIPOutputStream done
Event: 40.515 Loading class java/util/zip/GZIPInputStream
Event: 40.516 Loading class java/util/zip/GZIPInputStream done
Event: 40.544 Loading class java/util/PriorityQueue
Event: 40.545 Loading class java/util/PriorityQueue done
Event: 40.678 Loading class java/io/DataOutputStream
Event: 40.678 Loading class java/io/DataOutputStream done
Event: 40.700 Loading class java/util/zip/CRC32C
Event: 40.701 Loading class java/util/zip/CRC32C done
Event: 73.021 Loading class jdk/internal/access/foreign/MemorySegmentProxy
Event: 73.022 Loading class jdk/internal/access/foreign/MemorySegmentProxy done

Classes unloaded (1 events):
Event: 321.416 Thread 0x000001b4e8cebd30 Unloading class 0x000001b4814e8400 'java/lang/invoke/LambdaForm$DMH+0x000001b4814e8400'

Classes redefined (0 events):
No events

Internal exceptions (20 events):
Event: 13.302 Thread 0x000001b4eec71840 Exception <a 'java/lang/NoSuchMethodError'{0x000000008d990c38}: 'java.lang.Object java.lang.invoke.DirectMethodHandle$Holder.invokeVirtual(java.lang.Object, java.lang.Object, int)'> (0x000000008d990c38) 
thrown [s\src\hotspot\share\interpreter\linkResolver.cpp, line 759]
Event: 13.306 Thread 0x000001b4eec71840 Implicit null exception at 0x000001b4da8a4f72 to 0x000001b4da8a554c
Event: 13.925 Thread 0x000001b4eec71840 Exception <a 'java/lang/NoSuchMethodError'{0x000000008d8426c8}: 'java.lang.Object java.lang.invoke.DirectMethodHandle$Holder.newInvokeSpecial(java.lang.Object, int, java.lang.Object, java.lang.Object)'> (0x000000008d8426c8) 
thrown [s\src\hotspot\share\interpreter\linkResolver.cpp, line 759]
Event: 37.095 Thread 0x000001b4ef4dd4d0 Exception <a 'java/lang/NoSuchMethodError'{0x000000008c156350}: 'java.lang.Object java.lang.invoke.DirectMethodHandle$Holder.invokeSpecial(java.lang.Object, java.lang.Object, java.lang.Object, java.lang.Object, java.lang.Object, long)'> (0x000000008c156350) 
thrown [s\src\hotspot\share\interpreter\linkResolver.cpp, line 759]
Event: 37.099 Thread 0x000001b4ef4dd4d0 Exception <a 'java/lang/NoSuchMethodError'{0x000000008c159d90}: 'java.lang.Object java.lang.invoke.Invokers$Holder.linkToTargetMethod(java.lang.Object, java.lang.Object, java.lang.Object, long, java.lang.Object)'> (0x000000008c159d90) 
thrown [s\src\hotspot\share\interpreter\linkResolver.cpp, line 759]
Event: 38.624 Thread 0x000001b4ef4dcab0 Exception <a 'java/lang/NoSuchMethodError'{0x000000008d84a8b8}: 'java.lang.Object java.lang.invoke.DirectMethodHandle$Holder.invokeStatic(java.lang.Object, int, int)'> (0x000000008d84a8b8) 
thrown [s\src\hotspot\share\interpreter\linkResolver.cpp, line 759]
Event: 39.025 Thread 0x000001b4eec6f4d0 Implicit null exception at 0x000001b4da94afbd to 0x000001b4da94b076
Event: 40.597 Thread 0x000001b4ef6083f0 Exception <a 'java/lang/NoSuchMethodError'{0x000000008bc97548}: 'double java.lang.invoke.DirectMethodHandle$Holder.invokeStatic(java.lang.Object, java.lang.Object, java.lang.Object, long)'> (0x000000008bc97548) 
thrown [s\src\hotspot\share\interpreter\linkResolver.cpp, line 759]
Event: 40.617 Thread 0x000001b4ef6083f0 Exception <a 'java/lang/NoSuchMethodError'{0x000000008bcff830}: 'java.lang.Object java.lang.invoke.DirectMethodHandle$Holder.newInvokeSpecial(java.lang.Object, java.lang.Object, int)'> (0x000000008bcff830) 
thrown [s\src\hotspot\share\interpreter\linkResolver.cpp, line 759]
Event: 40.633 Thread 0x000001b4ef609d40 Exception <a 'java/lang/NoSuchMethodError'{0x000000008bb20eb0}: 'java.lang.Object java.lang.invoke.DirectMethodHandle$Holder.newInvokeSpecial(java.lang.Object, java.lang.Object, java.lang.Object, long)'> (0x000000008bb20eb0) 
thrown [s\src\hotspot\share\interpreter\linkResolver.cpp, line 759]
Event: 40.633 Thread 0x000001b4ef609d40 Exception <a 'java/lang/NoSuchMethodError'{0x000000008bb24c90}: 'java.lang.Object java.lang.invoke.DirectMethodHandle$Holder.invokeSpecial(java.lang.Object, java.lang.Object, java.lang.Object, java.lang.Object, long)'> (0x000000008bb24c90) 
thrown [s\src\hotspot\share\interpreter\linkResolver.cpp, line 759]
Event: 40.634 Thread 0x000001b4ef609d40 Exception <a 'java/lang/NoSuchMethodError'{0x000000008bb283c8}: 'java.lang.Object java.lang.invoke.Invokers$Holder.linkToTargetMethod(java.lang.Object, java.lang.Object, long, java.lang.Object)'> (0x000000008bb283c8) 
thrown [s\src\hotspot\share\interpreter\linkResolver.cpp, line 759]
Event: 40.708 Thread 0x000001b4ef609d40 Exception <a 'java/lang/IncompatibleClassChangeError'{0x000000009138a368}: Found class java.lang.Object, but interface was expected> (0x000000009138a368) 
thrown [s\src\hotspot\share\interpreter\linkResolver.cpp, line 826]
Event: 40.753 Thread 0x000001b4ef60a250 Exception <a 'java/lang/NoSuchMethodError'{0x000000008dc8fe08}: 'void java.lang.invoke.DirectMethodHandle$Holder.invokeSpecial(java.lang.Object, java.lang.Object, java.lang.Object, int, long, java.lang.Object)'> (0x000000008dc8fe08) 
thrown [s\src\hotspot\share\interpreter\linkResolver.cpp, line 759]
Event: 40.756 Thread 0x000001b4ef609d40 Exception <a 'java/lang/NoSuchMethodError'{0x000000008dcbdfa0}: 'java.lang.Object java.lang.invoke.DirectMethodHandle$Holder.newInvokeSpecial(java.lang.Object, java.lang.Object, java.lang.Object, java.lang.Object, int, long)'> (0x000000008dcbdfa0) 
thrown [s\src\hotspot\share\interpreter\linkResolver.cpp, line 759]
Event: 40.756 Thread 0x000001b4ef60a250 Exception <a 'java/lang/NoSuchMethodError'{0x000000008dcc0218}: 'java.lang.Object java.lang.invoke.DirectMethodHandle$Holder.newInvokeSpecial(java.lang.Object, java.lang.Object, java.lang.Object, java.lang.Object, int, long)'> (0x000000008dcc0218) 
thrown [s\src\hotspot\share\interpreter\linkResolver.cpp, line 759]
Event: 40.757 Thread 0x000001b4ef60a250 Exception <a 'java/lang/NoSuchMethodError'{0x000000008dcce840}: 'java.lang.Object java.lang.invoke.DirectMethodHandle$Holder.invokeSpecial(java.lang.Object, java.lang.Object, java.lang.Object, java.lang.Object, java.lang.Object, int, long)'> (0x000000008dcce840) 
thrown [s\src\hotspot\share\interpreter\linkResolver.cpp, line 759]
Event: 40.757 Thread 0x000001b4ef60a250 Exception <a 'java/lang/NoSuchMethodError'{0x000000008dcd1da0}: 'java.lang.Object java.lang.invoke.Invokers$Holder.linkToTargetMethod(java.lang.Object, java.lang.Object, java.lang.Object, int, long, java.lang.Object)'> (0x000000008dcd1da0) 
thrown [s\src\hotspot\share\interpreter\linkResolver.cpp, line 759]
Event: 68.015 Thread 0x000001b4eec745d0 Exception <a 'java/lang/NoSuchMethodError'{0x000000008d8d2b58}: 'java.lang.Object java.lang.invoke.DirectMethodHandle$Holder.invokeSpecial(java.lang.Object, java.lang.Object, long, int, int, int, int, int, int, int, int, int)'> (0x000000008d8d2b58) 
thrown [s\src\hotspot\share\interpreter\linkResolver.cpp, line 759]
Event: 68.015 Thread 0x000001b4eec745d0 Exception <a 'java/lang/NoSuchMethodError'{0x000000008d8d69e8}: 'java.lang.Object java.lang.invoke.DelegatingMethodHandle$Holder.reinvoke_L(java.lang.Object, long, int, int, int, int, int, int, int, int, int)'> (0x000000008d8d69e8) 
thrown [s\src\hotspot\share\interpreter\linkResolver.cpp, line 759]

VM Operations (20 events):
Event: 361.118 Executing VM operation: HandshakeAllThreads done
Event: 373.214 Executing VM operation: Cleanup
Event: 373.214 Executing VM operation: Cleanup done
Event: 377.264 Executing VM operation: Cleanup
Event: 377.264 Executing VM operation: Cleanup done
Event: 385.319 Executing VM operation: Cleanup
Event: 385.319 Executing VM operation: Cleanup done
Event: 391.342 Executing VM operation: Cleanup
Event: 391.342 Executing VM operation: Cleanup done
Event: 404.406 Executing VM operation: Cleanup
Event: 404.496 Executing VM operation: Cleanup done
Event: 421.096 Executing VM operation: HandshakeAllThreads
Event: 421.099 Executing VM operation: HandshakeAllThreads done
Event: 434.158 Executing VM operation: Cleanup
Event: 434.159 Executing VM operation: Cleanup done
Event: 436.176 Executing VM operation: Cleanup
Event: 436.176 Executing VM operation: Cleanup done
Event: 481.352 Executing VM operation: HandshakeAllThreads
Event: 481.355 Executing VM operation: HandshakeAllThreads done
Event: 481.976 Executing VM operation: G1CollectForAllocation

Memory protections (0 events):
No events

Nmethod flushes (20 events):
Event: 38.945 Thread 0x000001b4e8d4a4d0 flushing  nmethod 0x000001b4d369be90
Event: 38.946 Thread 0x000001b4e8d4a4d0 flushing  nmethod 0x000001b4d376d390
Event: 38.946 Thread 0x000001b4e8d4a4d0 flushing  nmethod 0x000001b4d377bf90
Event: 38.946 Thread 0x000001b4e8d4a4d0 flushing  nmethod 0x000001b4d3787d90
Event: 38.946 Thread 0x000001b4e8d4a4d0 flushing  nmethod 0x000001b4d3789110
Event: 38.946 Thread 0x000001b4e8d4a4d0 flushing  nmethod 0x000001b4d3789710
Event: 38.946 Thread 0x000001b4e8d4a4d0 flushing  nmethod 0x000001b4d3797810
Event: 38.946 Thread 0x000001b4e8d4a4d0 flushing  nmethod 0x000001b4d3797c90
Event: 38.946 Thread 0x000001b4e8d4a4d0 flushing  nmethod 0x000001b4d3798110
Event: 38.946 Thread 0x000001b4e8d4a4d0 flushing  nmethod 0x000001b4d379a490
Event: 38.946 Thread 0x000001b4e8d4a4d0 flushing  nmethod 0x000001b4d379ad90
Event: 38.946 Thread 0x000001b4e8d4a4d0 flushing  nmethod 0x000001b4d379b890
Event: 38.946 Thread 0x000001b4e8d4a4d0 flushing  nmethod 0x000001b4d379c890
Event: 38.946 Thread 0x000001b4e8d4a4d0 flushing  nmethod 0x000001b4d379f610
Event: 38.946 Thread 0x000001b4e8d4a4d0 flushing  nmethod 0x000001b4d37a9a10
Event: 38.946 Thread 0x000001b4e8d4a4d0 flushing  nmethod 0x000001b4d37a9f10
Event: 38.946 Thread 0x000001b4e8d4a4d0 flushing  nmethod 0x000001b4d37ab610
Event: 38.946 Thread 0x000001b4e8d4a4d0 flushing  nmethod 0x000001b4d37aed90
Event: 38.946 Thread 0x000001b4e8d4a4d0 flushing  nmethod 0x000001b4d37afd90
Event: 38.946 Thread 0x000001b4e8d4a4d0 flushing  nmethod 0x000001b4d37b0590

Events (20 events):
Event: 41.271 Thread 0x000001b4eec71840 Thread added: 0x000001b4ef60f350
Event: 99.049 Thread 0x000001b4eec73190 Thread exited: 0x000001b4eec73190
Event: 99.062 Thread 0x000001b4ef60ac70 Thread exited: 0x000001b4ef60ac70
Event: 99.062 Thread 0x000001b4eec740c0 Thread exited: 0x000001b4eec740c0
Event: 99.078 Thread 0x000001b4ef609830 Thread exited: 0x000001b4ef609830
Event: 99.079 Thread 0x000001b4ef609320 Thread exited: 0x000001b4ef609320
Event: 100.475 Thread 0x000001b4ef608900 Thread exited: 0x000001b4ef608900
Event: 100.475 Thread 0x000001b4ef608e10 Thread exited: 0x000001b4ef608e10
Event: 100.738 Thread 0x000001b4ef6083f0 Thread exited: 0x000001b4ef6083f0
Event: 100.746 Thread 0x000001b4ef60b180 Thread exited: 0x000001b4ef60b180
Event: 101.008 Thread 0x000001b4ef607ee0 Thread exited: 0x000001b4ef607ee0
Event: 101.009 Thread 0x000001b4ef60b690 Thread exited: 0x000001b4ef60b690
Event: 101.009 Thread 0x000001b4ef60a760 Thread exited: 0x000001b4ef60a760
Event: 101.024 Thread 0x000001b4ef60cad0 Thread exited: 0x000001b4ef60cad0
Event: 101.223 Thread 0x000001b4ef60e930 Thread exited: 0x000001b4ef60e930
Event: 101.223 Thread 0x000001b4eec736a0 Thread exited: 0x000001b4eec736a0
Event: 101.223 Thread 0x000001b4eec74ae0 Thread exited: 0x000001b4eec74ae0
Event: 101.239 Thread 0x000001b4ef60c5c0 Thread exited: 0x000001b4ef60c5c0
Event: 101.270 Thread 0x000001b4ef60bba0 Thread exited: 0x000001b4ef60bba0
Event: 101.286 Thread 0x000001b4ef60f350 Thread exited: 0x000001b4ef60f350


Dynamic libraries:
0x00007ff7c97e0000 - 0x00007ff7c97ee000 	C:\Users\HP\AppData\Roaming\Antigravity\User\globalStorage\pleiades.java-extension-pack-jdk\java\17\bin\java.exe
0x00007ffa4d140000 - 0x00007ffa4d3a8000 	C:\WINDOWS\SYSTEM32\ntdll.dll
0x00007ffa4b9d0000 - 0x00007ffa4ba99000 	C:\WINDOWS\System32\KERNEL32.DLL
0x00007ffa4a020000 - 0x00007ffa4a411000 	C:\WINDOWS\System32\KERNELBASE.dll
0x00007ffa49ba0000 - 0x00007ffa49ceb000 	C:\WINDOWS\System32\ucrtbase.dll
0x00007ffa2d850000 - 0x00007ffa2d868000 	C:\Users\HP\AppData\Roaming\Antigravity\User\globalStorage\pleiades.java-extension-pack-jdk\java\17\bin\jli.dll
0x00007ffa25360000 - 0x00007ffa2537e000 	C:\Users\HP\AppData\Roaming\Antigravity\User\globalStorage\pleiades.java-extension-pack-jdk\java\17\bin\VCRUNTIME140.dll
0x00007ffa4ce60000 - 0x00007ffa4d026000 	C:\WINDOWS\System32\USER32.dll
0x00007ffa4a420000 - 0x00007ffa4a447000 	C:\WINDOWS\System32\win32u.dll
0x00007ffa315b0000 - 0x00007ffa31843000 	C:\WINDOWS\WinSxS\amd64_microsoft.windows.common-controls_6595b64144ccf1df_6.0.26100.7824_none_3e0870b2e3345462\COMCTL32.dll
0x00007ffa4aee0000 - 0x00007ffa4af0b000 	C:\WINDOWS\System32\GDI32.dll
0x00007ffa49d80000 - 0x00007ffa49eab000 	C:\WINDOWS\System32\gdi32full.dll
0x00007ffa4cd50000 - 0x00007ffa4cdf9000 	C:\WINDOWS\System32\msvcrt.dll
0x00007ffa4a450000 - 0x00007ffa4a4f3000 	C:\WINDOWS\System32\msvcp_win.dll
0x00007ffa4d0c0000 - 0x00007ffa4d0f1000 	C:\WINDOWS\System32\IMM32.DLL
0x00007ffa2d840000 - 0x00007ffa2d84c000 	C:\Users\HP\AppData\Roaming\Antigravity\User\globalStorage\pleiades.java-extension-pack-jdk\java\17\bin\vcruntime140_1.dll
0x00007ffa195a0000 - 0x00007ffa1962d000 	C:\Users\HP\AppData\Roaming\Antigravity\User\globalStorage\pleiades.java-extension-pack-jdk\java\17\bin\msvcp140.dll
0x00007ff9a1870000 - 0x00007ff9a24db000 	C:\Users\HP\AppData\Roaming\Antigravity\User\globalStorage\pleiades.java-extension-pack-jdk\java\17\bin\server\jvm.dll
0x00007ffa4bfc0000 - 0x00007ffa4c074000 	C:\WINDOWS\System32\ADVAPI32.dll
0x00007ffa4c9e0000 - 0x00007ffa4ca86000 	C:\WINDOWS\System32\sechost.dll
0x00007ffa4afb0000 - 0x00007ffa4b0c8000 	C:\WINDOWS\System32\RPCRT4.dll
0x00007ffa4d030000 - 0x00007ffa4d0a4000 	C:\WINDOWS\System32\WS2_32.dll
0x00007ffa49880000 - 0x00007ffa498de000 	C:\WINDOWS\SYSTEM32\POWRPROF.dll
0x00007ffa43990000 - 0x00007ffa439c5000 	C:\WINDOWS\SYSTEM32\WINMM.dll
0x00007ffa439d0000 - 0x00007ffa439db000 	C:\WINDOWS\SYSTEM32\VERSION.dll
0x00007ffa49860000 - 0x00007ffa49874000 	C:\WINDOWS\SYSTEM32\UMPDC.dll
0x00007ffa487c0000 - 0x00007ffa487db000 	C:\WINDOWS\SYSTEM32\kernel.appcore.dll
0x00007ffa25350000 - 0x00007ffa2535a000 	C:\Users\HP\AppData\Roaming\Antigravity\User\globalStorage\pleiades.java-extension-pack-jdk\java\17\bin\jimage.dll
0x00007ffa478b0000 - 0x00007ffa47af2000 	C:\WINDOWS\SYSTEM32\DBGHELP.DLL
0x00007ffa4c160000 - 0x00007ffa4c4e6000 	C:\WINDOWS\System32\combase.dll
0x00007ffa4c790000 - 0x00007ffa4c867000 	C:\WINDOWS\System32\OLEAUT32.dll
0x00007ffa30540000 - 0x00007ffa3057b000 	C:\WINDOWS\SYSTEM32\dbgcore.DLL
0x00007ffa49f70000 - 0x00007ffa4a015000 	C:\WINDOWS\System32\bcryptPrimitives.dll
0x00007ffa223e0000 - 0x00007ffa22405000 	C:\Users\HP\AppData\Roaming\Antigravity\User\globalStorage\pleiades.java-extension-pack-jdk\java\17\bin\java.dll
0x00007ff9b2120000 - 0x00007ff9b21f7000 	C:\Users\HP\AppData\Roaming\Antigravity\User\globalStorage\pleiades.java-extension-pack-jdk\java\17\bin\jsvml.dll
0x00007ffa4b270000 - 0x00007ffa4b9c2000 	C:\WINDOWS\System32\SHELL32.dll
0x00007ffa4a500000 - 0x00007ffa4a66a000 	C:\WINDOWS\System32\wintypes.dll
0x00007ffa4a670000 - 0x00007ffa4aed3000 	C:\WINDOWS\System32\windows.storage.dll
0x00007ffa4b170000 - 0x00007ffa4b266000 	C:\WINDOWS\System32\SHCORE.dll
0x00007ffa4af40000 - 0x00007ffa4afa7000 	C:\WINDOWS\System32\shlwapi.dll
0x00007ffa49940000 - 0x00007ffa49969000 	C:\WINDOWS\SYSTEM32\profapi.dll
0x00007ffa20850000 - 0x00007ffa2086a000 	C:\Users\HP\AppData\Roaming\Antigravity\User\globalStorage\pleiades.java-extension-pack-jdk\java\17\bin\net.dll
0x00007ffa43860000 - 0x00007ffa43987000 	C:\WINDOWS\SYSTEM32\WINHTTP.dll
0x00007ffa48d30000 - 0x00007ffa48d9b000 	C:\WINDOWS\system32\mswsock.dll
0x00007ffa20830000 - 0x00007ffa20846000 	C:\Users\HP\AppData\Roaming\Antigravity\User\globalStorage\pleiades.java-extension-pack-jdk\java\17\bin\nio.dll
0x00007ffa19580000 - 0x00007ffa19598000 	C:\Users\HP\AppData\Roaming\Antigravity\User\globalStorage\pleiades.java-extension-pack-jdk\java\17\bin\zip.dll
0x00007ffa25340000 - 0x00007ffa2534e000 	C:\Users\HP\AppData\Roaming\Antigravity\User\globalStorage\pleiades.java-extension-pack-jdk\java\17\bin\sunmscapi.dll
0x00007ffa49a20000 - 0x00007ffa49b97000 	C:\WINDOWS\System32\CRYPT32.dll
0x00007ffa49220000 - 0x00007ffa49250000 	C:\WINDOWS\SYSTEM32\ncrypt.dll
0x00007ffa491d0000 - 0x00007ffa4920f000 	C:\WINDOWS\SYSTEM32\NTASN1.dll
0x00007ffa49000000 - 0x00007ffa4901b000 	C:\WINDOWS\SYSTEM32\CRYPTSP.dll
0x00007ffa48720000 - 0x00007ffa48759000 	C:\WINDOWS\system32\rsaenh.dll
0x00007ffa48de0000 - 0x00007ffa48e0b000 	C:\WINDOWS\SYSTEM32\USERENV.dll
0x00007ffa49910000 - 0x00007ffa4993a000 	C:\WINDOWS\SYSTEM32\bcrypt.dll
0x00007ffa49020000 - 0x00007ffa4902c000 	C:\WINDOWS\SYSTEM32\CRYPTBASE.dll
0x00007ffa481c0000 - 0x00007ffa481f4000 	C:\WINDOWS\SYSTEM32\IPHLPAPI.DLL
0x00007ffa4cd40000 - 0x00007ffa4cd4a000 	C:\WINDOWS\System32\NSI.dll
0x00007ffa43c10000 - 0x00007ffa43c2e000 	C:\WINDOWS\SYSTEM32\dhcpcsvc6.DLL
0x00007ffa43bc0000 - 0x00007ffa43be3000 	C:\WINDOWS\SYSTEM32\dhcpcsvc.DLL
0x00007ffa48250000 - 0x00007ffa4837c000 	C:\WINDOWS\SYSTEM32\DNSAPI.dll
0x00007ffa22690000 - 0x00007ffa2269a000 	C:\Users\HP\AppData\Roaming\Antigravity\User\globalStorage\pleiades.java-extension-pack-jdk\java\17\bin\management.dll
0x00007ffa22680000 - 0x00007ffa2268c000 	C:\Users\HP\AppData\Roaming\Antigravity\User\globalStorage\pleiades.java-extension-pack-jdk\java\17\bin\management_ext.dll
0x00007ffa4cd30000 - 0x00007ffa4cd38000 	C:\WINDOWS\System32\PSAPI.DLL
0x00007ffa1df60000 - 0x00007ffa1df70000 	C:\Users\HP\AppData\Roaming\Antigravity\User\globalStorage\pleiades.java-extension-pack-jdk\java\17\bin\verify.dll
0x00007ffa1df50000 - 0x00007ffa1df59000 	C:\Users\HP\AppData\Roaming\Antigravity\User\globalStorage\pleiades.java-extension-pack-jdk\java\17\bin\extnet.dll
0x00007ffa3cb20000 - 0x00007ffa3cb28000 	C:\WINDOWS\system32\wshunix.dll
0x00007ffa41590000 - 0x00007ffa4159b000 	C:\Windows\System32\rasadhlp.dll
0x00007ffa44590000 - 0x00007ffa44616000 	C:\WINDOWS\System32\fwpuclnt.dll

dbghelp: loaded successfully - version: 4.0.5 - missing functions: none
symbol engine: initialized successfully - sym options: 0x614 - pdb path: .;C:\Users\HP\AppData\Roaming\Antigravity\User\globalStorage\pleiades.java-extension-pack-jdk\java\17\bin;C:\WINDOWS\SYSTEM32;C:\WINDOWS\WinSxS\amd64_microsoft.windows.common-controls_6595b64144ccf1df_6.0.26100.7824_none_3e0870b2e3345462;C:\Users\HP\AppData\Roaming\Antigravity\User\globalStorage\pleiades.java-extension-pack-jdk\java\17\bin\server

VM Arguments:
jvm_args: -XX:+ShowCodeDetailsInExceptionMessages 
java_command: com.example.frontend.FrontendApplication
java_class_path (initial): C:\Users\HP\Downloads\playground-4dd0d8498a949fd87128c775f0e34ef5b9045346\playground-4dd0d8498a949fd87128c775f0e34ef5b9045346\frontend\frontend\target\classes;C:\Users\HP\.m2\repository\org\springframework\boot\spring-boot-starter-web\3.2.1\spring-boot-starter-web-3.2.1.jar;C:\Users\HP\.m2\repository\org\springframework\boot\spring-boot-starter\3.2.1\spring-boot-starter-3.2.1.jar;C:\Users\HP\.m2\repository\org\springframework\boot\spring-boot\3.2.1\spring-boot-3.2.1.jar;C:\Users\HP\.m2\repository\org\springframework\boot\spring-boot-autoconfigure\3.2.1\spring-boot-autoconfigure-3.2.1.jar;C:\Users\HP\.m2\repository\org\springframework\boot\spring-boot-starter-logging\3.2.1\spring-boot-starter-logging-3.2.1.jar;C:\Users\HP\.m2\repository\ch\qos\logback\logback-classic\1.4.14\logback-classic-1.4.14.jar;C:\Users\HP\.m2\repository\ch\qos\logback\logback-core\1.4.14\logback-core-1.4.14.jar;C:\Users\HP\.m2\repository\org\apache\logging\log4j\log4j-to-slf4j\2.21.1\log4j-to-slf4j-2.21.1.jar;C:\Users\HP\.m2\repository\org\apache\logging\log4j\log4j-api\2.21.1\log4j-api-2.21.1.jar;C:\Users\HP\.m2\repository\org\slf4j\jul-to-slf4j\2.0.9\jul-to-slf4j-2.0.9.jar;C:\Users\HP\.m2\repository\jakarta\annotation\jakarta.annotation-api\2.1.1\jakarta.annotation-api-2.1.1.jar;C:\Users\HP\.m2\repository\org\yaml\snakeyaml\2.2\snakeyaml-2.2.jar;C:\Users\HP\.m2\repository\org\springframework\boot\spring-boot-starter-json\3.2.1\spring-boot-starter-json-3.2.1.jar;C:\Users\HP\.m2\repository\com\fasterxml\jackson\datatype\jackson-datatype-jdk8\2.15.3\jackson-datatype-jdk8-2.15.3.jar;C:\Users\HP\.m2\repository\com\fasterxml\jackson\module\jackson-module-parameter-names\2.15.3\jackson-module-parameter-names-2.15.3.jar;C:\Users\HP\.m2\repository\org\springframework\boot\spring-boot-starter-tomcat\3.2.1\spring-boot-starter-tomcat-3.2.1.jar;C:\Users\HP\.m2\repository\org\apache\tomcat\embed\tomcat-embed-core\10.1.17\tomcat-embed-core-10.1.17.jar;C:\Users\HP\.m2\repository
Launcher Type: SUN_STANDARD

[Global flags]
     intx CICompilerCount                          = 3                                         {product} {ergonomic}
     uint ConcGCThreads                            = 2                                         {product} {ergonomic}
     uint G1ConcRefinementThreads                  = 6                                         {product} {ergonomic}
   size_t G1HeapRegionSize                         = 1048576                                   {product} {ergonomic}
    uintx GCDrainStackTargetSize                   = 64                                        {product} {ergonomic}
   size_t InitialHeapSize                          = 125829120                                 {product} {ergonomic}
   size_t MarkStackSize                            = 4194304                                   {product} {ergonomic}
   size_t MaxHeapSize                              = 1983905792                                {product} {ergonomic}
   size_t MaxNewSize                               = 1190133760                                {product} {ergonomic}
   size_t MinHeapDeltaBytes                        = 1048576                                   {product} {ergonomic}
   size_t MinHeapSize                              = 8388608                                   {product} {ergonomic}
    uintx NonNMethodCodeHeapSize                   = 5832780                                {pd product} {ergonomic}
    uintx NonProfiledCodeHeapSize                  = 122912730                              {pd product} {ergonomic}
    uintx ProfiledCodeHeapSize                     = 122912730                              {pd product} {ergonomic}
    uintx ReservedCodeCacheSize                    = 251658240                              {pd product} {ergonomic}
     bool SegmentedCodeCache                       = true                                      {product} {ergonomic}
     bool ShowCodeDetailsInExceptionMessages       = true                                   {manageable} {command line}
   size_t SoftMaxHeapSize                          = 1983905792                             {manageable} {ergonomic}
     bool UseCompressedClassPointers               = true                           {product lp64_product} {ergonomic}
     bool UseCompressedOops                        = true                           {product lp64_product} {ergonomic}
     bool UseG1GC                                  = true                                      {product} {ergonomic}
     bool UseLargePagesIndividualAllocation        = false                                  {pd product} {ergonomic}

Logging:
Log output configuration:
 #0: stdout all=warning uptime,level,tags
 #1: stderr all=off uptime,level,tags

Environment Variables:
JAVA_HOME=C:\Program Files\Java\jdk-21
PATH=C:\Users\HP\AppData\Roaming\Antigravity\User\globalStorage\pleiades.java-extension-pack-jdk\gradle\latest\bin;C:\Users\HP\AppData\Roaming\Antigravity\User\globalStorage\pleiades.java-extension-pack-jdk\maven\latest\bin;C:\Program Files\Java\jdk-21\bin;C:\Python312\Scripts\;C:\Python312\;C:\Program Files\Common Files\Oracle\Java\javapath;C:\Program Files (x86)\Common Files\Oracle\Java\javapath;C:\WINDOWS\system32;C:\WINDOWS;C:\WINDOWS\System32\Wbem;C:\WINDOWS\System32\WindowsPowerShell\v1.0\;C:\WINDOWS\System32\OpenSSH\;C:\Program Files\Git\cmd;C:\MinGW\bin;C:\Program Files\wkhtmltopdf\bin;C:\Program Files (x86)\Java\jre-1.8\bin;C:\Program Files\jdk-20.0.2\bin;C:\Program Files\MongoDB\Server\7.0\bin;C:\Program Files\Amazon\AWSCLIV2\;C:\Users\HP\OpenSSH-Win64;C:\ProgramData\chocolatey\bin;C:\Program Files (x86)\Yarn\bin\;C:\Program Files\MongoDB\Server\5.0\bin;C:\Program Files\MySQL\MySQL Server 8.0\bin;;C:\WINDOWS\system32;C:\WINDOWS;C:\WINDOWS\System32\Wbem;C:\WINDOWS\System32\WindowsPowerShell\v1.0\;C:\WINDOWS\System32\OpenSSH\;C:\Program Files\Kubernetes\Minikube;;C:\Program Files\Docker\Docker\resources\bin;C:\Program Files\PowerShell\7\;C:\Users\HP\AppData\Local\Programs\Python\Python38\Scripts\;C:\Users\HP\AppData\Local\Programs\Python\Python38\;C:\Users\HP\AppData\Local\Microsoft\WindowsApps;C:\Program Files\JetBrains\PyCharm Community Edition 2023.1.3\bin;;C:\Program Files\heroku\bin;C:\Users\HP\apache-maven-3.9.6\bin;C:\Program Files\JetBrains\DataGrip 2023.3.4\bin;;C:\Program Files\MySQL\MySQL Server 8.3\bin;C:\Users\HP\AppData\Local\Programs\oh-my-posh\bin;C:\Users\HP\AppData\Local\Yarn\bin;C:\Program Files\MongoDB\Server\5.0\bin;C:\Users\HP\AppData\Local\Programs\Microsoft VS Code\bin;C:\Program Files\MySQL\MySQL Server 8.0\bin;C:\Users\HP\AppData\Local\Programs\Antigravity\bin;C:\Users\HP\AppData\Local\Programs\mongosh\;c:\Users\HP\.antigravity\extensions\vscjava.vscode-java-debug-0.58.5-universal\bundled\scripts\noConfigScripts
USERNAME=HP
LANG=en_US.UTF-8
OS=Windows_NT
PROCESSOR_IDENTIFIER=AMD64 Family 23 Model 96 Stepping 1, AuthenticAMD
TMP=C:\Users\HP\AppData\Local\Temp
TEMP=C:\Users\HP\AppData\Local\Temp



Periodic native trim disabled


---------------  S Y S T E M  ---------------

OS:
 Windows 11 , 64 bit Build 26100 (10.0.26100.7705)
OS uptime: 0 days 16:40 hours
Hyper-V role detected

CPU: total 6 (initial active 6) (6 cores per cpu, 1 threads per core) family 23 model 96 stepping 1 microcode 0x8600109, cx8, cmov, fxsr, mmx, 3dnowpref, sse, sse2, sse3, ssse3, sse4a, sse4.1, sse4.2, popcnt, lzcnt, tsc, tscinvbit, avx, avx2, aes, clmul, bmi1, bmi2, adx, sha, fma, vzeroupper, clflush, clflushopt, hv
Processor Information for all 6 processors :
  Max Mhz: 2375, Current Mhz: 2375, Mhz Limit: 2375

Memory: 4k page, system-wide physical 7564M (836M free)
TotalPageFile size 31116M (AvailPageFile size 14M)
current process WorkingSet (physical memory assigned to process): 32M, peak: 216M
current process commit charge ("private bytes"): 205M, peak: 263M

vm_info: OpenJDK 64-Bit Server VM (17.0.18+8) for windows-amd64 JRE (17.0.18+8), built on Jan 20 2026 22:28:22 by "admin" with MS VC++ 17.12 (VS2022)

END.
