#
# There is insufficient memory for the Java Runtime Environment to continue.
# Native memory allocation (malloc) failed to allocate 204336 bytes. Error detail: Chunk::new
# Possible reasons:
#   The system is out of physical RAM or swap space
#   This process is running with CompressedOops enabled, and the Java Heap may be blocking the growth of the native heap
# Possible solutions:
#   Reduce memory load on the system
#   Increase physical memory or swap space
#   Check if swap backing store is full
#   Decrease Java heap size (-Xmx/-Xms)
#
#  Out of Memory Error
#
# JRE version: OpenJDK Runtime Environment Temurin-17.0.18+8 (17.0.18+8) (build 17.0.18+8)
# Java VM: OpenJDK 64-Bit Server VM Temurin-17.0.18+8 (17.0.18+8, mixed mode, sharing, tiered, compressed oops, compressed class ptrs, g1 gc, windows-amd64)
# No core dump will be written. Minidumps are not enabled by default on client versions of Windows
#

---------------  S U M M A R Y ------------

Command Line: -XX:+ShowCodeDetailsInExceptionMessages com.example.frontend.FrontendApplication

Host: AMD Ryzen 5 4500U with Radeon Graphics         , 6 cores, 7G,  Windows 11 , 64 bit Build 26100 (10.0.26100.7705)
Time: Wed Mar  4 14:32:43 2026 India Standard Time elapsed time: 496.770121 seconds (0d 0h 8m 16s)

---------------  T H R E A D  ---------------

Current thread (0x000001b7154c9040):  JavaThread "C2 CompilerThread0" daemon [_thread_in_native, id=38464, stack(0x0000005553b00000,0x0000005553c00000)]


Current CompileTask:
C2:496771 6484       4       org.apache.kafka.clients.consumer.internals.OffsetFetcherUtils::getPartitionsToValidate (83 bytes)

Stack: [0x0000005553b00000,0x0000005553c00000]
Native frames: (J=compiled Java code, j=interpreted, Vv=VM code, C=native code)
V  [jvm.dll+0x6846f9]
V  [jvm.dll+0x839ea5]
V  [jvm.dll+0x83b91e]
V  [jvm.dll+0x83bfa3]
V  [jvm.dll+0x248eff]
V  [jvm.dll+0xad496]
V  [jvm.dll+0xadb3c]
V  [jvm.dll+0x2b05df]
V  [jvm.dll+0x58acf5]
V  [jvm.dll+0x222e84]
V  [jvm.dll+0x21b5cf]
V  [jvm.dll+0x2190fe]
V  [jvm.dll+0x1a4920]
V  [jvm.dll+0x22989a]
V  [jvm.dll+0x227a4b]
V  [jvm.dll+0x7f0658]
V  [jvm.dll+0x7eaaec]
V  [jvm.dll+0x6835c7]
C  [ucrtbase.dll+0x37b0]
C  [KERNEL32.DLL+0x2e8d7]
C  [ntdll.dll+0x8c40c]


---------------  P R O C E S S  ---------------

Threads class SMR info:
_java_thread_list=0x000001b75cf09a50, length=44, elements={
0x000001b7154a8c70, 0x000001b7154ad560, 0x000001b7154c6920, 0x000001b7154c71f0,
0x000001b7154c7ac0, 0x000001b7154c8390, 0x000001b7154c9040, 0x000001b7154cba10,
0x000001b7154db880, 0x000001b7157632b0, 0x000001b71576c470, 0x000001b75cc44630,
0x000001b75cc44120, 0x000001b75cc45f80, 0x000001b75cc44b40, 0x000001b75cc45a70,
0x000001b75cc469a0, 0x000001b75cc46eb0, 0x000001b75cc473c0, 0x000001b75cc478d0,
0x000001b75cc45050, 0x000001b75c093eb0, 0x000001b75c0939a0, 0x000001b75c092560,
0x000001b75c094de0, 0x000001b75c0943c0, 0x000001b75c091630, 0x000001b75c0948d0,
0x000001b75c092f80, 0x000001b75c092a70, 0x000001b75c093490, 0x000001b75c0952f0,
0x000001b75c091b40, 0x000001b75c095800, 0x000001b75c092050, 0x000001b75c096c40,
0x000001b75c098590, 0x000001b75c098080, 0x000001b75c097150, 0x000001b75c097b70,
0x000001b75c098aa0, 0x000001b75c096220, 0x000001b75ce612f0, 0x000001b75ce61800
}

Java Threads: ( => current thread )
  0x000001b7154a8c70 JavaThread "Reference Handler" daemon [_thread_blocked, id=45448, stack(0x0000005553500000,0x0000005553600000)]
  0x000001b7154ad560 JavaThread "Finalizer" daemon [_thread_blocked, id=45444, stack(0x0000005553600000,0x0000005553700000)]
  0x000001b7154c6920 JavaThread "Signal Dispatcher" daemon [_thread_blocked, id=45632, stack(0x0000005553700000,0x0000005553800000)]
  0x000001b7154c71f0 JavaThread "Attach Listener" daemon [_thread_blocked, id=45364, stack(0x0000005553800000,0x0000005553900000)]
  0x000001b7154c7ac0 JavaThread "Service Thread" daemon [_thread_blocked, id=44248, stack(0x0000005553900000,0x0000005553a00000)]
  0x000001b7154c8390 JavaThread "Monitor Deflation Thread" daemon [_thread_blocked, id=44280, stack(0x0000005553a00000,0x0000005553b00000)]
=>0x000001b7154c9040 JavaThread "C2 CompilerThread0" daemon [_thread_in_native, id=38464, stack(0x0000005553b00000,0x0000005553c00000)]
  0x000001b7154cba10 JavaThread "C1 CompilerThread0" daemon [_thread_blocked, id=29044, stack(0x0000005553c00000,0x0000005553d00000)]
  0x000001b7154db880 JavaThread "Sweeper thread" daemon [_thread_blocked, id=34656, stack(0x0000005553d00000,0x0000005553e00000)]
  0x000001b7157632b0 JavaThread "Notification Thread" daemon [_thread_blocked, id=12896, stack(0x0000005553e00000,0x0000005553f00000)]
  0x000001b71576c470 JavaThread "Common-Cleaner" daemon [_thread_blocked, id=37064, stack(0x0000005554000000,0x0000005554100000)]
  0x000001b75cc44630 JavaThread "Catalina-utility-1" [_thread_blocked, id=8832, stack(0x0000005554800000,0x0000005554900000)]
  0x000001b75cc44120 JavaThread "Catalina-utility-2" [_thread_blocked, id=9744, stack(0x0000005554900000,0x0000005554a00000)]
  0x000001b75cc45f80 JavaThread "container-0" [_thread_blocked, id=35664, stack(0x0000005554a00000,0x0000005554b00000)]
  0x000001b75cc44b40 JavaThread "MessageBroker-1" [_thread_blocked, id=11932, stack(0x0000005554b00000,0x0000005554c00000)]
  0x000001b75cc45a70 JavaThread "http-nio-8130-exec-1" daemon [_thread_blocked, id=45992, stack(0x0000005554c00000,0x0000005554d00000)]
  0x000001b75cc469a0 JavaThread "http-nio-8130-exec-2" daemon [_thread_blocked, id=40492, stack(0x0000005554d00000,0x0000005554e00000)]
  0x000001b75cc46eb0 JavaThread "http-nio-8130-exec-3" daemon [_thread_blocked, id=7992, stack(0x0000005554e00000,0x0000005554f00000)]
  0x000001b75cc473c0 JavaThread "http-nio-8130-exec-4" daemon [_thread_blocked, id=45104, stack(0x0000005554f00000,0x0000005555000000)]
  0x000001b75cc478d0 JavaThread "http-nio-8130-exec-5" daemon [_thread_blocked, id=41952, stack(0x0000005555000000,0x0000005555100000)]
  0x000001b75cc45050 JavaThread "http-nio-8130-exec-6" daemon [_thread_blocked, id=35068, stack(0x0000005555100000,0x0000005555200000)]
  0x000001b75c093eb0 JavaThread "http-nio-8130-exec-7" daemon [_thread_blocked, id=30200, stack(0x0000005555200000,0x0000005555300000)]
  0x000001b75c0939a0 JavaThread "http-nio-8130-exec-8" daemon [_thread_blocked, id=38124, stack(0x0000005555300000,0x0000005555400000)]
  0x000001b75c092560 JavaThread "http-nio-8130-exec-9" daemon [_thread_blocked, id=42352, stack(0x0000005555400000,0x0000005555500000)]
  0x000001b75c094de0 JavaThread "http-nio-8130-exec-10" daemon [_thread_blocked, id=33752, stack(0x0000005555500000,0x0000005555600000)]
  0x000001b75c0943c0 JavaThread "http-nio-8130-Poller" daemon [_thread_in_native, id=41764, stack(0x0000005555600000,0x0000005555700000)]
  0x000001b75c091630 JavaThread "http-nio-8130-Acceptor" daemon [_thread_in_native, id=43292, stack(0x0000005555700000,0x0000005555800000)]
  0x000001b75c0948d0 JavaThread "ThreadPoolTaskScheduler-1" [_thread_blocked, id=35020, stack(0x0000005555800000,0x0000005555900000)]
  0x000001b75c092f80 JavaThread "org.springframework.kafka.KafkaListenerEndpointContainer#2-0-C-1" [_thread_in_native, id=38824, stack(0x0000005555900000,0x0000005555a00000)]
  0x000001b75c092a70 JavaThread "ThreadPoolTaskScheduler-1" [_thread_blocked, id=32576, stack(0x0000005555a00000,0x0000005555b00000)]
  0x000001b75c093490 JavaThread "org.springframework.kafka.KafkaListenerEndpointContainer#0-0-C-1" [_thread_in_native, id=45976, stack(0x0000005555b00000,0x0000005555c00000)]
  0x000001b75c0952f0 JavaThread "ThreadPoolTaskScheduler-1" [_thread_blocked, id=18956, stack(0x0000005555c00000,0x0000005555d00000)]
  0x000001b75c091b40 JavaThread "org.springframework.kafka.KafkaListenerEndpointContainer#1-0-C-1" [_thread_in_native, id=9452, stack(0x0000005555d00000,0x0000005555e00000)]
  0x000001b75c095800 JavaThread "MessageBroker-2" [_thread_blocked, id=15724, stack(0x0000005555e00000,0x0000005555f00000)]
  0x000001b75c092050 JavaThread "DestroyJavaVM" [_thread_blocked, id=45476, stack(0x0000005552e00000,0x0000005552f00000)]
  0x000001b75c096c40 JavaThread "MessageBroker-3" [_thread_blocked, id=41868, stack(0x0000005556000000,0x0000005556100000)]
  0x000001b75c098590 JavaThread "kafka-coordinator-heartbeat-thread | frontend-trace-group" daemon [_thread_blocked, id=37428, stack(0x0000005556100000,0x0000005556200000)]
  0x000001b75c098080 JavaThread "kafka-coordinator-heartbeat-thread | frontend-group-v2" daemon [_thread_blocked, id=42068, stack(0x0000005556200000,0x0000005556300000)]
  0x000001b75c097150 JavaThread "kafka-coordinator-heartbeat-thread | frontend-registry-group" daemon [_thread_blocked, id=43828, stack(0x0000005554500000,0x0000005554600000)]
  0x000001b75c097b70 JavaThread "MessageBroker-4" [_thread_blocked, id=39824, stack(0x0000005556300000,0x0000005556400000)]
  0x000001b75c098aa0 JavaThread "MessageBroker-5" [_thread_blocked, id=2512, stack(0x0000005556400000,0x0000005556500000)]
  0x000001b75c096220 JavaThread "MessageBroker-6" [_thread_blocked, id=20412, stack(0x0000005556500000,0x0000005556600000)]
  0x000001b75ce612f0 JavaThread "kafka-producer-network-thread | producer-1" daemon [_thread_in_native, id=11788, stack(0x0000005557400000,0x0000005557500000)]
  0x000001b75ce61800 JavaThread "kafka-producer-network-thread | producer-2" daemon [_thread_in_native, id=5708, stack(0x0000005557500000,0x0000005557600000)]

Other Threads:
  0x000001b7154a5930 VMThread "VM Thread" [stack: 0x0000005553400000,0x0000005553500000] [id=45280]
  0x000001b715767fd0 WatcherThread [stack: 0x0000005553f00000,0x0000005554000000] [id=40996]
  0x000001b775c5dd90 GCTaskThread "GC Thread#0" [stack: 0x0000005552f00000,0x0000005553000000] [id=45472]
  0x000001b75b72c530 GCTaskThread "GC Thread#1" [stack: 0x0000005554100000,0x0000005554200000] [id=42672]
  0x000001b75b5cef70 GCTaskThread "GC Thread#2" [stack: 0x0000005554200000,0x0000005554300000] [id=42700]
  0x000001b75b5cf230 GCTaskThread "GC Thread#3" [stack: 0x0000005554300000,0x0000005554400000] [id=43484]
  0x000001b75b5d3500 GCTaskThread "GC Thread#4" [stack: 0x0000005554400000,0x0000005554500000] [id=36284]
  0x000001b75c28a9a0 GCTaskThread "GC Thread#5" [stack: 0x0000005554700000,0x0000005554800000] [id=30616]
  0x000001b775c6e540 ConcurrentGCThread "G1 Main Marker" [stack: 0x0000005553000000,0x0000005553100000] [id=8392]
  0x000001b775c71c30 ConcurrentGCThread "G1 Conc#0" [stack: 0x0000005553100000,0x0000005553200000] [id=24640]
  0x000001b75cb4a8c0 ConcurrentGCThread "G1 Conc#1" [stack: 0x0000005554600000,0x0000005554700000] [id=42264]
  0x000001b715359100 ConcurrentGCThread "G1 Refine#0" [stack: 0x0000005553200000,0x0000005553300000] [id=41992]
  0x000001b7153617f0 ConcurrentGCThread "G1 Service" [stack: 0x0000005553300000,0x0000005553400000] [id=42104]

Threads with active compile tasks:
C2 CompilerThread0  496883 6484       4       org.apache.kafka.clients.consumer.internals.OffsetFetcherUtils::getPartitionsToValidate (83 bytes)

VM state: not at safepoint (normal execution)

VM Mutex/Monitor currently owned by a thread: None

Heap address: 0x0000000089c00000, size: 1892 MB, Compressed Oops mode: 32-bit

CDS archive(s) mapped at: [0x000001b716000000-0x000001b716bb0000-0x000001b716bb0000), size 12255232, SharedBaseAddress: 0x000001b716000000, ArchiveRelocationMode: 1.
Compressed class space mapped at: 0x000001b717000000-0x000001b757000000, reserved size: 1073741824
Narrow klass base: 0x000001b716000000, Narrow klass shift: 0, Narrow klass range: 0x100000000

GC Precious Log:
 CPUs: 6 total, 6 available
 Memory: 7564M
 Large Page Support: Disabled
 NUMA Support: Disabled
 Compressed Oops: Enabled (32-bit)
 Heap Region Size: 1M
 Heap Min Capacity: 8M
 Heap Initial Capacity: 120M
 Heap Max Capacity: 1892M
 Pre-touch: Disabled
 Parallel Workers: 6
 Concurrent Workers: 2
 Concurrent Refinement Workers: 6
 Periodic GC: Disabled

Heap:
 garbage-first heap   total 48128K, used 24871K [0x0000000089c00000, 0x0000000100000000)
  region size 1024K, 3 young (3072K), 1 survivors (1024K)
 Metaspace       used 48601K, committed 49152K, reserved 1114112K
  class space    used 5868K, committed 6144K, reserved 1048576K

Heap Regions: E=young(eden), S=young(survivor), O=old, HS=humongous(starts), HC=humongous(continues), CS=collection set, F=free, OA=open archive, CA=closed archive, TAMS=top-at-mark-start (previous, next)
|   0|0x0000000089c00000, 0x0000000089d00000, 0x0000000089d00000|100%| O|  |TAMS 0x0000000089d00000, 0x0000000089c00000| Untracked 
|   1|0x0000000089d00000, 0x0000000089e00000, 0x0000000089e00000|100%| O|  |TAMS 0x0000000089e00000, 0x0000000089d00000| Untracked 
|   2|0x0000000089e00000, 0x0000000089f00000, 0x0000000089f00000|100%| O|  |TAMS 0x0000000089f00000, 0x0000000089e00000| Untracked 
|   3|0x0000000089f00000, 0x000000008a000000, 0x000000008a000000|100%| O|  |TAMS 0x000000008a000000, 0x0000000089f00000| Untracked 
|   4|0x000000008a000000, 0x000000008a100000, 0x000000008a100000|100%| O|  |TAMS 0x000000008a100000, 0x000000008a000000| Untracked 
|   5|0x000000008a100000, 0x000000008a100000, 0x000000008a200000|  0%| F|  |TAMS 0x000000008a100000, 0x000000008a100000| Untracked 
|   6|0x000000008a200000, 0x000000008a300000, 0x000000008a300000|100%| O|  |TAMS 0x000000008a300000, 0x000000008a200000| Untracked 
|   7|0x000000008a300000, 0x000000008a400000, 0x000000008a400000|100%| O|  |TAMS 0x000000008a400000, 0x000000008a300000| Untracked 
|   8|0x000000008a400000, 0x000000008a500000, 0x000000008a500000|100%| O|  |TAMS 0x000000008a500000, 0x000000008a400000| Untracked 
|   9|0x000000008a500000, 0x000000008a600000, 0x000000008a600000|100%| O|  |TAMS 0x000000008a600000, 0x000000008a500000| Untracked 
|  10|0x000000008a600000, 0x000000008a700000, 0x000000008a700000|100%| O|  |TAMS 0x000000008a700000, 0x000000008a600000| Untracked 
|  11|0x000000008a700000, 0x000000008a800000, 0x000000008a800000|100%| O|  |TAMS 0x000000008a800000, 0x000000008a700000| Untracked 
|  12|0x000000008a800000, 0x000000008a900000, 0x000000008a900000|100%| O|  |TAMS 0x000000008a900000, 0x000000008a800000| Untracked 
|  13|0x000000008a900000, 0x000000008aa00000, 0x000000008aa00000|100%| O|  |TAMS 0x000000008aa00000, 0x000000008a900000| Untracked 
|  14|0x000000008aa00000, 0x000000008ab00000, 0x000000008ab00000|100%| O|  |TAMS 0x000000008ab00000, 0x000000008aa00000| Untracked 
|  15|0x000000008ab00000, 0x000000008ac00000, 0x000000008ac00000|100%| O|  |TAMS 0x000000008ac00000, 0x000000008ab00000| Untracked 
|  16|0x000000008ac00000, 0x000000008ad00000, 0x000000008ad00000|100%| O|  |TAMS 0x000000008ad00000, 0x000000008ac00000| Untracked 
|  17|0x000000008ad00000, 0x000000008ae00000, 0x000000008ae00000|100%| O|  |TAMS 0x000000008ae00000, 0x000000008ad00000| Untracked 
|  18|0x000000008ae00000, 0x000000008af00000, 0x000000008af00000|100%| O|  |TAMS 0x000000008af00000, 0x000000008ae00000| Untracked 
|  19|0x000000008af00000, 0x000000008b000000, 0x000000008b000000|100%| O|  |TAMS 0x000000008b000000, 0x000000008af00000| Untracked 
|  20|0x000000008b000000, 0x000000008b100000, 0x000000008b100000|100%| O|  |TAMS 0x000000008b100000, 0x000000008b000000| Untracked 
|  21|0x000000008b100000, 0x000000008b200000, 0x000000008b200000|100%| O|  |TAMS 0x000000008b200000, 0x000000008b100000| Untracked 
|  22|0x000000008b200000, 0x000000008b300000, 0x000000008b300000|100%| O|  |TAMS 0x000000008b300000, 0x000000008b200000| Untracked 
|  23|0x000000008b300000, 0x000000008b400000, 0x000000008b400000|100%| O|  |TAMS 0x000000008b400000, 0x000000008b300000| Untracked 
|  24|0x000000008b400000, 0x000000008b412400, 0x000000008b500000|  7%| O|  |TAMS 0x000000008b412400, 0x000000008b400000| Untracked 
|  25|0x000000008b500000, 0x000000008b500000, 0x000000008b600000|  0%| F|  |TAMS 0x000000008b500000, 0x000000008b500000| Untracked 
|  26|0x000000008b600000, 0x000000008b600000, 0x000000008b700000|  0%| F|  |TAMS 0x000000008b600000, 0x000000008b600000| Untracked 
|  27|0x000000008b700000, 0x000000008b700000, 0x000000008b800000|  0%| F|  |TAMS 0x000000008b700000, 0x000000008b700000| Untracked 
|  28|0x000000008b800000, 0x000000008b800000, 0x000000008b900000|  0%| F|  |TAMS 0x000000008b800000, 0x000000008b800000| Untracked 
|  29|0x000000008b900000, 0x000000008b900000, 0x000000008ba00000|  0%| F|  |TAMS 0x000000008b900000, 0x000000008b900000| Untracked 
|  30|0x000000008ba00000, 0x000000008ba00000, 0x000000008bb00000|  0%| F|  |TAMS 0x000000008ba00000, 0x000000008ba00000| Untracked 
|  31|0x000000008bb00000, 0x000000008bb00000, 0x000000008bc00000|  0%| F|  |TAMS 0x000000008bb00000, 0x000000008bb00000| Untracked 
|  32|0x000000008bc00000, 0x000000008bc37b60, 0x000000008bd00000| 21%| S|CS|TAMS 0x000000008bc00000, 0x000000008bc00000| Complete 
|  33|0x000000008bd00000, 0x000000008bd00000, 0x000000008be00000|  0%| F|  |TAMS 0x000000008bd00000, 0x000000008bd00000| Untracked 
|  34|0x000000008be00000, 0x000000008be00000, 0x000000008bf00000|  0%| F|  |TAMS 0x000000008be00000, 0x000000008be00000| Untracked 
|  35|0x000000008bf00000, 0x000000008bf00000, 0x000000008c000000|  0%| F|  |TAMS 0x000000008bf00000, 0x000000008bf00000| Untracked 
|  36|0x000000008c000000, 0x000000008c000000, 0x000000008c100000|  0%| F|  |TAMS 0x000000008c000000, 0x000000008c000000| Untracked 
|  37|0x000000008c100000, 0x000000008c100000, 0x000000008c200000|  0%| F|  |TAMS 0x000000008c100000, 0x000000008c100000| Untracked 
|  38|0x000000008c200000, 0x000000008c200000, 0x000000008c300000|  0%| F|  |TAMS 0x000000008c200000, 0x000000008c200000| Untracked 
|  58|0x000000008d600000, 0x000000008d600000, 0x000000008d700000|  0%| F|  |TAMS 0x000000008d600000, 0x000000008d600000| Untracked 
|  59|0x000000008d700000, 0x000000008d700000, 0x000000008d800000|  0%| F|  |TAMS 0x000000008d700000, 0x000000008d700000| Untracked 
|  60|0x000000008d800000, 0x000000008d800000, 0x000000008d900000|  0%| F|  |TAMS 0x000000008d800000, 0x000000008d800000| Untracked 
|  61|0x000000008d900000, 0x000000008d900000, 0x000000008da00000|  0%| F|  |TAMS 0x000000008d900000, 0x000000008d900000| Untracked 
|  62|0x000000008da00000, 0x000000008da00000, 0x000000008db00000|  0%| F|  |TAMS 0x000000008da00000, 0x000000008da00000| Untracked 
|  63|0x000000008db00000, 0x000000008db00000, 0x000000008dc00000|  0%| F|  |TAMS 0x000000008db00000, 0x000000008db00000| Untracked 
|  64|0x000000008dc00000, 0x000000008dcb6508, 0x000000008dd00000| 71%| E|  |TAMS 0x000000008dc00000, 0x000000008dc00000| Complete 
| 119|0x0000000091300000, 0x0000000091400000, 0x0000000091400000|100%| E|CS|TAMS 0x0000000091300000, 0x0000000091300000| Complete 

Card table byte_map: [0x000001b77f970000,0x000001b77fd30000] _byte_map_base: 0x000001b77f522000

Marking Bits (Prev, Next): (CMBitMap*) 0x000001b775c5e2c0, (CMBitMap*) 0x000001b775c5e300
 Prev Bits: [0x000001b70f3c0000, 0x000001b711150000)
 Next Bits: [0x000001b711150000, 0x000001b712ee0000)

Polling page: 0x000001b775980000

Metaspace:

Usage:
  Non-class:     41.73 MB used.
      Class:      5.73 MB used.
       Both:     47.46 MB used.

Virtual space:
  Non-class space:       64.00 MB reserved,      42.00 MB ( 66%) committed,  1 nodes.
      Class space:        1.00 GB reserved,       6.00 MB ( <1%) committed,  1 nodes.
             Both:        1.06 GB reserved,      48.00 MB (  4%) committed. 

Chunk freelists:
   Non-Class:  5.51 MB
       Class:  10.06 MB
        Both:  15.57 MB

MaxMetaspaceSize: unlimited
CompressedClassSpaceSize: 1.00 GB
Initial GC threshold: 21.00 MB
Current GC threshold: 79.81 MB
CDS: on
MetaspaceReclaimPolicy: balanced
 - commit_granule_bytes: 65536.
 - commit_granule_words: 8192.
 - virtual_space_node_default_size: 8388608.
 - enlarge_chunks_in_place: 1.
 - new_chunks_are_fully_committed: 0.
 - uncommit_free_chunks: 1.
 - use_allocation_guard: 0.
 - handle_deallocations: 1.


Internal statistics:

num_allocs_failed_limit: 6.
num_arena_births: 796.
num_arena_deaths: 10.
num_vsnodes_births: 2.
num_vsnodes_deaths: 0.
num_space_committed: 768.
num_space_uncommitted: 0.
num_chunks_returned_to_freelist: 20.
num_chunks_taken_from_freelist: 2559.
num_chunk_merges: 7.
num_chunk_splits: 1804.
num_chunks_enlarged: 1360.
num_inconsistent_stats: 0.

CodeHeap 'non-profiled nmethods': size=120000Kb used=3862Kb max_used=3862Kb free=116137Kb
 bounds [0x000001b707ad0000, 0x000001b707ea0000, 0x000001b70f000000]
CodeHeap 'profiled nmethods': size=120000Kb used=11283Kb max_used=11283Kb free=108716Kb
 bounds [0x000001b700000000, 0x000001b700b10000, 0x000001b707530000]
CodeHeap 'non-nmethods': size=5760Kb used=1368Kb max_used=1420Kb free=4391Kb
 bounds [0x000001b707530000, 0x000001b7077a0000, 0x000001b707ad0000]
 total_blobs=6447 nmethods=5734 adapters=624
 compilation: enabled
              stopped_count=0, restarted_count=0
 full_count=0

Compilation events (20 events):
Event: 483.159 Thread 0x000001b7154c9040 nmethod 6474 0x000001b707e7e510 code [0x000001b707e7e6e0, 0x000001b707e7ed38]
Event: 484.107 Thread 0x000001b7154c9040 6475       4       org.apache.kafka.clients.consumer.internals.AbstractCoordinator$MemberState::hasNotJoinedGroup (26 bytes)
Event: 484.110 Thread 0x000001b7154c9040 nmethod 6475 0x000001b707e7f310 code [0x000001b707e7f4a0, 0x000001b707e7f558]
Event: 491.437 Thread 0x000001b7154c9040 6476       4       java.nio.ByteBuffer::mark (5 bytes)
Event: 491.437 Thread 0x000001b7154c9040 nmethod 6476 0x000001b707e7f610 code [0x000001b707e7f7a0, 0x000001b707e7f838]
Event: 493.449 Thread 0x000001b7154c9040 6477       4       java.util.concurrent.atomic.AtomicLong::compareAndSet (13 bytes)
Event: 493.450 Thread 0x000001b7154c9040 nmethod 6477 0x000001b707e7f910 code [0x000001b707e7fa80, 0x000001b707e7fb18]
Event: 494.370 Thread 0x000001b7154c9040 6478       4       org.apache.kafka.clients.consumer.internals.ConsumerCoordinator::rejoinNeededOrPending (137 bytes)
Event: 494.431 Thread 0x000001b7154c9040 nmethod 6478 0x000001b707e7fc10 code [0x000001b707e7fe80, 0x000001b707e81428]
Event: 494.431 Thread 0x000001b7154c9040 6479       4       org.apache.kafka.clients.consumer.internals.AbstractFetch::prepareFetchRequests (461 bytes)
Event: 494.813 Thread 0x000001b7154c9040 nmethod 6479 0x000001b707e82810 code [0x000001b707e82e60, 0x000001b707e890f8]
Event: 494.813 Thread 0x000001b7154c9040 6480       4       org.apache.kafka.clients.consumer.internals.FetchMetricsManager::maybeUpdateAssignment (188 bytes)
Event: 494.862 Thread 0x000001b7154c9040 nmethod 6480 0x000001b707e8f490 code [0x000001b707e8f7e0, 0x000001b707e916f8]
Event: 494.875 Thread 0x000001b7154c9040 6481       4       org.apache.kafka.clients.consumer.internals.ConsumerCoordinator::timeToNextPoll (29 bytes)
Event: 494.879 Thread 0x000001b7154c9040 nmethod 6481 0x000001b707e92810 code [0x000001b707e929a0, 0x000001b707e92d78]
Event: 495.275 Thread 0x000001b7154c9040 6482       4       org.apache.kafka.clients.consumer.internals.ConsumerCoordinator::poll (201 bytes)
Event: 495.309 Thread 0x000001b7154c9040 nmethod 6482 0x000001b707e93010 code [0x000001b707e932a0, 0x000001b707e946f8]
Event: 495.504 Thread 0x000001b7154c9040 6483       4       java.util.HashMap$EntrySpliterator::forEachRemaining (183 bytes)
Event: 495.513 Thread 0x000001b7154c9040 nmethod 6483 0x000001b707e95410 code [0x000001b707e955a0, 0x000001b707e958d8]
Event: 496.517 Thread 0x000001b7154c9040 6484       4       org.apache.kafka.clients.consumer.internals.OffsetFetcherUtils::getPartitionsToValidate (83 bytes)

GC Heap History (20 events):
Event: 6.986 GC heap before
{Heap before GC invocations=7 (full 0):
 garbage-first heap   total 48128K, used 33627K [0x0000000089c00000, 0x0000000100000000)
  region size 1024K, 19 young (19456K), 2 survivors (2048K)
 Metaspace       used 35485K, committed 35968K, reserved 1114112K
  class space    used 4426K, committed 4672K, reserved 1048576K
}
Event: 6.990 GC heap after
{Heap after GC invocations=8 (full 0):
 garbage-first heap   total 48128K, used 18445K [0x0000000089c00000, 0x0000000100000000)
  region size 1024K, 3 young (3072K), 3 survivors (3072K)
 Metaspace       used 35485K, committed 35968K, reserved 1114112K
  class space    used 4426K, committed 4672K, reserved 1048576K
}
Event: 7.743 GC heap before
{Heap before GC invocations=9 (full 0):
 garbage-first heap   total 48128K, used 33805K [0x0000000089c00000, 0x0000000100000000)
  region size 1024K, 19 young (19456K), 3 survivors (3072K)
 Metaspace       used 40080K, committed 40576K, reserved 1114112K
  class space    used 4774K, committed 4992K, reserved 1048576K
}
Event: 7.747 GC heap after
{Heap after GC invocations=10 (full 0):
 garbage-first heap   total 48128K, used 19343K [0x0000000089c00000, 0x0000000100000000)
  region size 1024K, 3 young (3072K), 3 survivors (3072K)
 Metaspace       used 40080K, committed 40576K, reserved 1114112K
  class space    used 4774K, committed 4992K, reserved 1048576K
}
Event: 17.282 GC heap before
{Heap before GC invocations=10 (full 0):
 garbage-first heap   total 48128K, used 34703K [0x0000000089c00000, 0x0000000100000000)
  region size 1024K, 19 young (19456K), 3 survivors (3072K)
 Metaspace       used 43433K, committed 43904K, reserved 1114112K
  class space    used 5276K, committed 5504K, reserved 1048576K
}
Event: 17.286 GC heap after
{Heap after GC invocations=11 (full 0):
 garbage-first heap   total 48128K, used 20275K [0x0000000089c00000, 0x0000000100000000)
  region size 1024K, 2 young (2048K), 2 survivors (2048K)
 Metaspace       used 43433K, committed 43904K, reserved 1114112K
  class space    used 5276K, committed 5504K, reserved 1048576K
}
Event: 20.739 GC heap before
{Heap before GC invocations=11 (full 0):
 garbage-first heap   total 48128K, used 36659K [0x0000000089c00000, 0x0000000100000000)
  region size 1024K, 18 young (18432K), 2 survivors (2048K)
 Metaspace       used 46804K, committed 47296K, reserved 1114112K
  class space    used 5724K, committed 5952K, reserved 1048576K
}
Event: 20.743 GC heap after
{Heap after GC invocations=12 (full 0):
 garbage-first heap   total 48128K, used 22929K [0x0000000089c00000, 0x0000000100000000)
  region size 1024K, 3 young (3072K), 3 survivors (3072K)
 Metaspace       used 46804K, committed 47296K, reserved 1114112K
  class space    used 5724K, committed 5952K, reserved 1048576K
}
Event: 64.613 GC heap before
{Heap before GC invocations=12 (full 0):
 garbage-first heap   total 48128K, used 35217K [0x0000000089c00000, 0x0000000100000000)
  region size 1024K, 16 young (16384K), 3 survivors (3072K)
 Metaspace       used 48088K, committed 48640K, reserved 1114112K
  class space    used 5841K, committed 6080K, reserved 1048576K
}
Event: 64.616 GC heap after
{Heap after GC invocations=13 (full 0):
 garbage-first heap   total 48128K, used 24035K [0x0000000089c00000, 0x0000000100000000)
  region size 1024K, 1 young (1024K), 1 survivors (1024K)
 Metaspace       used 48088K, committed 48640K, reserved 1114112K
  class space    used 5841K, committed 6080K, reserved 1048576K
}
Event: 142.030 GC heap before
{Heap before GC invocations=13 (full 0):
 garbage-first heap   total 48128K, used 37347K [0x0000000089c00000, 0x0000000100000000)
  region size 1024K, 14 young (14336K), 1 survivors (1024K)
 Metaspace       used 48335K, committed 48832K, reserved 1114112K
  class space    used 5862K, committed 6080K, reserved 1048576K
}
Event: 142.036 GC heap after
{Heap after GC invocations=14 (full 0):
 garbage-first heap   total 48128K, used 23928K [0x0000000089c00000, 0x0000000100000000)
  region size 1024K, 1 young (1024K), 1 survivors (1024K)
 Metaspace       used 48335K, committed 48832K, reserved 1114112K
  class space    used 5862K, committed 6080K, reserved 1048576K
}
Event: 248.437 GC heap before
{Heap before GC invocations=15 (full 0):
 garbage-first heap   total 48128K, used 37240K [0x0000000089c00000, 0x0000000100000000)
  region size 1024K, 14 young (14336K), 1 survivors (1024K)
 Metaspace       used 48400K, committed 48896K, reserved 1114112K
  class space    used 5861K, committed 6080K, reserved 1048576K
}
Event: 248.501 GC heap after
{Heap after GC invocations=16 (full 0):
 garbage-first heap   total 48128K, used 23869K [0x0000000089c00000, 0x0000000100000000)
  region size 1024K, 1 young (1024K), 1 survivors (1024K)
 Metaspace       used 48400K, committed 48896K, reserved 1114112K
  class space    used 5861K, committed 6080K, reserved 1048576K
}
Event: 256.221 GC heap before
{Heap before GC invocations=16 (full 0):
 garbage-first heap   total 48128K, used 24893K [0x0000000089c00000, 0x0000000100000000)
  region size 1024K, 2 young (2048K), 1 survivors (1024K)
 Metaspace       used 48401K, committed 48896K, reserved 1114112K
  class space    used 5861K, committed 6080K, reserved 1048576K
}
Event: 256.240 GC heap after
{Heap after GC invocations=17 (full 0):
 garbage-first heap   total 48128K, used 23826K [0x0000000089c00000, 0x0000000100000000)
  region size 1024K, 1 young (1024K), 1 survivors (1024K)
 Metaspace       used 48401K, committed 48896K, reserved 1114112K
  class space    used 5861K, committed 6080K, reserved 1048576K
}
Event: 367.091 GC heap before
{Heap before GC invocations=17 (full 0):
 garbage-first heap   total 48128K, used 38162K [0x0000000089c00000, 0x0000000100000000)
  region size 1024K, 15 young (15360K), 1 survivors (1024K)
 Metaspace       used 48509K, committed 49024K, reserved 1114112K
  class space    used 5865K, committed 6080K, reserved 1048576K
}
Event: 367.139 GC heap after
{Heap after GC invocations=18 (full 0):
 garbage-first heap   total 48128K, used 23841K [0x0000000089c00000, 0x0000000100000000)
  region size 1024K, 1 young (1024K), 1 survivors (1024K)
 Metaspace       used 48509K, committed 49024K, reserved 1114112K
  class space    used 5865K, committed 6080K, reserved 1048576K
}
Event: 483.654 GC heap before
{Heap before GC invocations=19 (full 0):
 garbage-first heap   total 48128K, used 38177K [0x0000000089c00000, 0x0000000100000000)
  region size 1024K, 15 young (15360K), 1 survivors (1024K)
 Metaspace       used 48601K, committed 49152K, reserved 1114112K
  class space    used 5868K, committed 6144K, reserved 1048576K
}
Event: 483.691 GC heap after
{Heap after GC invocations=20 (full 0):
 garbage-first heap   total 48128K, used 23847K [0x0000000089c00000, 0x0000000100000000)
  region size 1024K, 1 young (1024K), 1 survivors (1024K)
 Metaspace       used 48601K, committed 49152K, reserved 1114112K
  class space    used 5868K, committed 6144K, reserved 1048576K
}

Dll operation events (11 events):
Event: 0.009 Loaded shared library C:\Users\HP\AppData\Roaming\Code\User\globalStorage\pleiades.java-extension-pack-jdk\java\17\bin\java.dll
Event: 0.038 Loaded shared library C:\Users\HP\AppData\Roaming\Code\User\globalStorage\pleiades.java-extension-pack-jdk\java\17\bin\jsvml.dll
Event: 0.123 Loaded shared library C:\Users\HP\AppData\Roaming\Code\User\globalStorage\pleiades.java-extension-pack-jdk\java\17\bin\net.dll
Event: 0.126 Loaded shared library C:\Users\HP\AppData\Roaming\Code\User\globalStorage\pleiades.java-extension-pack-jdk\java\17\bin\nio.dll
Event: 0.130 Loaded shared library C:\Users\HP\AppData\Roaming\Code\User\globalStorage\pleiades.java-extension-pack-jdk\java\17\bin\zip.dll
Event: 0.253 Loaded shared library C:\Users\HP\AppData\Roaming\Code\User\globalStorage\pleiades.java-extension-pack-jdk\java\17\bin\jimage.dll
Event: 2.583 Loaded shared library C:\Users\HP\AppData\Roaming\Code\User\globalStorage\pleiades.java-extension-pack-jdk\java\17\bin\sunmscapi.dll
Event: 4.768 Loaded shared library C:\Users\HP\AppData\Roaming\Code\User\globalStorage\pleiades.java-extension-pack-jdk\java\17\bin\management.dll
Event: 4.774 Loaded shared library C:\Users\HP\AppData\Roaming\Code\User\globalStorage\pleiades.java-extension-pack-jdk\java\17\bin\management_ext.dll
Event: 5.388 Loaded shared library C:\Users\HP\AppData\Roaming\Code\User\globalStorage\pleiades.java-extension-pack-jdk\java\17\bin\verify.dll
Event: 6.117 Loaded shared library C:\Users\HP\AppData\Roaming\Code\User\globalStorage\pleiades.java-extension-pack-jdk\java\17\bin\extnet.dll

Deoptimization events (20 events):
Event: 308.182 Thread 0x000001b75c092f80 Uncommon trap: trap_request=0xffffff45 fr.pc=0x000001b707e0a408 relative=0x0000000000001608
Event: 308.182 Thread 0x000001b75c092f80 Uncommon trap: reason=unstable_if action=reinterpret pc=0x000001b707e0a408 method=org.apache.kafka.clients.consumer.internals.OffsetFetcherUtils.validatePositionsOnMetadataChange()V @ 17 c2
Event: 308.183 Thread 0x000001b75c092f80 DEOPT PACKING pc=0x000001b707e0a408 sp=0x00000055559ff020
Event: 308.183 Thread 0x000001b75c092f80 DEOPT UNPACKING pc=0x000001b7075869a3 sp=0x00000055559fefc0 mode 2
Event: 308.239 Thread 0x000001b75c091b40 Uncommon trap: trap_request=0xffffff45 fr.pc=0x000001b707df18e0 relative=0x00000000000001c0
Event: 308.239 Thread 0x000001b75c091b40 Uncommon trap: reason=unstable_if action=reinterpret pc=0x000001b707df18e0 method=org.apache.kafka.clients.consumer.internals.ConsumerCoordinator.maybeUpdateSubscriptionMetadata()V @ 16 c2
Event: 308.239 Thread 0x000001b75c091b40 DEOPT PACKING pc=0x000001b707df18e0 sp=0x0000005555dfec10
Event: 308.239 Thread 0x000001b75c091b40 DEOPT UNPACKING pc=0x000001b7075869a3 sp=0x0000005555dfebc8 mode 2
Event: 308.240 Thread 0x000001b75c091b40 Uncommon trap: trap_request=0xffffff45 fr.pc=0x000001b707cebd74 relative=0x00000000000001d4
Event: 308.240 Thread 0x000001b75c091b40 Uncommon trap: reason=unstable_if action=reinterpret pc=0x000001b707cebd74 method=org.apache.kafka.clients.consumer.internals.OffsetFetcherUtils.validatePositionsOnMetadataChange()V @ 17 c2
Event: 308.240 Thread 0x000001b75c091b40 DEOPT PACKING pc=0x000001b707cebd74 sp=0x0000005555dfeb90
Event: 308.240 Thread 0x000001b75c091b40 DEOPT UNPACKING pc=0x000001b7075869a3 sp=0x0000005555dfeb50 mode 2
Event: 309.650 Thread 0x000001b75c097660 Uncommon trap: trap_request=0xffffff45 fr.pc=0x000001b707c82cbc relative=0x000000000000065c
Event: 309.650 Thread 0x000001b75c097660 Uncommon trap: reason=unstable_if action=reinterpret pc=0x000001b707c82cbc method=java.util.HashMap$HashIterator.<init>(Ljava/util/HashMap;)V @ 45 c2
Event: 309.650 Thread 0x000001b75c097660 DEOPT PACKING pc=0x000001b707c82cbc sp=0x00000055566ff380
Event: 309.650 Thread 0x000001b75c097660 DEOPT UNPACKING pc=0x000001b7075869a3 sp=0x00000055566ff208 mode 2
Event: 451.289 Thread 0x000001b75c092f80 Uncommon trap: trap_request=0xffffff45 fr.pc=0x000001b707de6ef0 relative=0x0000000000000dd0
Event: 451.290 Thread 0x000001b75c092f80 Uncommon trap: reason=unstable_if action=reinterpret pc=0x000001b707de6ef0 method=java.util.concurrent.ConcurrentLinkedQueue.updateHead(Ljava/util/concurrent/ConcurrentLinkedQueue$Node;Ljava/util/concurrent/ConcurrentLinkedQueue$Node;)V @ 14 c2
Event: 451.290 Thread 0x000001b75c092f80 DEOPT PACKING pc=0x000001b707de6ef0 sp=0x00000055559fed00
Event: 451.290 Thread 0x000001b75c092f80 DEOPT UNPACKING pc=0x000001b7075869a3 sp=0x00000055559febc8 mode 2

Classes loaded (20 events):
Event: 18.552 Loading class java/util/concurrent/atomic/AtomicReferenceFieldUpdater$AtomicReferenceFieldUpdaterImpl$1
Event: 18.552 Loading class java/util/concurrent/atomic/AtomicReferenceFieldUpdater$AtomicReferenceFieldUpdaterImpl$1 done
Event: 18.586 Loading class java/util/concurrent/LinkedBlockingQueue$Itr
Event: 18.587 Loading class java/util/concurrent/LinkedBlockingQueue$Itr done
Event: 21.278 Loading class java/util/zip/GZIPOutputStream
Event: 21.278 Loading class java/util/zip/DeflaterOutputStream
Event: 21.278 Loading class java/util/zip/DeflaterOutputStream done
Event: 21.278 Loading class java/util/zip/GZIPOutputStream done
Event: 21.278 Loading class java/util/zip/GZIPInputStream
Event: 21.278 Loading class java/util/zip/GZIPInputStream done
Event: 21.294 Loading class java/util/PriorityQueue
Event: 21.294 Loading class java/util/PriorityQueue done
Event: 21.340 Loading class java/io/DataOutputStream
Event: 21.340 Loading class java/io/DataOutputStream done
Event: 21.356 Loading class java/util/zip/CRC32C
Event: 21.356 Loading class java/util/zip/CRC32C done
Event: 32.784 Loading class jdk/internal/access/foreign/MemorySegmentProxy
Event: 32.784 Loading class jdk/internal/access/foreign/MemorySegmentProxy done
Event: 316.236 Loading class jdk/internal/misc/ScopedMemoryAccess$Scope$Handle
Event: 316.238 Loading class jdk/internal/misc/ScopedMemoryAccess$Scope$Handle done

Classes unloaded (5 events):
Event: 142.079 Thread 0x000001b7154a5930 Unloading class 0x000001b7174e4000 'java/lang/invoke/LambdaForm$DMH+0x000001b7174e4000'
Event: 142.079 Thread 0x000001b7154a5930 Unloading class 0x000001b7174e4800 'java/lang/invoke/LambdaForm$DMH+0x000001b7174e4800'
Event: 367.301 Thread 0x000001b7154a5930 Unloading class 0x000001b7175df800 'java/lang/invoke/LambdaForm$DMH+0x000001b7175df800'
Event: 367.301 Thread 0x000001b7154a5930 Unloading class 0x000001b7175df000 'java/lang/invoke/LambdaForm$MH+0x000001b7175df000'
Event: 367.301 Thread 0x000001b7154a5930 Unloading class 0x000001b7175de400 'java/lang/invoke/LambdaForm$DMH+0x000001b7175de400'

Classes redefined (0 events):
No events

Internal exceptions (20 events):
Event: 477.091 Thread 0x000001b75cc44b40 Exception <a 'java/net/ConnectException'{0x000000008bd52a28}: Connection refused: getsockopt> (0x000000008bd52a28) 
thrown [s\src\hotspot\share\prims\jni.cpp, line 535]
Event: 477.092 Thread 0x000001b75cc44b40 Exception <a 'java/net/SocketException'{0x000000008bd52d60}: Socket is not connected: shutdown> (0x000000008bd52d60) 
thrown [s\src\hotspot\share\prims\jni.cpp, line 535]
Event: 482.061 Thread 0x000001b75c098aa0 Exception <a 'java/net/ConnectException'{0x000000008bdde0a0}: Connection refused: getsockopt> (0x000000008bdde0a0) 
thrown [s\src\hotspot\share\prims\jni.cpp, line 535]
Event: 482.061 Thread 0x000001b75c098aa0 Exception <a 'java/net/SocketException'{0x000000008bdde620}: Socket is not connected: shutdown> (0x000000008bdde620) 
thrown [s\src\hotspot\share\prims\jni.cpp, line 535]
Event: 482.062 Thread 0x000001b75c098aa0 Exception <a 'java/net/ConnectException'{0x000000008bddf0b8}: Connection refused: getsockopt> (0x000000008bddf0b8) 
thrown [s\src\hotspot\share\prims\jni.cpp, line 535]
Event: 482.062 Thread 0x000001b75c098aa0 Exception <a 'java/net/SocketException'{0x000000008bddf3f0}: Socket is not connected: shutdown> (0x000000008bddf3f0) 
thrown [s\src\hotspot\share\prims\jni.cpp, line 535]
Event: 482.063 Thread 0x000001b75c098aa0 Exception <a 'java/net/ConnectException'{0x000000008bddfe90}: Connection refused: getsockopt> (0x000000008bddfe90) 
thrown [s\src\hotspot\share\prims\jni.cpp, line 535]
Event: 482.063 Thread 0x000001b75c098aa0 Exception <a 'java/net/SocketException'{0x000000008bde01c8}: Socket is not connected: shutdown> (0x000000008bde01c8) 
thrown [s\src\hotspot\share\prims\jni.cpp, line 535]
Event: 487.061 Thread 0x000001b75c097b70 Exception <a 'java/net/ConnectException'{0x000000009138dc18}: Connection refused: getsockopt> (0x000000009138dc18) 
thrown [s\src\hotspot\share\prims\jni.cpp, line 535]
Event: 487.061 Thread 0x000001b75c097b70 Exception <a 'java/net/SocketException'{0x000000009138de40}: Socket is not connected: shutdown> (0x000000009138de40) 
thrown [s\src\hotspot\share\prims\jni.cpp, line 535]
Event: 487.061 Thread 0x000001b75c097b70 Exception <a 'java/net/ConnectException'{0x000000009138ec40}: Connection refused: getsockopt> (0x000000009138ec40) 
thrown [s\src\hotspot\share\prims\jni.cpp, line 535]
Event: 487.062 Thread 0x000001b75c097b70 Exception <a 'java/net/SocketException'{0x000000009138ef78}: Socket is not connected: shutdown> (0x000000009138ef78) 
thrown [s\src\hotspot\share\prims\jni.cpp, line 535]
Event: 487.062 Thread 0x000001b75c097b70 Exception <a 'java/net/ConnectException'{0x000000009138fa18}: Connection refused: getsockopt> (0x000000009138fa18) 
thrown [s\src\hotspot\share\prims\jni.cpp, line 535]
Event: 487.062 Thread 0x000001b75c097b70 Exception <a 'java/net/SocketException'{0x000000009138fd50}: Socket is not connected: shutdown> (0x000000009138fd50) 
thrown [s\src\hotspot\share\prims\jni.cpp, line 535]
Event: 492.072 Thread 0x000001b75cc44b40 Exception <a 'java/net/ConnectException'{0x000000008dc2d358}: Connection refused: getsockopt> (0x000000008dc2d358) 
thrown [s\src\hotspot\share\prims\jni.cpp, line 535]
Event: 492.072 Thread 0x000001b75cc44b40 Exception <a 'java/net/SocketException'{0x000000008dc2d690}: Socket is not connected: shutdown> (0x000000008dc2d690) 
thrown [s\src\hotspot\share\prims\jni.cpp, line 535]
Event: 492.088 Thread 0x000001b75cc44b40 Exception <a 'java/net/ConnectException'{0x000000008dc2e150}: Connection refused: getsockopt> (0x000000008dc2e150) 
thrown [s\src\hotspot\share\prims\jni.cpp, line 535]
Event: 492.088 Thread 0x000001b75cc44b40 Exception <a 'java/net/SocketException'{0x000000008dc2e708}: Socket is not connected: shutdown> (0x000000008dc2e708) 
thrown [s\src\hotspot\share\prims\jni.cpp, line 535]
Event: 492.089 Thread 0x000001b75cc44b40 Exception <a 'java/net/ConnectException'{0x000000008dc2f1b0}: Connection refused: getsockopt> (0x000000008dc2f1b0) 
thrown [s\src\hotspot\share\prims\jni.cpp, line 535]
Event: 492.089 Thread 0x000001b75cc44b40 Exception <a 'java/net/SocketException'{0x000000008dc2f4e8}: Socket is not connected: shutdown> (0x000000008dc2f4e8) 
thrown [s\src\hotspot\share\prims\jni.cpp, line 535]

VM Operations (20 events):
Event: 425.012 Executing VM operation: Cleanup
Event: 425.013 Executing VM operation: Cleanup done
Event: 445.146 Executing VM operation: Cleanup
Event: 445.146 Executing VM operation: Cleanup done
Event: 446.147 Executing VM operation: Cleanup
Event: 446.147 Executing VM operation: Cleanup done
Event: 457.219 Executing VM operation: Cleanup
Event: 457.219 Executing VM operation: Cleanup done
Event: 460.248 Executing VM operation: Cleanup
Event: 460.248 Executing VM operation: Cleanup done
Event: 476.358 Executing VM operation: Cleanup
Event: 476.358 Executing VM operation: Cleanup done
Event: 481.177 Executing VM operation: HandshakeAllThreads
Event: 481.177 Executing VM operation: HandshakeAllThreads done
Event: 483.652 Executing VM operation: G1CollectForAllocation
Event: 483.691 Executing VM operation: G1CollectForAllocation done
Event: 487.715 Executing VM operation: Cleanup
Event: 487.715 Executing VM operation: Cleanup done
Event: 492.774 Executing VM operation: Cleanup
Event: 492.774 Executing VM operation: Cleanup done

Memory protections (0 events):
No events

Nmethod flushes (20 events):
Event: 17.139 Thread 0x000001b7154db880 flushing  nmethod 0x000001b7008ae590
Event: 17.139 Thread 0x000001b7154db880 flushing  nmethod 0x000001b7008aeb10
Event: 17.139 Thread 0x000001b7154db880 flushing  nmethod 0x000001b7008b2e90
Event: 17.139 Thread 0x000001b7154db880 flushing  nmethod 0x000001b7008b4390
Event: 17.139 Thread 0x000001b7154db880 flushing  nmethod 0x000001b7008c2410
Event: 17.139 Thread 0x000001b7154db880 flushing  nmethod 0x000001b7008cf090
Event: 17.139 Thread 0x000001b7154db880 flushing  nmethod 0x000001b7008d0310
Event: 17.139 Thread 0x000001b7154db880 flushing  nmethod 0x000001b7008d1f10
Event: 17.139 Thread 0x000001b7154db880 flushing  nmethod 0x000001b7008d2910
Event: 17.139 Thread 0x000001b7154db880 flushing  nmethod 0x000001b7008d3410
Event: 17.139 Thread 0x000001b7154db880 flushing  nmethod 0x000001b7008d4d10
Event: 17.139 Thread 0x000001b7154db880 flushing  nmethod 0x000001b7008d7390
Event: 17.139 Thread 0x000001b7154db880 flushing  nmethod 0x000001b700921890
Event: 17.139 Thread 0x000001b7154db880 flushing  nmethod 0x000001b700921e90
Event: 17.139 Thread 0x000001b7154db880 flushing  nmethod 0x000001b70093de10
Event: 17.139 Thread 0x000001b7154db880 flushing  nmethod 0x000001b70093e190
Event: 17.139 Thread 0x000001b7154db880 flushing  nmethod 0x000001b70094ab10
Event: 17.139 Thread 0x000001b7154db880 flushing  nmethod 0x000001b70094c490
Event: 17.139 Thread 0x000001b7154db880 flushing  nmethod 0x000001b70095ff90
Event: 17.139 Thread 0x000001b7154db880 flushing  nmethod 0x000001b700960310

Events (20 events):
Event: 307.127 Thread 0x000001b75c095800 Thread added: 0x000001b75ce60de0
Event: 309.650 Thread 0x000001b75c097660 Thread exited: 0x000001b75c097660
Event: 309.740 Thread 0x000001b75cc478d0 Thread added: 0x000001b75ce608d0
Event: 309.743 Thread 0x000001b75cc478d0 Thread added: 0x000001b75ce5e560
Event: 309.744 Thread 0x000001b75cc478d0 Thread added: 0x000001b75ce64590
Event: 317.108 Thread 0x000001b75ce62c40 Thread exited: 0x000001b75ce62c40
Event: 322.081 Thread 0x000001b75ce62220 Thread exited: 0x000001b75ce62220
Event: 327.066 Thread 0x000001b75ce5ea70 Thread exited: 0x000001b75ce5ea70
Event: 332.114 Thread 0x000001b75ce63150 Thread exited: 0x000001b75ce63150
Event: 337.182 Thread 0x000001b75ce5f490 Thread exited: 0x000001b75ce5f490
Event: 342.074 Thread 0x000001b75ce5f9a0 Thread exited: 0x000001b75ce5f9a0
Event: 347.063 Thread 0x000001b75ce5feb0 Thread exited: 0x000001b75ce5feb0
Event: 352.108 Thread 0x000001b75ce5ef80 Thread exited: 0x000001b75ce5ef80
Event: 357.078 Thread 0x000001b75ce603c0 Thread exited: 0x000001b75ce603c0
Event: 362.078 Thread 0x000001b75ce5e050 Thread exited: 0x000001b75ce5e050
Event: 367.139 Thread 0x000001b75ce60de0 Thread exited: 0x000001b75ce60de0
Event: 369.756 Thread 0x000001b75ce64590 Thread exited: 0x000001b75ce64590
Event: 369.756 Thread 0x000001b75ce608d0 Thread exited: 0x000001b75ce608d0
Event: 369.764 Thread 0x000001b75ce61d10 Thread exited: 0x000001b75ce61d10
Event: 369.765 Thread 0x000001b75ce5e560 Thread exited: 0x000001b75ce5e560


Dynamic libraries:
0x00007ff77d700000 - 0x00007ff77d70e000 	C:\Users\HP\AppData\Roaming\Code\User\globalStorage\pleiades.java-extension-pack-jdk\java\17\bin\java.exe
0x00007ffa4d140000 - 0x00007ffa4d3a8000 	C:\WINDOWS\SYSTEM32\ntdll.dll
0x00007ffa4b9d0000 - 0x00007ffa4ba99000 	C:\WINDOWS\System32\KERNEL32.DLL
0x00007ffa4a020000 - 0x00007ffa4a411000 	C:\WINDOWS\System32\KERNELBASE.dll
0x00007ffa49ba0000 - 0x00007ffa49ceb000 	C:\WINDOWS\System32\ucrtbase.dll
0x00007ffa2a370000 - 0x00007ffa2a388000 	C:\Users\HP\AppData\Roaming\Code\User\globalStorage\pleiades.java-extension-pack-jdk\java\17\bin\jli.dll
0x00007ffa4ce60000 - 0x00007ffa4d026000 	C:\WINDOWS\System32\USER32.dll
0x00007ffa4a420000 - 0x00007ffa4a447000 	C:\WINDOWS\System32\win32u.dll
0x00007ffa4aee0000 - 0x00007ffa4af0b000 	C:\WINDOWS\System32\GDI32.dll
0x00007ffa49d80000 - 0x00007ffa49eab000 	C:\WINDOWS\System32\gdi32full.dll
0x00007ffa4a450000 - 0x00007ffa4a4f3000 	C:\WINDOWS\System32\msvcp_win.dll
0x00007ffa27c40000 - 0x00007ffa27c5e000 	C:\Users\HP\AppData\Roaming\Code\User\globalStorage\pleiades.java-extension-pack-jdk\java\17\bin\VCRUNTIME140.dll
0x00007ffa315b0000 - 0x00007ffa31843000 	C:\WINDOWS\WinSxS\amd64_microsoft.windows.common-controls_6595b64144ccf1df_6.0.26100.7824_none_3e0870b2e3345462\COMCTL32.dll
0x00007ffa4cd50000 - 0x00007ffa4cdf9000 	C:\WINDOWS\System32\msvcrt.dll
0x00007ffa4d0c0000 - 0x00007ffa4d0f1000 	C:\WINDOWS\System32\IMM32.DLL
0x00007ffa2bab0000 - 0x00007ffa2babc000 	C:\Users\HP\AppData\Roaming\Code\User\globalStorage\pleiades.java-extension-pack-jdk\java\17\bin\vcruntime140_1.dll
0x00007ff9dd9e0000 - 0x00007ff9dda6d000 	C:\Users\HP\AppData\Roaming\Code\User\globalStorage\pleiades.java-extension-pack-jdk\java\17\bin\msvcp140.dll
0x00007ff9b3260000 - 0x00007ff9b3ecb000 	C:\Users\HP\AppData\Roaming\Code\User\globalStorage\pleiades.java-extension-pack-jdk\java\17\bin\server\jvm.dll
0x00007ffa4bfc0000 - 0x00007ffa4c074000 	C:\WINDOWS\System32\ADVAPI32.dll
0x00007ffa4c9e0000 - 0x00007ffa4ca86000 	C:\WINDOWS\System32\sechost.dll
0x00007ffa4afb0000 - 0x00007ffa4b0c8000 	C:\WINDOWS\System32\RPCRT4.dll
0x00007ffa4d030000 - 0x00007ffa4d0a4000 	C:\WINDOWS\System32\WS2_32.dll
0x00007ffa49880000 - 0x00007ffa498de000 	C:\WINDOWS\SYSTEM32\POWRPROF.dll
0x00007ffa439d0000 - 0x00007ffa439db000 	C:\WINDOWS\SYSTEM32\VERSION.dll
0x00007ffa43990000 - 0x00007ffa439c5000 	C:\WINDOWS\SYSTEM32\WINMM.dll
0x00007ffa49860000 - 0x00007ffa49874000 	C:\WINDOWS\SYSTEM32\UMPDC.dll
0x00007ffa487c0000 - 0x00007ffa487db000 	C:\WINDOWS\SYSTEM32\kernel.appcore.dll
0x00007ffa2a360000 - 0x00007ffa2a36a000 	C:\Users\HP\AppData\Roaming\Code\User\globalStorage\pleiades.java-extension-pack-jdk\java\17\bin\jimage.dll
0x00007ffa478b0000 - 0x00007ffa47af2000 	C:\WINDOWS\SYSTEM32\DBGHELP.DLL
0x00007ffa4c160000 - 0x00007ffa4c4e6000 	C:\WINDOWS\System32\combase.dll
0x00007ffa4c790000 - 0x00007ffa4c867000 	C:\WINDOWS\System32\OLEAUT32.dll
0x00007ffa30540000 - 0x00007ffa3057b000 	C:\WINDOWS\SYSTEM32\dbgcore.DLL
0x00007ffa49f70000 - 0x00007ffa4a015000 	C:\WINDOWS\System32\bcryptPrimitives.dll
0x00007ffa21980000 - 0x00007ffa219a5000 	C:\Users\HP\AppData\Roaming\Code\User\globalStorage\pleiades.java-extension-pack-jdk\java\17\bin\java.dll
0x00007ff9daeb0000 - 0x00007ff9daf87000 	C:\Users\HP\AppData\Roaming\Code\User\globalStorage\pleiades.java-extension-pack-jdk\java\17\bin\jsvml.dll
0x00007ffa4b270000 - 0x00007ffa4b9c2000 	C:\WINDOWS\System32\SHELL32.dll
0x00007ffa4a500000 - 0x00007ffa4a66a000 	C:\WINDOWS\System32\wintypes.dll
0x00007ffa4a670000 - 0x00007ffa4aed3000 	C:\WINDOWS\System32\windows.storage.dll
0x00007ffa4b170000 - 0x00007ffa4b266000 	C:\WINDOWS\System32\SHCORE.dll
0x00007ffa4af40000 - 0x00007ffa4afa7000 	C:\WINDOWS\System32\shlwapi.dll
0x00007ffa49940000 - 0x00007ffa49969000 	C:\WINDOWS\SYSTEM32\profapi.dll
0x00007ffa22620000 - 0x00007ffa2263a000 	C:\Users\HP\AppData\Roaming\Code\User\globalStorage\pleiades.java-extension-pack-jdk\java\17\bin\net.dll
0x00007ffa43860000 - 0x00007ffa43987000 	C:\WINDOWS\SYSTEM32\WINHTTP.dll
0x00007ffa48d30000 - 0x00007ffa48d9b000 	C:\WINDOWS\system32\mswsock.dll
0x00007ffa20850000 - 0x00007ffa20866000 	C:\Users\HP\AppData\Roaming\Code\User\globalStorage\pleiades.java-extension-pack-jdk\java\17\bin\nio.dll
0x00007ffa20830000 - 0x00007ffa20848000 	C:\Users\HP\AppData\Roaming\Code\User\globalStorage\pleiades.java-extension-pack-jdk\java\17\bin\zip.dll
0x00007ffa2bac0000 - 0x00007ffa2bace000 	C:\Users\HP\AppData\Roaming\Code\User\globalStorage\pleiades.java-extension-pack-jdk\java\17\bin\sunmscapi.dll
0x00007ffa49a20000 - 0x00007ffa49b97000 	C:\WINDOWS\System32\CRYPT32.dll
0x00007ffa49220000 - 0x00007ffa49250000 	C:\WINDOWS\SYSTEM32\ncrypt.dll
0x00007ffa491d0000 - 0x00007ffa4920f000 	C:\WINDOWS\SYSTEM32\NTASN1.dll
0x00007ffa49000000 - 0x00007ffa4901b000 	C:\WINDOWS\SYSTEM32\CRYPTSP.dll
0x00007ffa48720000 - 0x00007ffa48759000 	C:\WINDOWS\system32\rsaenh.dll
0x00007ffa48de0000 - 0x00007ffa48e0b000 	C:\WINDOWS\SYSTEM32\USERENV.dll
0x00007ffa49910000 - 0x00007ffa4993a000 	C:\WINDOWS\SYSTEM32\bcrypt.dll
0x00007ffa49020000 - 0x00007ffa4902c000 	C:\WINDOWS\SYSTEM32\CRYPTBASE.dll
0x00007ffa481c0000 - 0x00007ffa481f4000 	C:\WINDOWS\SYSTEM32\IPHLPAPI.DLL
0x00007ffa4cd40000 - 0x00007ffa4cd4a000 	C:\WINDOWS\System32\NSI.dll
0x00007ffa43c10000 - 0x00007ffa43c2e000 	C:\WINDOWS\SYSTEM32\dhcpcsvc6.DLL
0x00007ffa43bc0000 - 0x00007ffa43be3000 	C:\WINDOWS\SYSTEM32\dhcpcsvc.DLL
0x00007ffa48250000 - 0x00007ffa4837c000 	C:\WINDOWS\SYSTEM32\DNSAPI.dll
0x00007ffa27d70000 - 0x00007ffa27d7a000 	C:\Users\HP\AppData\Roaming\Code\User\globalStorage\pleiades.java-extension-pack-jdk\java\17\bin\management.dll
0x00007ffa27c30000 - 0x00007ffa27c3c000 	C:\Users\HP\AppData\Roaming\Code\User\globalStorage\pleiades.java-extension-pack-jdk\java\17\bin\management_ext.dll
0x00007ffa4cd30000 - 0x00007ffa4cd38000 	C:\WINDOWS\System32\PSAPI.DLL
0x00007ffa22370000 - 0x00007ffa22380000 	C:\Users\HP\AppData\Roaming\Code\User\globalStorage\pleiades.java-extension-pack-jdk\java\17\bin\verify.dll
0x00007ffa223a0000 - 0x00007ffa223a9000 	C:\Users\HP\AppData\Roaming\Code\User\globalStorage\pleiades.java-extension-pack-jdk\java\17\bin\extnet.dll
0x00007ffa3cb20000 - 0x00007ffa3cb28000 	C:\WINDOWS\system32\wshunix.dll
0x00007ffa41590000 - 0x00007ffa4159b000 	C:\Windows\System32\rasadhlp.dll
0x00007ffa44590000 - 0x00007ffa44616000 	C:\WINDOWS\System32\fwpuclnt.dll

dbghelp: loaded successfully - version: 4.0.5 - missing functions: none
symbol engine: initialized successfully - sym options: 0x614 - pdb path: .;C:\Users\HP\AppData\Roaming\Code\User\globalStorage\pleiades.java-extension-pack-jdk\java\17\bin;C:\WINDOWS\SYSTEM32;C:\WINDOWS\WinSxS\amd64_microsoft.windows.common-controls_6595b64144ccf1df_6.0.26100.7824_none_3e0870b2e3345462;C:\Users\HP\AppData\Roaming\Code\User\globalStorage\pleiades.java-extension-pack-jdk\java\17\bin\server

VM Arguments:
jvm_args: -XX:+ShowCodeDetailsInExceptionMessages 
java_command: com.example.frontend.FrontendApplication
java_class_path (initial): C:\Users\HP\Downloads\playground-4dd0d8498a949fd87128c775f0e34ef5b9045346\playground-4dd0d8498a949fd87128c775f0e34ef5b9045346\frontend\frontend\target\classes;C:\Users\HP\.m2\repository\org\springframework\boot\spring-boot-starter-web\3.2.1\spring-boot-starter-web-3.2.1.jar;C:\Users\HP\.m2\repository\org\springframework\boot\spring-boot-starter\3.2.1\spring-boot-starter-3.2.1.jar;C:\Users\HP\.m2\repository\org\springframework\boot\spring-boot\3.2.1\spring-boot-3.2.1.jar;C:\Users\HP\.m2\repository\org\springframework\boot\spring-boot-autoconfigure\3.2.1\spring-boot-autoconfigure-3.2.1.jar;C:\Users\HP\.m2\repository\org\springframework\boot\spring-boot-starter-logging\3.2.1\spring-boot-starter-logging-3.2.1.jar;C:\Users\HP\.m2\repository\ch\qos\logback\logback-classic\1.4.14\logback-classic-1.4.14.jar;C:\Users\HP\.m2\repository\ch\qos\logback\logback-core\1.4.14\logback-core-1.4.14.jar;C:\Users\HP\.m2\repository\org\apache\logging\log4j\log4j-to-slf4j\2.21.1\log4j-to-slf4j-2.21.1.jar;C:\Users\HP\.m2\repository\org\apache\logging\log4j\log4j-api\2.21.1\log4j-api-2.21.1.jar;C:\Users\HP\.m2\repository\org\slf4j\jul-to-slf4j\2.0.9\jul-to-slf4j-2.0.9.jar;C:\Users\HP\.m2\repository\jakarta\annotation\jakarta.annotation-api\2.1.1\jakarta.annotation-api-2.1.1.jar;C:\Users\HP\.m2\repository\org\yaml\snakeyaml\2.2\snakeyaml-2.2.jar;C:\Users\HP\.m2\repository\org\springframework\boot\spring-boot-starter-json\3.2.1\spring-boot-starter-json-3.2.1.jar;C:\Users\HP\.m2\repository\com\fasterxml\jackson\datatype\jackson-datatype-jdk8\2.15.3\jackson-datatype-jdk8-2.15.3.jar;C:\Users\HP\.m2\repository\com\fasterxml\jackson\module\jackson-module-parameter-names\2.15.3\jackson-module-parameter-names-2.15.3.jar;C:\Users\HP\.m2\repository\org\springframework\boot\spring-boot-starter-tomcat\3.2.1\spring-boot-starter-tomcat-3.2.1.jar;C:\Users\HP\.m2\repository\org\apache\tomcat\embed\tomcat-embed-core\10.1.17\tomcat-embed-core-10.1.17.jar;C:\Users\HP\.m2\repository
Launcher Type: SUN_STANDARD

[Global flags]
     intx CICompilerCount                          = 3                                         {product} {ergonomic}
     uint ConcGCThreads                            = 2                                         {product} {ergonomic}
     uint G1ConcRefinementThreads                  = 6                                         {product} {ergonomic}
   size_t G1HeapRegionSize                         = 1048576                                   {product} {ergonomic}
    uintx GCDrainStackTargetSize                   = 64                                        {product} {ergonomic}
   size_t InitialHeapSize                          = 125829120                                 {product} {ergonomic}
   size_t MarkStackSize                            = 4194304                                   {product} {ergonomic}
   size_t MaxHeapSize                              = 1983905792                                {product} {ergonomic}
   size_t MaxNewSize                               = 1190133760                                {product} {ergonomic}
   size_t MinHeapDeltaBytes                        = 1048576                                   {product} {ergonomic}
   size_t MinHeapSize                              = 8388608                                   {product} {ergonomic}
    uintx NonNMethodCodeHeapSize                   = 5832780                                {pd product} {ergonomic}
    uintx NonProfiledCodeHeapSize                  = 122912730                              {pd product} {ergonomic}
    uintx ProfiledCodeHeapSize                     = 122912730                              {pd product} {ergonomic}
    uintx ReservedCodeCacheSize                    = 251658240                              {pd product} {ergonomic}
     bool SegmentedCodeCache                       = true                                      {product} {ergonomic}
     bool ShowCodeDetailsInExceptionMessages       = true                                   {manageable} {command line}
   size_t SoftMaxHeapSize                          = 1983905792                             {manageable} {ergonomic}
     bool UseCompressedClassPointers               = true                           {product lp64_product} {ergonomic}
     bool UseCompressedOops                        = true                           {product lp64_product} {ergonomic}
     bool UseG1GC                                  = true                                      {product} {ergonomic}
     bool UseLargePagesIndividualAllocation        = false                                  {pd product} {ergonomic}

Logging:
Log output configuration:
 #0: stdout all=warning uptime,level,tags
 #1: stderr all=off uptime,level,tags

Environment Variables:
JAVA_HOME=C:\Program Files\Java\jdk-21
PATH=C:\Users\HP\AppData\Roaming\Code\User\globalStorage\pleiades.java-extension-pack-jdk\gradle\latest\bin;C:\Users\HP\AppData\Roaming\Code\User\globalStorage\pleiades.java-extension-pack-jdk\maven\latest\bin;C:\Program Files\Java\jdk-21\bin;C:\Python312\Scripts\;C:\Python312\;C:\Program Files\Common Files\Oracle\Java\javapath;C:\Program Files (x86)\Common Files\Oracle\Java\javapath;C:\WINDOWS\system32;C:\WINDOWS;C:\WINDOWS\System32\Wbem;C:\WINDOWS\System32\WindowsPowerShell\v1.0\;C:\WINDOWS\System32\OpenSSH\;C:\Program Files\Git\cmd;C:\MinGW\bin;C:\Program Files\wkhtmltopdf\bin;C:\Program Files (x86)\Java\jre-1.8\bin;C:\Program Files\jdk-20.0.2\bin;C:\Program Files\MongoDB\Server\7.0\bin;C:\Program Files\Amazon\AWSCLIV2\;C:\Users\HP\OpenSSH-Win64;C:\ProgramData\chocolatey\bin;C:\Program Files (x86)\Yarn\bin\;C:\Program Files\MongoDB\Server\5.0\bin;C:\Program Files\MySQL\MySQL Server 8.0\bin;;C:\WINDOWS\system32;C:\WINDOWS;C:\WINDOWS\System32\Wbem;C:\WINDOWS\System32\WindowsPowerShell\v1.0\;C:\WINDOWS\System32\OpenSSH\;C:\Program Files\Kubernetes\Minikube;;C:\Program Files\Docker\Docker\resources\bin;C:\Program Files\PowerShell\7\;C:\Users\HP\AppData\Local\Programs\Python\Python38\Scripts\;C:\Users\HP\AppData\Local\Programs\Python\Python38\;C:\Users\HP\AppData\Local\Microsoft\WindowsApps;C:\Program Files\JetBrains\PyCharm Community Edition 2023.1.3\bin;;C:\Program Files\heroku\bin;C:\Users\HP\apache-maven-3.9.6\bin;C:\Program Files\JetBrains\DataGrip 2023.3.4\bin;;C:\Program Files\MySQL\MySQL Server 8.3\bin;C:\Users\HP\AppData\Local\Programs\oh-my-posh\bin;C:\Users\HP\AppData\Local\Yarn\bin;C:\Program Files\MongoDB\Server\5.0\bin;C:\Users\HP\AppData\Local\Programs\Microsoft VS Code\bin;C:\Program Files\MySQL\MySQL Server 8.0\bin;C:\Users\HP\AppData\Local\Programs\Antigravity\bin;C:\Users\HP\AppData\Local\Programs\mongosh\;c:\Users\HP\.vscode\extensions\vscjava.vscode-java-debug-0.58.5\bundled\scripts\noConfigScripts
USERNAME=HP
LANG=en_US.UTF-8
OS=Windows_NT
PROCESSOR_IDENTIFIER=AMD64 Family 23 Model 96 Stepping 1, AuthenticAMD
TMP=C:\Users\HP\AppData\Local\Temp
TEMP=C:\Users\HP\AppData\Local\Temp



Periodic native trim disabled


---------------  S Y S T E M  ---------------

OS:
 Windows 11 , 64 bit Build 26100 (10.0.26100.7705)
OS uptime: 0 days 18:46 hours
Hyper-V role detected

CPU: total 6 (initial active 6) (6 cores per cpu, 1 threads per core) family 23 model 96 stepping 1 microcode 0x8600109, cx8, cmov, fxsr, mmx, 3dnowpref, sse, sse2, sse3, ssse3, sse4a, sse4.1, sse4.2, popcnt, lzcnt, tsc, tscinvbit, avx, avx2, aes, clmul, bmi1, bmi2, adx, sha, fma, vzeroupper, clflush, clflushopt, hv
Processor Information for all 6 processors :
  Max Mhz: 2375, Current Mhz: 2375, Mhz Limit: 2375

Memory: 4k page, system-wide physical 7564M (585M free)
TotalPageFile size 31116M (AvailPageFile size 0M)
current process WorkingSet (physical memory assigned to process): 53M, peak: 203M
current process commit charge ("private bytes"): 214M, peak: 269M

vm_info: OpenJDK 64-Bit Server VM (17.0.18+8) for windows-amd64 JRE (17.0.18+8), built on Jan 20 2026 22:28:22 by "admin" with MS VC++ 17.12 (VS2022)

END.
